#
# There is insufficient memory for the Java Runtime Environment to continue.
# Native memory allocation (mmap) failed to map 219332608 bytes for committing reserved memory.
# Possible reasons:
#   The system is out of physical RAM or swap space
#   The process is running with CompressedOops enabled, and the Java Heap may be blocking the growth of the native heap
# Possible solutions:
#   Reduce memory load on the system
#   Increase physical memory or swap space
#   Check if swap backing store is full
#   Decrease Java heap size (-Xmx/-Xms)
#   Decrease number of Java threads
#   Decrease Java thread stack sizes (-Xss)
#   Set larger code cache with -XX:ReservedCodeCacheSize=
#   JVM is running with Unscaled Compressed Oops mode in which the Java heap is
#     placed in the first 4GB address space. The Java Heap base address is the
#     maximum limit for the native heap growth. Please use -XX:HeapBaseMinAddress
#     to set the Java Heap base and to place the Java Heap above 4GB virtual address.
# This output file may be truncated or incomplete.
#
#  Out of Memory Error (os_linux.cpp:2757), pid=32513, tid=0x00007fe8f572c700
#
# JRE version: OpenJDK Runtime Environment (8.0_222-b10) (build 1.8.0_222-8u222-b10-1ubuntu1~16.04.1-b10)
# Java VM: OpenJDK 64-Bit Server VM (25.222-b10 mixed mode linux-amd64 compressed oops)
# Failed to write core dump. Core dumps have been disabled. To enable core dumping, try "ulimit -c unlimited" before starting Java again
#

---------------  T H R E A D  ---------------

Current thread (0x00007fe8f0075800):  VMThread [stack: 0x00007fe8f562c000,0x00007fe8f572d000] [id=32527]

Stack: [0x00007fe8f562c000,0x00007fe8f572d000],  sp=0x00007fe8f572b540,  free space=1021k
Native frames: (J=compiled Java code, j=interpreted, Vv=VM code, C=native code)
V  [libjvm.so+0xa7787b]
V  [libjvm.so+0x4caa8c]
V  [libjvm.so+0x8c5da8]
V  [libjvm.so+0x8bd3ee]
V  [libjvm.so+0xa73fd4]
V  [libjvm.so+0x5cf9dd]
V  [libjvm.so+0x5d057d]
V  [libjvm.so+0x5bcf68]
V  [libjvm.so+0x45135f]
V  [libjvm.so+0xa78991]
V  [libjvm.so+0xa7e587]
V  [libjvm.so+0xa7bde7]
V  [libjvm.so+0xa7d0cf]
V  [libjvm.so+0xa7d5f2]
V  [libjvm.so+0x8c3102]

VM_Operation (0x00007fe8bb41aa40): GenCollectForAllocation, mode: safepoint, requested by thread 0x00007fe8d4028000


---------------  P R O C E S S  ---------------

Java Threads: ( => current thread )
  0x00007fe8d4028000 JavaThread "Executor task launch worker for task 31" daemon [_thread_blocked, id=32587, stack(0x00007fe8bb31c000,0x00007fe8bb41d000)]
  0x00007fe8d17a8800 JavaThread "block-manager-slave-async-thread-pool-6" daemon [_thread_blocked, id=32586, stack(0x00007fe8bcc1f000,0x00007fe8bcd20000)]
  0x00007fe8d18dc000 JavaThread "block-manager-slave-async-thread-pool-5" daemon [_thread_blocked, id=32585, stack(0x00007fe8bcf22000,0x00007fe8bd023000)]
  0x00007fe8d4030800 JavaThread "block-manager-slave-async-thread-pool-4" daemon [_thread_blocked, id=32584, stack(0x00007fe8bce21000,0x00007fe8bcf22000)]
  0x00007fe8dc157800 JavaThread "block-manager-ask-thread-pool-1" daemon [_thread_blocked, id=32583, stack(0x00007fe8bddad000,0x00007fe8bdeae000)]
  0x00007fe8dc16c800 JavaThread "task-result-getter-3" daemon [_thread_blocked, id=32581, stack(0x00007fe8bb61d000,0x00007fe8bb71e000)]
  0x00007fe8dc0be800 JavaThread "task-result-getter-2" daemon [_thread_blocked, id=32580, stack(0x00007fe8bcb1e000,0x00007fe8bcc1f000)]
  0x00007fe8dc0d0000 JavaThread "task-result-getter-1" daemon [_thread_blocked, id=32575, stack(0x00007fe8bd023000,0x00007fe8bd124000)]
  0x00007fe8d402b000 JavaThread "task-result-getter-0" daemon [_thread_blocked, id=32574, stack(0x00007fe8bd324000,0x00007fe8bd425000)]
  0x00007fe8d1e87000 JavaThread "org.apache.hadoop.fs.FileSystem$Statistics$StatisticsDataReferenceCleaner" daemon [_thread_blocked, id=32572, stack(0x00007fe8bda32000,0x00007fe8bdb33000)]
  0x00007fe8d0e0c000 JavaThread "SparkListenerBus" daemon [_thread_blocked, id=32570, stack(0x00007fe8be2ae000,0x00007fe8be3af000)]
  0x00007fe8d0e86000 JavaThread "context-cleaner-periodic-gc" daemon [_thread_blocked, id=32569, stack(0x00007fe8be3af000,0x00007fe8be4b0000)]
  0x00007fe8d0fb4800 JavaThread "Spark Context Cleaner" daemon [_thread_blocked, id=32568, stack(0x00007fe8be4b0000,0x00007fe8be5b1000)]
  0x00007fe8d0950800 JavaThread "shuffle-server-5-1" daemon [_thread_in_native, id=32567, stack(0x00007fe8be7b1000,0x00007fe8be8b2000)]
  0x00007fe8d09e8800 JavaThread "driver-heartbeater" daemon [_thread_blocked, id=32566, stack(0x00007fe8be8b2000,0x00007fe8be9b3000)]
  0x00007fe8d09b8800 JavaThread "dag-scheduler-event-loop" daemon [_thread_blocked, id=32565, stack(0x00007fe8be9b3000,0x00007fe8beab4000)]
  0x0000000000730800 JavaThread "netty-rpc-env-timeout" daemon [_thread_blocked, id=32564, stack(0x00007fe8beab4000,0x00007fe8bebb5000)]
  0x00007fe8d0972000 JavaThread "Timer-0" daemon [_thread_blocked, id=32563, stack(0x00007fe8bebb5000,0x00007fe8becb6000)]
  0x00007fe8dc076000 JavaThread "heartbeat-receiver-event-loop-thread" daemon [_thread_blocked, id=32562, stack(0x00007fe8becb6000,0x00007fe8bedb7000)]
  0x00007fe8d0978800 JavaThread "SparkUI-37" daemon [_thread_blocked, id=32561, stack(0x00007fe8bedb7000,0x00007fe8beeb8000)]
  0x00007fe8d098f800 JavaThread "SparkUI-36" daemon [_thread_blocked, id=32560, stack(0x00007fe8beeb8000,0x00007fe8befb9000)]
  0x00007fe8d098e000 JavaThread "SparkUI-35" daemon [_thread_blocked, id=32559, stack(0x00007fe8befb9000,0x00007fe8bf0ba000)]
  0x00007fe8d098c800 JavaThread "SparkUI-34" daemon [_thread_blocked, id=32558, stack(0x00007fe8bf0ba000,0x00007fe8bf1bb000)]
  0x00007fe8d098a800 JavaThread "SparkUI-33" daemon [_thread_blocked, id=32557, stack(0x00007fe8bf1bb000,0x00007fe8bf2bc000)]
  0x00007fe8d0989800 JavaThread "SparkUI-32" daemon [_thread_blocked, id=32556, stack(0x00007fe8bf2bc000,0x00007fe8bf3bd000)]
  0x00007fe8d09f8000 JavaThread "SparkUI-31-acceptor-0@4bb67c20-Spark@45718b26{HTTP/1.1}{0.0.0.0:4040}" daemon [_thread_in_native, id=32555, stack(0x00007fe8bf3bd000,0x00007fe8bf4be000)]
  0x00007fe8d09a5000 JavaThread "SparkUI-30-selector-ServerConnectorManager@6dcd6f74/0" daemon [_thread_in_native, id=32554, stack(0x00007fe8bf4be000,0x00007fe8bf5bf000)]
  0x00007fe8d0822800 JavaThread "refresh progress" daemon [_thread_blocked, id=32552, stack(0x00007fe8bf7bf000,0x00007fe8bf8c0000)]
  0x00007fe8d0835000 JavaThread "map-output-dispatcher-7" daemon [_thread_blocked, id=32551, stack(0x00007fe8bfac0000,0x00007fe8bfbc1000)]
  0x00007fe8d08da000 JavaThread "map-output-dispatcher-6" daemon [_thread_blocked, id=32550, stack(0x00007fe8bfbc1000,0x00007fe8bfcc2000)]
  0x00007fe8d08d8800 JavaThread "map-output-dispatcher-5" daemon [_thread_blocked, id=32549, stack(0x00007fe8bfcc2000,0x00007fe8bfdc3000)]
  0x00007fe8d08d6000 JavaThread "map-output-dispatcher-4" daemon [_thread_blocked, id=32548, stack(0x00007fe8bfdc3000,0x00007fe8bfec4000)]
  0x00007fe8d08d4000 JavaThread "map-output-dispatcher-3" daemon [_thread_blocked, id=32547, stack(0x00007fe8bfec4000,0x00007fe8bffc5000)]
  0x00007fe8d08bc800 JavaThread "map-output-dispatcher-2" daemon [_thread_blocked, id=32546, stack(0x00007fe8bffc5000,0x00007fe8c00c6000)]
  0x00007fe8d08bb800 JavaThread "map-output-dispatcher-1" daemon [_thread_blocked, id=32545, stack(0x00007fe8c00c6000,0x00007fe8c01c7000)]
  0x00007fe8d0893800 JavaThread "map-output-dispatcher-0" daemon [_thread_blocked, id=32544, stack(0x00007fe8c01c7000,0x00007fe8c02c8000)]
  0x00007fe8d080f800 JavaThread "rpc-server-3-1" daemon [_thread_in_native, id=32543, stack(0x00007fe8c02c8000,0x00007fe8c03c9000)]
  0x00007fe8d063f000 JavaThread "dispatcher-event-loop-1" daemon [_thread_blocked, id=32542, stack(0x00007fe8e0052000,0x00007fe8e0153000)]
  0x00007fe8d063e800 JavaThread "dispatcher-event-loop-0" daemon [_thread_blocked, id=32541, stack(0x00007fe8e0153000,0x00007fe8e0254000)]
  0x00007fe8c43ac800 JavaThread "Thread-2" [_thread_blocked, id=32537, stack(0x00007fe8e0897000,0x00007fe8e0998000)]
  0x00007fe8f0db9000 JavaThread "Thread-1" [_thread_in_native, id=32536, stack(0x00007fe8e0998000,0x00007fe8e0a99000)]
  0x00007fe8f0da9800 JavaThread "pool-1-thread-1" [_thread_blocked, id=32535, stack(0x00007fe8e0c99000,0x00007fe8e0d9a000)]
  0x00007fe8f00bb000 JavaThread "Service Thread" daemon [_thread_blocked, id=32533, stack(0x00007fe8f4e8e000,0x00007fe8f4f8f000)]
  0x00007fe8f00b8000 JavaThread "C1 CompilerThread1" daemon [_thread_blocked, id=32532, stack(0x00007fe8f4f8f000,0x00007fe8f5090000)]
  0x00007fe8f00b6000 JavaThread "C2 CompilerThread0" daemon [_thread_blocked, id=32531, stack(0x00007fe8f5090000,0x00007fe8f5191000)]
  0x00007fe8f00b4000 JavaThread "Signal Dispatcher" daemon [_thread_blocked, id=32530, stack(0x00007fe8f5191000,0x00007fe8f5292000)]
  0x00007fe8f0082000 JavaThread "Finalizer" daemon [_thread_blocked, id=32529, stack(0x00007fe8f542a000,0x00007fe8f552b000)]
  0x00007fe8f007f800 JavaThread "Reference Handler" daemon [_thread_blocked, id=32528, stack(0x00007fe8f552b000,0x00007fe8f562c000)]
  0x00007fe8f0011800 JavaThread "main" [_thread_in_native, id=32526, stack(0x00007fe8f9e32000,0x00007fe8f9f33000)]

Other Threads:
=>0x00007fe8f0075800 VMThread [stack: 0x00007fe8f562c000,0x00007fe8f572d000] [id=32527]
  0x00007fe8f00be000 WatcherThread [stack: 0x00007fe8f4d8d000,0x00007fe8f4e8e000] [id=32534]

VM state:at safepoint (normal execution)

VM Mutex/Monitor currently owned by a thread:  ([mutex/lock_event])
[0x00007fe8f000df10] Threads_lock - owner thread: 0x00007fe8f0075800
[0x00007fe8f000e410] Heap_lock - owner thread: 0x00007fe8d4028000

heap address: 0x00000000c0000000, size: 1024 MB, Compressed Oops mode: 32-bit
Narrow klass base: 0x0000000000000000, Narrow klass shift: 3
Compressed class space size: 1073741824 Address: 0x0000000100000000

Heap:
 def new generation   total 143360K, used 10852K [0x00000000c0000000, 0x00000000c9b80000, 0x00000000d5550000)
  eden space 127488K,   8% used [0x00000000c0000000, 0x00000000c0a99320, 0x00000000c7c80000)
  from space 15872K,   0% used [0x00000000c8c00000, 0x00000000c8c00000, 0x00000000c9b80000)
  to   space 15872K,   0% used [0x00000000c7c80000, 0x00000000c7c80000, 0x00000000c8c00000)
 tenured generation   total 321572K, used 321458K [0x00000000d5550000, 0x00000000e8f59000, 0x0000000100000000)
   the space 321572K,  99% used [0x00000000d5550000, 0x00000000e8f3c850, 0x00000000e8f3ca00, 0x00000000e8f59000)
 Metaspace       used 88084K, capacity 89175K, committed 89432K, reserved 1126400K
  class space    used 11613K, capacity 11860K, committed 11864K, reserved 1048576K

Card table byte_map: [0x00007fe8f62c9000,0x00007fe8f64ca000] byte_map_base: 0x00007fe8f5cc9000

Polling page: 0x00007fe8f9f3e000

CodeCache: size=245760Kb used=25470Kb max_used=26449Kb free=220289Kb
 bounds [0x00007fe8e1000000, 0x00007fe8e2a00000, 0x00007fe8f0000000]
 total_blobs=9377 nmethods=8714 adapters=574
 compilation: enabled

Compilation events (10 events):
Event: 186.537 Thread 0x00007fe8f00b6000 10752       4       scala.runtime.ScalaRunTime$::array_length (227 bytes)
Event: 186.538 Thread 0x00007fe8f00b6000 nmethod 10752 0x00007fe8e1d3bf10 code [0x00007fe8e1d3c080, 0x00007fe8e1d3c198]
Event: 186.808 Thread 0x00007fe8f00b8000 10753       3       java.lang.StrictMath::floorOrCeil (128 bytes)
Event: 186.808 Thread 0x00007fe8f00b8000 nmethod 10753 0x00007fe8e25cbe90 code [0x00007fe8e25cc020, 0x00007fe8e25cc4b0]
Event: 187.132 Thread 0x00007fe8f00b6000 10754       4       org.apache.spark.util.SizeEstimator$$anonfun$sampleArray$1::<init> (38 bytes)
Event: 187.133 Thread 0x00007fe8f00b6000 nmethod 10754 0x00007fe8e1685290 code [0x00007fe8e16853e0, 0x00007fe8e1685478]
Event: 187.658 Thread 0x00007fe8f00b8000 10755       3       org.apache.spark.sql.execution.metric.SQLMetric::value (5 bytes)
Event: 187.662 Thread 0x00007fe8f00b8000 nmethod 10755 0x00007fe8e24eba10 code [0x00007fe8e24ebb60, 0x00007fe8e24ebcb0]
Event: 187.663 Thread 0x00007fe8f00b8000 10756       3       scala.concurrent.Future$class::scala$concurrent$Future$$internalExecutor (4 bytes)
Event: 187.663 Thread 0x00007fe8f00b8000 nmethod 10756 0x00007fe8e1b5c050 code [0x00007fe8e1b5c1a0, 0x00007fe8e1b5c2d0]

GC Heap History (10 events):
Event: 187.691 GC heap after
Heap after GC invocations=743 (full 13):
 def new generation   total 143360K, used 10972K [0x00000000c0000000, 0x00000000c9b80000, 0x00000000d5550000)
  eden space 127488K,   0% used [0x00000000c0000000, 0x00000000c0000000, 0x00000000c7c80000)
  from space 15872K,  69% used [0x00000000c7c80000, 0x00000000c87372d0, 0x00000000c8c00000)
  to   space 15872K,   0% used [0x00000000c8c00000, 0x00000000c8c00000, 0x00000000c9b80000)
 tenured generation   total 318308K, used 303172K [0x00000000d5550000, 0x00000000e8c29000, 0x0000000100000000)
   the space 318308K,  95% used [0x00000000d5550000, 0x00000000e7d61060, 0x00000000e7d61200, 0x00000000e8c29000)
 Metaspace       used 88084K, capacity 89175K, committed 89432K, reserved 1126400K
  class space    used 11613K, capacity 11860K, committed 11864K, reserved 1048576K
}
Event: 187.730 GC heap before
{Heap before GC invocations=743 (full 13):
 def new generation   total 143360K, used 138460K [0x00000000c0000000, 0x00000000c9b80000, 0x00000000d5550000)
  eden space 127488K, 100% used [0x00000000c0000000, 0x00000000c7c80000, 0x00000000c7c80000)
  from space 15872K,  69% used [0x00000000c7c80000, 0x00000000c87372d0, 0x00000000c8c00000)
  to   space 15872K,   0% used [0x00000000c8c00000, 0x00000000c8c00000, 0x00000000c9b80000)
 tenured generation   total 318308K, used 303172K [0x00000000d5550000, 0x00000000e8c29000, 0x0000000100000000)
   the space 318308K,  95% used [0x00000000d5550000, 0x00000000e7d61060, 0x00000000e7d61200, 0x00000000e8c29000)
 Metaspace       used 88084K, capacity 89175K, committed 89432K, reserved 1126400K
  class space    used 11613K, capacity 11860K, committed 11864K, reserved 1048576K
Event: 187.737 GC heap after
Heap after GC invocations=744 (full 13):
 def new generation   total 143360K, used 10972K [0x00000000c0000000, 0x00000000c9b80000, 0x00000000d5550000)
  eden space 127488K,   0% used [0x00000000c0000000, 0x00000000c0000000, 0x00000000c7c80000)
  from space 15872K,  69% used [0x00000000c8c00000, 0x00000000c96b72d0, 0x00000000c9b80000)
  to   space 15872K,   0% used [0x00000000c7c80000, 0x00000000c7c80000, 0x00000000c8c00000)
 tenured generation   total 318308K, used 306828K [0x00000000d5550000, 0x00000000e8c29000, 0x0000000100000000)
   the space 318308K,  96% used [0x00000000d5550000, 0x00000000e80f3388, 0x00000000e80f3400, 0x00000000e8c29000)
 Metaspace       used 88084K, capacity 89175K, committed 89432K, reserved 1126400K
  class space    used 11613K, capacity 11860K, committed 11864K, reserved 1048576K
}
Event: 187.775 GC heap before
{Heap before GC invocations=744 (full 13):
 def new generation   total 143360K, used 138460K [0x00000000c0000000, 0x00000000c9b80000, 0x00000000d5550000)
  eden space 127488K, 100% used [0x00000000c0000000, 0x00000000c7c80000, 0x00000000c7c80000)
  from space 15872K,  69% used [0x00000000c8c00000, 0x00000000c96b72d0, 0x00000000c9b80000)
  to   space 15872K,   0% used [0x00000000c7c80000, 0x00000000c7c80000, 0x00000000c8c00000)
 tenured generation   total 318308K, used 306828K [0x00000000d5550000, 0x00000000e8c29000, 0x0000000100000000)
   the space 318308K,  96% used [0x00000000d5550000, 0x00000000e80f3388, 0x00000000e80f3400, 0x00000000e8c29000)
 Metaspace       used 88084K, capacity 89175K, committed 89432K, reserved 1126400K
  class space    used 11613K, capacity 11860K, committed 11864K, reserved 1048576K
Event: 187.808 GC heap after
Heap after GC invocations=745 (full 13):
 def new generation   total 143360K, used 10972K [0x00000000c0000000, 0x00000000c9b80000, 0x00000000d5550000)
  eden space 127488K,   0% used [0x00000000c0000000, 0x00000000c0000000, 0x00000000c7c80000)
  from space 15872K,  69% used [0x00000000c7c80000, 0x00000000c87372f8, 0x00000000c8c00000)
  to   space 15872K,   0% used [0x00000000c8c00000, 0x00000000c8c00000, 0x00000000c9b80000)
 tenured generation   total 318308K, used 310485K [0x00000000d5550000, 0x00000000e8c29000, 0x0000000100000000)
   the space 318308K,  97% used [0x00000000d5550000, 0x00000000e84856e8, 0x00000000e8485800, 0x00000000e8c29000)
 Metaspace       used 88084K, capacity 89175K, committed 89432K, reserved 1126400K
  class space    used 11613K, capacity 11860K, committed 11864K, reserved 1048576K
}
Event: 187.847 GC heap before
{Heap before GC invocations=745 (full 13):
 def new generation   total 143360K, used 138460K [0x00000000c0000000, 0x00000000c9b80000, 0x00000000d5550000)
  eden space 127488K, 100% used [0x00000000c0000000, 0x00000000c7c80000, 0x00000000c7c80000)
  from space 15872K,  69% used [0x00000000c7c80000, 0x00000000c87372f8, 0x00000000c8c00000)
  to   space 15872K,   0% used [0x00000000c8c00000, 0x00000000c8c00000, 0x00000000c9b80000)
 tenured generation   total 318308K, used 310485K [0x00000000d5550000, 0x00000000e8c29000, 0x0000000100000000)
   the space 318308K,  97% used [0x00000000d5550000, 0x00000000e84856e8, 0x00000000e8485800, 0x00000000e8c29000)
 Metaspace       used 88084K, capacity 89175K, committed 89432K, reserved 1126400K
  class space    used 11613K, capacity 11860K, committed 11864K, reserved 1048576K
Event: 187.868 GC heap after
Heap after GC invocations=746 (full 13):
 def new generation   total 143360K, used 10970K [0x00000000c0000000, 0x00000000c9b80000, 0x00000000d5550000)
  eden space 127488K,   0% used [0x00000000c0000000, 0x00000000c0000000, 0x00000000c7c80000)
  from space 15872K,  69% used [0x00000000c8c00000, 0x00000000c96b6af8, 0x00000000c9b80000)
  to   space 15872K,   0% used [0x00000000c7c80000, 0x00000000c7c80000, 0x00000000c8c00000)
 tenured generation   total 318308K, used 314144K [0x00000000d5550000, 0x00000000e8c29000, 0x0000000100000000)
   the space 318308K,  98% used [0x00000000d5550000, 0x00000000e88181c8, 0x00000000e8818200, 0x00000000e8c29000)
 Metaspace       used 88084K, capacity 89175K, committed 89432K, reserved 1126400K
  class space    used 11613K, capacity 11860K, committed 11864K, reserved 1048576K
}
Event: 187.906 GC heap before
{Heap before GC invocations=746 (full 13):
 def new generation   total 143360K, used 138458K [0x00000000c0000000, 0x00000000c9b80000, 0x00000000d5550000)
  eden space 127488K, 100% used [0x00000000c0000000, 0x00000000c7c80000, 0x00000000c7c80000)
  from space 15872K,  69% used [0x00000000c8c00000, 0x00000000c96b6af8, 0x00000000c9b80000)
  to   space 15872K,   0% used [0x00000000c7c80000, 0x00000000c7c80000, 0x00000000c8c00000)
 tenured generation   total 318308K, used 314144K [0x00000000d5550000, 0x00000000e8c29000, 0x0000000100000000)
   the space 318308K,  98% used [0x00000000d5550000, 0x00000000e88181c8, 0x00000000e8818200, 0x00000000e8c29000)
 Metaspace       used 88084K, capacity 89175K, committed 89432K, reserved 1126400K
  class space    used 11613K, capacity 11860K, committed 11864K, reserved 1048576K
Event: 187.919 GC heap after
Heap after GC invocations=747 (full 13):
 def new generation   total 143360K, used 10852K [0x00000000c0000000, 0x00000000c9b80000, 0x00000000d5550000)
  eden space 127488K,   0% used [0x00000000c0000000, 0x00000000c0000000, 0x00000000c7c80000)
  from space 15872K,  68% used [0x00000000c7c80000, 0x00000000c8719378, 0x00000000c8c00000)
  to   space 15872K,   0% used [0x00000000c8c00000, 0x00000000c8c00000, 0x00000000c9b80000)
 tenured generation   total 318308K, used 317801K [0x00000000d5550000, 0x00000000e8c29000, 0x0000000100000000)
   the space 318308K,  99% used [0x00000000d5550000, 0x00000000e8baa4f0, 0x00000000e8baa600, 0x00000000e8c29000)
 Metaspace       used 88084K, capacity 89175K, committed 89432K, reserved 1126400K
  class space    used 11613K, capacity 11860K, committed 11864K, reserved 1048576K
}
Event: 187.958 GC heap before
{Heap before GC invocations=747 (full 13):
 def new generation   total 143360K, used 138340K [0x00000000c0000000, 0x00000000c9b80000, 0x00000000d5550000)
  eden space 127488K, 100% used [0x00000000c0000000, 0x00000000c7c80000, 0x00000000c7c80000)
  from space 15872K,  68% used [0x00000000c7c80000, 0x00000000c8719378, 0x00000000c8c00000)
  to   space 15872K,   0% used [0x00000000c8c00000, 0x00000000c8c00000, 0x00000000c9b80000)
 tenured generation   total 318308K, used 317801K [0x00000000d5550000, 0x00000000e8c29000, 0x0000000100000000)
   the space 318308K,  99% used [0x00000000d5550000, 0x00000000e8baa4f0, 0x00000000e8baa600, 0x00000000e8c29000)
 Metaspace       used 88084K, capacity 89175K, committed 89432K, reserved 1126400K
  class space    used 11613K, capacity 11860K, committed 11864K, reserved 1048576K

Deoptimization events (10 events):
Event: 181.521 Thread 0x00007fe8c43ac800 Uncommon trap: reason=predicate action=maybe_recompile pc=0x00007fe8e29b8770 method=scala.Array$.tabulate(ILscala/Function1;Lscala/reflect/ClassTag;)Ljava/lang/Object; @ 22
Event: 181.625 Thread 0x00007fe8c43ac800 Uncommon trap: reason=array_check action=maybe_recompile pc=0x00007fe8e15a5440 method=java.util.Arrays.fill([Ljava/lang/Object;IILjava/lang/Object;)V @ 20
Event: 181.793 Thread 0x00007fe8d4028000 Uncommon trap: reason=speculate_class_check action=maybe_recompile pc=0x00007fe8e27426d4 method=scala.collection.immutable.HashMap.updated(Ljava/lang/Object;Ljava/lang/Object;)Lscala/collection/immutable/HashMap; @ 11
Event: 181.793 Thread 0x00007fe8d4028000 Uncommon trap: reason=speculate_class_check action=maybe_recompile pc=0x00007fe8e27426d4 method=scala.collection.immutable.HashMap.updated(Ljava/lang/Object;Ljava/lang/Object;)Lscala/collection/immutable/HashMap; @ 11
Event: 182.021 Thread 0x00007fe8d4028000 Uncommon trap: reason=unstable_if action=reinterpret pc=0x00007fe8e25315a8 method=java.io.ObjectInputStream.readOrdinaryObject(Z)Ljava/lang/Object; @ 257
Event: 182.021 Thread 0x00007fe8d4028000 Uncommon trap: reason=speculate_class_check action=maybe_recompile pc=0x00007fe8e27426d4 method=scala.collection.immutable.HashMap.updated(Ljava/lang/Object;Ljava/lang/Object;)Lscala/collection/immutable/HashMap; @ 11
Event: 182.021 Thread 0x00007fe8d4028000 Uncommon trap: reason=speculate_class_check action=maybe_recompile pc=0x00007fe8e27426d4 method=scala.collection.immutable.HashMap.updated(Ljava/lang/Object;Ljava/lang/Object;)Lscala/collection/immutable/HashMap; @ 11
Event: 182.173 Thread 0x00007fe8d4028000 Uncommon trap: reason=unstable_if action=reinterpret pc=0x00007fe8e29f4c08 method=java.io.ObjectInputStream$HandleTable.assign(Ljava/lang/Object;)I @ 9
Event: 184.043 Thread 0x00007fe8d4028000 Uncommon trap: reason=unstable_if action=reinterpret pc=0x00007fe8e133eed0 method=breeze.collection.mutable.SparseArray.findOffset(I)I @ 218
Event: 184.071 Thread 0x00007fe8d4028000 Uncommon trap: reason=unstable_if action=reinterpret pc=0x00007fe8e2215948 method=org.apache.spark.ml.tree.impl.TreePoint$.findBin(ILorg/apache/spark/ml/feature/LabeledPoint;I[D)I @ 14

Classes redefined (0 events):
No events

Internal exceptions (10 events):
Event: 181.159 Thread 0x00007fe8c43ac800 Exception <a 'java/lang/NoSuchMethodError': <clinit>> (0x00000000c0620e10) thrown at [/build/openjdk-8-g3XteX/openjdk-8-8u222-b10/src/hotspot/src/share/vm/prims/jni.cpp, line 1615]
Event: 181.355 Thread 0x00007fe8c43ac800 Exception <a 'java/lang/NoSuchMethodError': <clinit>> (0x00000000c2489460) thrown at [/build/openjdk-8-g3XteX/openjdk-8-8u222-b10/src/hotspot/src/share/vm/prims/jni.cpp, line 1615]
Event: 181.356 Thread 0x00007fe8c43ac800 Exception <a 'java/lang/NoSuchMethodError': <clinit>> (0x00000000c2492778) thrown at [/build/openjdk-8-g3XteX/openjdk-8-8u222-b10/src/hotspot/src/share/vm/prims/jni.cpp, line 1615]
Event: 181.463 Thread 0x00007fe8c43ac800 Exception <a 'java/lang/NoSuchMethodError': <clinit>> (0x00000000c33096b8) thrown at [/build/openjdk-8-g3XteX/openjdk-8-8u222-b10/src/hotspot/src/share/vm/prims/jni.cpp, line 1615]
Event: 181.465 Thread 0x00007fe8c43ac800 Exception <a 'java/lang/NoSuchMethodError': <clinit>> (0x00000000c3318ed8) thrown at [/build/openjdk-8-g3XteX/openjdk-8-8u222-b10/src/hotspot/src/share/vm/prims/jni.cpp, line 1615]
Event: 181.473 Thread 0x00007fe8c43ac800 Exception <a 'java/lang/NoSuchMethodError': <clinit>> (0x00000000c3550e50) thrown at [/build/openjdk-8-g3XteX/openjdk-8-8u222-b10/src/hotspot/src/share/vm/prims/jni.cpp, line 1615]
Event: 181.537 Thread 0x00007fe8c43ac800 Exception <a 'java/lang/NoSuchMethodError': <clinit>> (0x00000000c0c3e4c0) thrown at [/build/openjdk-8-g3XteX/openjdk-8-8u222-b10/src/hotspot/src/share/vm/prims/jni.cpp, line 1615]
Event: 181.699 Thread 0x00007fe8d09b8800 Exception <a 'java/lang/NoSuchMethodError': <clinit>> (0x00000000c07b9b20) thrown at [/build/openjdk-8-g3XteX/openjdk-8-8u222-b10/src/hotspot/src/share/vm/prims/jni.cpp, line 1615]
Event: 181.705 Thread 0x00007fe8d09b8800 Exception <a 'java/lang/NoSuchMethodError': <clinit>> (0x00000000c08aec40) thrown at [/build/openjdk-8-g3XteX/openjdk-8-8u222-b10/src/hotspot/src/share/vm/prims/jni.cpp, line 1615]
Event: 181.773 Thread 0x00007fe8d09b8800 Exception <a 'java/lang/NoSuchMethodError': <clinit>> (0x00000000c24b3bd8) thrown at [/build/openjdk-8-g3XteX/openjdk-8-8u222-b10/src/hotspot/src/share/vm/prims/jni.cpp, line 1615]

Events (10 events):
Event: 187.691 Executing VM operation: GenCollectForAllocation done
Event: 187.730 Executing VM operation: GenCollectForAllocation
Event: 187.737 Executing VM operation: GenCollectForAllocation done
Event: 187.775 Executing VM operation: GenCollectForAllocation
Event: 187.808 Executing VM operation: GenCollectForAllocation done
Event: 187.846 Executing VM operation: GenCollectForAllocation
Event: 187.868 Executing VM operation: GenCollectForAllocation done
Event: 187.906 Executing VM operation: GenCollectForAllocation
Event: 187.920 Executing VM operation: GenCollectForAllocation done
Event: 187.958 Executing VM operation: GenCollectForAllocation


Dynamic libraries:
00400000-00401000 r-xp 00000000 ca:01 286273                             /usr/lib/jvm/java-8-openjdk-amd64/jre/bin/java
00600000-00601000 r--p 00000000 ca:01 286273                             /usr/lib/jvm/java-8-openjdk-amd64/jre/bin/java
00601000-00602000 rw-p 00001000 ca:01 286273                             /usr/lib/jvm/java-8-openjdk-amd64/jre/bin/java
0070d000-0074f000 rw-p 00000000 00:00 0                                  [heap]
c0000000-c9b80000 rw-p 00000000 00:00 0 
c9b80000-d5550000 ---p 00000000 00:00 0 
d5550000-e8f59000 rw-p 00000000 00:00 0 
f6085000-100000000 ---p 00000000 00:00 0 
100000000-100b96000 rw-p 00000000 00:00 0 
100b96000-140000000 ---p 00000000 00:00 0 
7fe8ba11c000-7fe8ba2dc000 rw-p 00000000 00:00 0 
7fe8ba2dc000-7fe8ba31c000 ---p 00000000 00:00 0 
7fe8ba31c000-7fe8ba51c000 rw-p 00000000 00:00 0 
7fe8ba51c000-7fe8ba71c000 rw-p 00000000 00:00 0 
7fe8ba71c000-7fe8ba91c000 rw-p 00000000 00:00 0 
7fe8ba91c000-7fe8bab1c000 rw-p 00000000 00:00 0 
7fe8bab1c000-7fe8bad1c000 rw-p 00000000 00:00 0 
7fe8bad1c000-7fe8baf1c000 rw-p 00000000 00:00 0 
7fe8baf1c000-7fe8bb11c000 rw-p 00000000 00:00 0 
7fe8bb11c000-7fe8bb31c000 rw-p 00000000 00:00 0 
7fe8bb31c000-7fe8bb31f000 ---p 00000000 00:00 0 
7fe8bb31f000-7fe8bb61d000 rw-p 00000000 00:00 0 
7fe8bb61d000-7fe8bb620000 ---p 00000000 00:00 0 
7fe8bb620000-7fe8bb91e000 rw-p 00000000 00:00 0 
7fe8bb91e000-7fe8bbb1e000 rw-p 00000000 00:00 0 
7fe8bbb1e000-7fe8bbd1e000 rw-p 00000000 00:00 0 
7fe8bbd1e000-7fe8bbf1e000 rw-p 00000000 00:00 0 
7fe8bbf1e000-7fe8bc11e000 rw-p 00000000 00:00 0 
7fe8bc11e000-7fe8bc31e000 rw-p 00000000 00:00 0 
7fe8bc31e000-7fe8bc51e000 rw-p 00000000 00:00 0 
7fe8bc51e000-7fe8bc71e000 rw-p 00000000 00:00 0 
7fe8bc71e000-7fe8bc91e000 rw-p 00000000 00:00 0 
7fe8bc91e000-7fe8bcb1e000 rw-p 00000000 00:00 0 
7fe8bcb1e000-7fe8bcb21000 ---p 00000000 00:00 0 
7fe8bcb21000-7fe8bcc1f000 rw-p 00000000 00:00 0 
7fe8bcc1f000-7fe8bcc22000 ---p 00000000 00:00 0 
7fe8bcc22000-7fe8bcd20000 rw-p 00000000 00:00 0 
7fe8bcd20000-7fe8bcd23000 ---p 00000000 00:00 0 
7fe8bcd23000-7fe8bce21000 rw-p 00000000 00:00 0 
7fe8bce21000-7fe8bce24000 ---p 00000000 00:00 0 
7fe8bce24000-7fe8bcf22000 rw-p 00000000 00:00 0 
7fe8bcf22000-7fe8bcf25000 ---p 00000000 00:00 0 
7fe8bcf25000-7fe8bd023000 rw-p 00000000 00:00 0 
7fe8bd023000-7fe8bd026000 ---p 00000000 00:00 0 
7fe8bd026000-7fe8bd324000 rw-p 00000000 00:00 0 
7fe8bd324000-7fe8bd327000 ---p 00000000 00:00 0 
7fe8bd327000-7fe8bd625000 rw-p 00000000 00:00 0 
7fe8bd625000-7fe8bd632000 r-xp 00000000 ca:01 137                        /tmp/liblz4-java9037274075992591216.so
7fe8bd632000-7fe8bd831000 ---p 0000d000 ca:01 137                        /tmp/liblz4-java9037274075992591216.so
7fe8bd831000-7fe8bd832000 rw-p 0000c000 ca:01 137                        /tmp/liblz4-java9037274075992591216.so
7fe8bd832000-7fe8bda32000 rw-p 00000000 00:00 0 
7fe8bda32000-7fe8bda35000 ---p 00000000 00:00 0 
7fe8bda35000-7fe8bdd33000 rw-p 00000000 00:00 0 
7fe8bddad000-7fe8bddb0000 ---p 00000000 00:00 0 
7fe8bddb0000-7fe8be0ae000 rw-p 00000000 00:00 0 
7fe8be0ae000-7fe8be2ae000 rw-p 00000000 00:00 0 
7fe8be2ae000-7fe8be2b1000 ---p 00000000 00:00 0 
7fe8be2b1000-7fe8be3af000 rw-p 00000000 00:00 0 
7fe8be3af000-7fe8be3b2000 ---p 00000000 00:00 0 
7fe8be3b2000-7fe8be4b0000 rw-p 00000000 00:00 0 
7fe8be4b0000-7fe8be4b3000 ---p 00000000 00:00 0 
7fe8be4b3000-7fe8be7b1000 rw-p 00000000 00:00 0 
7fe8be7b1000-7fe8be7b4000 ---p 00000000 00:00 0 
7fe8be7b4000-7fe8be8b2000 rw-p 00000000 00:00 0 
7fe8be8b2000-7fe8be8b5000 ---p 00000000 00:00 0 
7fe8be8b5000-7fe8be9b3000 rw-p 00000000 00:00 0 
7fe8be9b3000-7fe8be9b6000 ---p 00000000 00:00 0 
7fe8be9b6000-7fe8beab4000 rw-p 00000000 00:00 0 
7fe8beab4000-7fe8beab7000 ---p 00000000 00:00 0 
7fe8beab7000-7fe8bebb5000 rw-p 00000000 00:00 0 
7fe8bebb5000-7fe8bebb8000 ---p 00000000 00:00 0 
7fe8bebb8000-7fe8becb6000 rw-p 00000000 00:00 0 
7fe8becb6000-7fe8becb9000 ---p 00000000 00:00 0 
7fe8becb9000-7fe8bedb7000 rw-p 00000000 00:00 0 
7fe8bedb7000-7fe8bedba000 ---p 00000000 00:00 0 
7fe8bedba000-7fe8beeb8000 rw-p 00000000 00:00 0 
7fe8beeb8000-7fe8beebb000 ---p 00000000 00:00 0 
7fe8beebb000-7fe8befb9000 rw-p 00000000 00:00 0 
7fe8befb9000-7fe8befbc000 ---p 00000000 00:00 0 
7fe8befbc000-7fe8bf0ba000 rw-p 00000000 00:00 0 
7fe8bf0ba000-7fe8bf0bd000 ---p 00000000 00:00 0 
7fe8bf0bd000-7fe8bf1bb000 rw-p 00000000 00:00 0 
7fe8bf1bb000-7fe8bf1be000 ---p 00000000 00:00 0 
7fe8bf1be000-7fe8bf2bc000 rw-p 00000000 00:00 0 
7fe8bf2bc000-7fe8bf2bf000 ---p 00000000 00:00 0 
7fe8bf2bf000-7fe8bf3bd000 rw-p 00000000 00:00 0 
7fe8bf3bd000-7fe8bf3c0000 ---p 00000000 00:00 0 
7fe8bf3c0000-7fe8bf4be000 rw-p 00000000 00:00 0 
7fe8bf4be000-7fe8bf4c1000 ---p 00000000 00:00 0 
7fe8bf4c1000-7fe8bf7bf000 rw-p 00000000 00:00 0 
7fe8bf7bf000-7fe8bf7c2000 ---p 00000000 00:00 0 
7fe8bf7c2000-7fe8bfac0000 rw-p 00000000 00:00 0 
7fe8bfac0000-7fe8bfac3000 ---p 00000000 00:00 0 
7fe8bfac3000-7fe8bfbc1000 rw-p 00000000 00:00 0 
7fe8bfbc1000-7fe8bfbc4000 ---p 00000000 00:00 0 
7fe8bfbc4000-7fe8bfcc2000 rw-p 00000000 00:00 0 
7fe8bfcc2000-7fe8bfcc5000 ---p 00000000 00:00 0 
7fe8bfcc5000-7fe8bfdc3000 rw-p 00000000 00:00 0 
7fe8bfdc3000-7fe8bfdc6000 ---p 00000000 00:00 0 
7fe8bfdc6000-7fe8bfec4000 rw-p 00000000 00:00 0 
7fe8bfec4000-7fe8bfec7000 ---p 00000000 00:00 0 
7fe8bfec7000-7fe8bffc5000 rw-p 00000000 00:00 0 
7fe8bffc5000-7fe8bffc8000 ---p 00000000 00:00 0 
7fe8bffc8000-7fe8c00c6000 rw-p 00000000 00:00 0 
7fe8c00c6000-7fe8c00c9000 ---p 00000000 00:00 0 
7fe8c00c9000-7fe8c01c7000 rw-p 00000000 00:00 0 
7fe8c01c7000-7fe8c01ca000 ---p 00000000 00:00 0 
7fe8c01ca000-7fe8c02c8000 rw-p 00000000 00:00 0 
7fe8c02c8000-7fe8c02cb000 ---p 00000000 00:00 0 
7fe8c02cb000-7fe8c03c9000 rw-p 00000000 00:00 0 
7fe8c03c9000-7fe8c03da000 r-xp 00000000 ca:01 286360                     /usr/lib/jvm/java-8-openjdk-amd64/jre/lib/amd64/libnio.so
7fe8c03da000-7fe8c05d9000 ---p 00011000 ca:01 286360                     /usr/lib/jvm/java-8-openjdk-amd64/jre/lib/amd64/libnio.so
7fe8c05d9000-7fe8c05da000 r--p 00010000 ca:01 286360                     /usr/lib/jvm/java-8-openjdk-amd64/jre/lib/amd64/libnio.so
7fe8c05da000-7fe8c05db000 rw-p 00011000 ca:01 286360                     /usr/lib/jvm/java-8-openjdk-amd64/jre/lib/amd64/libnio.so
7fe8c05db000-7fe8c07db000 rw-p 00000000 00:00 0 
7fe8c07db000-7fe8c09db000 rw-p 00000000 00:00 0 
7fe8c09db000-7fe8c09f2000 r-xp 00000000 ca:01 1984                       /lib/x86_64-linux-gnu/libresolv-2.23.so
7fe8c09f2000-7fe8c0bf2000 ---p 00017000 ca:01 1984                       /lib/x86_64-linux-gnu/libresolv-2.23.so
7fe8c0bf2000-7fe8c0bf3000 r--p 00017000 ca:01 1984                       /lib/x86_64-linux-gnu/libresolv-2.23.so
7fe8c0bf3000-7fe8c0bf4000 rw-p 00018000 ca:01 1984                       /lib/x86_64-linux-gnu/libresolv-2.23.so
7fe8c0bf4000-7fe8c0bf6000 rw-p 00000000 00:00 0 
7fe8c0bf6000-7fe8c0bfb000 r-xp 00000000 ca:01 1990                       /lib/x86_64-linux-gnu/libnss_dns-2.23.so
7fe8c0bfb000-7fe8c0dfb000 ---p 00005000 ca:01 1990                       /lib/x86_64-linux-gnu/libnss_dns-2.23.so
7fe8c0dfb000-7fe8c0dfc000 r--p 00005000 ca:01 1990                       /lib/x86_64-linux-gnu/libnss_dns-2.23.so
7fe8c0dfc000-7fe8c0dfd000 rw-p 00006000 ca:01 1990                       /lib/x86_64-linux-gnu/libnss_dns-2.23.so
7fe8c0dfd000-7fe8c0dfe000 r-xp 00000000 ca:01 286366                     /usr/lib/jvm/java-8-openjdk-amd64/jre/lib/amd64/libjaas_unix.so
7fe8c0dfe000-7fe8c0ffd000 ---p 00001000 ca:01 286366                     /usr/lib/jvm/java-8-openjdk-amd64/jre/lib/amd64/libjaas_unix.so
7fe8c0ffd000-7fe8c0ffe000 r--p 00000000 ca:01 286366                     /usr/lib/jvm/java-8-openjdk-amd64/jre/lib/amd64/libjaas_unix.so
7fe8c0ffe000-7fe8c0fff000 rw-p 00001000 ca:01 286366                     /usr/lib/jvm/java-8-openjdk-amd64/jre/lib/amd64/libjaas_unix.so
7fe8c0fff000-7fe8c4000000 rw-p 00000000 00:00 0 
7fe8c4000000-7fe8c54d5000 rw-p 00000000 00:00 0 
7fe8c54d5000-7fe8c8000000 ---p 00000000 00:00 0 
7fe8c8000000-7fe8c8117000 rw-p 00000000 00:00 0 
7fe8c8117000-7fe8cc000000 ---p 00000000 00:00 0 
7fe8cc000000-7fe8cc021000 rw-p 00000000 00:00 0 
7fe8cc021000-7fe8d0000000 ---p 00000000 00:00 0 
7fe8d0000000-7fe8d3766000 rw-p 00000000 00:00 0 
7fe8d3766000-7fe8d4000000 ---p 00000000 00:00 0 
7fe8d4000000-7fe8d4383000 rw-p 00000000 00:00 0 
7fe8d4383000-7fe8d8000000 ---p 00000000 00:00 0 
7fe8d8000000-7fe8d8021000 rw-p 00000000 00:00 0 
7fe8d8021000-7fe8dc000000 ---p 00000000 00:00 0 
7fe8dc000000-7fe8dc38c000 rw-p 00000000 00:00 0 
7fe8dc38c000-7fe8e0000000 ---p 00000000 00:00 0 
7fe8e0038000-7fe8e003a000 r--s 00016000 ca:01 286312                     /usr/lib/jvm/java-8-openjdk-amd64/jre/lib/jce.jar
7fe8e003a000-7fe8e003f000 r--s 000a3000 ca:01 286376                     /usr/lib/jvm/java-8-openjdk-amd64/jre/lib/jsse.jar
7fe8e003f000-7fe8e0052000 r--s 00346000 ca:01 286377                     /usr/lib/jvm/java-8-openjdk-amd64/jre/lib/resources.jar
7fe8e0052000-7fe8e0055000 ---p 00000000 00:00 0 
7fe8e0055000-7fe8e0153000 rw-p 00000000 00:00 0 
7fe8e0153000-7fe8e0156000 ---p 00000000 00:00 0 
7fe8e0156000-7fe8e0254000 rw-p 00000000 00:00 0 
7fe8e0254000-7fe8e0257000 ---p 00000000 00:00 0 
7fe8e0257000-7fe8e048d000 rw-p 00000000 00:00 0 
7fe8e048d000-7fe8e068d000 rw-p 00000000 00:00 0 
7fe8e068d000-7fe8e0696000 r-xp 00000000 ca:01 286338                     /usr/lib/jvm/java-8-openjdk-amd64/jre/lib/amd64/libmanagement.so
7fe8e0696000-7fe8e0895000 ---p 00009000 ca:01 286338                     /usr/lib/jvm/java-8-openjdk-amd64/jre/lib/amd64/libmanagement.so
7fe8e0895000-7fe8e0896000 r--p 00008000 ca:01 286338                     /usr/lib/jvm/java-8-openjdk-amd64/jre/lib/amd64/libmanagement.so
7fe8e0896000-7fe8e0897000 rw-p 00009000 ca:01 286338                     /usr/lib/jvm/java-8-openjdk-amd64/jre/lib/amd64/libmanagement.so
7fe8e0897000-7fe8e089a000 ---p 00000000 00:00 0 
7fe8e089a000-7fe8e0998000 rw-p 00000000 00:00 0 
7fe8e0998000-7fe8e099b000 ---p 00000000 00:00 0 
7fe8e099b000-7fe8e0c99000 rw-p 00000000 00:00 0 
7fe8e0c99000-7fe8e0c9c000 ---p 00000000 00:00 0 
7fe8e0c9c000-7fe8e0d9a000 rw-p 00000000 00:00 0 
7fe8e0d9a000-7fe8e0db0000 r-xp 00000000 ca:01 286343                     /usr/lib/jvm/java-8-openjdk-amd64/jre/lib/amd64/libnet.so
7fe8e0db0000-7fe8e0fb0000 ---p 00016000 ca:01 286343                     /usr/lib/jvm/java-8-openjdk-amd64/jre/lib/amd64/libnet.so
7fe8e0fb0000-7fe8e0fb1000 r--p 00016000 ca:01 286343                     /usr/lib/jvm/java-8-openjdk-amd64/jre/lib/amd64/libnet.so
7fe8e0fb1000-7fe8e0fb2000 rw-p 00017000 ca:01 286343                     /usr/lib/jvm/java-8-openjdk-amd64/jre/lib/amd64/libnet.so
7fe8e0fb2000-7fe8e0fb5000 r--s 00015000 ca:01 261533                     /home/ubuntu/spark-2.1.1-bin-hadoop2.7/jars/javax.servlet-api-3.1.0.jar
7fe8e0fb5000-7fe8e0fe1000 r--s 001c9000 ca:01 261798                     /home/ubuntu/spark-2.1.1-bin-hadoop2.7/jars/shapeless_2.11-2.0.0.jar
7fe8e0fe1000-7fe8e0fec000 r--s 000b0000 ca:01 261731                     /home/ubuntu/spark-2.1.1-bin-hadoop2.7/jars/jtransforms-2.4.0.jar
7fe8e0fec000-7fe8e0ff2000 r--s 00043000 ca:01 261858                     /home/ubuntu/spark-2.1.1-bin-hadoop2.7/jars/commons-configuration-1.6.jar
7fe8e0ff2000-7fe8e0ff6000 r--s 00019000 ca:01 261784                     /home/ubuntu/spark-2.1.1-bin-hadoop2.7/jars/javax.ws.rs-api-2.0.1.jar
7fe8e0ff6000-7fe8e1000000 r--s 00095000 ca:01 261728                     /home/ubuntu/spark-2.1.1-bin-hadoop2.7/jars/scala-xml_2.11-1.0.2.jar
7fe8e1000000-7fe8e2a00000 rwxp 00000000 00:00 0 
7fe8e2a00000-7fe8f0000000 ---p 00000000 00:00 0 
7fe8f0000000-7fe8f0dc8000 rw-p 00000000 00:00 0 
7fe8f0dc8000-7fe8f4000000 ---p 00000000 00:00 0 
7fe8f4000000-7fe8f4002000 r--s 00009000 ca:01 261839                     /home/ubuntu/spark-2.1.1-bin-hadoop2.7/jars/commons-cli-1.2.jar
7fe8f4002000-7fe8f4007000 r--s 00031000 ca:01 261744                     /home/ubuntu/spark-2.1.1-bin-hadoop2.7/jars/parquet-hadoop-1.8.1.jar
7fe8f4007000-7fe8f400b000 r--s 00020000 ca:01 261720                     /home/ubuntu/spark-2.1.1-bin-hadoop2.7/jars/commons-digester-1.8.jar
7fe8f400b000-7fe8f400d000 r--s 00027000 ca:01 261790                     /home/ubuntu/spark-2.1.1-bin-hadoop2.7/jars/core-1.1.2.jar
7fe8f400d000-7fe8f4024000 r--s 00183000 ca:01 261753                     /home/ubuntu/spark-2.1.1-bin-hadoop2.7/jars/hadoop-yarn-common-2.7.3.jar
7fe8f4024000-7fe8f402a000 r--s 00044000 ca:01 261763                     /home/ubuntu/spark-2.1.1-bin-hadoop2.7/jars/antlr4-runtime-4.5.3.jar
7fe8f402a000-7fe8f402c000 r--s 0000b000 ca:01 261840                     /home/ubuntu/spark-2.1.1-bin-hadoop2.7/jars/chill-java-0.8.0.jar
7fe8f402c000-7fe8f4036000 r--s 00086000 ca:01 261718                     /home/ubuntu/spark-2.1.1-bin-hadoop2.7/jars/json4s-core_2.11-3.2.11.jar
7fe8f4036000-7fe8f4038000 r--s 0000f000 ca:01 261566                     /home/ubuntu/spark-2.1.1-bin-hadoop2.7/jars/activation-1.1.1.jar
7fe8f4038000-7fe8f403c000 r--s 00031000 ca:01 261583                     /home/ubuntu/spark-2.1.1-bin-hadoop2.7/jars/jline-2.12.1.jar
7fe8f403c000-7fe8f4042000 r--s 00028000 ca:01 261745                     /home/ubuntu/spark-2.1.1-bin-hadoop2.7/jars/curator-framework-2.6.0.jar
7fe8f4042000-7fe8f404f000 r--s 000b1000 ca:01 261545                     /home/ubuntu/spark-2.1.1-bin-hadoop2.7/jars/hadoop-mapreduce-client-common-2.7.3.jar
7fe8f404f000-7fe8f4051000 r--s 00009000 ca:01 261758                     /home/ubuntu/spark-2.1.1-bin-hadoop2.7/jars/jackson-module-paranamer-2.6.5.jar
7fe8f4051000-7fe8f4059000 r--s 00066000 ca:01 261732                     /home/ubuntu/spark-2.1.1-bin-hadoop2.7/jars/apache-log4j-extras-1.2.17.jar
7fe8f4059000-7fe8f4067000 r--s 00078000 ca:01 261756                     /home/ubuntu/spark-2.1.1-bin-hadoop2.7/jars/spark-mesos_2.11-2.1.1.jar
7fe8f4067000-7fe8f4095000 r--s 00212000 ca:01 261712                     /home/ubuntu/spark-2.1.1-bin-hadoop2.7/jars/spark-network-common_2.11-2.1.1.jar
7fe8f4095000-7fe8f409d000 r--s 0006e000 ca:01 261765                     /home/ubuntu/spark-2.1.1-bin-hadoop2.7/jars/commons-lang3-3.5.jar
7fe8f409d000-7fe8f40b3000 r--s 001a4000 ca:01 261613                     /home/ubuntu/spark-2.1.1-bin-hadoop2.7/jars/datanucleus-rdbms-3.2.9.jar
7fe8f40b3000-7fe8f40c4000 r--s 0010d000 ca:01 261714                     /home/ubuntu/spark-2.1.1-bin-hadoop2.7/jars/jackson-databind-2.6.5.jar
7fe8f40c4000-7fe8f40e8000 r--s 001cd000 ca:01 261855                     /home/ubuntu/spark-2.1.1-bin-hadoop2.7/jars/commons-math3-3.4.1.jar
7fe8f40e8000-7fe8f415c000 r--s 00574000 ca:01 261739                     /home/ubuntu/spark-2.1.1-bin-hadoop2.7/jars/spark-mllib_2.11-2.1.1.jar
7fe8f415c000-7fe8f41e7000 r--s 0069e000 ca:01 261713                     /home/ubuntu/spark-2.1.1-bin-hadoop2.7/jars/spark-catalyst_2.11-2.1.1.jar
7fe8f41e7000-7fe8f41ec000 r--s 00041000 ca:01 261740                     /home/ubuntu/spark-2.1.1-bin-hadoop2.7/jars/commons-lang-2.6.jar
7fe8f41ec000-7fe8f41ee000 r--s 00020000 ca:01 261749                     /home/ubuntu/spark-2.1.1-bin-hadoop2.7/jars/hive-beeline-1.2.1.spark2.jar
7fe8f41ee000-7fe8f41f5000 r--s 00049000 ca:01 261736                     /home/ubuntu/spark-2.1.1-bin-hadoop2.7/jars/httpcore-4.4.4.jar
7fe8f41f5000-7fe8f41f7000 r--s 00014000 ca:01 261717                     /home/ubuntu/spark-2.1.1-bin-hadoop2.7/jars/spire-macros_2.11-0.7.4.jar
7fe8f41f7000-7fe8f41f8000 r--s 00001000 ca:01 261621                     /home/ubuntu/spark-2.1.1-bin-hadoop2.7/jars/pmml-schema-1.2.15.jar
7fe8f41f8000-7fe8f41fc000 r--s 00028000 ca:01 261573                     /home/ubuntu/spark-2.1.1-bin-hadoop2.7/jars/jetty-util-6.1.26.jar
7fe8f41fc000-7fe8f41fd000 r--s 00004000 ca:01 261711                     /home/ubuntu/spark-2.1.1-bin-hadoop2.7/jars/eigenbase-properties-1.1.5.jar
7fe8f41fd000-7fe8f41fe000 r--s 00009000 ca:01 261845                     /home/ubuntu/spark-2.1.1-bin-hadoop2.7/jars/slf4j-api-1.7.16.jar
7fe8f41fe000-7fe8f41ff000 r--s 00004000 ca:01 261710                     /home/ubuntu/spark-2.1.1-bin-hadoop2.7/jars/jackson-jaxrs-1.9.13.jar
7fe8f41ff000-7fe8f4201000 r--s 00012000 ca:01 261803                     /home/ubuntu/spark-2.1.1-bin-hadoop2.7/jars/api-util-1.0.0-M20.jar
7fe8f4201000-7fe8f4203000 r--s 00004000 ca:01 261587                     /home/ubuntu/spark-2.1.1-bin-hadoop2.7/jars/stax-api-1.0-2.jar
7fe8f4203000-7fe8f4204000 r--s 00009000 ca:01 261830                     /home/ubuntu/spark-2.1.1-bin-hadoop2.7/jars/hive-cli-1.2.1.spark2.jar
7fe8f4204000-7fe8f4206000 r--s 0000a000 ca:01 261612                     /home/ubuntu/spark-2.1.1-bin-hadoop2.7/jars/spark-unsafe_2.11-2.1.1.jar
7fe8f4206000-7fe8f420a000 r--s 0002a000 ca:01 261747                     /home/ubuntu/spark-2.1.1-bin-hadoop2.7/jars/commons-io-2.4.jar
7fe8f420a000-7fe8f4212000 r--s 00059000 ca:01 261611                     /home/ubuntu/spark-2.1.1-bin-hadoop2.7/jars/javolution-5.5.1.jar
7fe8f4212000-7fe8f4213000 r--s 00003000 ca:01 261568                     /home/ubuntu/spark-2.1.1-bin-hadoop2.7/jars/jta-1.1.jar
7fe8f4213000-7fe8f4216000 r--s 00009000 ca:01 261751                     /home/ubuntu/spark-2.1.1-bin-hadoop2.7/jars/jackson-annotations-2.6.5.jar
7fe8f4216000-7fe8f4231000 r--s 001d8000 ca:01 261572                     /home/ubuntu/spark-2.1.1-bin-hadoop2.7/jars/jets3t-0.9.3.jar
7fe8f4231000-7fe8f4236000 r--s 0002a000 ca:01 261576                     /home/ubuntu/spark-2.1.1-bin-hadoop2.7/jars/commons-beanutils-1.7.0.jar
7fe8f4236000-7fe8f4238000 r--s 00006000 ca:01 261588                     /home/ubuntu/spark-2.1.1-bin-hadoop2.7/jars/paranamer-2.3.jar
7fe8f4238000-7fe8f423c000 r--s 0002c000 ca:01 261748                     /home/ubuntu/spark-2.1.1-bin-hadoop2.7/jars/avro-ipc-1.7.7.jar
7fe8f423c000-7fe8f423d000 r--s 00003000 ca:01 261594                     /home/ubuntu/spark-2.1.1-bin-hadoop2.7/jars/xmlenc-0.52.jar
7fe8f423d000-7fe8f425a000 r--s 001d5000 ca:01 261860                     /home/ubuntu/spark-2.1.1-bin-hadoop2.7/jars/hadoop-yarn-api-2.7.3.jar
7fe8f425a000-7fe8f425b000 r--s 00004000 ca:01 261716                     /home/ubuntu/spark-2.1.1-bin-hadoop2.7/jars/opencsv-2.3.jar
7fe8f425b000-7fe8f425f000 r--s 00014000 ca:01 261856                     /home/ubuntu/spark-2.1.1-bin-hadoop2.7/jars/xz-1.0.jar
7fe8f425f000-7fe8f4262000 r--s 000fd000 ca:01 261604                     /home/ubuntu/spark-2.1.1-bin-hadoop2.7/jars/leveldbjni-all-1.8.jar
7fe8f4262000-7fe8f4268000 r--s 00063000 ca:01 261849                     /home/ubuntu/spark-2.1.1-bin-hadoop2.7/jars/jodd-core-3.5.2.jar
7fe8f4268000-7fe8f426c000 r--s 00030000 ca:01 261532                     /home/ubuntu/spark-2.1.1-bin-hadoop2.7/jars/commons-net-2.2.jar
7fe8f426c000-7fe8f4270000 r--s 00028000 ca:01 261608                     /home/ubuntu/spark-2.1.1-bin-hadoop2.7/jars/spark-mllib-local_2.11-2.1.1.jar
7fe8f4270000-7fe8f4277000 r--s 0007d000 ca:01 261722                     /home/ubuntu/spark-2.1.1-bin-hadoop2.7/jars/jetty-6.1.26.jar
7fe8f4277000-7fe8f427a000 r--s 0002f000 ca:01 261546                     /home/ubuntu/spark-2.1.1-bin-hadoop2.7/jars/RoaringBitmap-0.5.11.jar
7fe8f427a000-7fe8f427b000 r--s 00004000 ca:01 261866                     /home/ubuntu/spark-2.1.1-bin-hadoop2.7/jars/osgi-resource-locator-1.0.1.jar
7fe8f427b000-7fe8f429c000 r--s 0019b000 ca:01 261796                     /home/ubuntu/spark-2.1.1-bin-hadoop2.7/jars/spark-hive-thriftserver_2.11-2.1.1.jar
7fe8f429c000-7fe8f429f000 r--s 00006000 ca:01 261721                     /home/ubuntu/spark-2.1.1-bin-hadoop2.7/jars/jsr305-1.3.9.jar
7fe8f429f000-7fe8f42a6000 r--s 0005d000 ca:01 261793                     /home/ubuntu/spark-2.1.1-bin-hadoop2.7/jars/mx4j-3.0.2.jar
7fe8f42a6000-7fe8f42a8000 r--s 0000e000 ca:01 261821                     /home/ubuntu/spark-2.1.1-bin-hadoop2.7/jars/guice-servlet-3.0.jar
7fe8f42a8000-7fe8f42b0000 r--s 0007b000 ca:01 261737                     /home/ubuntu/spark-2.1.1-bin-hadoop2.7/jars/protobuf-java-2.5.0.jar
7fe8f42b0000-7fe8f42b9000 r--s 00062000 ca:01 261580                     /home/ubuntu/spark-2.1.1-bin-hadoop2.7/jars/avro-1.7.7.jar
7fe8f42b9000-7fe8f42bb000 r--s 00003000 ca:01 261733                     /home/ubuntu/spark-2.1.1-bin-hadoop2.7/jars/jcl-over-slf4j-1.7.16.jar
7fe8f42bb000-7fe8f438b000 r--s 00cf0000 ca:01 261540                     /home/ubuntu/spark-2.1.1-bin-hadoop2.7/jars/breeze_2.11-0.12.jar
7fe8f438b000-7fe8f438c000 r--s 00002000 ca:01 261619                     /home/ubuntu/spark-2.1.1-bin-hadoop2.7/jars/slf4j-log4j12-1.7.16.jar
7fe8f438c000-7fe8f438e000 r--s 00006000 ca:01 261578                     /home/ubuntu/spark-2.1.1-bin-hadoop2.7/jars/spark-sketch_2.11-2.1.1.jar
7fe8f438e000-7fe8f4393000 r--s 00068000 ca:01 261791                     /home/ubuntu/spark-2.1.1-bin-hadoop2.7/jars/antlr-2.7.7.jar
7fe8f4393000-7fe8f4395000 r--s 00000000 ca:01 261759                     /home/ubuntu/spark-2.1.1-bin-hadoop2.7/jars/aopalliance-1.0.jar
7fe8f4395000-7fe8f4397000 r--s 00012000 ca:01 261730                     /home/ubuntu/spark-2.1.1-bin-hadoop2.7/jars/compress-lzf-1.0.3.jar
7fe8f4397000-7fe8f43a4000 r--s 0009e000 ca:01 261822                     /home/ubuntu/spark-2.1.1-bin-hadoop2.7/jars/spark-graphx_2.11-2.1.1.jar
7fe8f43a4000-7fe8f43a9000 r--s 00028000 ca:01 261841                     /home/ubuntu/spark-2.1.1-bin-hadoop2.7/jars/avro-mapred-1.7.7-hadoop2.jar
7fe8f43a9000-7fe8f43bf000 r--s 00124000 ca:01 261833                     /home/ubuntu/spark-2.1.1-bin-hadoop2.7/jars/ivy-2.4.0.jar
7fe8f43bf000-7fe8f43c7000 r--s 00078000 ca:01 261805                     /home/ubuntu/spark-2.1.1-bin-hadoop2.7/jars/mail-1.4.7.jar
7fe8f43c7000-7fe8f43cc000 r--s 0004e000 ca:01 261582                     /home/ubuntu/spark-2.1.1-bin-hadoop2.7/jars/datanucleus-api-jdo-3.2.6.jar
7fe8f43cc000-7fe8f44a4000 r--s 00a88000 ca:01 261543                     /home/ubuntu/spark-2.1.1-bin-hadoop2.7/jars/spark-core_2.11-2.1.1.jar
7fe8f44a4000-7fe8f44bc000 r--s 001b6000 ca:01 261569                     /home/ubuntu/spark-2.1.1-bin-hadoop2.7/jars/datanucleus-core-3.2.10.jar
7fe8f44bc000-7fe8f44d0000 r--s 000ec000 ca:01 261539                     /home/ubuntu/spark-2.1.1-bin-hadoop2.7/jars/parquet-jackson-1.8.1.jar
7fe8f44d0000-7fe8f44d2000 r--s 0000e000 ca:01 261785                     /home/ubuntu/spark-2.1.1-bin-hadoop2.7/jars/hadoop-mapreduce-client-jobclient-2.7.3.jar
7fe8f44d2000-7fe8f44d4000 r--s 0000e000 ca:01 261536                     /home/ubuntu/spark-2.1.1-bin-hadoop2.7/jars/oro-2.0.8.jar
7fe8f44d4000-7fe8f44d6000 r--s 00003000 ca:01 261826                     /home/ubuntu/spark-2.1.1-bin-hadoop2.7/jars/JavaEWAH-0.3.2.jar
7fe8f44d6000-7fe8f44d8000 r--s 0000f000 ca:01 261757                     /home/ubuntu/spark-2.1.1-bin-hadoop2.7/jars/spark-launcher_2.11-2.1.1.jar
7fe8f44d8000-7fe8f44fa000 r--s 00335000 ca:01 261750                     /home/ubuntu/spark-2.1.1-bin-hadoop2.7/jars/mesos-1.0.0-shaded-protobuf.jar
7fe8f44fa000-7fe8f44fb000 r--s 00001000 ca:01 261610                     /home/ubuntu/spark-2.1.1-bin-hadoop2.7/jars/minlog-1.3.0.jar
7fe8f44fb000-7fe8f44fe000 r--s 0001a000 ca:01 261834                     /home/ubuntu/spark-2.1.1-bin-hadoop2.7/jars/py4j-0.10.4.jar
7fe8f44fe000-7fe8f44ff000 r--s 00009000 ca:01 261601                     /home/ubuntu/spark-2.1.1-bin-hadoop2.7/jars/json4s-jackson_2.11-3.2.11.jar
7fe8f44ff000-7fe8f4501000 r--s 0000d000 ca:01 261725                     /home/ubuntu/spark-2.1.1-bin-hadoop2.7/jars/hadoop-yarn-server-web-proxy-2.7.3.jar
7fe8f4501000-7fe8f4564000 r--s 004de000 ca:01 261719                     /home/ubuntu/spark-2.1.1-bin-hadoop2.7/jars/hive-metastore-1.2.1.spark2.jar
7fe8f4564000-7fe8f456b000 r--s 00039000 ca:01 261727                     /home/ubuntu/spark-2.1.1-bin-hadoop2.7/jars/calcite-avatica-1.2.0-incubating.jar
7fe8f456b000-7fe8f4572000 r--s 0003f000 ca:01 261603                     /home/ubuntu/spark-2.1.1-bin-hadoop2.7/jars/commons-codec-1.10.jar
7fe8f4572000-7fe8f4574000 r--s 00100000 ca:01 261842                     /home/ubuntu/spark-2.1.1-bin-hadoop2.7/jars/snappy-java-1.1.2.6.jar
7fe8f4574000-7fe8f4578000 r--s 00029000 ca:01 261591                     /home/ubuntu/spark-2.1.1-bin-hadoop2.7/jars/hk2-locator-2.4.0-b34.jar
7fe8f4578000-7fe8f457b000 r--s 0000d000 ca:01 261742                     /home/ubuntu/spark-2.1.1-bin-hadoop2.7/jars/spark-network-shuffle_2.11-2.1.1.jar
7fe8f457b000-7fe8f457c000 r--s 00006000 ca:01 261788                     /home/ubuntu/spark-2.1.1-bin-hadoop2.7/jars/jackson-xc-1.9.13.jar
7fe8f457c000-7fe8f4592000 r--s 000d1000 ca:01 261585                     /home/ubuntu/spark-2.1.1-bin-hadoop2.7/jars/parquet-column-1.8.1.jar
7fe8f4592000-7fe8f45b7000 rw-p 00000000 00:00 0 
7fe8f45b7000-7fe8f46c3000 r--s 00dba000 ca:01 261859                     /home/ubuntu/spark-2.1.1-bin-hadoop2.7/jars/scala-compiler-2.11.8.jar
7fe8f46c3000-7fe8f46c4000 r--s 00002000 ca:01 261764                     /home/ubuntu/spark-2.1.1-bin-hadoop2.7/jars/jpam-1.1.jar
7fe8f46c4000-7fe8f46d3000 r--s 0009f000 ca:01 261734                     /home/ubuntu/spark-2.1.1-bin-hadoop2.7/jars/guice-3.0.jar
7fe8f46d3000-7fe8f46ec000 r--s 00150000 ca:01 261626                     /home/ubuntu/spark-2.1.1-bin-hadoop2.7/jars/htrace-core-3.1.0-incubating.jar
7fe8f46ec000-7fe8f4702000 r--s 000d3000 ca:01 261625                     /home/ubuntu/spark-2.1.1-bin-hadoop2.7/jars/jersey-server-2.22.2.jar
7fe8f4702000-7fe8f4704000 r--s 00008000 ca:01 261581                     /home/ubuntu/spark-2.1.1-bin-hadoop2.7/jars/parquet-common-1.8.1.jar
7fe8f4704000-7fe8f4706000 r--s 00002000 ca:01 261606                     /home/ubuntu/spark-2.1.1-bin-hadoop2.7/jars/aopalliance-repackaged-2.4.0-b34.jar
7fe8f4706000-7fe8f470a000 r--s 0003c000 ca:01 261854                     /home/ubuntu/spark-2.1.1-bin-hadoop2.7/jars/jackson-core-2.6.5.jar
7fe8f470a000-7fe8f4715000 r--s 00062000 ca:01 261729                     /home/ubuntu/spark-2.1.1-bin-hadoop2.7/jars/calcite-linq4j-1.2.0-incubating.jar
7fe8f4715000-7fe8f474b000 r--s 0031c000 ca:01 261565                     /home/ubuntu/spark-2.1.1-bin-hadoop2.7/jars/hadoop-common-2.7.3.jar
7fe8f474b000-7fe8f474f000 r--s 0001a000 ca:01 261579                     /home/ubuntu/spark-2.1.1-bin-hadoop2.7/jars/hk2-utils-2.4.0-b34.jar
7fe8f474f000-7fe8f475b000 r--s 000b6000 ca:01 261831                     /home/ubuntu/spark-2.1.1-bin-hadoop2.7/jars/zookeeper-3.4.6.jar
7fe8f475b000-7fe8f4761000 r--s 00040000 ca:01 261709                     /home/ubuntu/spark-2.1.1-bin-hadoop2.7/jars/parquet-encoding-1.8.1.jar
7fe8f4761000-7fe8f4766000 r--s 00036000 ca:01 261574                     /home/ubuntu/spark-2.1.1-bin-hadoop2.7/jars/commons-compress-1.4.1.jar
7fe8f4766000-7fe8f4793000 r--s 001d4000 ca:01 261863                     /home/ubuntu/spark-2.1.1-bin-hadoop2.7/jars/spark-streaming_2.11-2.1.1.jar
7fe8f4793000-7fe8f4796000 r--s 00022000 ca:01 261806                     /home/ubuntu/spark-2.1.1-bin-hadoop2.7/jars/stringtemplate-3.2.1.jar
7fe8f4796000-7fe8f479d000 r--s 00036000 ca:01 261624                     /home/ubuntu/spark-2.1.1-bin-hadoop2.7/jars/curator-recipes-2.6.0.jar
7fe8f479d000-7fe8f47a1000 r--s 00029000 ca:01 261548                     /home/ubuntu/spark-2.1.1-bin-hadoop2.7/jars/breeze-macros_2.11-0.12.jar
7fe8f47a1000-7fe8f47a5000 r--s 00036000 ca:01 261851                     /home/ubuntu/spark-2.1.1-bin-hadoop2.7/jars/ST4-4.0.4.jar
7fe8f47a5000-7fe8f47a9000 r--s 00018000 ca:01 261584                     /home/ubuntu/spark-2.1.1-bin-hadoop2.7/jars/metrics-core-3.1.2.jar
7fe8f47a9000-7fe8f47b7000 r--s 000b1000 ca:01 261754                     /home/ubuntu/spark-2.1.1-bin-hadoop2.7/jars/jackson-mapper-asl-1.9.13.jar
7fe8f47b7000-7fe8f47c7000 r--s 000a0000 ca:01 261599                     /home/ubuntu/spark-2.1.1-bin-hadoop2.7/jars/spark-yarn_2.11-2.1.1.jar
7fe8f47c7000-7fe8f47c8000 r--s 00003000 ca:01 261590                     /home/ubuntu/spark-2.1.1-bin-hadoop2.7/jars/spark-tags_2.11-2.1.1.jar
7fe8f47c8000-7fe8f47da000 r--s 00097000 ca:01 261804                     /home/ubuntu/spark-2.1.1-bin-hadoop2.7/jars/apacheds-kerberos-codec-2.0.0-M15.jar
7fe8f47da000-7fe8f47dd000 r--s 00017000 ca:01 261800                     /home/ubuntu/spark-2.1.1-bin-hadoop2.7/jars/jaxb-api-2.2.2.jar
7fe8f47dd000-7fe8f47df000 r--s 00009000 ca:01 261848                     /home/ubuntu/spark-2.1.1-bin-hadoop2.7/jars/objenesis-2.1.jar
7fe8f47df000-7fe8f484a000 r--s 00784000 ca:01 261535                     /home/ubuntu/spark-2.1.1-bin-hadoop2.7/jars/hadoop-hdfs-2.7.3.jar
7fe8f484a000-7fe8f484c000 r--s 00010000 ca:01 261752                     /home/ubuntu/spark-2.1.1-bin-hadoop2.7/jars/jersey-media-jaxb-2.22.2.jar
7fe8f484c000-7fe8f4859000 r--s 00083000 ca:01 261598                     /home/ubuntu/spark-2.1.1-bin-hadoop2.7/jars/commons-collections-3.2.2.jar
7fe8f4859000-7fe8f4860000 r--s 00051000 ca:01 261542                     /home/ubuntu/spark-2.1.1-bin-hadoop2.7/jars/kryo-shaded-3.0.3.jar
7fe8f4860000-7fe8f4897000 r--s 00325000 ca:01 261802                     /home/ubuntu/spark-2.1.1-bin-hadoop2.7/jars/calcite-core-1.2.0-incubating.jar
7fe8f4897000-7fe8f489a000 r--s 00012000 ca:01 261602                     /home/ubuntu/spark-2.1.1-bin-hadoop2.7/jars/json4s-ast_2.11-3.2.11.jar
7fe8f489a000-7fe8f489c000 r--s 0000e000 ca:01 261794                     /home/ubuntu/spark-2.1.1-bin-hadoop2.7/jars/commons-logging-1.1.3.jar
7fe8f489c000-7fe8f4945000 r--s 00a4f000 ca:01 261801                     /home/ubuntu/spark-2.1.1-bin-hadoop2.7/jars/hive-exec-1.2.1.spark2.jar
7fe8f4945000-7fe8f4946000 r--s 0000b000 ca:01 261631                     /home/ubuntu/spark-2.1.1-bin-hadoop2.7/jars/snappy-0.2.jar
7fe8f4946000-7fe8f4949000 r--s 00028000 ca:01 261541                     /home/ubuntu/spark-2.1.1-bin-hadoop2.7/jars/stream-2.7.0.jar
7fe8f4949000-7fe8f497d000 r--s 00277000 ca:01 261592                     /home/ubuntu/spark-2.1.1-bin-hadoop2.7/jars/parquet-hadoop-bundle-1.6.0.jar
7fe8f497d000-7fe8f4981000 r--s 0000c000 ca:01 261617                     /home/ubuntu/spark-2.1.1-bin-hadoop2.7/jars/validation-api-1.1.0.Final.jar
7fe8f4981000-7fe8f49aa000 r--s 001ee000 ca:01 261862                     /home/ubuntu/spark-2.1.1-bin-hadoop2.7/jars/guava-14.0.1.jar
7fe8f49aa000-7fe8f49b7000 r--s 00071000 ca:01 261832                     /home/ubuntu/spark-2.1.1-bin-hadoop2.7/jars/jackson-module-scala_2.11-2.6.5.jar
7fe8f49b7000-7fe8f49d0000 r--s 00114000 ca:01 261577                     /home/ubuntu/spark-2.1.1-bin-hadoop2.7/jars/spark-hive_2.11-2.1.1.jar
7fe8f49d0000-7fe8f49e8000 r--s 00115000 ca:01 261824                     /home/ubuntu/spark-2.1.1-bin-hadoop2.7/jars/netty-3.8.0.Final.jar
7fe8f49e8000-7fe8f4a41000 r--s 00522000 ca:01 261865                     /home/ubuntu/spark-2.1.1-bin-hadoop2.7/jars/scala-library-2.11.8.jar
7fe8f4a41000-7fe8f4a48000 r--s 00049000 ca:01 261852                     /home/ubuntu/spark-2.1.1-bin-hadoop2.7/jars/univocity-parsers-2.2.1.jar
7fe8f4a48000-7fe8f4a94000 r--s 00411000 ca:01 261857                     /home/ubuntu/spark-2.1.1-bin-hadoop2.7/jars/scala-reflect-2.11.8.jar
7fe8f4a94000-7fe8f4aa2000 r--s 0009d000 ca:01 261614                     /home/ubuntu/spark-2.1.1-bin-hadoop2.7/jars/jersey-common-2.22.2.jar
7fe8f4aa2000-7fe8f4aac000 r--s 000aa000 ca:01 261762                     /home/ubuntu/spark-2.1.1-bin-hadoop2.7/jars/janino-3.0.0.jar
7fe8f4aac000-7fe8f4aad000 r--s 00008000 ca:01 261844                     /home/ubuntu/spark-2.1.1-bin-hadoop2.7/jars/commons-compiler-3.0.0.jar
7fe8f4aad000-7fe8f4ab6000 r--s 00097000 ca:01 261837                     /home/ubuntu/spark-2.1.1-bin-hadoop2.7/jars/pmml-model-1.2.15.jar
7fe8f4ab6000-7fe8f4ab8000 r--s 00005000 ca:01 261741                     /home/ubuntu/spark-2.1.1-bin-hadoop2.7/jars/stax-api-1.0.1.jar
7fe8f4ab8000-7fe8f4abc000 r--s 00035000 ca:01 261597                     /home/ubuntu/spark-2.1.1-bin-hadoop2.7/jars/jackson-core-asl-1.9.13.jar
7fe8f4abc000-7fe8f4abf000 r--s 00019000 ca:01 261530                     /home/ubuntu/spark-2.1.1-bin-hadoop2.7/jars/bonecp-0.8.0.RELEASE.jar
7fe8f4abf000-7fe8f4ac1000 r--s 00038000 ca:01 261789                     /home/ubuntu/spark-2.1.1-bin-hadoop2.7/jars/lz4-1.3.0.jar
7fe8f4ac1000-7fe8f4ada000 r--s 00164000 ca:01 261738                     /home/ubuntu/spark-2.1.1-bin-hadoop2.7/jars/hadoop-mapreduce-client-core-2.7.3.jar
7fe8f4ada000-7fe8f4add000 r--s 00026000 ca:01 261792                     /home/ubuntu/spark-2.1.1-bin-hadoop2.7/jars/hadoop-yarn-client-2.7.3.jar
7fe8f4add000-7fe8f4adf000 r--s 00017000 ca:01 261607                     /home/ubuntu/spark-2.1.1-bin-hadoop2.7/jars/hive-jdbc-1.2.1.spark2.jar
7fe8f4adf000-7fe8f4b60000 r--s 005d9000 ca:01 261746                     /home/ubuntu/spark-2.1.1-bin-hadoop2.7/jars/spark-sql_2.11-2.1.1.jar
7fe8f4b60000-7fe8f4b61000 r--s 00006000 ca:01 261755                     /home/ubuntu/spark-2.1.1-bin-hadoop2.7/jars/hadoop-client-2.7.3.jar
7fe8f4b61000-7fe8f4b68000 r--s 00058000 ca:01 261609                     /home/ubuntu/spark-2.1.1-bin-hadoop2.7/jars/hadoop-yarn-server-common-2.7.3.jar
7fe8f4b68000-7fe8f4b69000 r--s 0000a000 ca:01 261616                     /home/ubuntu/spark-2.1.1-bin-hadoop2.7/jars/apacheds-i18n-2.0.0-M15.jar
7fe8f4b69000-7fe8f4b6a000 r--s 00000000 ca:01 261600                     /home/ubuntu/spark-2.1.1-bin-hadoop2.7/jars/javax.inject-1.jar
7fe8f4b6a000-7fe8f4b70000 r--s 00045000 ca:01 261605                     /home/ubuntu/spark-2.1.1-bin-hadoop2.7/jars/commons-httpclient-3.1.jar
7fe8f4b70000-7fe8f4b7d000 r--s 000a7000 ca:01 261627                     /home/ubuntu/spark-2.1.1-bin-hadoop2.7/jars/httpclient-4.5.2.jar
7fe8f4b7d000-7fe8f4b7f000 r--s 0001f000 ca:01 261825                     /home/ubuntu/spark-2.1.1-bin-hadoop2.7/jars/commons-crypto-1.0.0.jar
7fe8f4b7f000-7fe8f4b84000 r--s 0002a000 ca:01 261735                     /home/ubuntu/spark-2.1.1-bin-hadoop2.7/jars/gson-2.2.4.jar
7fe8f4b84000-7fe8f4bc4000 r--s 00277000 ca:01 261767                     /home/ubuntu/spark-2.1.1-bin-hadoop2.7/jars/bcprov-jdk15on-1.51.jar
7fe8f4bc4000-7fe8f4bc7000 r--s 00016000 ca:01 261593                     /home/ubuntu/spark-2.1.1-bin-hadoop2.7/jars/jsp-api-2.1.jar
7fe8f4bc7000-7fe8f4bc8000 r--s 00001000 ca:01 261838                     /home/ubuntu/spark-2.1.1-bin-hadoop2.7/jars/javax.inject-2.4.0-b34.jar
7fe8f4bc8000-7fe8f4bc9000 r--s 00002000 ca:01 261586                     /home/ubuntu/spark-2.1.1-bin-hadoop2.7/jars/java-xmlbuilder-1.0.jar
7fe8f4bc9000-7fe8f4bcb000 r--s 00015000 ca:01 261547                     /home/ubuntu/spark-2.1.1-bin-hadoop2.7/jars/hadoop-auth-2.7.3.jar
7fe8f4bcb000-7fe8f4bcf000 r--s 0002f000 ca:01 261795                     /home/ubuntu/spark-2.1.1-bin-hadoop2.7/jars/commons-beanutils-core-1.8.0.jar
7fe8f4bcf000-7fe8f4bfe000 r--s 002e5000 ca:01 261846                     /home/ubuntu/spark-2.1.1-bin-hadoop2.7/jars/derby-10.12.1.1.jar
7fe8f4bfe000-7fe8f4c00000 r--s 00008000 ca:01 261544                     /home/ubuntu/spark-2.1.1-bin-hadoop2.7/jars/metrics-jvm-3.1.2.jar
7fe8f4c00000-7fe8f4c03000 r--s 00015000 ca:01 261723                     /home/ubuntu/spark-2.1.1-bin-hadoop2.7/jars/pyrolite-4.13.jar
7fe8f4c03000-7fe8f4c05000 r--s 0000e000 ca:01 261760                     /home/ubuntu/spark-2.1.1-bin-hadoop2.7/jars/spark-repl_2.11-2.1.1.jar
7fe8f4c05000-7fe8f4c0e000 r--s 0006f000 ca:01 261724                     /home/ubuntu/spark-2.1.1-bin-hadoop2.7/jars/log4j-1.2.17.jar
7fe8f4c0e000-7fe8f4c12000 r--s 00025000 ca:01 261850                     /home/ubuntu/spark-2.1.1-bin-hadoop2.7/jars/jersey-client-2.22.2.jar
7fe8f4c12000-7fe8f4c19000 r--s 00058000 ca:01 261589                     /home/ubuntu/spark-2.1.1-bin-hadoop2.7/jars/parquet-format-2.3.0-incubating.jar
7fe8f4c19000-7fe8f4c1b000 r--s 00003000 ca:01 261615                     /home/ubuntu/spark-2.1.1-bin-hadoop2.7/jars/api-asn1-api-1.0.0-M20.jar
7fe8f4c1b000-7fe8f4c25000 r--s 0007b000 ca:01 261847                     /home/ubuntu/spark-2.1.1-bin-hadoop2.7/jars/hadoop-mapreduce-client-app-2.7.3.jar
7fe8f4c25000-7fe8f4c28000 r--s 0000e000 ca:01 261575                     /home/ubuntu/spark-2.1.1-bin-hadoop2.7/jars/jersey-container-servlet-core-2.22.2.jar
7fe8f4c28000-7fe8f4c2c000 r--s 00025000 ca:01 261538                     /home/ubuntu/spark-2.1.1-bin-hadoop2.7/jars/antlr-runtime-3.4.jar
7fe8f4c2c000-7fe8f4c3d000 r--s 00089000 ca:01 261623                     /home/ubuntu/spark-2.1.1-bin-hadoop2.7/jars/joda-time-2.9.3.jar
7fe8f4c3d000-7fe8f4c3f000 r--s 00005000 ca:01 261743                     /home/ubuntu/spark-2.1.1-bin-hadoop2.7/jars/javax.annotation-api-1.2.jar
7fe8f4c3f000-7fe8f4c44000 r--s 00032000 ca:01 261864                     /home/ubuntu/spark-2.1.1-bin-hadoop2.7/jars/chill_2.11-0.8.0.jar
7fe8f4c44000-7fe8f4c4f000 r--s 0005d000 ca:01 261853                     /home/ubuntu/spark-2.1.1-bin-hadoop2.7/jars/scala-parser-combinators_2.11-1.0.4.jar
7fe8f4c4f000-7fe8f4c61000 r--s 00112000 ca:01 261835                     /home/ubuntu/spark-2.1.1-bin-hadoop2.7/jars/arpack_combined_all-0.1.jar
7fe8f4c61000-7fe8f4c79000 r--s 000d6000 ca:01 261571                     /home/ubuntu/spark-2.1.1-bin-hadoop2.7/jars/jersey-guava-2.22.2.jar
7fe8f4c79000-7fe8f4c7f000 r--s 0002c000 ca:01 261828                     /home/ubuntu/spark-2.1.1-bin-hadoop2.7/jars/jdo-api-3.0.1.jar
7fe8f4c7f000-7fe8f4c86000 r--s 00046000 ca:01 261797                     /home/ubuntu/spark-2.1.1-bin-hadoop2.7/jars/libfb303-0.9.3.jar
7fe8f4c86000-7fe8f4c88000 r--s 00010000 ca:01 261622                     /home/ubuntu/spark-2.1.1-bin-hadoop2.7/jars/hadoop-mapreduce-client-shuffle-2.7.3.jar
7fe8f4c88000-7fe8f4c8a000 r--s 00000000 ca:01 261836                     /home/ubuntu/spark-2.1.1-bin-hadoop2.7/jars/jul-to-slf4j-1.7.16.jar
7fe8f4c8a000-7fe8f4c8d000 r--s 00014000 ca:01 261761                     /home/ubuntu/spark-2.1.1-bin-hadoop2.7/jars/super-csv-2.2.0.jar
7fe8f4c8d000-7fe8f4c9f000 r--s 000b3000 ca:01 261829                     /home/ubuntu/spark-2.1.1-bin-hadoop2.7/jars/scalap-2.11.8.jar
7fe8f4c9f000-7fe8f4ca1000 r--s 00003000 ca:01 261843                     /home/ubuntu/spark-2.1.1-bin-hadoop2.7/jars/base64-2.3.8.jar
7fe8f4ca1000-7fe8f4ca3000 r--s 00003000 ca:01 261570                     /home/ubuntu/spark-2.1.1-bin-hadoop2.7/jars/jersey-container-servlet-2.22.2.jar
7fe8f4ca3000-7fe8f4cad000 r--s 000a5000 ca:01 261766                     /home/ubuntu/spark-2.1.1-bin-hadoop2.7/jars/javassist-3.18.1-GA.jar
7fe8f4cad000-7fe8f4cc5000 r--s 00115000 ca:01 261537                     /home/ubuntu/spark-2.1.1-bin-hadoop2.7/jars/xercesImpl-2.9.1.jar
7fe8f4cc5000-7fe8f4cc8000 r--s 00021000 ca:01 261596                     /home/ubuntu/spark-2.1.1-bin-hadoop2.7/jars/xbean-asm5-shaded-4.4.jar
7fe8f4cc8000-7fe8f4ccb000 r--s 00025000 ca:01 261618                     /home/ubuntu/spark-2.1.1-bin-hadoop2.7/jars/commons-dbcp-1.4.jar
7fe8f4ccb000-7fe8f4cf2000 r--s 0020f000 ca:01 261726                     /home/ubuntu/spark-2.1.1-bin-hadoop2.7/jars/netty-all-4.0.42.Final.jar
7fe8f4cf2000-7fe8f4cf5000 r--s 00015000 ca:01 261620                     /home/ubuntu/spark-2.1.1-bin-hadoop2.7/jars/commons-pool-1.5.4.jar
7fe8f4cf5000-7fe8f4d4a000 r--s 0069c000 ca:01 261595                     /home/ubuntu/spark-2.1.1-bin-hadoop2.7/jars/spire_2.11-0.7.4.jar
7fe8f4d4a000-7fe8f4d4c000 r--s 00004000 ca:01 261787                     /home/ubuntu/spark-2.1.1-bin-hadoop2.7/jars/metrics-graphite-3.1.2.jar
7fe8f4d4c000-7fe8f4d51000 r--s 00027000 ca:01 261861                     /home/ubuntu/spark-2.1.1-bin-hadoop2.7/jars/hk2-api-2.4.0-b34.jar
7fe8f4d51000-7fe8f4d57000 r--s 00034000 ca:01 261799                     /home/ubuntu/spark-2.1.1-bin-hadoop2.7/jars/libthrift-0.9.3.jar
7fe8f4d57000-7fe8f4d72000 r--s 001d6000 ca:01 286319                     /usr/lib/jvm/java-8-openjdk-amd64/jre/lib/ext/nashorn.jar
7fe8f4d72000-7fe8f4d8d000 r--s 00394000 ca:01 286322                     /usr/lib/jvm/java-8-openjdk-amd64/jre/lib/ext/cldrdata.jar
7fe8f4d8d000-7fe8f4d8e000 ---p 00000000 00:00 0 
7fe8f4d8e000-7fe8f4e8e000 rw-p 00000000 00:00 0 
7fe8f4e8e000-7fe8f4e91000 ---p 00000000 00:00 0 
7fe8f4e91000-7fe8f4f8f000 rw-p 00000000 00:00 0 
7fe8f4f8f000-7fe8f4f92000 ---p 00000000 00:00 0 
7fe8f4f92000-7fe8f5090000 rw-p 00000000 00:00 0 
7fe8f5090000-7fe8f5093000 ---p 00000000 00:00 0 
7fe8f5093000-7fe8f5191000 rw-p 00000000 00:00 0 
7fe8f5191000-7fe8f5194000 ---p 00000000 00:00 0 
7fe8f5194000-7fe8f5292000 rw-p 00000000 00:00 0 
7fe8f5292000-7fe8f542a000 r--p 00000000 ca:01 29052                      /usr/lib/locale/locale-archive
7fe8f542a000-7fe8f542d000 ---p 00000000 00:00 0 
7fe8f542d000-7fe8f552b000 rw-p 00000000 00:00 0 
7fe8f552b000-7fe8f552e000 ---p 00000000 00:00 0 
7fe8f552e000-7fe8f562c000 rw-p 00000000 00:00 0 
7fe8f562c000-7fe8f562d000 ---p 00000000 00:00 0 
7fe8f562d000-7fe8f572d000 rw-p 00000000 00:00 0 
7fe8f572d000-7fe8f58fd000 r--s 03c5c000 ca:01 286303                     /usr/lib/jvm/java-8-openjdk-amd64/jre/lib/rt.jar
7fe8f58fd000-7fe8f6173000 rw-p 00000000 00:00 0 
7fe8f6173000-7fe8f6211000 rw-p 00000000 00:00 0 
7fe8f6211000-7fe8f62c9000 ---p 00000000 00:00 0 
7fe8f62c9000-7fe8f6317000 rw-p 00000000 00:00 0 
7fe8f6317000-7fe8f6373000 ---p 00000000 00:00 0 
7fe8f6373000-7fe8f6411000 rw-p 00000000 00:00 0 
7fe8f6411000-7fe8f64c9000 ---p 00000000 00:00 0 
7fe8f64c9000-7fe8f6532000 rw-p 00000000 00:00 0 
7fe8f6532000-7fe8f688a000 ---p 00000000 00:00 0 
7fe8f688a000-7fe8f6892000 r-xp 00000000 ca:01 286357                     /usr/lib/jvm/java-8-openjdk-amd64/jre/lib/amd64/libzip.so
7fe8f6892000-7fe8f6a91000 ---p 00008000 ca:01 286357                     /usr/lib/jvm/java-8-openjdk-amd64/jre/lib/amd64/libzip.so
7fe8f6a91000-7fe8f6a92000 r--p 00007000 ca:01 286357                     /usr/lib/jvm/java-8-openjdk-amd64/jre/lib/amd64/libzip.so
7fe8f6a92000-7fe8f6a93000 rw-p 00008000 ca:01 286357                     /usr/lib/jvm/java-8-openjdk-amd64/jre/lib/amd64/libzip.so
7fe8f6a93000-7fe8f6a9e000 r-xp 00000000 ca:01 1993                       /lib/x86_64-linux-gnu/libnss_files-2.23.so
7fe8f6a9e000-7fe8f6c9d000 ---p 0000b000 ca:01 1993                       /lib/x86_64-linux-gnu/libnss_files-2.23.so
7fe8f6c9d000-7fe8f6c9e000 r--p 0000a000 ca:01 1993                       /lib/x86_64-linux-gnu/libnss_files-2.23.so
7fe8f6c9e000-7fe8f6c9f000 rw-p 0000b000 ca:01 1993                       /lib/x86_64-linux-gnu/libnss_files-2.23.so
7fe8f6c9f000-7fe8f6ca5000 rw-p 00000000 00:00 0 
7fe8f6ca5000-7fe8f6cb0000 r-xp 00000000 ca:01 1997                       /lib/x86_64-linux-gnu/libnss_nis-2.23.so
7fe8f6cb0000-7fe8f6eaf000 ---p 0000b000 ca:01 1997                       /lib/x86_64-linux-gnu/libnss_nis-2.23.so
7fe8f6eaf000-7fe8f6eb0000 r--p 0000a000 ca:01 1997                       /lib/x86_64-linux-gnu/libnss_nis-2.23.so
7fe8f6eb0000-7fe8f6eb1000 rw-p 0000b000 ca:01 1997                       /lib/x86_64-linux-gnu/libnss_nis-2.23.so
7fe8f6eb1000-7fe8f6ec7000 r-xp 00000000 ca:01 1977                       /lib/x86_64-linux-gnu/libnsl-2.23.so
7fe8f6ec7000-7fe8f70c6000 ---p 00016000 ca:01 1977                       /lib/x86_64-linux-gnu/libnsl-2.23.so
7fe8f70c6000-7fe8f70c7000 r--p 00015000 ca:01 1977                       /lib/x86_64-linux-gnu/libnsl-2.23.so
7fe8f70c7000-7fe8f70c8000 rw-p 00016000 ca:01 1977                       /lib/x86_64-linux-gnu/libnsl-2.23.so
7fe8f70c8000-7fe8f70ca000 rw-p 00000000 00:00 0 
7fe8f70ca000-7fe8f70d2000 r-xp 00000000 ca:01 1988                       /lib/x86_64-linux-gnu/libnss_compat-2.23.so
7fe8f70d2000-7fe8f72d1000 ---p 00008000 ca:01 1988                       /lib/x86_64-linux-gnu/libnss_compat-2.23.so
7fe8f72d1000-7fe8f72d2000 r--p 00007000 ca:01 1988                       /lib/x86_64-linux-gnu/libnss_compat-2.23.so
7fe8f72d2000-7fe8f72d3000 rw-p 00008000 ca:01 1988                       /lib/x86_64-linux-gnu/libnss_compat-2.23.so
7fe8f72d3000-7fe8f72fc000 r-xp 00000000 ca:01 286342                     /usr/lib/jvm/java-8-openjdk-amd64/jre/lib/amd64/libjava.so
7fe8f72fc000-7fe8f74fb000 ---p 00029000 ca:01 286342                     /usr/lib/jvm/java-8-openjdk-amd64/jre/lib/amd64/libjava.so
7fe8f74fb000-7fe8f74fc000 r--p 00028000 ca:01 286342                     /usr/lib/jvm/java-8-openjdk-amd64/jre/lib/amd64/libjava.so
7fe8f74fc000-7fe8f74fe000 rw-p 00029000 ca:01 286342                     /usr/lib/jvm/java-8-openjdk-amd64/jre/lib/amd64/libjava.so
7fe8f74fe000-7fe8f750d000 r-xp 00000000 ca:01 286359                     /usr/lib/jvm/java-8-openjdk-amd64/jre/lib/amd64/libverify.so
7fe8f750d000-7fe8f770c000 ---p 0000f000 ca:01 286359                     /usr/lib/jvm/java-8-openjdk-amd64/jre/lib/amd64/libverify.so
7fe8f770c000-7fe8f770e000 r--p 0000e000 ca:01 286359                     /usr/lib/jvm/java-8-openjdk-amd64/jre/lib/amd64/libverify.so
7fe8f770e000-7fe8f770f000 rw-p 00010000 ca:01 286359                     /usr/lib/jvm/java-8-openjdk-amd64/jre/lib/amd64/libverify.so
7fe8f770f000-7fe8f7716000 r-xp 00000000 ca:01 1998                       /lib/x86_64-linux-gnu/librt-2.23.so
7fe8f7716000-7fe8f7915000 ---p 00007000 ca:01 1998                       /lib/x86_64-linux-gnu/librt-2.23.so
7fe8f7915000-7fe8f7916000 r--p 00006000 ca:01 1998                       /lib/x86_64-linux-gnu/librt-2.23.so
7fe8f7916000-7fe8f7917000 rw-p 00007000 ca:01 1998                       /lib/x86_64-linux-gnu/librt-2.23.so
7fe8f7917000-7fe8f792d000 r-xp 00000000 ca:01 1975                       /lib/x86_64-linux-gnu/libgcc_s.so.1
7fe8f792d000-7fe8f7b2c000 ---p 00016000 ca:01 1975                       /lib/x86_64-linux-gnu/libgcc_s.so.1
7fe8f7b2c000-7fe8f7b2d000 rw-p 00015000 ca:01 1975                       /lib/x86_64-linux-gnu/libgcc_s.so.1
7fe8f7b2d000-7fe8f7c35000 r-xp 00000000 ca:01 1976                       /lib/x86_64-linux-gnu/libm-2.23.so
7fe8f7c35000-7fe8f7e34000 ---p 00108000 ca:01 1976                       /lib/x86_64-linux-gnu/libm-2.23.so
7fe8f7e34000-7fe8f7e35000 r--p 00107000 ca:01 1976                       /lib/x86_64-linux-gnu/libm-2.23.so
7fe8f7e35000-7fe8f7e36000 rw-p 00108000 ca:01 1976                       /lib/x86_64-linux-gnu/libm-2.23.so
7fe8f7e36000-7fe8f7fa8000 r-xp 00000000 ca:01 7979                       /usr/lib/x86_64-linux-gnu/libstdc++.so.6.0.21
7fe8f7fa8000-7fe8f81a8000 ---p 00172000 ca:01 7979                       /usr/lib/x86_64-linux-gnu/libstdc++.so.6.0.21
7fe8f81a8000-7fe8f81b2000 r--p 00172000 ca:01 7979                       /usr/lib/x86_64-linux-gnu/libstdc++.so.6.0.21
7fe8f81b2000-7fe8f81b4000 rw-p 0017c000 ca:01 7979                       /usr/lib/x86_64-linux-gnu/libstdc++.so.6.0.21
7fe8f81b4000-7fe8f81b8000 rw-p 00000000 00:00 0 
7fe8f81b8000-7fe8f8e1c000 r-xp 00000000 ca:01 286369                     /usr/lib/jvm/java-8-openjdk-amd64/jre/lib/amd64/server/libjvm.so
7fe8f8e1c000-7fe8f901b000 ---p 00c64000 ca:01 286369                     /usr/lib/jvm/java-8-openjdk-amd64/jre/lib/amd64/server/libjvm.so
7fe8f901b000-7fe8f90af000 r--p 00c63000 ca:01 286369                     /usr/lib/jvm/java-8-openjdk-amd64/jre/lib/amd64/server/libjvm.so
7fe8f90af000-7fe8f90d8000 rw-p 00cf7000 ca:01 286369                     /usr/lib/jvm/java-8-openjdk-amd64/jre/lib/amd64/server/libjvm.so
7fe8f90d8000-7fe8f9108000 rw-p 00000000 00:00 0 
7fe8f9108000-7fe8f9120000 r-xp 00000000 ca:01 1979                       /lib/x86_64-linux-gnu/libpthread-2.23.so
7fe8f9120000-7fe8f931f000 ---p 00018000 ca:01 1979                       /lib/x86_64-linux-gnu/libpthread-2.23.so
7fe8f931f000-7fe8f9320000 r--p 00017000 ca:01 1979                       /lib/x86_64-linux-gnu/libpthread-2.23.so
7fe8f9320000-7fe8f9321000 rw-p 00018000 ca:01 1979                       /lib/x86_64-linux-gnu/libpthread-2.23.so
7fe8f9321000-7fe8f9325000 rw-p 00000000 00:00 0 
7fe8f9325000-7fe8f9328000 r-xp 00000000 ca:01 1982                       /lib/x86_64-linux-gnu/libdl-2.23.so
7fe8f9328000-7fe8f9527000 ---p 00003000 ca:01 1982                       /lib/x86_64-linux-gnu/libdl-2.23.so
7fe8f9527000-7fe8f9528000 r--p 00002000 ca:01 1982                       /lib/x86_64-linux-gnu/libdl-2.23.so
7fe8f9528000-7fe8f9529000 rw-p 00003000 ca:01 1982                       /lib/x86_64-linux-gnu/libdl-2.23.so
7fe8f9529000-7fe8f9542000 r-xp 00000000 ca:01 2129                       /lib/x86_64-linux-gnu/libz.so.1.2.8
7fe8f9542000-7fe8f9741000 ---p 00019000 ca:01 2129                       /lib/x86_64-linux-gnu/libz.so.1.2.8
7fe8f9741000-7fe8f9742000 r--p 00018000 ca:01 2129                       /lib/x86_64-linux-gnu/libz.so.1.2.8
7fe8f9742000-7fe8f9743000 rw-p 00019000 ca:01 2129                       /lib/x86_64-linux-gnu/libz.so.1.2.8
7fe8f9743000-7fe8f9903000 r-xp 00000000 ca:01 1980                       /lib/x86_64-linux-gnu/libc-2.23.so
7fe8f9903000-7fe8f9b03000 ---p 001c0000 ca:01 1980                       /lib/x86_64-linux-gnu/libc-2.23.so
7fe8f9b03000-7fe8f9b07000 r--p 001c0000 ca:01 1980                       /lib/x86_64-linux-gnu/libc-2.23.so
7fe8f9b07000-7fe8f9b09000 rw-p 001c4000 ca:01 1980                       /lib/x86_64-linux-gnu/libc-2.23.so
7fe8f9b09000-7fe8f9b0d000 rw-p 00000000 00:00 0 
7fe8f9b0d000-7fe8f9b1a000 r-xp 00000000 ca:01 286351                     /usr/lib/jvm/java-8-openjdk-amd64/jre/lib/amd64/jli/libjli.so
7fe8f9b1a000-7fe8f9d19000 ---p 0000d000 ca:01 286351                     /usr/lib/jvm/java-8-openjdk-amd64/jre/lib/amd64/jli/libjli.so
7fe8f9d19000-7fe8f9d1a000 r--p 0000c000 ca:01 286351                     /usr/lib/jvm/java-8-openjdk-amd64/jre/lib/amd64/jli/libjli.so
7fe8f9d1a000-7fe8f9d1b000 rw-p 0000d000 ca:01 286351                     /usr/lib/jvm/java-8-openjdk-amd64/jre/lib/amd64/jli/libjli.so
7fe8f9d1b000-7fe8f9d41000 r-xp 00000000 ca:01 1978                       /lib/x86_64-linux-gnu/ld-2.23.so
7fe8f9d41000-7fe8f9d42000 r--s 00009000 ca:01 261534                     /home/ubuntu/spark-2.1.1-bin-hadoop2.7/jars/hadoop-annotations-2.7.3.jar
7fe8f9d42000-7fe8f9d43000 r--s 00003000 ca:01 261827                     /home/ubuntu/spark-2.1.1-bin-hadoop2.7/jars/metrics-json-3.1.2.jar
7fe8f9d43000-7fe8f9d45000 r--s 0000f000 ca:01 261715                     /home/ubuntu/spark-2.1.1-bin-hadoop2.7/jars/curator-client-2.6.0.jar
7fe8f9d45000-7fe8f9d48000 r--s 0000f000 ca:01 286318                     /usr/lib/jvm/java-8-openjdk-amd64/jre/lib/ext/icedtea-sound.jar
7fe8f9d48000-7fe8f9d49000 r--s 00010000 ca:01 286325                     /usr/lib/jvm/java-8-openjdk-amd64/jre/lib/ext/zipfs.jar
7fe8f9d49000-7fe8f9d4c000 r--s 00039000 ca:01 286321                     /usr/lib/jvm/java-8-openjdk-amd64/jre/lib/ext/sunpkcs11.jar
7fe8f9d4c000-7fe8f9d4d000 r--s 0000a000 ca:01 286320                     /usr/lib/jvm/java-8-openjdk-amd64/jre/lib/ext/jaccess.jar
7fe8f9d4d000-7fe8f9d4f000 r--s 00001000 ca:01 286323                     /usr/lib/jvm/java-8-openjdk-amd64/jre/lib/ext/dnsns.jar
7fe8f9d4f000-7fe8f9d59000 r--s 00116000 ca:01 286326                     /usr/lib/jvm/java-8-openjdk-amd64/jre/lib/ext/localedata.jar
7fe8f9d59000-7fe8f9e2a000 rw-p 00000000 00:00 0 
7fe8f9e2a000-7fe8f9e32000 rw-s 00000000 ca:01 770316                     /tmp/hsperfdata_ubuntu/32513
7fe8f9e32000-7fe8f9e35000 ---p 00000000 00:00 0 
7fe8f9e35000-7fe8f9f37000 rw-p 00000000 00:00 0 
7fe8f9f37000-7fe8f9f3c000 r--s 0003c000 ca:01 286324                     /usr/lib/jvm/java-8-openjdk-amd64/jre/lib/ext/sunjce_provider.jar
7fe8f9f3c000-7fe8f9f3d000 r--s 0000d000 ca:01 286317                     /usr/lib/jvm/java-8-openjdk-amd64/jre/lib/ext/sunec.jar
7fe8f9f3d000-7fe8f9f3e000 rw-p 00000000 00:00 0 
7fe8f9f3e000-7fe8f9f3f000 ---p 00000000 00:00 0 
7fe8f9f3f000-7fe8f9f40000 rw-p 00000000 00:00 0 
7fe8f9f40000-7fe8f9f41000 r--p 00025000 ca:01 1978                       /lib/x86_64-linux-gnu/ld-2.23.so
7fe8f9f41000-7fe8f9f42000 rw-p 00026000 ca:01 1978                       /lib/x86_64-linux-gnu/ld-2.23.so
7fe8f9f42000-7fe8f9f43000 rw-p 00000000 00:00 0 
7fff372e9000-7fff3730a000 rw-p 00000000 00:00 0                          [stack]
7fff373cc000-7fff373cf000 r--p 00000000 00:00 0                          [vvar]
7fff373cf000-7fff373d1000 r-xp 00000000 00:00 0                          [vdso]
ffffffffff600000-ffffffffff601000 r-xp 00000000 00:00 0                  [vsyscall]

VM Arguments:
jvm_args: -Xmx1g 
java_command: org.apache.spark.deploy.SparkSubmit --conf spark.app.name=Data_Mining_GlobalTerrorism pyspark-shell
java_class_path (initial): /home/ubuntu/spark-2.1.1-bin-hadoop2.7/conf/:/home/ubuntu/spark-2.1.1-bin-hadoop2.7/jars/libthrift-0.9.3.jar:/home/ubuntu/spark-2.1.1-bin-hadoop2.7/jars/curator-client-2.6.0.jar:/home/ubuntu/spark-2.1.1-bin-hadoop2.7/jars/hk2-api-2.4.0-b34.jar:/home/ubuntu/spark-2.1.1-bin-hadoop2.7/jars/metrics-json-3.1.2.jar:/home/ubuntu/spark-2.1.1-bin-hadoop2.7/jars/metrics-graphite-3.1.2.jar:/home/ubuntu/spark-2.1.1-bin-hadoop2.7/jars/spire_2.11-0.7.4.jar:/home/ubuntu/spark-2.1.1-bin-hadoop2.7/jars/commons-pool-1.5.4.jar:/home/ubuntu/spark-2.1.1-bin-hadoop2.7/jars/netty-all-4.0.42.Final.jar:/home/ubuntu/spark-2.1.1-bin-hadoop2.7/jars/commons-dbcp-1.4.jar:/home/ubuntu/spark-2.1.1-bin-hadoop2.7/jars/xbean-asm5-shaded-4.4.jar:/home/ubuntu/spark-2.1.1-bin-hadoop2.7/jars/xercesImpl-2.9.1.jar:/home/ubuntu/spark-2.1.1-bin-hadoop2.7/jars/hadoop-annotations-2.7.3.jar:/home/ubuntu/spark-2.1.1-bin-hadoop2.7/jars/javassist-3.18.1-GA.jar:/home/ubuntu/spark-2.1.1-bin-hadoop2.7/jars/jersey-container-servlet-2.22.2.jar:/home/ubuntu/spark-2.1.1-bin-hadoop2.7/jars/base64-2.3.8.jar:/home/ubuntu/spark-2.1.1-bin-hadoop2.7/jars/scalap-2.11.8.jar:/home/ubuntu/spark-2.1.1-bin-hadoop2.7/jars/super-csv-2.2.0.jar:/home/ubuntu/spark-2.1.1-bin-hadoop2.7/jars/jul-to-slf4j-1.7.16.jar:/home/ubuntu/spark-2.1.1-bin-hadoop2.7/jars/hadoop-mapreduce-client-shuffle-2.7.3.jar:/home/ubuntu/spark-2.1.1-bin-hadoop2.7/jars/libfb303-0.9.3.jar:/home/ubuntu/spark-2.1.1-bin-hadoop2.7/jars/jdo-api-3.0.1.jar:/home/ubuntu/spark-2.1.1-bin-hadoop2.7/jars/jersey-guava-2.22.2.jar:/home/ubuntu/spark-2.1.1-bin-hadoop2.7/jars/arpack_combined_all-0.1.jar:/home/ubuntu/spark-2.1.1-bin-hadoop2.7/jars/scala-parser-combinators_2.11-1.0.4.jar:/home/ubuntu/spark-2.1.1-bin-hadoop2.7/jars/chill_2.11-0.8.0.jar:/home/ubuntu/spark-2.1.1-bin-hadoop2.7/jars/javax.annotation-api-1.2.jar:/home/ubuntu/spark-2.1.1-bin-hadoop2.7/jars/joda-time-2.9.3.jar:/home/ubuntu/spark-2.1.1-bin-hadoop2.7/jars/antlr-runtime-3.4.jar:/home/u
Launcher Type: SUN_STANDARD

Environment Variables:
PATH=/home/ubuntu/.local/bin:/home/ubuntu/bin:/home/ubuntu/.local/bin:/usr/local/sbin:/usr/local/bin:/usr/sbin:/usr/bin:/sbin:/bin:/usr/games:/usr/local/games:/snap/bin
SHELL=/bin/bash

Signal Handlers:
SIGSEGV: [libjvm.so+0xa783e0], sa_mask[0]=11111111011111111101111111111110, sa_flags=SA_RESTART|SA_SIGINFO
SIGBUS: [libjvm.so+0xa783e0], sa_mask[0]=11111111011111111101111111111110, sa_flags=SA_RESTART|SA_SIGINFO
SIGFPE: [libjvm.so+0x8c0e10], sa_mask[0]=11111111011111111101111111111110, sa_flags=SA_RESTART|SA_SIGINFO
SIGPIPE: [libjvm.so+0x8c0e10], sa_mask[0]=11111111011111111101111111111110, sa_flags=SA_RESTART|SA_SIGINFO
SIGXFSZ: [libjvm.so+0x8c0e10], sa_mask[0]=11111111011111111101111111111110, sa_flags=SA_RESTART|SA_SIGINFO
SIGILL: [libjvm.so+0x8c0e10], sa_mask[0]=11111111011111111101111111111110, sa_flags=SA_RESTART|SA_SIGINFO
SIGUSR1: SIG_DFL, sa_mask[0]=00000000000000000000000000000000, sa_flags=none
SIGUSR2: [libjvm.so+0x8c0cc0], sa_mask[0]=00000000000000000000000000000000, sa_flags=SA_RESTART|SA_SIGINFO
SIGHUP: [libjvm.so+0x8c1350], sa_mask[0]=11111111011111111101111111111110, sa_flags=SA_RESTART|SA_SIGINFO
SIGINT: SIG_IGN, sa_mask[0]=00000000000000000000000000000000, sa_flags=none
SIGTERM: [libjvm.so+0x8c1350], sa_mask[0]=11111111011111111101111111111110, sa_flags=SA_RESTART|SA_SIGINFO
SIGQUIT: [libjvm.so+0x8c1350], sa_mask[0]=11111111011111111101111111111110, sa_flags=SA_RESTART|SA_SIGINFO


---------------  S Y S T E M  ---------------

OS:DISTRIB_ID=Ubuntu
DISTRIB_RELEASE=16.04
DISTRIB_CODENAME=xenial
DISTRIB_DESCRIPTION="Ubuntu 16.04.4 LTS"

uname:Linux 4.4.0-1065-aws #75-Ubuntu SMP Fri Aug 10 11:14:32 UTC 2018 x86_64
libc:glibc 2.23 NPTL 2.23 
rlimit: STACK 8192k, CORE 0k, NPROC 3900, NOFILE 1048576, AS infinity
load average:0.62 0.26 0.10

/proc/meminfo:
MemTotal:        1014500 kB
MemFree:           80136 kB
MemAvailable:      36672 kB
Buffers:            3580 kB
Cached:            45448 kB
SwapCached:            0 kB
Active:           841272 kB
Inactive:          30928 kB
Active(anon):     825996 kB
Inactive(anon):    10324 kB
Active(file):      15276 kB
Inactive(file):    20604 kB
Unevictable:        3652 kB
Mlocked:            3652 kB
SwapTotal:             0 kB
SwapFree:              0 kB
Dirty:                68 kB
Writeback:             0 kB
AnonPages:        826856 kB
Mapped:            29592 kB
Shmem:             10692 kB
Slab:              36804 kB
SReclaimable:      20012 kB
SUnreclaim:        16792 kB
KernelStack:        3216 kB
PageTables:         5108 kB
NFS_Unstable:          0 kB
Bounce:                0 kB
WritebackTmp:          0 kB
CommitLimit:      507248 kB
Committed_AS:    1171708 kB
VmallocTotal:   34359738367 kB
VmallocUsed:           0 kB
VmallocChunk:          0 kB
HardwareCorrupted:     0 kB
AnonHugePages:    288768 kB
CmaTotal:              0 kB
CmaFree:               0 kB
HugePages_Total:       0
HugePages_Free:        0
HugePages_Rsvd:        0
HugePages_Surp:        0
Hugepagesize:       2048 kB
DirectMap4k:       49152 kB
DirectMap2M:      999424 kB

container (cgroup) information:
container_type: cgroupv1
cpu_cpuset_cpus: 0
cpu_memory_nodes: 0
active_processor_count: 1
cpu_quota: -1
cpu_period: 100000
cpu_shares: -1
memory_limit_in_bytes: -1
memory_and_swap_limit_in_bytes: -2
memory_soft_limit_in_bytes: -1
memory_usage_in_bytes: 843714560
memory_max_usage_in_bytes: 892010496


CPU:total 1 (initial active 1) (1 cores per cpu, 1 threads per core) family 6 model 63 stepping 2, cmov, cx8, fxsr, mmx, sse, sse2, sse3, ssse3, sse4.1, sse4.2, popcnt, avx, avx2, aes, clmul, erms, lzcnt, tsc, bmi1, bmi2

/proc/cpuinfo:
processor	: 0
vendor_id	: GenuineIntel
cpu family	: 6
model		: 63
model name	: Intel(R) Xeon(R) CPU E5-2676 v3 @ 2.40GHz
stepping	: 2
microcode	: 0x43
cpu MHz		: 2400.020
cache size	: 30720 KB
physical id	: 0
siblings	: 1
core id		: 0
cpu cores	: 1
apicid		: 0
initial apicid	: 0
fpu		: yes
fpu_exception	: yes
cpuid level	: 13
wp		: yes
flags		: fpu vme de pse tsc msr pae mce cx8 apic sep mtrr pge mca cmov pat pse36 clflush mmx fxsr sse sse2 ht syscall nx rdtscp lm constant_tsc rep_good nopl xtopology eagerfpu pni pclmulqdq ssse3 fma cx16 pcid sse4_1 sse4_2 x2apic movbe popcnt tsc_deadline_timer aes xsave avx f16c rdrand hypervisor lahf_lm abm invpcid_single kaiser fsgsbase bmi1 avx2 smep bmi2 erms invpcid xsaveopt
bugs		: cpu_meltdown spectre_v1 spectre_v2 spec_store_bypass l1tf
bogomips	: 4800.04
clflush size	: 64
cache_alignment	: 64
address sizes	: 46 bits physical, 48 bits virtual
power management:



Memory: 4k page, physical 1014500k(80012k free), swap 0k(0k free)

vm_info: OpenJDK 64-Bit Server VM (25.222-b10) for linux-amd64 JRE (1.8.0_222-8u222-b10-1ubuntu1~16.04.1-b10), built on Jul 18 2019 20:25:18 by "buildd" with gcc 5.4.0 20160609

time: Tue Oct 15 10:05:49 2019
timezone: UTC
elapsed time: 188 seconds (0d 0h 3m 8s)

