#
# There is insufficient memory for the Java Runtime Environment to continue.
# Native memory allocation (mmap) failed to map 216977408 bytes for committing reserved memory.
# Possible reasons:
#   The system is out of physical RAM or swap space
#   The process is running with CompressedOops enabled, and the Java Heap may be blocking the growth of the native heap
# Possible solutions:
#   Reduce memory load on the system
#   Increase physical memory or swap space
#   Check if swap backing store is full
#   Decrease Java heap size (-Xmx/-Xms)
#   Decrease number of Java threads
#   Decrease Java thread stack sizes (-Xss)
#   Set larger code cache with -XX:ReservedCodeCacheSize=
#   JVM is running with Unscaled Compressed Oops mode in which the Java heap is
#     placed in the first 4GB address space. The Java Heap base address is the
#     maximum limit for the native heap growth. Please use -XX:HeapBaseMinAddress
#     to set the Java Heap base and to place the Java Heap above 4GB virtual address.
# This output file may be truncated or incomplete.
#
#  Out of Memory Error (os_linux.cpp:2757), pid=30400, tid=0x00007feb66f6b700
#
# JRE version: OpenJDK Runtime Environment (8.0_222-b10) (build 1.8.0_222-8u222-b10-1ubuntu1~16.04.1-b10)
# Java VM: OpenJDK 64-Bit Server VM (25.222-b10 mixed mode linux-amd64 compressed oops)
# Failed to write core dump. Core dumps have been disabled. To enable core dumping, try "ulimit -c unlimited" before starting Java again
#

---------------  T H R E A D  ---------------

Current thread (0x00007feb78075800):  VMThread [stack: 0x00007feb66e6b000,0x00007feb66f6c000] [id=30414]

Stack: [0x00007feb66e6b000,0x00007feb66f6c000],  sp=0x00007feb66f6a540,  free space=1021k
Native frames: (J=compiled Java code, j=interpreted, Vv=VM code, C=native code)
V  [libjvm.so+0xa7787b]
V  [libjvm.so+0x4caa8c]
V  [libjvm.so+0x8c5da8]
V  [libjvm.so+0x8bd3ee]
V  [libjvm.so+0xa73fd4]
V  [libjvm.so+0x5cf9dd]
V  [libjvm.so+0x5d057d]
V  [libjvm.so+0x5bcf68]
V  [libjvm.so+0x45135f]
V  [libjvm.so+0xa78991]
V  [libjvm.so+0xa7e587]
V  [libjvm.so+0xa7bde7]
V  [libjvm.so+0xa7d0cf]
V  [libjvm.so+0xa7d5f2]
V  [libjvm.so+0x8c3102]

VM_Operation (0x00007feb427cea40): GenCollectForAllocation, mode: safepoint, requested by thread 0x00007feb58028800


---------------  P R O C E S S  ---------------

Java Threads: ( => current thread )
  0x00007feb6014e000 JavaThread "block-manager-slave-async-thread-pool-3" daemon [_thread_blocked, id=30471, stack(0x00007feb3f39e000,0x00007feb3f49f000)]
  0x00007feb5803e800 JavaThread "block-manager-ask-thread-pool-2" daemon [_thread_blocked, id=30470, stack(0x00007feb3fa9f000,0x00007feb3fba0000)]
  0x00007feb50006000 JavaThread "block-manager-ask-thread-pool-1" daemon [_thread_blocked, id=30469, stack(0x00007feb3fba0000,0x00007feb3fca1000)]
  0x00007feb5803a800 JavaThread "task-result-getter-3" daemon [_thread_blocked, id=30468, stack(0x00007feb3fea1000,0x00007feb3ffa2000)]
  0x00007feb58037800 JavaThread "task-result-getter-2" daemon [_thread_blocked, id=30467, stack(0x00007feb413a2000,0x00007feb414a3000)]
  0x00007feb5c008000 JavaThread "block-manager-slave-async-thread-pool-2" daemon [_thread_blocked, id=30466, stack(0x00007feb414a3000,0x00007feb415a4000)]
  0x00007feb5c006800 JavaThread "block-manager-slave-async-thread-pool-1" daemon [_thread_blocked, id=30465, stack(0x00007feb415a4000,0x00007feb416a5000)]
  0x00007feb600dd800 JavaThread "block-manager-slave-async-thread-pool-0" daemon [_thread_blocked, id=30464, stack(0x00007feb416a5000,0x00007feb417a6000)]
  0x00007feb58031000 JavaThread "block-manager-ask-thread-pool-0" daemon [_thread_blocked, id=30463, stack(0x00007feb417a6000,0x00007feb418a7000)]
  0x00007feb600cd000 JavaThread "task-result-getter-1" daemon [_thread_blocked, id=30462, stack(0x00007feb418a7000,0x00007feb419a8000)]
  0x00007feb5802b000 JavaThread "task-result-getter-0" daemon [_thread_blocked, id=30461, stack(0x00007feb41ba8000,0x00007feb41ca9000)]
  0x00007feb58028800 JavaThread "Executor task launch worker for task 31" daemon [_thread_blocked, id=30460, stack(0x00007feb426d0000,0x00007feb427d1000)]
  0x00007feb556e8800 JavaThread "org.apache.hadoop.fs.FileSystem$Statistics$StatisticsDataReferenceCleaner" daemon [_thread_blocked, id=30459, stack(0x00007feb427d1000,0x00007feb428d2000)]
  0x00007feb54c19800 JavaThread "SparkListenerBus" daemon [_thread_blocked, id=30457, stack(0x00007feb42ad2000,0x00007feb42bd3000)]
  0x00007feb54c33800 JavaThread "context-cleaner-periodic-gc" daemon [_thread_blocked, id=30456, stack(0x00007feb42bd3000,0x00007feb42cd4000)]
  0x00007feb54c31800 JavaThread "Spark Context Cleaner" daemon [_thread_blocked, id=30455, stack(0x00007feb42cd4000,0x00007feb42dd5000)]
  0x00007feb5488b000 JavaThread "shuffle-server-5-1" daemon [_thread_in_native, id=30454, stack(0x00007feb42fd5000,0x00007feb430d6000)]
  0x00007feb54885000 JavaThread "driver-heartbeater" daemon [_thread_blocked, id=30453, stack(0x00007feb430d6000,0x00007feb431d7000)]
  0x00007feb5494b000 JavaThread "dag-scheduler-event-loop" daemon [_thread_blocked, id=30452, stack(0x00007feb431d7000,0x00007feb432d8000)]
  0x0000000001e16800 JavaThread "netty-rpc-env-timeout" daemon [_thread_blocked, id=30451, stack(0x00007feb432d8000,0x00007feb433d9000)]
  0x00007feb54919800 JavaThread "Timer-0" daemon [_thread_blocked, id=30450, stack(0x00007feb433d9000,0x00007feb434da000)]
  0x00007feb60079000 JavaThread "heartbeat-receiver-event-loop-thread" daemon [_thread_blocked, id=30449, stack(0x00007feb434da000,0x00007feb435db000)]
  0x00007feb54859000 JavaThread "SparkUI-37" daemon [_thread_blocked, id=30448, stack(0x00007feb435db000,0x00007feb436dc000)]
  0x00007feb54857000 JavaThread "SparkUI-36" daemon [_thread_blocked, id=30447, stack(0x00007feb436dc000,0x00007feb437dd000)]
  0x00007feb54855800 JavaThread "SparkUI-35" daemon [_thread_blocked, id=30446, stack(0x00007feb437dd000,0x00007feb438de000)]
  0x00007feb54853800 JavaThread "SparkUI-34" daemon [_thread_blocked, id=30445, stack(0x00007feb438de000,0x00007feb439df000)]
  0x00007feb548b3800 JavaThread "SparkUI-33" daemon [_thread_blocked, id=30444, stack(0x00007feb439df000,0x00007feb43ae0000)]
  0x00007feb548b2000 JavaThread "SparkUI-32" daemon [_thread_blocked, id=30443, stack(0x00007feb43ae0000,0x00007feb43be1000)]
  0x00007feb548b0000 JavaThread "SparkUI-31-acceptor-0@71ba336a-Spark@7f7dd32d{HTTP/1.1}{0.0.0.0:4040}" daemon [_thread_in_native, id=30442, stack(0x00007feb43be1000,0x00007feb43ce2000)]
  0x00007feb548af000 JavaThread "SparkUI-30-selector-ServerConnectorManager@414e1750/0" daemon [_thread_in_native, id=30441, stack(0x00007feb43ce2000,0x00007feb43de3000)]
  0x00007feb5476e000 JavaThread "refresh progress" daemon [_thread_blocked, id=30439, stack(0x00007feb43fe3000,0x00007feb440e4000)]
  0x00007feb5479a800 JavaThread "map-output-dispatcher-7" daemon [_thread_blocked, id=30438, stack(0x00007feb442e4000,0x00007feb443e5000)]
  0x00007feb54798800 JavaThread "map-output-dispatcher-6" daemon [_thread_blocked, id=30437, stack(0x00007feb443e5000,0x00007feb444e6000)]
  0x00007feb54819800 JavaThread "map-output-dispatcher-5" daemon [_thread_blocked, id=30436, stack(0x00007feb444e6000,0x00007feb445e7000)]
  0x00007feb54817800 JavaThread "map-output-dispatcher-4" daemon [_thread_blocked, id=30435, stack(0x00007feb445e7000,0x00007feb446e8000)]
  0x00007feb54816000 JavaThread "map-output-dispatcher-3" daemon [_thread_blocked, id=30434, stack(0x00007feb446e8000,0x00007feb447e9000)]
  0x00007feb54814000 JavaThread "map-output-dispatcher-2" daemon [_thread_blocked, id=30433, stack(0x00007feb447e9000,0x00007feb448ea000)]
  0x00007feb547df800 JavaThread "map-output-dispatcher-1" daemon [_thread_blocked, id=30432, stack(0x00007feb448ea000,0x00007feb449eb000)]
  0x00007feb547dd800 JavaThread "map-output-dispatcher-0" daemon [_thread_blocked, id=30431, stack(0x00007feb449eb000,0x00007feb44aec000)]
  0x00007feb5474d800 JavaThread "rpc-server-3-1" daemon [_thread_in_native, id=30430, stack(0x00007feb44aec000,0x00007feb44bed000)]
  0x00007feb545fa800 JavaThread "dispatcher-event-loop-1" daemon [_thread_blocked, id=30429, stack(0x00007feb64081000,0x00007feb64182000)]
  0x00007feb545f9800 JavaThread "dispatcher-event-loop-0" daemon [_thread_blocked, id=30428, stack(0x00007feb649ae000,0x00007feb64aaf000)]
  0x00007feb4847c000 JavaThread "Thread-2" [_thread_blocked, id=30424, stack(0x00007feb650f2000,0x00007feb651f3000)]
  0x00007feb78d96800 JavaThread "Thread-1" [_thread_in_native, id=30423, stack(0x00007feb651f3000,0x00007feb652f4000)]
  0x00007feb78d89000 JavaThread "pool-1-thread-1" [_thread_blocked, id=30422, stack(0x00007feb654f4000,0x00007feb655f5000)]
  0x00007feb780bb000 JavaThread "Service Thread" daemon [_thread_blocked, id=30420, stack(0x00007feb666cd000,0x00007feb667ce000)]
  0x00007feb780b8000 JavaThread "C1 CompilerThread1" daemon [_thread_blocked, id=30419, stack(0x00007feb667ce000,0x00007feb668cf000)]
  0x00007feb780b6000 JavaThread "C2 CompilerThread0" daemon [_thread_blocked, id=30418, stack(0x00007feb668cf000,0x00007feb669d0000)]
  0x00007feb780b4000 JavaThread "Signal Dispatcher" daemon [_thread_blocked, id=30417, stack(0x00007feb669d0000,0x00007feb66ad1000)]
  0x00007feb78082000 JavaThread "Finalizer" daemon [_thread_blocked, id=30416, stack(0x00007feb66c69000,0x00007feb66d6a000)]
  0x00007feb7807f800 JavaThread "Reference Handler" daemon [_thread_blocked, id=30415, stack(0x00007feb66d6a000,0x00007feb66e6b000)]
  0x00007feb78011800 JavaThread "main" [_thread_in_native, id=30413, stack(0x00007feb7e68d000,0x00007feb7e78e000)]

Other Threads:
=>0x00007feb78075800 VMThread [stack: 0x00007feb66e6b000,0x00007feb66f6c000] [id=30414]
  0x00007feb780be000 WatcherThread [stack: 0x00007feb665cc000,0x00007feb666cd000] [id=30421]

VM state:at safepoint (normal execution)

VM Mutex/Monitor currently owned by a thread:  ([mutex/lock_event])
[0x00007feb7800df10] Threads_lock - owner thread: 0x00007feb78075800
[0x00007feb7800e410] Heap_lock - owner thread: 0x00007feb58028800

heap address: 0x00000000c0000000, size: 1024 MB, Compressed Oops mode: 32-bit
Narrow klass base: 0x0000000000000000, Narrow klass shift: 3
Compressed class space size: 1073741824 Address: 0x0000000100000000

Heap:
 def new generation   total 142784K, used 10836K [0x00000000c0000000, 0x00000000c9ae0000, 0x00000000d5550000)
  eden space 126976K,   8% used [0x00000000c0000000, 0x00000000c0a95260, 0x00000000c7c00000)
  from space 15808K,   0% used [0x00000000c7c00000, 0x00000000c7c00000, 0x00000000c8b70000)
  to   space 15808K,   0% used [0x00000000c8b70000, 0x00000000c8b70000, 0x00000000c9ae0000)
 tenured generation   total 317864K, used 317852K [0x00000000d5550000, 0x00000000e8bba000, 0x0000000100000000)
   the space 317864K,  99% used [0x00000000d5550000, 0x00000000e8bb7160, 0x00000000e8bb7200, 0x00000000e8bba000)
 Metaspace       used 87915K, capacity 88937K, committed 89176K, reserved 1126400K
  class space    used 11583K, capacity 11827K, committed 11864K, reserved 1048576K

Card table byte_map: [0x00007feb679b2000,0x00007feb67bb3000] byte_map_base: 0x00007feb673b2000

Polling page: 0x00007feb7e799000

CodeCache: size=245760Kb used=26019Kb max_used=27563Kb free=219740Kb
 bounds [0x00007feb67f73000, 0x00007feb69ab3000, 0x00007feb76f73000]
 total_blobs=9339 nmethods=8679 adapters=571
 compilation: enabled

Compilation events (10 events):
Event: 103.958 Thread 0x00007feb780b6000 10835       4       org.apache.spark.ml.tree.impl.BaggedPoint$$anonfun$convertToBaggedRDDSamplingWithReplacement$1$$anonfun$apply$2::apply (51 bytes)
Event: 103.962 Thread 0x00007feb780b6000 nmethod 10835 0x00007feb69360050 code [0x00007feb693601c0, 0x00007feb69360488]
Event: 104.054 Thread 0x00007feb780b8000 10836   !   3       org.apache.spark.memory.ExecutionMemoryPool::memoryUsed (33 bytes)
Event: 104.055 Thread 0x00007feb780b8000 nmethod 10836 0x00007feb691a85d0 code [0x00007feb691a8840, 0x00007feb691a9920]
Event: 104.705 Thread 0x00007feb780b6000 10837       4       scala.runtime.ScalaRunTime$::array_length (227 bytes)
Event: 104.706 Thread 0x00007feb780b6000 nmethod 10837 0x00007feb68b34050 code [0x00007feb68b341c0, 0x00007feb68b342d8]
Event: 104.749 Thread 0x00007feb780b8000 10838       3       scala.collection.mutable.MutableList::$plus$eq (6 bytes)
Event: 104.750 Thread 0x00007feb780b8000 nmethod 10838 0x00007feb6866f750 code [0x00007feb6866f8c0, 0x00007feb6866fba0]
Event: 105.526 Thread 0x00007feb780b8000 10839       3       org.apache.spark.sql.catalyst.expressions.GeneratedClass$GeneratedIterator::processNext (901 bytes)
Event: 105.531 Thread 0x00007feb780b8000 nmethod 10839 0x00007feb69572a50 code [0x00007feb69573360, 0x00007feb695791c8]

GC Heap History (10 events):
Event: 105.391 GC heap after
Heap after GC invocations=716 (full 12):
 def new generation   total 142784K, used 10975K [0x00000000c0000000, 0x00000000c9ae0000, 0x00000000d5550000)
  eden space 126976K,   0% used [0x00000000c0000000, 0x00000000c0000000, 0x00000000c7c00000)
  from space 15808K,  69% used [0x00000000c8b70000, 0x00000000c9627cc0, 0x00000000c9ae0000)
  to   space 15808K,   0% used [0x00000000c7c00000, 0x00000000c7c00000, 0x00000000c8b70000)
 tenured generation   total 317096K, used 299540K [0x00000000d5550000, 0x00000000e8afa000, 0x0000000100000000)
   the space 317096K,  94% used [0x00000000d5550000, 0x00000000e79d5180, 0x00000000e79d5200, 0x00000000e8afa000)
 Metaspace       used 87915K, capacity 88937K, committed 89176K, reserved 1126400K
  class space    used 11583K, capacity 11827K, committed 11864K, reserved 1048576K
}
Event: 105.429 GC heap before
{Heap before GC invocations=716 (full 12):
 def new generation   total 142784K, used 137951K [0x00000000c0000000, 0x00000000c9ae0000, 0x00000000d5550000)
  eden space 126976K, 100% used [0x00000000c0000000, 0x00000000c7c00000, 0x00000000c7c00000)
  from space 15808K,  69% used [0x00000000c8b70000, 0x00000000c9627cc0, 0x00000000c9ae0000)
  to   space 15808K,   0% used [0x00000000c7c00000, 0x00000000c7c00000, 0x00000000c8b70000)
 tenured generation   total 317096K, used 299540K [0x00000000d5550000, 0x00000000e8afa000, 0x0000000100000000)
   the space 317096K,  94% used [0x00000000d5550000, 0x00000000e79d5180, 0x00000000e79d5200, 0x00000000e8afa000)
 Metaspace       used 87915K, capacity 88937K, committed 89176K, reserved 1126400K
  class space    used 11583K, capacity 11827K, committed 11864K, reserved 1048576K
Event: 105.450 GC heap after
Heap after GC invocations=717 (full 12):
 def new generation   total 142784K, used 10975K [0x00000000c0000000, 0x00000000c9ae0000, 0x00000000d5550000)
  eden space 126976K,   0% used [0x00000000c0000000, 0x00000000c0000000, 0x00000000c7c00000)
  from space 15808K,  69% used [0x00000000c7c00000, 0x00000000c86b7c88, 0x00000000c8b70000)
  to   space 15808K,   0% used [0x00000000c8b70000, 0x00000000c8b70000, 0x00000000c9ae0000)
 tenured generation   total 317096K, used 303198K [0x00000000d5550000, 0x00000000e8afa000, 0x0000000100000000)
   the space 317096K,  95% used [0x00000000d5550000, 0x00000000e7d67ab0, 0x00000000e7d67c00, 0x00000000e8afa000)
 Metaspace       used 87915K, capacity 88937K, committed 89176K, reserved 1126400K
  class space    used 11583K, capacity 11827K, committed 11864K, reserved 1048576K
}
Event: 105.488 GC heap before
{Heap before GC invocations=717 (full 12):
 def new generation   total 142784K, used 137951K [0x00000000c0000000, 0x00000000c9ae0000, 0x00000000d5550000)
  eden space 126976K, 100% used [0x00000000c0000000, 0x00000000c7c00000, 0x00000000c7c00000)
  from space 15808K,  69% used [0x00000000c7c00000, 0x00000000c86b7c88, 0x00000000c8b70000)
  to   space 15808K,   0% used [0x00000000c8b70000, 0x00000000c8b70000, 0x00000000c9ae0000)
 tenured generation   total 317096K, used 303198K [0x00000000d5550000, 0x00000000e8afa000, 0x0000000100000000)
   the space 317096K,  95% used [0x00000000d5550000, 0x00000000e7d67ab0, 0x00000000e7d67c00, 0x00000000e8afa000)
 Metaspace       used 87915K, capacity 88937K, committed 89176K, reserved 1126400K
  class space    used 11583K, capacity 11827K, committed 11864K, reserved 1048576K
Event: 105.502 GC heap after
Heap after GC invocations=718 (full 12):
 def new generation   total 142784K, used 10857K [0x00000000c0000000, 0x00000000c9ae0000, 0x00000000d5550000)
  eden space 126976K,   0% used [0x00000000c0000000, 0x00000000c0000000, 0x00000000c7c00000)
  from space 15808K,  68% used [0x00000000c8b70000, 0x00000000c960a460, 0x00000000c9ae0000)
  to   space 15808K,   0% used [0x00000000c7c00000, 0x00000000c7c00000, 0x00000000c8b70000)
 tenured generation   total 317096K, used 306856K [0x00000000d5550000, 0x00000000e8afa000, 0x0000000100000000)
   the space 317096K,  96% used [0x00000000d5550000, 0x00000000e80fa3a8, 0x00000000e80fa400, 0x00000000e8afa000)
 Metaspace       used 87915K, capacity 88937K, committed 89176K, reserved 1126400K
  class space    used 11583K, capacity 11827K, committed 11864K, reserved 1048576K
}
Event: 105.547 GC heap before
{Heap before GC invocations=718 (full 12):
 def new generation   total 142784K, used 137833K [0x00000000c0000000, 0x00000000c9ae0000, 0x00000000d5550000)
  eden space 126976K, 100% used [0x00000000c0000000, 0x00000000c7c00000, 0x00000000c7c00000)
  from space 15808K,  68% used [0x00000000c8b70000, 0x00000000c960a460, 0x00000000c9ae0000)
  to   space 15808K,   0% used [0x00000000c7c00000, 0x00000000c7c00000, 0x00000000c8b70000)
 tenured generation   total 317096K, used 306856K [0x00000000d5550000, 0x00000000e8afa000, 0x0000000100000000)
   the space 317096K,  96% used [0x00000000d5550000, 0x00000000e80fa3a8, 0x00000000e80fa400, 0x00000000e8afa000)
 Metaspace       used 87915K, capacity 88937K, committed 89176K, reserved 1126400K
  class space    used 11583K, capacity 11827K, committed 11864K, reserved 1048576K
Event: 105.580 GC heap after
Heap after GC invocations=719 (full 12):
 def new generation   total 142784K, used 10857K [0x00000000c0000000, 0x00000000c9ae0000, 0x00000000d5550000)
  eden space 126976K,   0% used [0x00000000c0000000, 0x00000000c0000000, 0x00000000c7c00000)
  from space 15808K,  68% used [0x00000000c7c00000, 0x00000000c869a480, 0x00000000c8b70000)
  to   space 15808K,   0% used [0x00000000c8b70000, 0x00000000c8b70000, 0x00000000c9ae0000)
 tenured generation   total 317096K, used 310515K [0x00000000d5550000, 0x00000000e8afa000, 0x0000000100000000)
   the space 317096K,  97% used [0x00000000d5550000, 0x00000000e848ccd8, 0x00000000e848ce00, 0x00000000e8afa000)
 Metaspace       used 87915K, capacity 88937K, committed 89176K, reserved 1126400K
  class space    used 11583K, capacity 11827K, committed 11864K, reserved 1048576K
}
Event: 105.618 GC heap before
{Heap before GC invocations=719 (full 12):
 def new generation   total 142784K, used 137833K [0x00000000c0000000, 0x00000000c9ae0000, 0x00000000d5550000)
  eden space 126976K, 100% used [0x00000000c0000000, 0x00000000c7c00000, 0x00000000c7c00000)
  from space 15808K,  68% used [0x00000000c7c00000, 0x00000000c869a480, 0x00000000c8b70000)
  to   space 15808K,   0% used [0x00000000c8b70000, 0x00000000c8b70000, 0x00000000c9ae0000)
 tenured generation   total 317096K, used 310515K [0x00000000d5550000, 0x00000000e8afa000, 0x0000000100000000)
   the space 317096K,  97% used [0x00000000d5550000, 0x00000000e848ccd8, 0x00000000e848ce00, 0x00000000e8afa000)
 Metaspace       used 87915K, capacity 88937K, committed 89176K, reserved 1126400K
  class space    used 11583K, capacity 11827K, committed 11864K, reserved 1048576K
Event: 105.642 GC heap after
Heap after GC invocations=720 (full 12):
 def new generation   total 142784K, used 10857K [0x00000000c0000000, 0x00000000c9ae0000, 0x00000000d5550000)
  eden space 126976K,   0% used [0x00000000c0000000, 0x00000000c0000000, 0x00000000c7c00000)
  from space 15808K,  68% used [0x00000000c8b70000, 0x00000000c960a480, 0x00000000c9ae0000)
  to   space 15808K,   0% used [0x00000000c7c00000, 0x00000000c7c00000, 0x00000000c8b70000)
 tenured generation   total 317096K, used 314173K [0x00000000d5550000, 0x00000000e8afa000, 0x0000000100000000)
   the space 317096K,  99% used [0x00000000d5550000, 0x00000000e881f5d0, 0x00000000e881f600, 0x00000000e8afa000)
 Metaspace       used 87915K, capacity 88937K, committed 89176K, reserved 1126400K
  class space    used 11583K, capacity 11827K, committed 11864K, reserved 1048576K
}
Event: 105.681 GC heap before
{Heap before GC invocations=720 (full 12):
 def new generation   total 142784K, used 137833K [0x00000000c0000000, 0x00000000c9ae0000, 0x00000000d5550000)
  eden space 126976K, 100% used [0x00000000c0000000, 0x00000000c7c00000, 0x00000000c7c00000)
  from space 15808K,  68% used [0x00000000c8b70000, 0x00000000c960a480, 0x00000000c9ae0000)
  to   space 15808K,   0% used [0x00000000c7c00000, 0x00000000c7c00000, 0x00000000c8b70000)
 tenured generation   total 317096K, used 314173K [0x00000000d5550000, 0x00000000e8afa000, 0x0000000100000000)
   the space 317096K,  99% used [0x00000000d5550000, 0x00000000e881f5d0, 0x00000000e881f600, 0x00000000e8afa000)
 Metaspace       used 87915K, capacity 88937K, committed 89176K, reserved 1126400K
  class space    used 11583K, capacity 11827K, committed 11864K, reserved 1048576K

Deoptimization events (10 events):
Event: 97.675 Thread 0x00007feb4847c000 Uncommon trap: reason=array_check action=maybe_recompile pc=0x00007feb69943240 method=java.util.Arrays.fill([Ljava/lang/Object;IILjava/lang/Object;)V @ 20
Event: 97.846 Thread 0x00007feb58028800 Uncommon trap: reason=class_check action=maybe_recompile pc=0x00007feb68de84a4 method=java.lang.reflect.Array.newInstance(Ljava/lang/Class;I)Ljava/lang/Object; @ 2
Event: 97.847 Thread 0x00007feb58028800 Uncommon trap: reason=class_check action=maybe_recompile pc=0x00007feb68de84a4 method=java.lang.reflect.Array.newInstance(Ljava/lang/Class;I)Ljava/lang/Object; @ 2
Event: 97.849 Thread 0x00007feb58028800 Uncommon trap: reason=class_check action=maybe_recompile pc=0x00007feb68de84a4 method=java.lang.reflect.Array.newInstance(Ljava/lang/Class;I)Ljava/lang/Object; @ 2
Event: 97.849 Thread 0x00007feb58028800 Uncommon trap: reason=class_check action=maybe_recompile pc=0x00007feb68de84a4 method=java.lang.reflect.Array.newInstance(Ljava/lang/Class;I)Ljava/lang/Object; @ 2
Event: 97.852 Thread 0x00007feb5494b000 Uncommon trap: reason=class_check action=maybe_recompile pc=0x00007feb68cb7210 method=java.util.Random.nextDouble()D @ 3
Event: 97.852 Thread 0x00007feb5494b000 Uncommon trap: reason=class_check action=maybe_recompile pc=0x00007feb68cb7210 method=java.util.Random.nextDouble()D @ 3
Event: 98.015 Thread 0x00007feb58028800 Uncommon trap: reason=unstable_if action=reinterpret pc=0x00007feb68f367c8 method=java.io.ObjectInputStream.readOrdinaryObject(Z)Ljava/lang/Object; @ 257
Event: 101.861 Thread 0x00007feb58028800 Uncommon trap: reason=unstable_if action=reinterpret pc=0x00007feb68cb5614 method=breeze.collection.mutable.SparseArray.findOffset(I)I @ 218
Event: 101.865 Thread 0x00007feb58028800 Uncommon trap: reason=unstable_if action=reinterpret pc=0x00007feb68d4c6c0 method=scala.runtime.ScalaRunTime$.array_length(Ljava/lang/Object;)I @ 42

Classes redefined (0 events):
No events

Internal exceptions (10 events):
Event: 97.275 Thread 0x00007feb4847c000 Exception <a 'java/lang/NoSuchMethodError': <clinit>> (0x00000000c0988190) thrown at [/build/openjdk-8-g3XteX/openjdk-8-8u222-b10/src/hotspot/src/share/vm/prims/jni.cpp, line 1615]
Event: 97.275 Thread 0x00007feb4847c000 Exception <a 'java/lang/NoSuchMethodError': <clinit>> (0x00000000c0988db0) thrown at [/build/openjdk-8-g3XteX/openjdk-8-8u222-b10/src/hotspot/src/share/vm/prims/jni.cpp, line 1615]
Event: 97.282 Thread 0x00007feb4847c000 Exception <a 'java/lang/NoSuchMethodError': <clinit>> (0x00000000c09a9718) thrown at [/build/openjdk-8-g3XteX/openjdk-8-8u222-b10/src/hotspot/src/share/vm/prims/jni.cpp, line 1615]
Event: 97.350 Thread 0x00007feb4847c000 Exception <a 'java/lang/NoSuchMethodError': <clinit>> (0x00000000c1820920) thrown at [/build/openjdk-8-g3XteX/openjdk-8-8u222-b10/src/hotspot/src/share/vm/prims/jni.cpp, line 1615]
Event: 97.350 Thread 0x00007feb4847c000 Exception <a 'java/lang/NoSuchMethodError': <clinit>> (0x00000000c1830118) thrown at [/build/openjdk-8-g3XteX/openjdk-8-8u222-b10/src/hotspot/src/share/vm/prims/jni.cpp, line 1615]
Event: 97.366 Thread 0x00007feb4847c000 Exception <a 'java/lang/NoSuchMethodError': <clinit>> (0x00000000c1a684d8) thrown at [/build/openjdk-8-g3XteX/openjdk-8-8u222-b10/src/hotspot/src/share/vm/prims/jni.cpp, line 1615]
Event: 97.431 Thread 0x00007feb4847c000 Exception <a 'java/lang/NoSuchMethodError': <clinit>> (0x00000000c29a6850) thrown at [/build/openjdk-8-g3XteX/openjdk-8-8u222-b10/src/hotspot/src/share/vm/prims/jni.cpp, line 1615]
Event: 97.740 Thread 0x00007feb5494b000 Exception <a 'java/lang/NoSuchMethodError': <clinit>> (0x00000000c2751130) thrown at [/build/openjdk-8-g3XteX/openjdk-8-8u222-b10/src/hotspot/src/share/vm/prims/jni.cpp, line 1615]
Event: 97.746 Thread 0x00007feb5494b000 Exception <a 'java/lang/NoSuchMethodError': <clinit>> (0x00000000c28463f8) thrown at [/build/openjdk-8-g3XteX/openjdk-8-8u222-b10/src/hotspot/src/share/vm/prims/jni.cpp, line 1615]
Event: 97.822 Thread 0x00007feb5494b000 Exception <a 'java/lang/NoSuchMethodError': <clinit>> (0x00000000c15fe3f8) thrown at [/build/openjdk-8-g3XteX/openjdk-8-8u222-b10/src/hotspot/src/share/vm/prims/jni.cpp, line 1615]

Events (10 events):
Event: 105.502 Executing VM operation: GenCollectForAllocation done
Event: 105.531 Thread 0x00007feb780b8000 flushing nmethod 0x00007feb6818c210
Event: 105.531 Thread 0x00007feb780b8000 flushing nmethod 0x00007feb681c9850
Event: 105.531 Thread 0x00007feb780b8000 flushing nmethod 0x00007feb681eabd0
Event: 105.531 Thread 0x00007feb780b8000 flushing nmethod 0x00007feb6822b3d0
Event: 105.547 Executing VM operation: GenCollectForAllocation
Event: 105.580 Executing VM operation: GenCollectForAllocation done
Event: 105.618 Executing VM operation: GenCollectForAllocation
Event: 105.642 Executing VM operation: GenCollectForAllocation done
Event: 105.681 Executing VM operation: GenCollectForAllocation


Dynamic libraries:
00400000-00401000 r-xp 00000000 ca:01 286273                             /usr/lib/jvm/java-8-openjdk-amd64/jre/bin/java
00600000-00601000 r--p 00000000 ca:01 286273                             /usr/lib/jvm/java-8-openjdk-amd64/jre/bin/java
00601000-00602000 rw-p 00001000 ca:01 286273                             /usr/lib/jvm/java-8-openjdk-amd64/jre/bin/java
01df9000-01e3b000 rw-p 00000000 00:00 0                                  [heap]
c0000000-c9ae0000 rw-p 00000000 00:00 0 
c9ae0000-d5550000 ---p 00000000 00:00 0 
d5550000-e8bba000 rw-p 00000000 00:00 0 
f5aa7000-100000000 ---p 00000000 00:00 0 
100000000-100b96000 rw-p 00000000 00:00 0 
100b96000-140000000 ---p 00000000 00:00 0 
7feb3e79e000-7feb3e91e000 rw-p 00000000 00:00 0 
7feb3e91e000-7feb3e99e000 ---p 00000000 00:00 0 
7feb3e99e000-7feb3eb9e000 rw-p 00000000 00:00 0 
7feb3eb9e000-7feb3ed9e000 rw-p 00000000 00:00 0 
7feb3ed9e000-7feb3ef9e000 rw-p 00000000 00:00 0 
7feb3ef9e000-7feb3f19e000 rw-p 00000000 00:00 0 
7feb3f19e000-7feb3f39e000 rw-p 00000000 00:00 0 
7feb3f39e000-7feb3f3a1000 ---p 00000000 00:00 0 
7feb3f3a1000-7feb3f69f000 rw-p 00000000 00:00 0 
7feb3f69f000-7feb3f89f000 rw-p 00000000 00:00 0 
7feb3f89f000-7feb3fa9f000 rw-p 00000000 00:00 0 
7feb3fa9f000-7feb3faa2000 ---p 00000000 00:00 0 
7feb3faa2000-7feb3fba0000 rw-p 00000000 00:00 0 
7feb3fba0000-7feb3fba3000 ---p 00000000 00:00 0 
7feb3fba3000-7feb3fea1000 rw-p 00000000 00:00 0 
7feb3fea1000-7feb3fea4000 ---p 00000000 00:00 0 
7feb3fea4000-7feb401a2000 rw-p 00000000 00:00 0 
7feb401a2000-7feb403a2000 rw-p 00000000 00:00 0 
7feb403a2000-7feb405a2000 rw-p 00000000 00:00 0 
7feb405a2000-7feb407a2000 rw-p 00000000 00:00 0 
7feb407a2000-7feb409a2000 rw-p 00000000 00:00 0 
7feb409a2000-7feb40ba2000 rw-p 00000000 00:00 0 
7feb40ba2000-7feb40da2000 rw-p 00000000 00:00 0 
7feb40da2000-7feb40fa2000 rw-p 00000000 00:00 0 
7feb40fa2000-7feb411a2000 rw-p 00000000 00:00 0 
7feb411a2000-7feb413a2000 rw-p 00000000 00:00 0 
7feb413a2000-7feb413a5000 ---p 00000000 00:00 0 
7feb413a5000-7feb414a3000 rw-p 00000000 00:00 0 
7feb414a3000-7feb414a6000 ---p 00000000 00:00 0 
7feb414a6000-7feb415a4000 rw-p 00000000 00:00 0 
7feb415a4000-7feb415a7000 ---p 00000000 00:00 0 
7feb415a7000-7feb416a5000 rw-p 00000000 00:00 0 
7feb416a5000-7feb416a8000 ---p 00000000 00:00 0 
7feb416a8000-7feb417a6000 rw-p 00000000 00:00 0 
7feb417a6000-7feb417a9000 ---p 00000000 00:00 0 
7feb417a9000-7feb418a7000 rw-p 00000000 00:00 0 
7feb418a7000-7feb418aa000 ---p 00000000 00:00 0 
7feb418aa000-7feb41ba8000 rw-p 00000000 00:00 0 
7feb41ba8000-7feb41bab000 ---p 00000000 00:00 0 
7feb41bab000-7feb41ea9000 rw-p 00000000 00:00 0 
7feb41ea9000-7feb41eb6000 r-xp 00000000 ca:01 1494                       /tmp/liblz4-java5602362275363281287.so
7feb41eb6000-7feb420b5000 ---p 0000d000 ca:01 1494                       /tmp/liblz4-java5602362275363281287.so
7feb420b5000-7feb420b6000 rw-p 0000c000 ca:01 1494                       /tmp/liblz4-java5602362275363281287.so
7feb420b6000-7feb422b6000 rw-p 00000000 00:00 0 
7feb422b6000-7feb424b6000 rw-p 00000000 00:00 0 
7feb424b6000-7feb426b6000 rw-p 00000000 00:00 0 
7feb426d0000-7feb426d3000 ---p 00000000 00:00 0 
7feb426d3000-7feb427d1000 rw-p 00000000 00:00 0 
7feb427d1000-7feb427d4000 ---p 00000000 00:00 0 
7feb427d4000-7feb42ad2000 rw-p 00000000 00:00 0 
7feb42ad2000-7feb42ad5000 ---p 00000000 00:00 0 
7feb42ad5000-7feb42bd3000 rw-p 00000000 00:00 0 
7feb42bd3000-7feb42bd6000 ---p 00000000 00:00 0 
7feb42bd6000-7feb42cd4000 rw-p 00000000 00:00 0 
7feb42cd4000-7feb42cd7000 ---p 00000000 00:00 0 
7feb42cd7000-7feb42fd5000 rw-p 00000000 00:00 0 
7feb42fd5000-7feb42fd8000 ---p 00000000 00:00 0 
7feb42fd8000-7feb430d6000 rw-p 00000000 00:00 0 
7feb430d6000-7feb430d9000 ---p 00000000 00:00 0 
7feb430d9000-7feb431d7000 rw-p 00000000 00:00 0 
7feb431d7000-7feb431da000 ---p 00000000 00:00 0 
7feb431da000-7feb432d8000 rw-p 00000000 00:00 0 
7feb432d8000-7feb432db000 ---p 00000000 00:00 0 
7feb432db000-7feb433d9000 rw-p 00000000 00:00 0 
7feb433d9000-7feb433dc000 ---p 00000000 00:00 0 
7feb433dc000-7feb434da000 rw-p 00000000 00:00 0 
7feb434da000-7feb434dd000 ---p 00000000 00:00 0 
7feb434dd000-7feb435db000 rw-p 00000000 00:00 0 
7feb435db000-7feb435de000 ---p 00000000 00:00 0 
7feb435de000-7feb436dc000 rw-p 00000000 00:00 0 
7feb436dc000-7feb436df000 ---p 00000000 00:00 0 
7feb436df000-7feb437dd000 rw-p 00000000 00:00 0 
7feb437dd000-7feb437e0000 ---p 00000000 00:00 0 
7feb437e0000-7feb438de000 rw-p 00000000 00:00 0 
7feb438de000-7feb438e1000 ---p 00000000 00:00 0 
7feb438e1000-7feb439df000 rw-p 00000000 00:00 0 
7feb439df000-7feb439e2000 ---p 00000000 00:00 0 
7feb439e2000-7feb43ae0000 rw-p 00000000 00:00 0 
7feb43ae0000-7feb43ae3000 ---p 00000000 00:00 0 
7feb43ae3000-7feb43be1000 rw-p 00000000 00:00 0 
7feb43be1000-7feb43be4000 ---p 00000000 00:00 0 
7feb43be4000-7feb43ce2000 rw-p 00000000 00:00 0 
7feb43ce2000-7feb43ce5000 ---p 00000000 00:00 0 
7feb43ce5000-7feb43fe3000 rw-p 00000000 00:00 0 
7feb43fe3000-7feb43fe6000 ---p 00000000 00:00 0 
7feb43fe6000-7feb442e4000 rw-p 00000000 00:00 0 
7feb442e4000-7feb442e7000 ---p 00000000 00:00 0 
7feb442e7000-7feb443e5000 rw-p 00000000 00:00 0 
7feb443e5000-7feb443e8000 ---p 00000000 00:00 0 
7feb443e8000-7feb444e6000 rw-p 00000000 00:00 0 
7feb444e6000-7feb444e9000 ---p 00000000 00:00 0 
7feb444e9000-7feb445e7000 rw-p 00000000 00:00 0 
7feb445e7000-7feb445ea000 ---p 00000000 00:00 0 
7feb445ea000-7feb446e8000 rw-p 00000000 00:00 0 
7feb446e8000-7feb446eb000 ---p 00000000 00:00 0 
7feb446eb000-7feb447e9000 rw-p 00000000 00:00 0 
7feb447e9000-7feb447ec000 ---p 00000000 00:00 0 
7feb447ec000-7feb448ea000 rw-p 00000000 00:00 0 
7feb448ea000-7feb448ed000 ---p 00000000 00:00 0 
7feb448ed000-7feb449eb000 rw-p 00000000 00:00 0 
7feb449eb000-7feb449ee000 ---p 00000000 00:00 0 
7feb449ee000-7feb44aec000 rw-p 00000000 00:00 0 
7feb44aec000-7feb44aef000 ---p 00000000 00:00 0 
7feb44aef000-7feb44bed000 rw-p 00000000 00:00 0 
7feb44bed000-7feb44bfe000 r-xp 00000000 ca:01 286360                     /usr/lib/jvm/java-8-openjdk-amd64/jre/lib/amd64/libnio.so
7feb44bfe000-7feb44dfd000 ---p 00011000 ca:01 286360                     /usr/lib/jvm/java-8-openjdk-amd64/jre/lib/amd64/libnio.so
7feb44dfd000-7feb44dfe000 r--p 00010000 ca:01 286360                     /usr/lib/jvm/java-8-openjdk-amd64/jre/lib/amd64/libnio.so
7feb44dfe000-7feb44dff000 rw-p 00011000 ca:01 286360                     /usr/lib/jvm/java-8-openjdk-amd64/jre/lib/amd64/libnio.so
7feb44dff000-7feb44fff000 rw-p 00000000 00:00 0 
7feb44fff000-7feb48000000 rw-p 00000000 00:00 0 
7feb48000000-7feb49545000 rw-p 00000000 00:00 0 
7feb49545000-7feb4c000000 ---p 00000000 00:00 0 
7feb4c000000-7feb4c464000 rw-p 00000000 00:00 0 
7feb4c464000-7feb50000000 ---p 00000000 00:00 0 
7feb50000000-7feb50021000 rw-p 00000000 00:00 0 
7feb50021000-7feb54000000 ---p 00000000 00:00 0 
7feb54000000-7feb57843000 rw-p 00000000 00:00 0 
7feb57843000-7feb58000000 ---p 00000000 00:00 0 
7feb58000000-7feb58040000 rw-p 00000000 00:00 0 
7feb58040000-7feb5c000000 ---p 00000000 00:00 0 
7feb5c000000-7feb5c021000 rw-p 00000000 00:00 0 
7feb5c021000-7feb60000000 ---p 00000000 00:00 0 
7feb60000000-7feb6020f000 rw-p 00000000 00:00 0 
7feb6020f000-7feb64000000 ---p 00000000 00:00 0 
7feb6406e000-7feb64081000 r--s 00346000 ca:01 286377                     /usr/lib/jvm/java-8-openjdk-amd64/jre/lib/resources.jar
7feb64081000-7feb64084000 ---p 00000000 00:00 0 
7feb64084000-7feb64382000 rw-p 00000000 00:00 0 
7feb64382000-7feb64399000 r-xp 00000000 ca:01 1984                       /lib/x86_64-linux-gnu/libresolv-2.23.so
7feb64399000-7feb64599000 ---p 00017000 ca:01 1984                       /lib/x86_64-linux-gnu/libresolv-2.23.so
7feb64599000-7feb6459a000 r--p 00017000 ca:01 1984                       /lib/x86_64-linux-gnu/libresolv-2.23.so
7feb6459a000-7feb6459b000 rw-p 00018000 ca:01 1984                       /lib/x86_64-linux-gnu/libresolv-2.23.so
7feb6459b000-7feb6459d000 rw-p 00000000 00:00 0 
7feb6459d000-7feb645a2000 r-xp 00000000 ca:01 1990                       /lib/x86_64-linux-gnu/libnss_dns-2.23.so
7feb645a2000-7feb647a2000 ---p 00005000 ca:01 1990                       /lib/x86_64-linux-gnu/libnss_dns-2.23.so
7feb647a2000-7feb647a3000 r--p 00005000 ca:01 1990                       /lib/x86_64-linux-gnu/libnss_dns-2.23.so
7feb647a3000-7feb647a4000 rw-p 00006000 ca:01 1990                       /lib/x86_64-linux-gnu/libnss_dns-2.23.so
7feb647a5000-7feb647a7000 r--s 00016000 ca:01 286312                     /usr/lib/jvm/java-8-openjdk-amd64/jre/lib/jce.jar
7feb647a7000-7feb647ac000 r--s 000a3000 ca:01 286376                     /usr/lib/jvm/java-8-openjdk-amd64/jre/lib/jsse.jar
7feb647ac000-7feb647ad000 r-xp 00000000 ca:01 286366                     /usr/lib/jvm/java-8-openjdk-amd64/jre/lib/amd64/libjaas_unix.so
7feb647ad000-7feb649ac000 ---p 00001000 ca:01 286366                     /usr/lib/jvm/java-8-openjdk-amd64/jre/lib/amd64/libjaas_unix.so
7feb649ac000-7feb649ad000 r--p 00000000 ca:01 286366                     /usr/lib/jvm/java-8-openjdk-amd64/jre/lib/amd64/libjaas_unix.so
7feb649ad000-7feb649ae000 rw-p 00001000 ca:01 286366                     /usr/lib/jvm/java-8-openjdk-amd64/jre/lib/amd64/libjaas_unix.so
7feb649ae000-7feb649b1000 ---p 00000000 00:00 0 
7feb649b1000-7feb64aaf000 rw-p 00000000 00:00 0 
7feb64aaf000-7feb64ab2000 ---p 00000000 00:00 0 
7feb64ab2000-7feb64ce8000 rw-p 00000000 00:00 0 
7feb64ce8000-7feb64ee8000 rw-p 00000000 00:00 0 
7feb64ee8000-7feb64ef1000 r-xp 00000000 ca:01 286338                     /usr/lib/jvm/java-8-openjdk-amd64/jre/lib/amd64/libmanagement.so
7feb64ef1000-7feb650f0000 ---p 00009000 ca:01 286338                     /usr/lib/jvm/java-8-openjdk-amd64/jre/lib/amd64/libmanagement.so
7feb650f0000-7feb650f1000 r--p 00008000 ca:01 286338                     /usr/lib/jvm/java-8-openjdk-amd64/jre/lib/amd64/libmanagement.so
7feb650f1000-7feb650f2000 rw-p 00009000 ca:01 286338                     /usr/lib/jvm/java-8-openjdk-amd64/jre/lib/amd64/libmanagement.so
7feb650f2000-7feb650f5000 ---p 00000000 00:00 0 
7feb650f5000-7feb651f3000 rw-p 00000000 00:00 0 
7feb651f3000-7feb651f6000 ---p 00000000 00:00 0 
7feb651f6000-7feb654f4000 rw-p 00000000 00:00 0 
7feb654f4000-7feb654f7000 ---p 00000000 00:00 0 
7feb654f7000-7feb655f5000 rw-p 00000000 00:00 0 
7feb655f5000-7feb6560b000 r-xp 00000000 ca:01 286343                     /usr/lib/jvm/java-8-openjdk-amd64/jre/lib/amd64/libnet.so
7feb6560b000-7feb6580b000 ---p 00016000 ca:01 286343                     /usr/lib/jvm/java-8-openjdk-amd64/jre/lib/amd64/libnet.so
7feb6580b000-7feb6580c000 r--p 00016000 ca:01 286343                     /usr/lib/jvm/java-8-openjdk-amd64/jre/lib/amd64/libnet.so
7feb6580c000-7feb6580d000 rw-p 00017000 ca:01 286343                     /usr/lib/jvm/java-8-openjdk-amd64/jre/lib/amd64/libnet.so
7feb6580d000-7feb65810000 r--s 00015000 ca:01 261533                     /home/ubuntu/spark-2.1.1-bin-hadoop2.7/jars/javax.servlet-api-3.1.0.jar
7feb65810000-7feb6583c000 r--s 001c9000 ca:01 261798                     /home/ubuntu/spark-2.1.1-bin-hadoop2.7/jars/shapeless_2.11-2.0.0.jar
7feb6583c000-7feb65847000 r--s 000b0000 ca:01 261731                     /home/ubuntu/spark-2.1.1-bin-hadoop2.7/jars/jtransforms-2.4.0.jar
7feb65847000-7feb6584d000 r--s 00043000 ca:01 261858                     /home/ubuntu/spark-2.1.1-bin-hadoop2.7/jars/commons-configuration-1.6.jar
7feb6584d000-7feb65851000 r--s 00019000 ca:01 261784                     /home/ubuntu/spark-2.1.1-bin-hadoop2.7/jars/javax.ws.rs-api-2.0.1.jar
7feb65851000-7feb65853000 r--s 00009000 ca:01 261839                     /home/ubuntu/spark-2.1.1-bin-hadoop2.7/jars/commons-cli-1.2.jar
7feb65853000-7feb6585d000 r--s 00095000 ca:01 261728                     /home/ubuntu/spark-2.1.1-bin-hadoop2.7/jars/scala-xml_2.11-1.0.2.jar
7feb6585d000-7feb65862000 r--s 00031000 ca:01 261744                     /home/ubuntu/spark-2.1.1-bin-hadoop2.7/jars/parquet-hadoop-1.8.1.jar
7feb65862000-7feb65866000 r--s 00020000 ca:01 261720                     /home/ubuntu/spark-2.1.1-bin-hadoop2.7/jars/commons-digester-1.8.jar
7feb65866000-7feb65868000 r--s 00027000 ca:01 261790                     /home/ubuntu/spark-2.1.1-bin-hadoop2.7/jars/core-1.1.2.jar
7feb65868000-7feb6587f000 r--s 00183000 ca:01 261753                     /home/ubuntu/spark-2.1.1-bin-hadoop2.7/jars/hadoop-yarn-common-2.7.3.jar
7feb6587f000-7feb65880000 r--s 00004000 ca:01 261711                     /home/ubuntu/spark-2.1.1-bin-hadoop2.7/jars/eigenbase-properties-1.1.5.jar
7feb65880000-7feb65886000 r--s 00044000 ca:01 261763                     /home/ubuntu/spark-2.1.1-bin-hadoop2.7/jars/antlr4-runtime-4.5.3.jar
7feb65886000-7feb65888000 r--s 0000b000 ca:01 261840                     /home/ubuntu/spark-2.1.1-bin-hadoop2.7/jars/chill-java-0.8.0.jar
7feb65888000-7feb65892000 r--s 00086000 ca:01 261718                     /home/ubuntu/spark-2.1.1-bin-hadoop2.7/jars/json4s-core_2.11-3.2.11.jar
7feb65892000-7feb65894000 r--s 0000f000 ca:01 261566                     /home/ubuntu/spark-2.1.1-bin-hadoop2.7/jars/activation-1.1.1.jar
7feb65894000-7feb65898000 r--s 00031000 ca:01 261583                     /home/ubuntu/spark-2.1.1-bin-hadoop2.7/jars/jline-2.12.1.jar
7feb65898000-7feb6589e000 r--s 00028000 ca:01 261745                     /home/ubuntu/spark-2.1.1-bin-hadoop2.7/jars/curator-framework-2.6.0.jar
7feb6589e000-7feb658ab000 r--s 000b1000 ca:01 261545                     /home/ubuntu/spark-2.1.1-bin-hadoop2.7/jars/hadoop-mapreduce-client-common-2.7.3.jar
7feb658ab000-7feb658ad000 r--s 00009000 ca:01 261758                     /home/ubuntu/spark-2.1.1-bin-hadoop2.7/jars/jackson-module-paranamer-2.6.5.jar
7feb658ad000-7feb658ae000 r--s 00009000 ca:01 261845                     /home/ubuntu/spark-2.1.1-bin-hadoop2.7/jars/slf4j-api-1.7.16.jar
7feb658ae000-7feb658af000 r--s 00004000 ca:01 261710                     /home/ubuntu/spark-2.1.1-bin-hadoop2.7/jars/jackson-jaxrs-1.9.13.jar
7feb658af000-7feb658b1000 r--s 00012000 ca:01 261803                     /home/ubuntu/spark-2.1.1-bin-hadoop2.7/jars/api-util-1.0.0-M20.jar
7feb658b1000-7feb658b9000 r--s 00066000 ca:01 261732                     /home/ubuntu/spark-2.1.1-bin-hadoop2.7/jars/apache-log4j-extras-1.2.17.jar
7feb658b9000-7feb658bb000 r--s 00004000 ca:01 261587                     /home/ubuntu/spark-2.1.1-bin-hadoop2.7/jars/stax-api-1.0-2.jar
7feb658bb000-7feb658c9000 r--s 00078000 ca:01 261756                     /home/ubuntu/spark-2.1.1-bin-hadoop2.7/jars/spark-mesos_2.11-2.1.1.jar
7feb658c9000-7feb658f7000 r--s 00212000 ca:01 261712                     /home/ubuntu/spark-2.1.1-bin-hadoop2.7/jars/spark-network-common_2.11-2.1.1.jar
7feb658f7000-7feb658ff000 r--s 0006e000 ca:01 261765                     /home/ubuntu/spark-2.1.1-bin-hadoop2.7/jars/commons-lang3-3.5.jar
7feb658ff000-7feb65900000 r--s 00009000 ca:01 261830                     /home/ubuntu/spark-2.1.1-bin-hadoop2.7/jars/hive-cli-1.2.1.spark2.jar
7feb65900000-7feb65916000 r--s 001a4000 ca:01 261613                     /home/ubuntu/spark-2.1.1-bin-hadoop2.7/jars/datanucleus-rdbms-3.2.9.jar
7feb65916000-7feb65927000 r--s 0010d000 ca:01 261714                     /home/ubuntu/spark-2.1.1-bin-hadoop2.7/jars/jackson-databind-2.6.5.jar
7feb65927000-7feb65929000 r--s 0000a000 ca:01 261612                     /home/ubuntu/spark-2.1.1-bin-hadoop2.7/jars/spark-unsafe_2.11-2.1.1.jar
7feb65929000-7feb6594d000 r--s 001cd000 ca:01 261855                     /home/ubuntu/spark-2.1.1-bin-hadoop2.7/jars/commons-math3-3.4.1.jar
7feb6594d000-7feb65951000 r--s 0002a000 ca:01 261747                     /home/ubuntu/spark-2.1.1-bin-hadoop2.7/jars/commons-io-2.4.jar
7feb65951000-7feb659c5000 r--s 00574000 ca:01 261739                     /home/ubuntu/spark-2.1.1-bin-hadoop2.7/jars/spark-mllib_2.11-2.1.1.jar
7feb659c5000-7feb659e0000 r--s 001d8000 ca:01 261572                     /home/ubuntu/spark-2.1.1-bin-hadoop2.7/jars/jets3t-0.9.3.jar
7feb659e0000-7feb65a6b000 r--s 0069e000 ca:01 261713                     /home/ubuntu/spark-2.1.1-bin-hadoop2.7/jars/spark-catalyst_2.11-2.1.1.jar
7feb65a6b000-7feb65a74000 r--s 00062000 ca:01 261580                     /home/ubuntu/spark-2.1.1-bin-hadoop2.7/jars/avro-1.7.7.jar
7feb65a74000-7feb65a76000 r--s 00003000 ca:01 261733                     /home/ubuntu/spark-2.1.1-bin-hadoop2.7/jars/jcl-over-slf4j-1.7.16.jar
7feb65a76000-7feb65a7e000 r--s 00059000 ca:01 261611                     /home/ubuntu/spark-2.1.1-bin-hadoop2.7/jars/javolution-5.5.1.jar
7feb65a7e000-7feb65a7f000 r--s 00003000 ca:01 261568                     /home/ubuntu/spark-2.1.1-bin-hadoop2.7/jars/jta-1.1.jar
7feb65a7f000-7feb65a82000 r--s 00009000 ca:01 261751                     /home/ubuntu/spark-2.1.1-bin-hadoop2.7/jars/jackson-annotations-2.6.5.jar
7feb65a82000-7feb65a87000 r--s 0002a000 ca:01 261576                     /home/ubuntu/spark-2.1.1-bin-hadoop2.7/jars/commons-beanutils-1.7.0.jar
7feb65a87000-7feb65a89000 r--s 00006000 ca:01 261588                     /home/ubuntu/spark-2.1.1-bin-hadoop2.7/jars/paranamer-2.3.jar
7feb65a89000-7feb65a8d000 r--s 0002c000 ca:01 261748                     /home/ubuntu/spark-2.1.1-bin-hadoop2.7/jars/avro-ipc-1.7.7.jar
7feb65a8d000-7feb65a8e000 r--s 00003000 ca:01 261594                     /home/ubuntu/spark-2.1.1-bin-hadoop2.7/jars/xmlenc-0.52.jar
7feb65a8e000-7feb65aab000 r--s 001d5000 ca:01 261860                     /home/ubuntu/spark-2.1.1-bin-hadoop2.7/jars/hadoop-yarn-api-2.7.3.jar
7feb65aab000-7feb65aac000 r--s 00004000 ca:01 261716                     /home/ubuntu/spark-2.1.1-bin-hadoop2.7/jars/opencsv-2.3.jar
7feb65aac000-7feb65ab0000 r--s 00014000 ca:01 261856                     /home/ubuntu/spark-2.1.1-bin-hadoop2.7/jars/xz-1.0.jar
7feb65ab0000-7feb65ab3000 r--s 000fd000 ca:01 261604                     /home/ubuntu/spark-2.1.1-bin-hadoop2.7/jars/leveldbjni-all-1.8.jar
7feb65ab3000-7feb65ab9000 r--s 00063000 ca:01 261849                     /home/ubuntu/spark-2.1.1-bin-hadoop2.7/jars/jodd-core-3.5.2.jar
7feb65ab9000-7feb65abd000 r--s 00030000 ca:01 261532                     /home/ubuntu/spark-2.1.1-bin-hadoop2.7/jars/commons-net-2.2.jar
7feb65abd000-7feb65ac1000 r--s 00028000 ca:01 261608                     /home/ubuntu/spark-2.1.1-bin-hadoop2.7/jars/spark-mllib-local_2.11-2.1.1.jar
7feb65ac1000-7feb65ac8000 r--s 0007d000 ca:01 261722                     /home/ubuntu/spark-2.1.1-bin-hadoop2.7/jars/jetty-6.1.26.jar
7feb65ac8000-7feb65acb000 r--s 0002f000 ca:01 261546                     /home/ubuntu/spark-2.1.1-bin-hadoop2.7/jars/RoaringBitmap-0.5.11.jar
7feb65acb000-7feb65acc000 r--s 00004000 ca:01 261866                     /home/ubuntu/spark-2.1.1-bin-hadoop2.7/jars/osgi-resource-locator-1.0.1.jar
7feb65acc000-7feb65aed000 r--s 0019b000 ca:01 261796                     /home/ubuntu/spark-2.1.1-bin-hadoop2.7/jars/spark-hive-thriftserver_2.11-2.1.1.jar
7feb65aed000-7feb65af2000 r--s 00041000 ca:01 261740                     /home/ubuntu/spark-2.1.1-bin-hadoop2.7/jars/commons-lang-2.6.jar
7feb65af2000-7feb65af4000 r--s 00020000 ca:01 261749                     /home/ubuntu/spark-2.1.1-bin-hadoop2.7/jars/hive-beeline-1.2.1.spark2.jar
7feb65af4000-7feb65afb000 r--s 00049000 ca:01 261736                     /home/ubuntu/spark-2.1.1-bin-hadoop2.7/jars/httpcore-4.4.4.jar
7feb65afb000-7feb65afd000 r--s 00014000 ca:01 261717                     /home/ubuntu/spark-2.1.1-bin-hadoop2.7/jars/spire-macros_2.11-0.7.4.jar
7feb65afd000-7feb65afe000 r--s 00001000 ca:01 261621                     /home/ubuntu/spark-2.1.1-bin-hadoop2.7/jars/pmml-schema-1.2.15.jar
7feb65afe000-7feb65b02000 r--s 00028000 ca:01 261573                     /home/ubuntu/spark-2.1.1-bin-hadoop2.7/jars/jetty-util-6.1.26.jar
7feb65b02000-7feb65b05000 r--s 00006000 ca:01 261721                     /home/ubuntu/spark-2.1.1-bin-hadoop2.7/jars/jsr305-1.3.9.jar
7feb65b05000-7feb65b0c000 r--s 0005d000 ca:01 261793                     /home/ubuntu/spark-2.1.1-bin-hadoop2.7/jars/mx4j-3.0.2.jar
7feb65b0c000-7feb65b0e000 r--s 0000e000 ca:01 261821                     /home/ubuntu/spark-2.1.1-bin-hadoop2.7/jars/guice-servlet-3.0.jar
7feb65b0e000-7feb65b16000 r--s 0007b000 ca:01 261737                     /home/ubuntu/spark-2.1.1-bin-hadoop2.7/jars/protobuf-java-2.5.0.jar
7feb65b16000-7feb65be6000 r--s 00cf0000 ca:01 261540                     /home/ubuntu/spark-2.1.1-bin-hadoop2.7/jars/breeze_2.11-0.12.jar
7feb65be6000-7feb65be7000 r--s 00002000 ca:01 261619                     /home/ubuntu/spark-2.1.1-bin-hadoop2.7/jars/slf4j-log4j12-1.7.16.jar
7feb65be7000-7feb65be9000 r--s 00006000 ca:01 261578                     /home/ubuntu/spark-2.1.1-bin-hadoop2.7/jars/spark-sketch_2.11-2.1.1.jar
7feb65be9000-7feb65bee000 r--s 00068000 ca:01 261791                     /home/ubuntu/spark-2.1.1-bin-hadoop2.7/jars/antlr-2.7.7.jar
7feb65bee000-7feb65bf0000 r--s 00000000 ca:01 261759                     /home/ubuntu/spark-2.1.1-bin-hadoop2.7/jars/aopalliance-1.0.jar
7feb65bf0000-7feb65bf2000 r--s 00012000 ca:01 261730                     /home/ubuntu/spark-2.1.1-bin-hadoop2.7/jars/compress-lzf-1.0.3.jar
7feb65bf2000-7feb65bff000 r--s 0009e000 ca:01 261822                     /home/ubuntu/spark-2.1.1-bin-hadoop2.7/jars/spark-graphx_2.11-2.1.1.jar
7feb65bff000-7feb65c04000 r--s 00028000 ca:01 261841                     /home/ubuntu/spark-2.1.1-bin-hadoop2.7/jars/avro-mapred-1.7.7-hadoop2.jar
7feb65c04000-7feb65c1a000 r--s 00124000 ca:01 261833                     /home/ubuntu/spark-2.1.1-bin-hadoop2.7/jars/ivy-2.4.0.jar
7feb65c1a000-7feb65c22000 r--s 00078000 ca:01 261805                     /home/ubuntu/spark-2.1.1-bin-hadoop2.7/jars/mail-1.4.7.jar
7feb65c22000-7feb65c27000 r--s 0004e000 ca:01 261582                     /home/ubuntu/spark-2.1.1-bin-hadoop2.7/jars/datanucleus-api-jdo-3.2.6.jar
7feb65c27000-7feb65cff000 r--s 00a88000 ca:01 261543                     /home/ubuntu/spark-2.1.1-bin-hadoop2.7/jars/spark-core_2.11-2.1.1.jar
7feb65cff000-7feb65d17000 r--s 001b6000 ca:01 261569                     /home/ubuntu/spark-2.1.1-bin-hadoop2.7/jars/datanucleus-core-3.2.10.jar
7feb65d17000-7feb65d2b000 r--s 000ec000 ca:01 261539                     /home/ubuntu/spark-2.1.1-bin-hadoop2.7/jars/parquet-jackson-1.8.1.jar
7feb65d2b000-7feb65d2d000 r--s 0000e000 ca:01 261785                     /home/ubuntu/spark-2.1.1-bin-hadoop2.7/jars/hadoop-mapreduce-client-jobclient-2.7.3.jar
7feb65d2d000-7feb65d2f000 r--s 0000e000 ca:01 261536                     /home/ubuntu/spark-2.1.1-bin-hadoop2.7/jars/oro-2.0.8.jar
7feb65d2f000-7feb65d31000 r--s 00003000 ca:01 261826                     /home/ubuntu/spark-2.1.1-bin-hadoop2.7/jars/JavaEWAH-0.3.2.jar
7feb65d31000-7feb65d33000 r--s 0000f000 ca:01 261757                     /home/ubuntu/spark-2.1.1-bin-hadoop2.7/jars/spark-launcher_2.11-2.1.1.jar
7feb65d33000-7feb65d55000 r--s 00335000 ca:01 261750                     /home/ubuntu/spark-2.1.1-bin-hadoop2.7/jars/mesos-1.0.0-shaded-protobuf.jar
7feb65d55000-7feb65d56000 r--s 00001000 ca:01 261610                     /home/ubuntu/spark-2.1.1-bin-hadoop2.7/jars/minlog-1.3.0.jar
7feb65d56000-7feb65d59000 r--s 0001a000 ca:01 261834                     /home/ubuntu/spark-2.1.1-bin-hadoop2.7/jars/py4j-0.10.4.jar
7feb65d59000-7feb65d5a000 r--s 00009000 ca:01 261601                     /home/ubuntu/spark-2.1.1-bin-hadoop2.7/jars/json4s-jackson_2.11-3.2.11.jar
7feb65d5a000-7feb65d5c000 r--s 0000d000 ca:01 261725                     /home/ubuntu/spark-2.1.1-bin-hadoop2.7/jars/hadoop-yarn-server-web-proxy-2.7.3.jar
7feb65d5c000-7feb65dbf000 r--s 004de000 ca:01 261719                     /home/ubuntu/spark-2.1.1-bin-hadoop2.7/jars/hive-metastore-1.2.1.spark2.jar
7feb65dbf000-7feb65dc6000 r--s 00039000 ca:01 261727                     /home/ubuntu/spark-2.1.1-bin-hadoop2.7/jars/calcite-avatica-1.2.0-incubating.jar
7feb65dc6000-7feb65dcd000 r--s 0003f000 ca:01 261603                     /home/ubuntu/spark-2.1.1-bin-hadoop2.7/jars/commons-codec-1.10.jar
7feb65dcd000-7feb65dcf000 r--s 00100000 ca:01 261842                     /home/ubuntu/spark-2.1.1-bin-hadoop2.7/jars/snappy-java-1.1.2.6.jar
7feb65dcf000-7feb65dd3000 r--s 00029000 ca:01 261591                     /home/ubuntu/spark-2.1.1-bin-hadoop2.7/jars/hk2-locator-2.4.0-b34.jar
7feb65dd3000-7feb65dd6000 r--s 0000d000 ca:01 261742                     /home/ubuntu/spark-2.1.1-bin-hadoop2.7/jars/spark-network-shuffle_2.11-2.1.1.jar
7feb65dd6000-7feb65dd7000 r--s 00006000 ca:01 261788                     /home/ubuntu/spark-2.1.1-bin-hadoop2.7/jars/jackson-xc-1.9.13.jar
7feb65dd7000-7feb65ded000 r--s 000d1000 ca:01 261585                     /home/ubuntu/spark-2.1.1-bin-hadoop2.7/jars/parquet-column-1.8.1.jar
7feb65ded000-7feb65e12000 rw-p 00000000 00:00 0 
7feb65e12000-7feb65f1e000 r--s 00dba000 ca:01 261859                     /home/ubuntu/spark-2.1.1-bin-hadoop2.7/jars/scala-compiler-2.11.8.jar
7feb65f1e000-7feb65f1f000 r--s 00002000 ca:01 261764                     /home/ubuntu/spark-2.1.1-bin-hadoop2.7/jars/jpam-1.1.jar
7feb65f1f000-7feb65f2e000 r--s 0009f000 ca:01 261734                     /home/ubuntu/spark-2.1.1-bin-hadoop2.7/jars/guice-3.0.jar
7feb65f2e000-7feb65f47000 r--s 00150000 ca:01 261626                     /home/ubuntu/spark-2.1.1-bin-hadoop2.7/jars/htrace-core-3.1.0-incubating.jar
7feb65f47000-7feb65f5d000 r--s 000d3000 ca:01 261625                     /home/ubuntu/spark-2.1.1-bin-hadoop2.7/jars/jersey-server-2.22.2.jar
7feb65f5d000-7feb65f5f000 r--s 00008000 ca:01 261581                     /home/ubuntu/spark-2.1.1-bin-hadoop2.7/jars/parquet-common-1.8.1.jar
7feb65f5f000-7feb65f61000 r--s 00002000 ca:01 261606                     /home/ubuntu/spark-2.1.1-bin-hadoop2.7/jars/aopalliance-repackaged-2.4.0-b34.jar
7feb65f61000-7feb65f65000 r--s 0003c000 ca:01 261854                     /home/ubuntu/spark-2.1.1-bin-hadoop2.7/jars/jackson-core-2.6.5.jar
7feb65f65000-7feb65f70000 r--s 00062000 ca:01 261729                     /home/ubuntu/spark-2.1.1-bin-hadoop2.7/jars/calcite-linq4j-1.2.0-incubating.jar
7feb65f70000-7feb65fa6000 r--s 0031c000 ca:01 261565                     /home/ubuntu/spark-2.1.1-bin-hadoop2.7/jars/hadoop-common-2.7.3.jar
7feb65fa6000-7feb65faa000 r--s 0001a000 ca:01 261579                     /home/ubuntu/spark-2.1.1-bin-hadoop2.7/jars/hk2-utils-2.4.0-b34.jar
7feb65faa000-7feb65fb6000 r--s 000b6000 ca:01 261831                     /home/ubuntu/spark-2.1.1-bin-hadoop2.7/jars/zookeeper-3.4.6.jar
7feb65fb6000-7feb65fbc000 r--s 00040000 ca:01 261709                     /home/ubuntu/spark-2.1.1-bin-hadoop2.7/jars/parquet-encoding-1.8.1.jar
7feb65fbc000-7feb65fc1000 r--s 00036000 ca:01 261574                     /home/ubuntu/spark-2.1.1-bin-hadoop2.7/jars/commons-compress-1.4.1.jar
7feb65fc1000-7feb65fee000 r--s 001d4000 ca:01 261863                     /home/ubuntu/spark-2.1.1-bin-hadoop2.7/jars/spark-streaming_2.11-2.1.1.jar
7feb65fee000-7feb65ff1000 r--s 00022000 ca:01 261806                     /home/ubuntu/spark-2.1.1-bin-hadoop2.7/jars/stringtemplate-3.2.1.jar
7feb65ff1000-7feb65ff8000 r--s 00036000 ca:01 261624                     /home/ubuntu/spark-2.1.1-bin-hadoop2.7/jars/curator-recipes-2.6.0.jar
7feb65ff8000-7feb65ffc000 r--s 00029000 ca:01 261548                     /home/ubuntu/spark-2.1.1-bin-hadoop2.7/jars/breeze-macros_2.11-0.12.jar
7feb65ffc000-7feb66000000 r--s 00036000 ca:01 261851                     /home/ubuntu/spark-2.1.1-bin-hadoop2.7/jars/ST4-4.0.4.jar
7feb66000000-7feb66004000 r--s 00018000 ca:01 261584                     /home/ubuntu/spark-2.1.1-bin-hadoop2.7/jars/metrics-core-3.1.2.jar
7feb66004000-7feb66012000 r--s 000b1000 ca:01 261754                     /home/ubuntu/spark-2.1.1-bin-hadoop2.7/jars/jackson-mapper-asl-1.9.13.jar
7feb66012000-7feb66022000 r--s 000a0000 ca:01 261599                     /home/ubuntu/spark-2.1.1-bin-hadoop2.7/jars/spark-yarn_2.11-2.1.1.jar
7feb66022000-7feb66023000 r--s 00003000 ca:01 261590                     /home/ubuntu/spark-2.1.1-bin-hadoop2.7/jars/spark-tags_2.11-2.1.1.jar
7feb66023000-7feb66035000 r--s 00097000 ca:01 261804                     /home/ubuntu/spark-2.1.1-bin-hadoop2.7/jars/apacheds-kerberos-codec-2.0.0-M15.jar
7feb66035000-7feb66038000 r--s 00017000 ca:01 261800                     /home/ubuntu/spark-2.1.1-bin-hadoop2.7/jars/jaxb-api-2.2.2.jar
7feb66038000-7feb6603a000 r--s 00009000 ca:01 261848                     /home/ubuntu/spark-2.1.1-bin-hadoop2.7/jars/objenesis-2.1.jar
7feb6603a000-7feb660a5000 r--s 00784000 ca:01 261535                     /home/ubuntu/spark-2.1.1-bin-hadoop2.7/jars/hadoop-hdfs-2.7.3.jar
7feb660a5000-7feb660a7000 r--s 00010000 ca:01 261752                     /home/ubuntu/spark-2.1.1-bin-hadoop2.7/jars/jersey-media-jaxb-2.22.2.jar
7feb660a7000-7feb660b4000 r--s 00083000 ca:01 261598                     /home/ubuntu/spark-2.1.1-bin-hadoop2.7/jars/commons-collections-3.2.2.jar
7feb660b4000-7feb660bb000 r--s 00051000 ca:01 261542                     /home/ubuntu/spark-2.1.1-bin-hadoop2.7/jars/kryo-shaded-3.0.3.jar
7feb660bb000-7feb660f2000 r--s 00325000 ca:01 261802                     /home/ubuntu/spark-2.1.1-bin-hadoop2.7/jars/calcite-core-1.2.0-incubating.jar
7feb660f2000-7feb660f5000 r--s 00012000 ca:01 261602                     /home/ubuntu/spark-2.1.1-bin-hadoop2.7/jars/json4s-ast_2.11-3.2.11.jar
7feb660f5000-7feb660f7000 r--s 0000e000 ca:01 261794                     /home/ubuntu/spark-2.1.1-bin-hadoop2.7/jars/commons-logging-1.1.3.jar
7feb660f7000-7feb661a0000 r--s 00a4f000 ca:01 261801                     /home/ubuntu/spark-2.1.1-bin-hadoop2.7/jars/hive-exec-1.2.1.spark2.jar
7feb661a0000-7feb661a1000 r--s 0000b000 ca:01 261631                     /home/ubuntu/spark-2.1.1-bin-hadoop2.7/jars/snappy-0.2.jar
7feb661a1000-7feb661a4000 r--s 00028000 ca:01 261541                     /home/ubuntu/spark-2.1.1-bin-hadoop2.7/jars/stream-2.7.0.jar
7feb661a4000-7feb661d8000 r--s 00277000 ca:01 261592                     /home/ubuntu/spark-2.1.1-bin-hadoop2.7/jars/parquet-hadoop-bundle-1.6.0.jar
7feb661d8000-7feb661dc000 r--s 0000c000 ca:01 261617                     /home/ubuntu/spark-2.1.1-bin-hadoop2.7/jars/validation-api-1.1.0.Final.jar
7feb661dc000-7feb66205000 r--s 001ee000 ca:01 261862                     /home/ubuntu/spark-2.1.1-bin-hadoop2.7/jars/guava-14.0.1.jar
7feb66205000-7feb66212000 r--s 00071000 ca:01 261832                     /home/ubuntu/spark-2.1.1-bin-hadoop2.7/jars/jackson-module-scala_2.11-2.6.5.jar
7feb66212000-7feb6622b000 r--s 00114000 ca:01 261577                     /home/ubuntu/spark-2.1.1-bin-hadoop2.7/jars/spark-hive_2.11-2.1.1.jar
7feb6622b000-7feb66243000 r--s 00115000 ca:01 261824                     /home/ubuntu/spark-2.1.1-bin-hadoop2.7/jars/netty-3.8.0.Final.jar
7feb66243000-7feb6629c000 r--s 00522000 ca:01 261865                     /home/ubuntu/spark-2.1.1-bin-hadoop2.7/jars/scala-library-2.11.8.jar
7feb6629c000-7feb662a3000 r--s 00049000 ca:01 261852                     /home/ubuntu/spark-2.1.1-bin-hadoop2.7/jars/univocity-parsers-2.2.1.jar
7feb662a3000-7feb662ef000 r--s 00411000 ca:01 261857                     /home/ubuntu/spark-2.1.1-bin-hadoop2.7/jars/scala-reflect-2.11.8.jar
7feb662ef000-7feb662fd000 r--s 0009d000 ca:01 261614                     /home/ubuntu/spark-2.1.1-bin-hadoop2.7/jars/jersey-common-2.22.2.jar
7feb662fd000-7feb66307000 r--s 000aa000 ca:01 261762                     /home/ubuntu/spark-2.1.1-bin-hadoop2.7/jars/janino-3.0.0.jar
7feb66307000-7feb66308000 r--s 00008000 ca:01 261844                     /home/ubuntu/spark-2.1.1-bin-hadoop2.7/jars/commons-compiler-3.0.0.jar
7feb66308000-7feb66311000 r--s 00097000 ca:01 261837                     /home/ubuntu/spark-2.1.1-bin-hadoop2.7/jars/pmml-model-1.2.15.jar
7feb66311000-7feb66313000 r--s 00005000 ca:01 261741                     /home/ubuntu/spark-2.1.1-bin-hadoop2.7/jars/stax-api-1.0.1.jar
7feb66313000-7feb66317000 r--s 00035000 ca:01 261597                     /home/ubuntu/spark-2.1.1-bin-hadoop2.7/jars/jackson-core-asl-1.9.13.jar
7feb66317000-7feb6631a000 r--s 00019000 ca:01 261530                     /home/ubuntu/spark-2.1.1-bin-hadoop2.7/jars/bonecp-0.8.0.RELEASE.jar
7feb6631a000-7feb6631c000 r--s 00038000 ca:01 261789                     /home/ubuntu/spark-2.1.1-bin-hadoop2.7/jars/lz4-1.3.0.jar
7feb6631c000-7feb66335000 r--s 00164000 ca:01 261738                     /home/ubuntu/spark-2.1.1-bin-hadoop2.7/jars/hadoop-mapreduce-client-core-2.7.3.jar
7feb66335000-7feb66338000 r--s 00026000 ca:01 261792                     /home/ubuntu/spark-2.1.1-bin-hadoop2.7/jars/hadoop-yarn-client-2.7.3.jar
7feb66338000-7feb6633a000 r--s 00017000 ca:01 261607                     /home/ubuntu/spark-2.1.1-bin-hadoop2.7/jars/hive-jdbc-1.2.1.spark2.jar
7feb6633a000-7feb663bb000 r--s 005d9000 ca:01 261746                     /home/ubuntu/spark-2.1.1-bin-hadoop2.7/jars/spark-sql_2.11-2.1.1.jar
7feb663bb000-7feb663bc000 r--s 00006000 ca:01 261755                     /home/ubuntu/spark-2.1.1-bin-hadoop2.7/jars/hadoop-client-2.7.3.jar
7feb663bc000-7feb663c3000 r--s 00058000 ca:01 261609                     /home/ubuntu/spark-2.1.1-bin-hadoop2.7/jars/hadoop-yarn-server-common-2.7.3.jar
7feb663c3000-7feb663c4000 r--s 0000a000 ca:01 261616                     /home/ubuntu/spark-2.1.1-bin-hadoop2.7/jars/apacheds-i18n-2.0.0-M15.jar
7feb663c4000-7feb663c5000 r--s 00000000 ca:01 261600                     /home/ubuntu/spark-2.1.1-bin-hadoop2.7/jars/javax.inject-1.jar
7feb663c5000-7feb663cb000 r--s 00045000 ca:01 261605                     /home/ubuntu/spark-2.1.1-bin-hadoop2.7/jars/commons-httpclient-3.1.jar
7feb663cb000-7feb663d8000 r--s 000a7000 ca:01 261627                     /home/ubuntu/spark-2.1.1-bin-hadoop2.7/jars/httpclient-4.5.2.jar
7feb663d8000-7feb663da000 r--s 0001f000 ca:01 261825                     /home/ubuntu/spark-2.1.1-bin-hadoop2.7/jars/commons-crypto-1.0.0.jar
7feb663da000-7feb663df000 r--s 0002a000 ca:01 261735                     /home/ubuntu/spark-2.1.1-bin-hadoop2.7/jars/gson-2.2.4.jar
7feb663df000-7feb6641f000 r--s 00277000 ca:01 261767                     /home/ubuntu/spark-2.1.1-bin-hadoop2.7/jars/bcprov-jdk15on-1.51.jar
7feb6641f000-7feb66422000 r--s 00016000 ca:01 261593                     /home/ubuntu/spark-2.1.1-bin-hadoop2.7/jars/jsp-api-2.1.jar
7feb66422000-7feb66423000 r--s 00001000 ca:01 261838                     /home/ubuntu/spark-2.1.1-bin-hadoop2.7/jars/javax.inject-2.4.0-b34.jar
7feb66423000-7feb66425000 r--s 00015000 ca:01 261547                     /home/ubuntu/spark-2.1.1-bin-hadoop2.7/jars/hadoop-auth-2.7.3.jar
7feb66425000-7feb66429000 r--s 0002f000 ca:01 261795                     /home/ubuntu/spark-2.1.1-bin-hadoop2.7/jars/commons-beanutils-core-1.8.0.jar
7feb66429000-7feb66458000 r--s 002e5000 ca:01 261846                     /home/ubuntu/spark-2.1.1-bin-hadoop2.7/jars/derby-10.12.1.1.jar
7feb66458000-7feb6645a000 r--s 00008000 ca:01 261544                     /home/ubuntu/spark-2.1.1-bin-hadoop2.7/jars/metrics-jvm-3.1.2.jar
7feb6645a000-7feb6645d000 r--s 00015000 ca:01 261723                     /home/ubuntu/spark-2.1.1-bin-hadoop2.7/jars/pyrolite-4.13.jar
7feb6645d000-7feb6645f000 r--s 0000e000 ca:01 261760                     /home/ubuntu/spark-2.1.1-bin-hadoop2.7/jars/spark-repl_2.11-2.1.1.jar
7feb6645f000-7feb66468000 r--s 0006f000 ca:01 261724                     /home/ubuntu/spark-2.1.1-bin-hadoop2.7/jars/log4j-1.2.17.jar
7feb66468000-7feb6646c000 r--s 00025000 ca:01 261850                     /home/ubuntu/spark-2.1.1-bin-hadoop2.7/jars/jersey-client-2.22.2.jar
7feb6646c000-7feb66473000 r--s 00058000 ca:01 261589                     /home/ubuntu/spark-2.1.1-bin-hadoop2.7/jars/parquet-format-2.3.0-incubating.jar
7feb66473000-7feb66475000 r--s 00003000 ca:01 261615                     /home/ubuntu/spark-2.1.1-bin-hadoop2.7/jars/api-asn1-api-1.0.0-M20.jar
7feb66475000-7feb6647f000 r--s 0007b000 ca:01 261847                     /home/ubuntu/spark-2.1.1-bin-hadoop2.7/jars/hadoop-mapreduce-client-app-2.7.3.jar
7feb6647f000-7feb66482000 r--s 0000e000 ca:01 261575                     /home/ubuntu/spark-2.1.1-bin-hadoop2.7/jars/jersey-container-servlet-core-2.22.2.jar
7feb66482000-7feb66486000 r--s 00025000 ca:01 261538                     /home/ubuntu/spark-2.1.1-bin-hadoop2.7/jars/antlr-runtime-3.4.jar
7feb66486000-7feb66497000 r--s 00089000 ca:01 261623                     /home/ubuntu/spark-2.1.1-bin-hadoop2.7/jars/joda-time-2.9.3.jar
7feb66497000-7feb66499000 r--s 00005000 ca:01 261743                     /home/ubuntu/spark-2.1.1-bin-hadoop2.7/jars/javax.annotation-api-1.2.jar
7feb66499000-7feb6649e000 r--s 00032000 ca:01 261864                     /home/ubuntu/spark-2.1.1-bin-hadoop2.7/jars/chill_2.11-0.8.0.jar
7feb6649e000-7feb664a9000 r--s 0005d000 ca:01 261853                     /home/ubuntu/spark-2.1.1-bin-hadoop2.7/jars/scala-parser-combinators_2.11-1.0.4.jar
7feb664a9000-7feb664bb000 r--s 00112000 ca:01 261835                     /home/ubuntu/spark-2.1.1-bin-hadoop2.7/jars/arpack_combined_all-0.1.jar
7feb664bb000-7feb664d3000 r--s 000d6000 ca:01 261571                     /home/ubuntu/spark-2.1.1-bin-hadoop2.7/jars/jersey-guava-2.22.2.jar
7feb664d3000-7feb664d9000 r--s 0002c000 ca:01 261828                     /home/ubuntu/spark-2.1.1-bin-hadoop2.7/jars/jdo-api-3.0.1.jar
7feb664d9000-7feb664e0000 r--s 00046000 ca:01 261797                     /home/ubuntu/spark-2.1.1-bin-hadoop2.7/jars/libfb303-0.9.3.jar
7feb664e0000-7feb664e2000 r--s 00010000 ca:01 261622                     /home/ubuntu/spark-2.1.1-bin-hadoop2.7/jars/hadoop-mapreduce-client-shuffle-2.7.3.jar
7feb664e2000-7feb664e4000 r--s 00000000 ca:01 261836                     /home/ubuntu/spark-2.1.1-bin-hadoop2.7/jars/jul-to-slf4j-1.7.16.jar
7feb664e4000-7feb664e7000 r--s 00014000 ca:01 261761                     /home/ubuntu/spark-2.1.1-bin-hadoop2.7/jars/super-csv-2.2.0.jar
7feb664e7000-7feb664f9000 r--s 000b3000 ca:01 261829                     /home/ubuntu/spark-2.1.1-bin-hadoop2.7/jars/scalap-2.11.8.jar
7feb664f9000-7feb664fb000 r--s 00003000 ca:01 261843                     /home/ubuntu/spark-2.1.1-bin-hadoop2.7/jars/base64-2.3.8.jar
7feb664fb000-7feb664fd000 r--s 00003000 ca:01 261570                     /home/ubuntu/spark-2.1.1-bin-hadoop2.7/jars/jersey-container-servlet-2.22.2.jar
7feb664fd000-7feb66507000 r--s 000a5000 ca:01 261766                     /home/ubuntu/spark-2.1.1-bin-hadoop2.7/jars/javassist-3.18.1-GA.jar
7feb66507000-7feb6651f000 r--s 00115000 ca:01 261537                     /home/ubuntu/spark-2.1.1-bin-hadoop2.7/jars/xercesImpl-2.9.1.jar
7feb6651f000-7feb66522000 r--s 00021000 ca:01 261596                     /home/ubuntu/spark-2.1.1-bin-hadoop2.7/jars/xbean-asm5-shaded-4.4.jar
7feb66522000-7feb66525000 r--s 00025000 ca:01 261618                     /home/ubuntu/spark-2.1.1-bin-hadoop2.7/jars/commons-dbcp-1.4.jar
7feb66525000-7feb6654c000 r--s 0020f000 ca:01 261726                     /home/ubuntu/spark-2.1.1-bin-hadoop2.7/jars/netty-all-4.0.42.Final.jar
7feb6654c000-7feb6654f000 r--s 00015000 ca:01 261620                     /home/ubuntu/spark-2.1.1-bin-hadoop2.7/jars/commons-pool-1.5.4.jar
7feb6654f000-7feb665a4000 r--s 0069c000 ca:01 261595                     /home/ubuntu/spark-2.1.1-bin-hadoop2.7/jars/spire_2.11-0.7.4.jar
7feb665a4000-7feb665a6000 r--s 00004000 ca:01 261787                     /home/ubuntu/spark-2.1.1-bin-hadoop2.7/jars/metrics-graphite-3.1.2.jar
7feb665a6000-7feb665ab000 r--s 00027000 ca:01 261861                     /home/ubuntu/spark-2.1.1-bin-hadoop2.7/jars/hk2-api-2.4.0-b34.jar
7feb665ab000-7feb665b1000 r--s 00034000 ca:01 261799                     /home/ubuntu/spark-2.1.1-bin-hadoop2.7/jars/libthrift-0.9.3.jar
7feb665b1000-7feb665cc000 r--s 001d6000 ca:01 286319                     /usr/lib/jvm/java-8-openjdk-amd64/jre/lib/ext/nashorn.jar
7feb665cc000-7feb665cd000 ---p 00000000 00:00 0 
7feb665cd000-7feb666cd000 rw-p 00000000 00:00 0 
7feb666cd000-7feb666d0000 ---p 00000000 00:00 0 
7feb666d0000-7feb667ce000 rw-p 00000000 00:00 0 
7feb667ce000-7feb667d1000 ---p 00000000 00:00 0 
7feb667d1000-7feb668cf000 rw-p 00000000 00:00 0 
7feb668cf000-7feb668d2000 ---p 00000000 00:00 0 
7feb668d2000-7feb669d0000 rw-p 00000000 00:00 0 
7feb669d0000-7feb669d3000 ---p 00000000 00:00 0 
7feb669d3000-7feb66ad1000 rw-p 00000000 00:00 0 
7feb66ad1000-7feb66c69000 r--p 00000000 ca:01 29052                      /usr/lib/locale/locale-archive
7feb66c69000-7feb66c6c000 ---p 00000000 00:00 0 
7feb66c6c000-7feb66d6a000 rw-p 00000000 00:00 0 
7feb66d6a000-7feb66d6d000 ---p 00000000 00:00 0 
7feb66d6d000-7feb66e6b000 rw-p 00000000 00:00 0 
7feb66e6b000-7feb66e6c000 ---p 00000000 00:00 0 
7feb66e6c000-7feb66f6c000 rw-p 00000000 00:00 0 
7feb66f6c000-7feb6713c000 r--s 03c5c000 ca:01 286303                     /usr/lib/jvm/java-8-openjdk-amd64/jre/lib/rt.jar
7feb6713c000-7feb679b2000 rw-p 00000000 00:00 0 
7feb679b2000-7feb67a00000 rw-p 00000000 00:00 0 
7feb67a00000-7feb67a5c000 ---p 00000000 00:00 0 
7feb67a5c000-7feb67af8000 rw-p 00000000 00:00 0 
7feb67af8000-7feb67bb2000 ---p 00000000 00:00 0 
7feb67bb2000-7feb67c20000 rw-p 00000000 00:00 0 
7feb67c20000-7feb67f73000 ---p 00000000 00:00 0 
7feb67f73000-7feb69ab3000 rwxp 00000000 00:00 0 
7feb69ab3000-7feb76f73000 ---p 00000000 00:00 0 
7feb76f73000-7feb76f7b000 r-xp 00000000 ca:01 286357                     /usr/lib/jvm/java-8-openjdk-amd64/jre/lib/amd64/libzip.so
7feb76f7b000-7feb7717a000 ---p 00008000 ca:01 286357                     /usr/lib/jvm/java-8-openjdk-amd64/jre/lib/amd64/libzip.so
7feb7717a000-7feb7717b000 r--p 00007000 ca:01 286357                     /usr/lib/jvm/java-8-openjdk-amd64/jre/lib/amd64/libzip.so
7feb7717b000-7feb7717c000 rw-p 00008000 ca:01 286357                     /usr/lib/jvm/java-8-openjdk-amd64/jre/lib/amd64/libzip.so
7feb7717c000-7feb77187000 r-xp 00000000 ca:01 1993                       /lib/x86_64-linux-gnu/libnss_files-2.23.so
7feb77187000-7feb77386000 ---p 0000b000 ca:01 1993                       /lib/x86_64-linux-gnu/libnss_files-2.23.so
7feb77386000-7feb77387000 r--p 0000a000 ca:01 1993                       /lib/x86_64-linux-gnu/libnss_files-2.23.so
7feb77387000-7feb77388000 rw-p 0000b000 ca:01 1993                       /lib/x86_64-linux-gnu/libnss_files-2.23.so
7feb77388000-7feb7738e000 rw-p 00000000 00:00 0 
7feb7738e000-7feb77399000 r-xp 00000000 ca:01 1997                       /lib/x86_64-linux-gnu/libnss_nis-2.23.so
7feb77399000-7feb77598000 ---p 0000b000 ca:01 1997                       /lib/x86_64-linux-gnu/libnss_nis-2.23.so
7feb77598000-7feb77599000 r--p 0000a000 ca:01 1997                       /lib/x86_64-linux-gnu/libnss_nis-2.23.so
7feb77599000-7feb7759a000 rw-p 0000b000 ca:01 1997                       /lib/x86_64-linux-gnu/libnss_nis-2.23.so
7feb7759a000-7feb775b0000 r-xp 00000000 ca:01 1977                       /lib/x86_64-linux-gnu/libnsl-2.23.so
7feb775b0000-7feb777af000 ---p 00016000 ca:01 1977                       /lib/x86_64-linux-gnu/libnsl-2.23.so
7feb777af000-7feb777b0000 r--p 00015000 ca:01 1977                       /lib/x86_64-linux-gnu/libnsl-2.23.so
7feb777b0000-7feb777b1000 rw-p 00016000 ca:01 1977                       /lib/x86_64-linux-gnu/libnsl-2.23.so
7feb777b1000-7feb777b3000 rw-p 00000000 00:00 0 
7feb777b3000-7feb777bb000 r-xp 00000000 ca:01 1988                       /lib/x86_64-linux-gnu/libnss_compat-2.23.so
7feb777bb000-7feb779ba000 ---p 00008000 ca:01 1988                       /lib/x86_64-linux-gnu/libnss_compat-2.23.so
7feb779ba000-7feb779bb000 r--p 00007000 ca:01 1988                       /lib/x86_64-linux-gnu/libnss_compat-2.23.so
7feb779bb000-7feb779bc000 rw-p 00008000 ca:01 1988                       /lib/x86_64-linux-gnu/libnss_compat-2.23.so
7feb779bc000-7feb779e5000 r-xp 00000000 ca:01 286342                     /usr/lib/jvm/java-8-openjdk-amd64/jre/lib/amd64/libjava.so
7feb779e5000-7feb77be4000 ---p 00029000 ca:01 286342                     /usr/lib/jvm/java-8-openjdk-amd64/jre/lib/amd64/libjava.so
7feb77be4000-7feb77be5000 r--p 00028000 ca:01 286342                     /usr/lib/jvm/java-8-openjdk-amd64/jre/lib/amd64/libjava.so
7feb77be5000-7feb77be7000 rw-p 00029000 ca:01 286342                     /usr/lib/jvm/java-8-openjdk-amd64/jre/lib/amd64/libjava.so
7feb77be7000-7feb77bf6000 r-xp 00000000 ca:01 286359                     /usr/lib/jvm/java-8-openjdk-amd64/jre/lib/amd64/libverify.so
7feb77bf6000-7feb77df5000 ---p 0000f000 ca:01 286359                     /usr/lib/jvm/java-8-openjdk-amd64/jre/lib/amd64/libverify.so
7feb77df5000-7feb77df7000 r--p 0000e000 ca:01 286359                     /usr/lib/jvm/java-8-openjdk-amd64/jre/lib/amd64/libverify.so
7feb77df7000-7feb77df8000 rw-p 00010000 ca:01 286359                     /usr/lib/jvm/java-8-openjdk-amd64/jre/lib/amd64/libverify.so
7feb77df8000-7feb77dff000 r-xp 00000000 ca:01 1998                       /lib/x86_64-linux-gnu/librt-2.23.so
7feb77dff000-7feb77ffe000 ---p 00007000 ca:01 1998                       /lib/x86_64-linux-gnu/librt-2.23.so
7feb77ffe000-7feb77fff000 r--p 00006000 ca:01 1998                       /lib/x86_64-linux-gnu/librt-2.23.so
7feb77fff000-7feb78000000 rw-p 00007000 ca:01 1998                       /lib/x86_64-linux-gnu/librt-2.23.so
7feb78000000-7feb78da5000 rw-p 00000000 00:00 0 
7feb78da5000-7feb7c000000 ---p 00000000 00:00 0 
7feb7c000000-7feb7c001000 r--s 00002000 ca:01 261586                     /home/ubuntu/spark-2.1.1-bin-hadoop2.7/jars/java-xmlbuilder-1.0.jar
7feb7c001000-7feb7c01c000 r--s 00394000 ca:01 286322                     /usr/lib/jvm/java-8-openjdk-amd64/jre/lib/ext/cldrdata.jar
7feb7c01c000-7feb7c0b8000 rw-p 00000000 00:00 0 
7feb7c0b8000-7feb7c172000 ---p 00000000 00:00 0 
7feb7c172000-7feb7c188000 r-xp 00000000 ca:01 1975                       /lib/x86_64-linux-gnu/libgcc_s.so.1
7feb7c188000-7feb7c387000 ---p 00016000 ca:01 1975                       /lib/x86_64-linux-gnu/libgcc_s.so.1
7feb7c387000-7feb7c388000 rw-p 00015000 ca:01 1975                       /lib/x86_64-linux-gnu/libgcc_s.so.1
7feb7c388000-7feb7c490000 r-xp 00000000 ca:01 1976                       /lib/x86_64-linux-gnu/libm-2.23.so
7feb7c490000-7feb7c68f000 ---p 00108000 ca:01 1976                       /lib/x86_64-linux-gnu/libm-2.23.so
7feb7c68f000-7feb7c690000 r--p 00107000 ca:01 1976                       /lib/x86_64-linux-gnu/libm-2.23.so
7feb7c690000-7feb7c691000 rw-p 00108000 ca:01 1976                       /lib/x86_64-linux-gnu/libm-2.23.so
7feb7c691000-7feb7c803000 r-xp 00000000 ca:01 7979                       /usr/lib/x86_64-linux-gnu/libstdc++.so.6.0.21
7feb7c803000-7feb7ca03000 ---p 00172000 ca:01 7979                       /usr/lib/x86_64-linux-gnu/libstdc++.so.6.0.21
7feb7ca03000-7feb7ca0d000 r--p 00172000 ca:01 7979                       /usr/lib/x86_64-linux-gnu/libstdc++.so.6.0.21
7feb7ca0d000-7feb7ca0f000 rw-p 0017c000 ca:01 7979                       /usr/lib/x86_64-linux-gnu/libstdc++.so.6.0.21
7feb7ca0f000-7feb7ca13000 rw-p 00000000 00:00 0 
7feb7ca13000-7feb7d677000 r-xp 00000000 ca:01 286369                     /usr/lib/jvm/java-8-openjdk-amd64/jre/lib/amd64/server/libjvm.so
7feb7d677000-7feb7d876000 ---p 00c64000 ca:01 286369                     /usr/lib/jvm/java-8-openjdk-amd64/jre/lib/amd64/server/libjvm.so
7feb7d876000-7feb7d90a000 r--p 00c63000 ca:01 286369                     /usr/lib/jvm/java-8-openjdk-amd64/jre/lib/amd64/server/libjvm.so
7feb7d90a000-7feb7d933000 rw-p 00cf7000 ca:01 286369                     /usr/lib/jvm/java-8-openjdk-amd64/jre/lib/amd64/server/libjvm.so
7feb7d933000-7feb7d963000 rw-p 00000000 00:00 0 
7feb7d963000-7feb7d97b000 r-xp 00000000 ca:01 1979                       /lib/x86_64-linux-gnu/libpthread-2.23.so
7feb7d97b000-7feb7db7a000 ---p 00018000 ca:01 1979                       /lib/x86_64-linux-gnu/libpthread-2.23.so
7feb7db7a000-7feb7db7b000 r--p 00017000 ca:01 1979                       /lib/x86_64-linux-gnu/libpthread-2.23.so
7feb7db7b000-7feb7db7c000 rw-p 00018000 ca:01 1979                       /lib/x86_64-linux-gnu/libpthread-2.23.so
7feb7db7c000-7feb7db80000 rw-p 00000000 00:00 0 
7feb7db80000-7feb7db83000 r-xp 00000000 ca:01 1982                       /lib/x86_64-linux-gnu/libdl-2.23.so
7feb7db83000-7feb7dd82000 ---p 00003000 ca:01 1982                       /lib/x86_64-linux-gnu/libdl-2.23.so
7feb7dd82000-7feb7dd83000 r--p 00002000 ca:01 1982                       /lib/x86_64-linux-gnu/libdl-2.23.so
7feb7dd83000-7feb7dd84000 rw-p 00003000 ca:01 1982                       /lib/x86_64-linux-gnu/libdl-2.23.so
7feb7dd84000-7feb7dd9d000 r-xp 00000000 ca:01 2129                       /lib/x86_64-linux-gnu/libz.so.1.2.8
7feb7dd9d000-7feb7df9c000 ---p 00019000 ca:01 2129                       /lib/x86_64-linux-gnu/libz.so.1.2.8
7feb7df9c000-7feb7df9d000 r--p 00018000 ca:01 2129                       /lib/x86_64-linux-gnu/libz.so.1.2.8
7feb7df9d000-7feb7df9e000 rw-p 00019000 ca:01 2129                       /lib/x86_64-linux-gnu/libz.so.1.2.8
7feb7df9e000-7feb7e15e000 r-xp 00000000 ca:01 1980                       /lib/x86_64-linux-gnu/libc-2.23.so
7feb7e15e000-7feb7e35e000 ---p 001c0000 ca:01 1980                       /lib/x86_64-linux-gnu/libc-2.23.so
7feb7e35e000-7feb7e362000 r--p 001c0000 ca:01 1980                       /lib/x86_64-linux-gnu/libc-2.23.so
7feb7e362000-7feb7e364000 rw-p 001c4000 ca:01 1980                       /lib/x86_64-linux-gnu/libc-2.23.so
7feb7e364000-7feb7e368000 rw-p 00000000 00:00 0 
7feb7e368000-7feb7e375000 r-xp 00000000 ca:01 286351                     /usr/lib/jvm/java-8-openjdk-amd64/jre/lib/amd64/jli/libjli.so
7feb7e375000-7feb7e574000 ---p 0000d000 ca:01 286351                     /usr/lib/jvm/java-8-openjdk-amd64/jre/lib/amd64/jli/libjli.so
7feb7e574000-7feb7e575000 r--p 0000c000 ca:01 286351                     /usr/lib/jvm/java-8-openjdk-amd64/jre/lib/amd64/jli/libjli.so
7feb7e575000-7feb7e576000 rw-p 0000d000 ca:01 286351                     /usr/lib/jvm/java-8-openjdk-amd64/jre/lib/amd64/jli/libjli.so
7feb7e576000-7feb7e59c000 r-xp 00000000 ca:01 1978                       /lib/x86_64-linux-gnu/ld-2.23.so
7feb7e59c000-7feb7e59d000 r--s 00009000 ca:01 261534                     /home/ubuntu/spark-2.1.1-bin-hadoop2.7/jars/hadoop-annotations-2.7.3.jar
7feb7e59d000-7feb7e59e000 r--s 00003000 ca:01 261827                     /home/ubuntu/spark-2.1.1-bin-hadoop2.7/jars/metrics-json-3.1.2.jar
7feb7e59e000-7feb7e5a0000 r--s 0000f000 ca:01 261715                     /home/ubuntu/spark-2.1.1-bin-hadoop2.7/jars/curator-client-2.6.0.jar
7feb7e5a0000-7feb7e5a3000 r--s 0000f000 ca:01 286318                     /usr/lib/jvm/java-8-openjdk-amd64/jre/lib/ext/icedtea-sound.jar
7feb7e5a3000-7feb7e5a4000 r--s 00010000 ca:01 286325                     /usr/lib/jvm/java-8-openjdk-amd64/jre/lib/ext/zipfs.jar
7feb7e5a4000-7feb7e5a7000 r--s 00039000 ca:01 286321                     /usr/lib/jvm/java-8-openjdk-amd64/jre/lib/ext/sunpkcs11.jar
7feb7e5a7000-7feb7e5a8000 r--s 0000a000 ca:01 286320                     /usr/lib/jvm/java-8-openjdk-amd64/jre/lib/ext/jaccess.jar
7feb7e5a8000-7feb7e5aa000 r--s 00001000 ca:01 286323                     /usr/lib/jvm/java-8-openjdk-amd64/jre/lib/ext/dnsns.jar
7feb7e5aa000-7feb7e5b4000 r--s 00116000 ca:01 286326                     /usr/lib/jvm/java-8-openjdk-amd64/jre/lib/ext/localedata.jar
7feb7e5b4000-7feb7e685000 rw-p 00000000 00:00 0 
7feb7e685000-7feb7e68d000 rw-s 00000000 ca:01 770246                     /tmp/hsperfdata_ubuntu/30400
7feb7e68d000-7feb7e690000 ---p 00000000 00:00 0 
7feb7e690000-7feb7e792000 rw-p 00000000 00:00 0 
7feb7e792000-7feb7e797000 r--s 0003c000 ca:01 286324                     /usr/lib/jvm/java-8-openjdk-amd64/jre/lib/ext/sunjce_provider.jar
7feb7e797000-7feb7e798000 r--s 0000d000 ca:01 286317                     /usr/lib/jvm/java-8-openjdk-amd64/jre/lib/ext/sunec.jar
7feb7e798000-7feb7e799000 rw-p 00000000 00:00 0 
7feb7e799000-7feb7e79a000 ---p 00000000 00:00 0 
7feb7e79a000-7feb7e79b000 rw-p 00000000 00:00 0 
7feb7e79b000-7feb7e79c000 r--p 00025000 ca:01 1978                       /lib/x86_64-linux-gnu/ld-2.23.so
7feb7e79c000-7feb7e79d000 rw-p 00026000 ca:01 1978                       /lib/x86_64-linux-gnu/ld-2.23.so
7feb7e79d000-7feb7e79e000 rw-p 00000000 00:00 0 
7ffd413aa000-7ffd413cb000 rw-p 00000000 00:00 0                          [stack]
7ffd413f0000-7ffd413f3000 r--p 00000000 00:00 0                          [vvar]
7ffd413f3000-7ffd413f5000 r-xp 00000000 00:00 0                          [vdso]
ffffffffff600000-ffffffffff601000 r-xp 00000000 00:00 0                  [vsyscall]

VM Arguments:
jvm_args: -Xmx1g 
java_command: org.apache.spark.deploy.SparkSubmit --conf spark.app.name=Data_Mining_GlobalTerrorism pyspark-shell
java_class_path (initial): /home/ubuntu/spark-2.1.1-bin-hadoop2.7/conf/:/home/ubuntu/spark-2.1.1-bin-hadoop2.7/jars/libthrift-0.9.3.jar:/home/ubuntu/spark-2.1.1-bin-hadoop2.7/jars/curator-client-2.6.0.jar:/home/ubuntu/spark-2.1.1-bin-hadoop2.7/jars/hk2-api-2.4.0-b34.jar:/home/ubuntu/spark-2.1.1-bin-hadoop2.7/jars/metrics-json-3.1.2.jar:/home/ubuntu/spark-2.1.1-bin-hadoop2.7/jars/metrics-graphite-3.1.2.jar:/home/ubuntu/spark-2.1.1-bin-hadoop2.7/jars/spire_2.11-0.7.4.jar:/home/ubuntu/spark-2.1.1-bin-hadoop2.7/jars/commons-pool-1.5.4.jar:/home/ubuntu/spark-2.1.1-bin-hadoop2.7/jars/netty-all-4.0.42.Final.jar:/home/ubuntu/spark-2.1.1-bin-hadoop2.7/jars/commons-dbcp-1.4.jar:/home/ubuntu/spark-2.1.1-bin-hadoop2.7/jars/xbean-asm5-shaded-4.4.jar:/home/ubuntu/spark-2.1.1-bin-hadoop2.7/jars/xercesImpl-2.9.1.jar:/home/ubuntu/spark-2.1.1-bin-hadoop2.7/jars/hadoop-annotations-2.7.3.jar:/home/ubuntu/spark-2.1.1-bin-hadoop2.7/jars/javassist-3.18.1-GA.jar:/home/ubuntu/spark-2.1.1-bin-hadoop2.7/jars/jersey-container-servlet-2.22.2.jar:/home/ubuntu/spark-2.1.1-bin-hadoop2.7/jars/base64-2.3.8.jar:/home/ubuntu/spark-2.1.1-bin-hadoop2.7/jars/scalap-2.11.8.jar:/home/ubuntu/spark-2.1.1-bin-hadoop2.7/jars/super-csv-2.2.0.jar:/home/ubuntu/spark-2.1.1-bin-hadoop2.7/jars/jul-to-slf4j-1.7.16.jar:/home/ubuntu/spark-2.1.1-bin-hadoop2.7/jars/hadoop-mapreduce-client-shuffle-2.7.3.jar:/home/ubuntu/spark-2.1.1-bin-hadoop2.7/jars/libfb303-0.9.3.jar:/home/ubuntu/spark-2.1.1-bin-hadoop2.7/jars/jdo-api-3.0.1.jar:/home/ubuntu/spark-2.1.1-bin-hadoop2.7/jars/jersey-guava-2.22.2.jar:/home/ubuntu/spark-2.1.1-bin-hadoop2.7/jars/arpack_combined_all-0.1.jar:/home/ubuntu/spark-2.1.1-bin-hadoop2.7/jars/scala-parser-combinators_2.11-1.0.4.jar:/home/ubuntu/spark-2.1.1-bin-hadoop2.7/jars/chill_2.11-0.8.0.jar:/home/ubuntu/spark-2.1.1-bin-hadoop2.7/jars/javax.annotation-api-1.2.jar:/home/ubuntu/spark-2.1.1-bin-hadoop2.7/jars/joda-time-2.9.3.jar:/home/ubuntu/spark-2.1.1-bin-hadoop2.7/jars/antlr-runtime-3.4.jar:/home/u
Launcher Type: SUN_STANDARD

Environment Variables:
PATH=/home/ubuntu/.local/bin:/home/ubuntu/bin:/home/ubuntu/.local/bin:/usr/local/sbin:/usr/local/bin:/usr/sbin:/usr/bin:/sbin:/bin:/usr/games:/usr/local/games:/snap/bin
SHELL=/bin/bash

Signal Handlers:
SIGSEGV: [libjvm.so+0xa783e0], sa_mask[0]=11111111011111111101111111111110, sa_flags=SA_RESTART|SA_SIGINFO
SIGBUS: [libjvm.so+0xa783e0], sa_mask[0]=11111111011111111101111111111110, sa_flags=SA_RESTART|SA_SIGINFO
SIGFPE: [libjvm.so+0x8c0e10], sa_mask[0]=11111111011111111101111111111110, sa_flags=SA_RESTART|SA_SIGINFO
SIGPIPE: [libjvm.so+0x8c0e10], sa_mask[0]=11111111011111111101111111111110, sa_flags=SA_RESTART|SA_SIGINFO
SIGXFSZ: [libjvm.so+0x8c0e10], sa_mask[0]=11111111011111111101111111111110, sa_flags=SA_RESTART|SA_SIGINFO
SIGILL: [libjvm.so+0x8c0e10], sa_mask[0]=11111111011111111101111111111110, sa_flags=SA_RESTART|SA_SIGINFO
SIGUSR1: SIG_DFL, sa_mask[0]=00000000000000000000000000000000, sa_flags=none
SIGUSR2: [libjvm.so+0x8c0cc0], sa_mask[0]=00000000000000000000000000000000, sa_flags=SA_RESTART|SA_SIGINFO
SIGHUP: [libjvm.so+0x8c1350], sa_mask[0]=11111111011111111101111111111110, sa_flags=SA_RESTART|SA_SIGINFO
SIGINT: SIG_IGN, sa_mask[0]=00000000000000000000000000000000, sa_flags=none
SIGTERM: [libjvm.so+0x8c1350], sa_mask[0]=11111111011111111101111111111110, sa_flags=SA_RESTART|SA_SIGINFO
SIGQUIT: [libjvm.so+0x8c1350], sa_mask[0]=11111111011111111101111111111110, sa_flags=SA_RESTART|SA_SIGINFO


---------------  S Y S T E M  ---------------

OS:DISTRIB_ID=Ubuntu
DISTRIB_RELEASE=16.04
DISTRIB_CODENAME=xenial
DISTRIB_DESCRIPTION="Ubuntu 16.04.4 LTS"

uname:Linux 4.4.0-1065-aws #75-Ubuntu SMP Fri Aug 10 11:14:32 UTC 2018 x86_64
libc:glibc 2.23 NPTL 2.23 
rlimit: STACK 8192k, CORE 0k, NPROC 3900, NOFILE 1048576, AS infinity
load average:1.30 2.97 2.92

/proc/meminfo:
MemTotal:        1014500 kB
MemFree:           77496 kB
MemAvailable:      31628 kB
Buffers:            2960 kB
Cached:            41540 kB
SwapCached:            0 kB
Active:           848232 kB
Inactive:          26308 kB
Active(anon):     832872 kB
Inactive(anon):    10328 kB
Active(file):      15360 kB
Inactive(file):    15980 kB
Unevictable:        3652 kB
Mlocked:            3652 kB
SwapTotal:             0 kB
SwapFree:              0 kB
Dirty:                68 kB
Writeback:             0 kB
AnonPages:        833732 kB
Mapped:            27112 kB
Shmem:             10696 kB
Slab:              36688 kB
SReclaimable:      19744 kB
SUnreclaim:        16944 kB
KernelStack:        3456 kB
PageTables:         5256 kB
NFS_Unstable:          0 kB
Bounce:                0 kB
WritebackTmp:          0 kB
CommitLimit:      507248 kB
Committed_AS:    1250068 kB
VmallocTotal:   34359738367 kB
VmallocUsed:           0 kB
VmallocChunk:          0 kB
HardwareCorrupted:     0 kB
AnonHugePages:    288768 kB
CmaTotal:              0 kB
CmaFree:               0 kB
HugePages_Total:       0
HugePages_Free:        0
HugePages_Rsvd:        0
HugePages_Surp:        0
Hugepagesize:       2048 kB
DirectMap4k:       49152 kB
DirectMap2M:      999424 kB

container (cgroup) information:
container_type: cgroupv1
cpu_cpuset_cpus: 0
cpu_memory_nodes: 0
active_processor_count: 1
cpu_quota: -1
cpu_period: 100000
cpu_shares: -1
memory_limit_in_bytes: -1
memory_and_swap_limit_in_bytes: -2
memory_soft_limit_in_bytes: -1
memory_usage_in_bytes: 847343616
memory_max_usage_in_bytes: 892010496


CPU:total 1 (initial active 1) (1 cores per cpu, 1 threads per core) family 6 model 63 stepping 2, cmov, cx8, fxsr, mmx, sse, sse2, sse3, ssse3, sse4.1, sse4.2, popcnt, avx, avx2, aes, clmul, erms, lzcnt, tsc, bmi1, bmi2

/proc/cpuinfo:
processor	: 0
vendor_id	: GenuineIntel
cpu family	: 6
model		: 63
model name	: Intel(R) Xeon(R) CPU E5-2676 v3 @ 2.40GHz
stepping	: 2
microcode	: 0x43
cpu MHz		: 2400.020
cache size	: 30720 KB
physical id	: 0
siblings	: 1
core id		: 0
cpu cores	: 1
apicid		: 0
initial apicid	: 0
fpu		: yes
fpu_exception	: yes
cpuid level	: 13
wp		: yes
flags		: fpu vme de pse tsc msr pae mce cx8 apic sep mtrr pge mca cmov pat pse36 clflush mmx fxsr sse sse2 ht syscall nx rdtscp lm constant_tsc rep_good nopl xtopology eagerfpu pni pclmulqdq ssse3 fma cx16 pcid sse4_1 sse4_2 x2apic movbe popcnt tsc_deadline_timer aes xsave avx f16c rdrand hypervisor lahf_lm abm invpcid_single kaiser fsgsbase bmi1 avx2 smep bmi2 erms invpcid xsaveopt
bugs		: cpu_meltdown spectre_v1 spectre_v2 spec_store_bypass l1tf
bogomips	: 4800.04
clflush size	: 64
cache_alignment	: 64
address sizes	: 46 bits physical, 48 bits virtual
power management:



Memory: 4k page, physical 1014500k(77496k free), swap 0k(0k free)

vm_info: OpenJDK 64-Bit Server VM (25.222-b10) for linux-amd64 JRE (1.8.0_222-8u222-b10-1ubuntu1~16.04.1-b10), built on Jul 18 2019 20:25:18 by "buildd" with gcc 5.4.0 20160609

time: Tue Oct 15 02:23:43 2019
timezone: UTC
elapsed time: 105 seconds (0d 0h 1m 45s)

