#
# There is insufficient memory for the Java Runtime Environment to continue.
# Native memory allocation (mmap) failed to map 75931648 bytes for committing reserved memory.
# Possible reasons:
#   The system is out of physical RAM or swap space
#   The process is running with CompressedOops enabled, and the Java Heap may be blocking the growth of the native heap
# Possible solutions:
#   Reduce memory load on the system
#   Increase physical memory or swap space
#   Check if swap backing store is full
#   Decrease Java heap size (-Xmx/-Xms)
#   Decrease number of Java threads
#   Decrease Java thread stack sizes (-Xss)
#   Set larger code cache with -XX:ReservedCodeCacheSize=
#   JVM is running with Unscaled Compressed Oops mode in which the Java heap is
#     placed in the first 4GB address space. The Java Heap base address is the
#     maximum limit for the native heap growth. Please use -XX:HeapBaseMinAddress
#     to set the Java Heap base and to place the Java Heap above 4GB virtual address.
# This output file may be truncated or incomplete.
#
#  Out of Memory Error (os_linux.cpp:2757), pid=30846, tid=0x00007f631f173700
#
# JRE version: OpenJDK Runtime Environment (8.0_222-b10) (build 1.8.0_222-8u222-b10-1ubuntu1~16.04.1-b10)
# Java VM: OpenJDK 64-Bit Server VM (25.222-b10 mixed mode linux-amd64 compressed oops)
# Failed to write core dump. Core dumps have been disabled. To enable core dumping, try "ulimit -c unlimited" before starting Java again
#

---------------  T H R E A D  ---------------

Current thread (0x00007f6330075800):  VMThread [stack: 0x00007f631f073000,0x00007f631f174000] [id=30860]

Stack: [0x00007f631f073000,0x00007f631f174000],  sp=0x00007f631f172540,  free space=1021k
Native frames: (J=compiled Java code, j=interpreted, Vv=VM code, C=native code)
V  [libjvm.so+0xa7787b]
V  [libjvm.so+0x4caa8c]
V  [libjvm.so+0x8c5da8]
V  [libjvm.so+0x8bd3ee]
V  [libjvm.so+0xa73fd4]
V  [libjvm.so+0x5cf9dd]
V  [libjvm.so+0x5d057d]
V  [libjvm.so+0x5bcf68]
V  [libjvm.so+0x45135f]
V  [libjvm.so+0xa78991]
V  [libjvm.so+0xa7e587]
V  [libjvm.so+0xa7bde7]
V  [libjvm.so+0xa7d0cf]
V  [libjvm.so+0xa7d5f2]
V  [libjvm.so+0x8c3102]

VM_Operation (0x00007f62fafd36b0): GenCollectForAllocation, mode: safepoint, requested by thread 0x00007f630cddf800


---------------  P R O C E S S  ---------------

Java Threads: ( => current thread )
  0x00007f63040ec800 JavaThread "Worker Monitor for /usr/bin/python3" daemon [_thread_blocked, id=30944, stack(0x00007f62f3d2e000,0x00007f62f3e2f000)]
  0x00007f63040d9000 JavaThread "stdout writer for /usr/bin/python3" daemon [_thread_blocked, id=30943, stack(0x00007f62f3e2f000,0x00007f62f3f30000)]
  0x00007f63040e0000 JavaThread "Worker Monitor for /usr/bin/python3" daemon [_thread_blocked, id=30940, stack(0x00007f62f3f30000,0x00007f62f4031000)]
  0x00007f63040d7000 JavaThread "stdout writer for /usr/bin/python3" daemon [_thread_in_native, id=30939, stack(0x00007f62f4031000,0x00007f62f4132000)]
  0x00007f63040d6000 JavaThread "Worker Monitor for /usr/bin/python3" daemon [_thread_blocked, id=30936, stack(0x00007f62f4132000,0x00007f62f4233000)]
  0x00007f63040c6800 JavaThread "stdout writer for /usr/bin/python3" daemon [_thread_in_native, id=30935, stack(0x00007f62f4233000,0x00007f62f4334000)]
  0x00007f63040ca800 JavaThread "Worker Monitor for /usr/bin/python3" daemon [_thread_blocked, id=30932, stack(0x00007f62f4334000,0x00007f62f4435000)]
  0x00007f63040cc000 JavaThread "stdout writer for /usr/bin/python3" daemon [_thread_blocked, id=30931, stack(0x00007f62f4536000,0x00007f62f4637000)]
  0x00007f63040c8000 JavaThread "Worker Monitor for /usr/bin/python3" daemon [_thread_blocked, id=30929, stack(0x00007f62f4435000,0x00007f62f4536000)]
  0x00007f63040c2800 JavaThread "stderr reader for /usr/bin/python3" daemon [_thread_in_native, id=30926, stack(0x00007f62f4637000,0x00007f62f4738000)]
  0x00007f63040bf000 JavaThread "stdout reader for /usr/bin/python3" daemon [_thread_in_native, id=30925, stack(0x00007f62f4738000,0x00007f62f4839000)]
  0x00007f63040d1000 JavaThread "process reaper" daemon [_thread_in_native, id=30924, stack(0x00007f631cced000,0x00007f631cd26000)]
  0x00007f63040cf000 JavaThread "Idle Worker Monitor for /usr/bin/python3" daemon [_thread_blocked, id=30922, stack(0x00007f62f4839000,0x00007f62f493a000)]
  0x00007f6301657000 JavaThread "Thread-18" [_thread_in_native, id=30921, stack(0x00007f62fa7d1000,0x00007f62fa8d2000)]
  0x00007f631404a800 JavaThread "block-manager-ask-thread-pool-1" daemon [_thread_blocked, id=30920, stack(0x00007f62f4b3a000,0x00007f62f4c3b000)]
  0x00007f6308017800 JavaThread "threadDeathWatcher-7-1" daemon [_thread_blocked, id=30919, stack(0x00007f62f743d000,0x00007f62f753e000)]
  0x0000000002614800 JavaThread "shuffle-client-4-1" daemon [_thread_in_native, id=30918, stack(0x00007f62f753e000,0x00007f62f763f000)]
  0x00007f6308008800 JavaThread "block-manager-slave-async-thread-pool-3" daemon [_thread_blocked, id=30917, stack(0x00007f62f763f000,0x00007f62f7740000)]
  0x00007f6318127800 JavaThread "Executor task launch worker for task 96" daemon [_thread_in_native, id=30915, stack(0x00007f62f7d40000,0x00007f62f7e41000)]
  0x00007f6318158000 JavaThread "task-result-getter-3" daemon [_thread_blocked, id=30914, stack(0x00007f62f8041000,0x00007f62f8142000)]
  0x00007f63180e9000 JavaThread "task-result-getter-2" daemon [_thread_blocked, id=30913, stack(0x00007f62f9542000,0x00007f62f9643000)]
  0x00007f6308006000 JavaThread "block-manager-slave-async-thread-pool-2" daemon [_thread_blocked, id=30912, stack(0x00007f62f9643000,0x00007f62f9744000)]
  0x00007f6308004800 JavaThread "block-manager-slave-async-thread-pool-1" daemon [_thread_blocked, id=30911, stack(0x00007f62f9744000,0x00007f62f9845000)]
  0x00007f6310030000 JavaThread "block-manager-ask-thread-pool-0" daemon [_thread_blocked, id=30910, stack(0x00007f62f9845000,0x00007f62f9946000)]
  0x00007f63180cf000 JavaThread "block-manager-slave-async-thread-pool-0" daemon [_thread_blocked, id=30909, stack(0x00007f62f9946000,0x00007f62f9a47000)]
  0x00007f63180c6000 JavaThread "task-result-getter-1" daemon [_thread_blocked, id=30908, stack(0x00007f62f9a47000,0x00007f62f9b48000)]
  0x00007f631002b000 JavaThread "task-result-getter-0" daemon [_thread_blocked, id=30907, stack(0x00007f62f9d48000,0x00007f62f9e49000)]
  0x00007f630d644000 JavaThread "org.apache.hadoop.fs.FileSystem$Statistics$StatisticsDataReferenceCleaner" daemon [_thread_blocked, id=30905, stack(0x00007f62fa456000,0x00007f62fa557000)]
  0x00007f630cecc000 JavaThread "SparkListenerBus" daemon [_thread_blocked, id=30903, stack(0x00007f62facd2000,0x00007f62fadd3000)]
  0x00007f630ceca000 JavaThread "context-cleaner-periodic-gc" daemon [_thread_blocked, id=30902, stack(0x00007f62fadd3000,0x00007f62faed4000)]
  0x00007f630cddf800 JavaThread "Spark Context Cleaner" daemon [_thread_blocked, id=30901, stack(0x00007f62faed4000,0x00007f62fafd5000)]
  0x00007f630c92d000 JavaThread "shuffle-server-5-1" daemon [_thread_in_native, id=30900, stack(0x00007f62fb1d5000,0x00007f62fb2d6000)]
  0x00007f630cab9000 JavaThread "driver-heartbeater" daemon [_thread_blocked, id=30899, stack(0x00007f62fb2d6000,0x00007f62fb3d7000)]
  0x00007f630c8df000 JavaThread "dag-scheduler-event-loop" daemon [_thread_blocked, id=30898, stack(0x00007f62fb3d7000,0x00007f62fb4d8000)]
  0x00000000025f5800 JavaThread "netty-rpc-env-timeout" daemon [_thread_blocked, id=30897, stack(0x00007f62fb4d8000,0x00007f62fb5d9000)]
  0x00007f630c936000 JavaThread "Timer-0" daemon [_thread_blocked, id=30896, stack(0x00007f62fb5d9000,0x00007f62fb6da000)]
  0x00007f6318072800 JavaThread "heartbeat-receiver-event-loop-thread" daemon [_thread_blocked, id=30895, stack(0x00007f62fb6da000,0x00007f62fb7db000)]
  0x00007f630c96e800 JavaThread "SparkUI-37" daemon [_thread_blocked, id=30894, stack(0x00007f62fb7db000,0x00007f62fb8dc000)]
  0x00007f630c96d000 JavaThread "SparkUI-36" daemon [_thread_blocked, id=30893, stack(0x00007f62fb8dc000,0x00007f62fb9dd000)]
  0x00007f630cae4000 JavaThread "SparkUI-35" daemon [_thread_blocked, id=30892, stack(0x00007f62fb9dd000,0x00007f62fbade000)]
  0x00007f630cae2800 JavaThread "SparkUI-34" daemon [_thread_blocked, id=30891, stack(0x00007f62fbade000,0x00007f62fbbdf000)]
  0x00007f630cae0800 JavaThread "SparkUI-33" daemon [_thread_blocked, id=30890, stack(0x00007f62fbbdf000,0x00007f62fbce0000)]
  0x00007f630cadf000 JavaThread "SparkUI-32" daemon [_thread_blocked, id=30889, stack(0x00007f62fbce0000,0x00007f62fbde1000)]
  0x00007f630cadd000 JavaThread "SparkUI-31-acceptor-0@4bb67c20-Spark@45718b26{HTTP/1.1}{0.0.0.0:4040}" daemon [_thread_in_native, id=30888, stack(0x00007f62fbde1000,0x00007f62fbee2000)]
  0x00007f630cadc000 JavaThread "SparkUI-30-selector-ServerConnectorManager@6dcd6f74/0" daemon [_thread_in_native, id=30887, stack(0x00007f62fbee2000,0x00007f62fbfe3000)]
  0x00007f630c876000 JavaThread "refresh progress" daemon [_thread_blocked, id=30885, stack(0x00007f62fc1e3000,0x00007f62fc2e4000)]
  0x00007f630c85b800 JavaThread "map-output-dispatcher-7" daemon [_thread_blocked, id=30884, stack(0x00007f62fc4e4000,0x00007f62fc5e5000)]
  0x00007f630c859800 JavaThread "map-output-dispatcher-6" daemon [_thread_blocked, id=30883, stack(0x00007f62fc5e5000,0x00007f62fc6e6000)]
  0x00007f630c858000 JavaThread "map-output-dispatcher-5" daemon [_thread_blocked, id=30882, stack(0x00007f62fc6e6000,0x00007f62fc7e7000)]
  0x00007f630c88d800 JavaThread "map-output-dispatcher-4" daemon [_thread_blocked, id=30881, stack(0x00007f62fc7e7000,0x00007f62fc8e8000)]
  0x00007f630c88b800 JavaThread "map-output-dispatcher-3" daemon [_thread_blocked, id=30880, stack(0x00007f62fc8e8000,0x00007f62fc9e9000)]
  0x00007f630c889800 JavaThread "map-output-dispatcher-2" daemon [_thread_blocked, id=30879, stack(0x00007f62fc9e9000,0x00007f62fcaea000)]
  0x00007f630c888000 JavaThread "map-output-dispatcher-1" daemon [_thread_blocked, id=30878, stack(0x00007f62fcaea000,0x00007f62fcbeb000)]
  0x00007f630c886800 JavaThread "map-output-dispatcher-0" daemon [_thread_blocked, id=30877, stack(0x00007f62fcbeb000,0x00007f62fccec000)]
  0x00007f630c7c8800 JavaThread "rpc-server-3-1" daemon [_thread_blocked, id=30876, stack(0x00007f62fccec000,0x00007f62fcded000)]
  0x00007f630c5e3000 JavaThread "dispatcher-event-loop-1" daemon [_thread_blocked, id=30875, stack(0x00007f631c2bf000,0x00007f631c3c0000)]
  0x00007f630c5e2000 JavaThread "dispatcher-event-loop-0" daemon [_thread_blocked, id=30874, stack(0x00007f631cbec000,0x00007f631cced000)]
  0x00007f6300373800 JavaThread "Thread-2" [_thread_blocked, id=30870, stack(0x00007f631d330000,0x00007f631d431000)]
  0x00007f6330e21000 JavaThread "Thread-1" [_thread_in_native, id=30869, stack(0x00007f631d431000,0x00007f631d532000)]
  0x00007f6330e11800 JavaThread "pool-1-thread-1" [_thread_blocked, id=30868, stack(0x00007f631d732000,0x00007f631d833000)]
  0x00007f63300bb000 JavaThread "Service Thread" daemon [_thread_blocked, id=30866, stack(0x00007f631e8d5000,0x00007f631e9d6000)]
  0x00007f63300b8000 JavaThread "C1 CompilerThread1" daemon [_thread_blocked, id=30865, stack(0x00007f631e9d6000,0x00007f631ead7000)]
  0x00007f63300b6000 JavaThread "C2 CompilerThread0" daemon [_thread_blocked, id=30864, stack(0x00007f631ead7000,0x00007f631ebd8000)]
  0x00007f63300b4000 JavaThread "Signal Dispatcher" daemon [_thread_blocked, id=30863, stack(0x00007f631ebd8000,0x00007f631ecd9000)]
  0x00007f6330082000 JavaThread "Finalizer" daemon [_thread_blocked, id=30862, stack(0x00007f631ee71000,0x00007f631ef72000)]
  0x00007f633007f800 JavaThread "Reference Handler" daemon [_thread_blocked, id=30861, stack(0x00007f631ef72000,0x00007f631f073000)]
  0x00007f6330011800 JavaThread "main" [_thread_in_native, id=30859, stack(0x00007f63368cc000,0x00007f63369cd000)]

Other Threads:
=>0x00007f6330075800 VMThread [stack: 0x00007f631f073000,0x00007f631f174000] [id=30860]
  0x00007f63300be000 WatcherThread [stack: 0x00007f631e7d4000,0x00007f631e8d5000] [id=30867]

VM state:at safepoint (normal execution)

VM Mutex/Monitor currently owned by a thread:  ([mutex/lock_event])
[0x00007f633000df10] Threads_lock - owner thread: 0x00007f6330075800
[0x00007f633000e410] Heap_lock - owner thread: 0x00007f630cddf800

heap address: 0x00000000c0000000, size: 1024 MB, Compressed Oops mode: 32-bit
Narrow klass base: 0x0000000000000000, Narrow klass shift: 3
Compressed class space size: 1073741824 Address: 0x0000000100000000

Heap:
 def new generation   total 105408K, used 0K [0x00000000c0000000, 0x00000000c7250000, 0x00000000d5550000)
  eden space 93760K,   0% used [0x00000000c0000000, 0x00000000c0000000, 0x00000000c5b90000)
  from space 11648K,   0% used [0x00000000c5b90000, 0x00000000c5b90000, 0x00000000c66f0000)
  to   space 11648K,   0% used [0x00000000c66f0000, 0x00000000c66f0000, 0x00000000c7250000)
 tenured generation   total 250392K, used 194725K [0x00000000d5550000, 0x00000000e49d6000, 0x0000000100000000)
   the space 250392K,  77% used [0x00000000d5550000, 0x00000000e1379560, 0x00000000e1379600, 0x00000000e49d6000)
 Metaspace       used 85694K, capacity 87248K, committed 87384K, reserved 1124352K
  class space    used 11509K, capacity 11801K, committed 11864K, reserved 1048576K

Card table byte_map: [0x00007f631fbba000,0x00007f631fdbb000] byte_map_base: 0x00007f631f5ba000

Polling page: 0x00007f63369d8000

CodeCache: size=245760Kb used=47169Kb max_used=48538Kb free=198590Kb
 bounds [0x00007f632017b000, 0x00007f632312b000, 0x00007f632f17b000]
 total_blobs=12315 nmethods=11570 adapters=656
 compilation: enabled

Compilation events (10 events):
Event: 151.771 Thread 0x00007f63300b8000 15309       2       org.apache.spark.sql.catalyst.expressions.GeneratedClass$SpecificUnsafeProjection::apply1_4$ (216 bytes)
Event: 151.772 Thread 0x00007f63300b8000 nmethod 15309 0x00007f6322a3d7d0 code [0x00007f6322a3da20, 0x00007f6322a3e0d0]
Event: 151.772 Thread 0x00007f63300b8000 15307       2       org.apache.spark.sql.catalyst.expressions.GeneratedClass$SpecificUnsafeProjection::apply1_2$ (216 bytes)
Event: 151.773 Thread 0x00007f63300b8000 nmethod 15307 0x00007f6322a3c650 code [0x00007f6322a3c8a0, 0x00007f6322a3cf50]
Event: 151.773 Thread 0x00007f63300b8000 15308       2       org.apache.spark.sql.catalyst.expressions.GeneratedClass$SpecificUnsafeProjection::apply1_3$ (216 bytes)
Event: 151.773 Thread 0x00007f63300b8000 nmethod 15308 0x00007f6322a3b4d0 code [0x00007f6322a3b720, 0x00007f6322a3bdd0]
Event: 152.234 Thread 0x00007f63300b6000 nmethod 15283 0x00007f632292b610 code [0x00007f632292c060, 0x00007f632292f900]
Event: 152.236 Thread 0x00007f63300b6000 15294       4       org.apache.spark.sql.types.ArrayType$$anonfun$jsonValue$1::apply (9 bytes)
Event: 152.262 Thread 0x00007f63300b6000 nmethod 15294 0x00007f6322a485d0 code [0x00007f6322a48740, 0x00007f6322a48858]
Event: 152.262 Thread 0x00007f63300b6000 15300       4       org.apache.spark.sql.types.ArrayType::jsonValue (5 bytes)

GC Heap History (10 events):
Event: 149.863 GC heap after
Heap after GC invocations=1001 (full 20):
 def new generation   total 105408K, used 744K [0x00000000c0000000, 0x00000000c7250000, 0x00000000d5550000)
  eden space 93760K,   0% used [0x00000000c0000000, 0x00000000c0000000, 0x00000000c5b90000)
  from space 11648K,   6% used [0x00000000c66f0000, 0x00000000c67aa0e8, 0x00000000c7250000)
  to   space 11648K,   0% used [0x00000000c5b90000, 0x00000000c5b90000, 0x00000000c66f0000)
 tenured generation   total 234004K, used 216580K [0x00000000d5550000, 0x00000000e39d5000, 0x0000000100000000)
   the space 234004K,  92% used [0x00000000d5550000, 0x00000000e28d13b8, 0x00000000e28d1400, 0x00000000e39d5000)
 Metaspace       used 85618K, capacity 87064K, committed 87384K, reserved 1124352K
  class space    used 11503K, capacity 11793K, committed 11864K, reserved 1048576K
}
Event: 150.312 GC heap before
{Heap before GC invocations=1001 (full 20):
 def new generation   total 105408K, used 94504K [0x00000000c0000000, 0x00000000c7250000, 0x00000000d5550000)
  eden space 93760K, 100% used [0x00000000c0000000, 0x00000000c5b90000, 0x00000000c5b90000)
  from space 11648K,   6% used [0x00000000c66f0000, 0x00000000c67aa0e8, 0x00000000c7250000)
  to   space 11648K,   0% used [0x00000000c5b90000, 0x00000000c5b90000, 0x00000000c66f0000)
 tenured generation   total 234004K, used 216580K [0x00000000d5550000, 0x00000000e39d5000, 0x0000000100000000)
   the space 234004K,  92% used [0x00000000d5550000, 0x00000000e28d13b8, 0x00000000e28d1400, 0x00000000e39d5000)
 Metaspace       used 85661K, capacity 87156K, committed 87384K, reserved 1124352K
  class space    used 11506K, capacity 11797K, committed 11864K, reserved 1048576K
Event: 150.322 GC heap after
Heap after GC invocations=1002 (full 20):
 def new generation   total 105408K, used 1068K [0x00000000c0000000, 0x00000000c7250000, 0x00000000d5550000)
  eden space 93760K,   0% used [0x00000000c0000000, 0x00000000c0000000, 0x00000000c5b90000)
  from space 11648K,   9% used [0x00000000c5b90000, 0x00000000c5c9b068, 0x00000000c66f0000)
  to   space 11648K,   0% used [0x00000000c66f0000, 0x00000000c66f0000, 0x00000000c7250000)
 tenured generation   total 234004K, used 232964K [0x00000000d5550000, 0x00000000e39d5000, 0x0000000100000000)
   the space 234004K,  99% used [0x00000000d5550000, 0x00000000e38d13c8, 0x00000000e38d1400, 0x00000000e39d5000)
 Metaspace       used 85661K, capacity 87156K, committed 87384K, reserved 1124352K
  class space    used 11506K, capacity 11797K, committed 11864K, reserved 1048576K
}
Event: 150.704 GC heap before
{Heap before GC invocations=1002 (full 20):
 def new generation   total 105408K, used 94828K [0x00000000c0000000, 0x00000000c7250000, 0x00000000d5550000)
  eden space 93760K, 100% used [0x00000000c0000000, 0x00000000c5b90000, 0x00000000c5b90000)
  from space 11648K,   9% used [0x00000000c5b90000, 0x00000000c5c9b068, 0x00000000c66f0000)
  to   space 11648K,   0% used [0x00000000c66f0000, 0x00000000c66f0000, 0x00000000c7250000)
 tenured generation   total 234004K, used 232964K [0x00000000d5550000, 0x00000000e39d5000, 0x0000000100000000)
   the space 234004K,  99% used [0x00000000d5550000, 0x00000000e38d13c8, 0x00000000e38d1400, 0x00000000e39d5000)
 Metaspace       used 85661K, capacity 87156K, committed 87384K, reserved 1124352K
  class space    used 11506K, capacity 11797K, committed 11864K, reserved 1048576K
Event: 150.712 GC heap after
Heap after GC invocations=1003 (full 20):
 def new generation   total 105408K, used 1089K [0x00000000c0000000, 0x00000000c7250000, 0x00000000d5550000)
  eden space 93760K,   0% used [0x00000000c0000000, 0x00000000c0000000, 0x00000000c5b90000)
  from space 11648K,   9% used [0x00000000c66f0000, 0x00000000c6800428, 0x00000000c7250000)
  to   space 11648K,   0% used [0x00000000c5b90000, 0x00000000c5b90000, 0x00000000c66f0000)
 tenured generation   total 234004K, used 232964K [0x00000000d5550000, 0x00000000e39d5000, 0x0000000100000000)
   the space 234004K,  99% used [0x00000000d5550000, 0x00000000e38d13c8, 0x00000000e38d1400, 0x00000000e39d5000)
 Metaspace       used 85661K, capacity 87156K, committed 87384K, reserved 1124352K
  class space    used 11506K, capacity 11797K, committed 11864K, reserved 1048576K
}
Event: 151.206 GC heap before
{Heap before GC invocations=1003 (full 20):
 def new generation   total 105408K, used 94849K [0x00000000c0000000, 0x00000000c7250000, 0x00000000d5550000)
  eden space 93760K, 100% used [0x00000000c0000000, 0x00000000c5b90000, 0x00000000c5b90000)
  from space 11648K,   9% used [0x00000000c66f0000, 0x00000000c6800428, 0x00000000c7250000)
  to   space 11648K,   0% used [0x00000000c5b90000, 0x00000000c5b90000, 0x00000000c66f0000)
 tenured generation   total 234004K, used 232964K [0x00000000d5550000, 0x00000000e39d5000, 0x0000000100000000)
   the space 234004K,  99% used [0x00000000d5550000, 0x00000000e38d13c8, 0x00000000e38d1400, 0x00000000e39d5000)
 Metaspace       used 85661K, capacity 87156K, committed 87384K, reserved 1124352K
  class space    used 11506K, capacity 11797K, committed 11864K, reserved 1048576K
Event: 151.210 GC heap after
Heap after GC invocations=1004 (full 20):
 def new generation   total 105408K, used 1086K [0x00000000c0000000, 0x00000000c7250000, 0x00000000d5550000)
  eden space 93760K,   0% used [0x00000000c0000000, 0x00000000c0000000, 0x00000000c5b90000)
  from space 11648K,   9% used [0x00000000c5b90000, 0x00000000c5c9fa48, 0x00000000c66f0000)
  to   space 11648K,   0% used [0x00000000c66f0000, 0x00000000c66f0000, 0x00000000c7250000)
 tenured generation   total 234004K, used 232964K [0x00000000d5550000, 0x00000000e39d5000, 0x0000000100000000)
   the space 234004K,  99% used [0x00000000d5550000, 0x00000000e38d13c8, 0x00000000e38d1400, 0x00000000e39d5000)
 Metaspace       used 85661K, capacity 87156K, committed 87384K, reserved 1124352K
  class space    used 11506K, capacity 11797K, committed 11864K, reserved 1048576K
}
Event: 151.597 GC heap before
{Heap before GC invocations=1004 (full 20):
 def new generation   total 105408K, used 94846K [0x00000000c0000000, 0x00000000c7250000, 0x00000000d5550000)
  eden space 93760K, 100% used [0x00000000c0000000, 0x00000000c5b90000, 0x00000000c5b90000)
  from space 11648K,   9% used [0x00000000c5b90000, 0x00000000c5c9fa48, 0x00000000c66f0000)
  to   space 11648K,   0% used [0x00000000c66f0000, 0x00000000c66f0000, 0x00000000c7250000)
 tenured generation   total 234004K, used 232964K [0x00000000d5550000, 0x00000000e39d5000, 0x0000000100000000)
   the space 234004K,  99% used [0x00000000d5550000, 0x00000000e38d13c8, 0x00000000e38d1400, 0x00000000e39d5000)
 Metaspace       used 85673K, capacity 87166K, committed 87384K, reserved 1124352K
  class space    used 11508K, capacity 11799K, committed 11864K, reserved 1048576K
Event: 151.610 GC heap after
Heap after GC invocations=1005 (full 20):
 def new generation   total 105408K, used 1350K [0x00000000c0000000, 0x00000000c7250000, 0x00000000d5550000)
  eden space 93760K,   0% used [0x00000000c0000000, 0x00000000c0000000, 0x00000000c5b90000)
  from space 11648K,  11% used [0x00000000c66f0000, 0x00000000c6841910, 0x00000000c7250000)
  to   space 11648K,   0% used [0x00000000c5b90000, 0x00000000c5b90000, 0x00000000c66f0000)
 tenured generation   total 234004K, used 232965K [0x00000000d5550000, 0x00000000e39d5000, 0x0000000100000000)
   the space 234004K,  99% used [0x00000000d5550000, 0x00000000e38d14d8, 0x00000000e38d1600, 0x00000000e39d5000)
 Metaspace       used 85673K, capacity 87166K, committed 87384K, reserved 1124352K
  class space    used 11508K, capacity 11799K, committed 11864K, reserved 1048576K
}
Event: 152.397 GC heap before
{Heap before GC invocations=1005 (full 20):
 def new generation   total 105408K, used 95110K [0x00000000c0000000, 0x00000000c7250000, 0x00000000d5550000)
  eden space 93760K, 100% used [0x00000000c0000000, 0x00000000c5b90000, 0x00000000c5b90000)
  from space 11648K,  11% used [0x00000000c66f0000, 0x00000000c6841910, 0x00000000c7250000)
  to   space 11648K,   0% used [0x00000000c5b90000, 0x00000000c5b90000, 0x00000000c66f0000)
 tenured generation   total 234004K, used 232965K [0x00000000d5550000, 0x00000000e39d5000, 0x0000000100000000)
   the space 234004K,  99% used [0x00000000d5550000, 0x00000000e38d14d8, 0x00000000e38d1600, 0x00000000e39d5000)
 Metaspace       used 85694K, capacity 87248K, committed 87384K, reserved 1124352K
  class space    used 11509K, capacity 11801K, committed 11864K, reserved 1048576K

Deoptimization events (10 events):
Event: 147.669 Thread 0x00007f63040cc000 Uncommon trap: reason=bimorphic action=maybe_recompile pc=0x00007f63209a4e44 method=org.apache.spark.InterruptibleIterator.next()Ljava/lang/Object; @ 4
Event: 148.832 Thread 0x00007f6318127800 Uncommon trap: reason=class_check action=maybe_recompile pc=0x00007f6322bedbe4 method=org.codehaus.janino.UnitCompiler.findMostSpecificIInvocable(Lorg/codehaus/janino/Java$Locatable;[Lorg/codehaus/janino/IClass$IInvocable;[Lorg/codehaus/janino/IClass;ZLor
Event: 148.896 Thread 0x00007f63040c6800 Uncommon trap: reason=bimorphic action=maybe_recompile pc=0x00007f63216befbc method=scala.collection.mutable.MapLike$class.getOrElseUpdate(Lscala/collection/mutable/MapLike;Ljava/lang/Object;Lscala/Function0;)Ljava/lang/Object; @ 2
Event: 148.897 Thread 0x00007f63040c6800 Uncommon trap: reason=bimorphic action=maybe_recompile pc=0x00007f6320ab87d4 method=org.apache.spark.sql.execution.python.BatchEvalPythonExec$$anonfun$doExecute$1$$anonfun$6.apply(Lorg/apache/spark/sql/catalyst/InternalRow;)Ljava/lang/Object; @ 17
Event: 148.897 Thread 0x00007f63040c6800 Uncommon trap: reason=bimorphic action=maybe_recompile pc=0x00007f6320ab87d4 method=org.apache.spark.sql.execution.python.BatchEvalPythonExec$$anonfun$doExecute$1$$anonfun$6.apply(Lorg/apache/spark/sql/catalyst/InternalRow;)Ljava/lang/Object; @ 17
Event: 148.897 Thread 0x00007f63040c6800 Uncommon trap: reason=bimorphic action=maybe_recompile pc=0x00007f6320ab87d4 method=org.apache.spark.sql.execution.python.BatchEvalPythonExec$$anonfun$doExecute$1$$anonfun$6.apply(Lorg/apache/spark/sql/catalyst/InternalRow;)Ljava/lang/Object; @ 17
Event: 148.897 Thread 0x00007f63040c6800 Uncommon trap: reason=bimorphic action=maybe_recompile pc=0x00007f6320ab87d4 method=org.apache.spark.sql.execution.python.BatchEvalPythonExec$$anonfun$doExecute$1$$anonfun$6.apply(Lorg/apache/spark/sql/catalyst/InternalRow;)Ljava/lang/Object; @ 17
Event: 150.051 Thread 0x00007f6318127800 Uncommon trap: reason=class_check action=maybe_recompile pc=0x00007f6322bedbe4 method=org.codehaus.janino.UnitCompiler.findMostSpecificIInvocable(Lorg/codehaus/janino/Java$Locatable;[Lorg/codehaus/janino/IClass$IInvocable;[Lorg/codehaus/janino/IClass;ZLor
Event: 150.156 Thread 0x00007f63040d7000 Uncommon trap: reason=bimorphic action=maybe_recompile pc=0x00007f63216befbc method=scala.collection.mutable.MapLike$class.getOrElseUpdate(Lscala/collection/mutable/MapLike;Ljava/lang/Object;Lscala/Function0;)Ljava/lang/Object; @ 2
Event: 151.521 Thread 0x00007f6318127800 Uncommon trap: reason=class_check action=maybe_recompile pc=0x00007f6322bedbe4 method=org.codehaus.janino.UnitCompiler.findMostSpecificIInvocable(Lorg/codehaus/janino/Java$Locatable;[Lorg/codehaus/janino/IClass$IInvocable;[Lorg/codehaus/janino/IClass;ZLor

Classes redefined (0 events):
No events

Internal exceptions (10 events):
Event: 142.385 Thread 0x00007f6300373800 Exception <a 'java/lang/NoSuchMethodError': <clinit>> (0x00000000c1627a38) thrown at [/build/openjdk-8-g3XteX/openjdk-8-8u222-b10/src/hotspot/src/share/vm/prims/jni.cpp, line 1615]
Event: 142.438 Thread 0x00007f6300373800 Exception <a 'java/lang/NoSuchMethodError': <clinit>> (0x00000000c27197a8) thrown at [/build/openjdk-8-g3XteX/openjdk-8-8u222-b10/src/hotspot/src/share/vm/prims/jni.cpp, line 1615]
Event: 142.440 Thread 0x00007f6300373800 Exception <a 'java/lang/NoSuchMethodError': <clinit>> (0x00000000c2735360) thrown at [/build/openjdk-8-g3XteX/openjdk-8-8u222-b10/src/hotspot/src/share/vm/prims/jni.cpp, line 1615]
Event: 142.440 Thread 0x00007f6300373800 Exception <a 'java/lang/NoSuchMethodError': <clinit>> (0x00000000c2751198) thrown at [/build/openjdk-8-g3XteX/openjdk-8-8u222-b10/src/hotspot/src/share/vm/prims/jni.cpp, line 1615]
Event: 142.448 Thread 0x00007f6300373800 Exception <a 'java/lang/NoSuchMethodError': <clinit>> (0x00000000c2769b38) thrown at [/build/openjdk-8-g3XteX/openjdk-8-8u222-b10/src/hotspot/src/share/vm/prims/jni.cpp, line 1615]
Event: 142.587 Thread 0x00007f6300373800 Exception <a 'java/lang/NoSuchMethodError': <clinit>> (0x00000000c3cd2308) thrown at [/build/openjdk-8-g3XteX/openjdk-8-8u222-b10/src/hotspot/src/share/vm/prims/jni.cpp, line 1615]
Event: 142.587 Thread 0x00007f6300373800 Exception <a 'java/lang/NoSuchMethodError': <clinit>> (0x00000000c3cd79b0) thrown at [/build/openjdk-8-g3XteX/openjdk-8-8u222-b10/src/hotspot/src/share/vm/prims/jni.cpp, line 1615]
Event: 142.588 Thread 0x00007f6300373800 Exception <a 'java/lang/NoSuchMethodError': <clinit>> (0x00000000c4329ff0) thrown at [/build/openjdk-8-g3XteX/openjdk-8-8u222-b10/src/hotspot/src/share/vm/prims/jni.cpp, line 1615]
Event: 143.190 Thread 0x00007f6300373800 Exception <a 'java/lang/NoSuchMethodError': <clinit>> (0x00000000c1523b58) thrown at [/build/openjdk-8-g3XteX/openjdk-8-8u222-b10/src/hotspot/src/share/vm/prims/jni.cpp, line 1615]
Event: 143.263 Thread 0x00007f630c8df000 Exception <a 'java/lang/NoSuchMethodError': <clinit>> (0x00000000c31ca670) thrown at [/build/openjdk-8-g3XteX/openjdk-8-8u222-b10/src/hotspot/src/share/vm/prims/jni.cpp, line 1615]

Events (10 events):
Event: 151.673 Executing VM operation: RevokeBias done
Event: 151.673 Executing VM operation: RevokeBias
Event: 151.674 Executing VM operation: RevokeBias done
Event: 151.674 Executing VM operation: RevokeBias
Event: 151.674 Executing VM operation: RevokeBias done
Event: 151.674 Executing VM operation: RevokeBias
Event: 151.674 Executing VM operation: RevokeBias done
Event: 151.674 Executing VM operation: RevokeBias
Event: 151.675 Executing VM operation: RevokeBias done
Event: 152.395 Executing VM operation: GenCollectForAllocation


Dynamic libraries:
00400000-00401000 r-xp 00000000 ca:01 286273                             /usr/lib/jvm/java-8-openjdk-amd64/jre/bin/java
00600000-00601000 r--p 00000000 ca:01 286273                             /usr/lib/jvm/java-8-openjdk-amd64/jre/bin/java
00601000-00602000 rw-p 00001000 ca:01 286273                             /usr/lib/jvm/java-8-openjdk-amd64/jre/bin/java
025d2000-02635000 rw-p 00000000 00:00 0                                  [heap]
c0000000-c7250000 rw-p 00000000 00:00 0 
c7250000-d5550000 ---p 00000000 00:00 0 
d5550000-e49d6000 rw-p 00000000 00:00 0 
e9240000-100000000 ---p 00000000 00:00 0 
100000000-100b96000 rw-p 00000000 00:00 0 
100b96000-140000000 ---p 00000000 00:00 0 
7f62f3d2e000-7f62f3d31000 ---p 00000000 00:00 0 
7f62f3d31000-7f62f3e2f000 rw-p 00000000 00:00 0 
7f62f3e2f000-7f62f3e32000 ---p 00000000 00:00 0 
7f62f3e32000-7f62f3f30000 rw-p 00000000 00:00 0 
7f62f3f30000-7f62f3f33000 ---p 00000000 00:00 0 
7f62f3f33000-7f62f4031000 rw-p 00000000 00:00 0 
7f62f4031000-7f62f4034000 ---p 00000000 00:00 0 
7f62f4034000-7f62f4132000 rw-p 00000000 00:00 0 
7f62f4132000-7f62f4135000 ---p 00000000 00:00 0 
7f62f4135000-7f62f4233000 rw-p 00000000 00:00 0 
7f62f4233000-7f62f4236000 ---p 00000000 00:00 0 
7f62f4236000-7f62f4334000 rw-p 00000000 00:00 0 
7f62f4334000-7f62f4337000 ---p 00000000 00:00 0 
7f62f4337000-7f62f4435000 rw-p 00000000 00:00 0 
7f62f4435000-7f62f4438000 ---p 00000000 00:00 0 
7f62f4438000-7f62f4536000 rw-p 00000000 00:00 0 
7f62f4536000-7f62f4539000 ---p 00000000 00:00 0 
7f62f4539000-7f62f4637000 rw-p 00000000 00:00 0 
7f62f4637000-7f62f463a000 ---p 00000000 00:00 0 
7f62f463a000-7f62f4738000 rw-p 00000000 00:00 0 
7f62f4738000-7f62f473b000 ---p 00000000 00:00 0 
7f62f473b000-7f62f4839000 rw-p 00000000 00:00 0 
7f62f4839000-7f62f483c000 ---p 00000000 00:00 0 
7f62f483c000-7f62f4afa000 rw-p 00000000 00:00 0 
7f62f4afa000-7f62f4b3a000 ---p 00000000 00:00 0 
7f62f4b3a000-7f62f4b3d000 ---p 00000000 00:00 0 
7f62f4b3d000-7f62f4e3b000 rw-p 00000000 00:00 0 
7f62f4e3b000-7f62f503b000 rw-p 00000000 00:00 0 
7f62f503b000-7f62f523b000 rw-p 00000000 00:00 0 
7f62f523b000-7f62f543b000 rw-p 00000000 00:00 0 
7f62f543b000-7f62f743d000 rw-p 00000000 00:00 0 
7f62f743d000-7f62f7440000 ---p 00000000 00:00 0 
7f62f7440000-7f62f753e000 rw-p 00000000 00:00 0 
7f62f753e000-7f62f7541000 ---p 00000000 00:00 0 
7f62f7541000-7f62f763f000 rw-p 00000000 00:00 0 
7f62f763f000-7f62f7642000 ---p 00000000 00:00 0 
7f62f7642000-7f62f7940000 rw-p 00000000 00:00 0 
7f62f7940000-7f62f7b40000 rw-p 00000000 00:00 0 
7f62f7b40000-7f62f7d40000 rw-p 00000000 00:00 0 
7f62f7d40000-7f62f7d43000 ---p 00000000 00:00 0 
7f62f7d43000-7f62f8041000 rw-p 00000000 00:00 0 
7f62f8041000-7f62f8044000 ---p 00000000 00:00 0 
7f62f8044000-7f62f8342000 rw-p 00000000 00:00 0 
7f62f8342000-7f62f8542000 rw-p 00000000 00:00 0 
7f62f8542000-7f62f8742000 rw-p 00000000 00:00 0 
7f62f8742000-7f62f8942000 rw-p 00000000 00:00 0 
7f62f8942000-7f62f8b42000 rw-p 00000000 00:00 0 
7f62f8b42000-7f62f8d42000 rw-p 00000000 00:00 0 
7f62f8d42000-7f62f8f42000 rw-p 00000000 00:00 0 
7f62f8f42000-7f62f9142000 rw-p 00000000 00:00 0 
7f62f9142000-7f62f9342000 rw-p 00000000 00:00 0 
7f62f9342000-7f62f9542000 rw-p 00000000 00:00 0 
7f62f9542000-7f62f9545000 ---p 00000000 00:00 0 
7f62f9545000-7f62f9643000 rw-p 00000000 00:00 0 
7f62f9643000-7f62f9646000 ---p 00000000 00:00 0 
7f62f9646000-7f62f9744000 rw-p 00000000 00:00 0 
7f62f9744000-7f62f9747000 ---p 00000000 00:00 0 
7f62f9747000-7f62f9845000 rw-p 00000000 00:00 0 
7f62f9845000-7f62f9848000 ---p 00000000 00:00 0 
7f62f9848000-7f62f9946000 rw-p 00000000 00:00 0 
7f62f9946000-7f62f9949000 ---p 00000000 00:00 0 
7f62f9949000-7f62f9a47000 rw-p 00000000 00:00 0 
7f62f9a47000-7f62f9a4a000 ---p 00000000 00:00 0 
7f62f9a4a000-7f62f9d48000 rw-p 00000000 00:00 0 
7f62f9d48000-7f62f9d4b000 ---p 00000000 00:00 0 
7f62f9d4b000-7f62fa049000 rw-p 00000000 00:00 0 
7f62fa049000-7f62fa056000 r-xp 00000000 ca:01 2292                       /tmp/liblz4-java1592367081450817416.so
7f62fa056000-7f62fa255000 ---p 0000d000 ca:01 2292                       /tmp/liblz4-java1592367081450817416.so
7f62fa255000-7f62fa256000 rw-p 0000c000 ca:01 2292                       /tmp/liblz4-java1592367081450817416.so
7f62fa256000-7f62fa456000 rw-p 00000000 00:00 0 
7f62fa456000-7f62fa459000 ---p 00000000 00:00 0 
7f62fa459000-7f62fa757000 rw-p 00000000 00:00 0 
7f62fa7d1000-7f62fa7d4000 ---p 00000000 00:00 0 
7f62fa7d4000-7f62faad2000 rw-p 00000000 00:00 0 
7f62faad2000-7f62facd2000 rw-p 00000000 00:00 0 
7f62facd2000-7f62facd5000 ---p 00000000 00:00 0 
7f62facd5000-7f62fadd3000 rw-p 00000000 00:00 0 
7f62fadd3000-7f62fadd6000 ---p 00000000 00:00 0 
7f62fadd6000-7f62faed4000 rw-p 00000000 00:00 0 
7f62faed4000-7f62faed7000 ---p 00000000 00:00 0 
7f62faed7000-7f62fb1d5000 rw-p 00000000 00:00 0 
7f62fb1d5000-7f62fb1d8000 ---p 00000000 00:00 0 
7f62fb1d8000-7f62fb2d6000 rw-p 00000000 00:00 0 
7f62fb2d6000-7f62fb2d9000 ---p 00000000 00:00 0 
7f62fb2d9000-7f62fb3d7000 rw-p 00000000 00:00 0 
7f62fb3d7000-7f62fb3da000 ---p 00000000 00:00 0 
7f62fb3da000-7f62fb4d8000 rw-p 00000000 00:00 0 
7f62fb4d8000-7f62fb4db000 ---p 00000000 00:00 0 
7f62fb4db000-7f62fb5d9000 rw-p 00000000 00:00 0 
7f62fb5d9000-7f62fb5dc000 ---p 00000000 00:00 0 
7f62fb5dc000-7f62fb6da000 rw-p 00000000 00:00 0 
7f62fb6da000-7f62fb6dd000 ---p 00000000 00:00 0 
7f62fb6dd000-7f62fb7db000 rw-p 00000000 00:00 0 
7f62fb7db000-7f62fb7de000 ---p 00000000 00:00 0 
7f62fb7de000-7f62fb8dc000 rw-p 00000000 00:00 0 
7f62fb8dc000-7f62fb8df000 ---p 00000000 00:00 0 
7f62fb8df000-7f62fb9dd000 rw-p 00000000 00:00 0 
7f62fb9dd000-7f62fb9e0000 ---p 00000000 00:00 0 
7f62fb9e0000-7f62fbade000 rw-p 00000000 00:00 0 
7f62fbade000-7f62fbae1000 ---p 00000000 00:00 0 
7f62fbae1000-7f62fbbdf000 rw-p 00000000 00:00 0 
7f62fbbdf000-7f62fbbe2000 ---p 00000000 00:00 0 
7f62fbbe2000-7f62fbce0000 rw-p 00000000 00:00 0 
7f62fbce0000-7f62fbce3000 ---p 00000000 00:00 0 
7f62fbce3000-7f62fbde1000 rw-p 00000000 00:00 0 
7f62fbde1000-7f62fbde4000 ---p 00000000 00:00 0 
7f62fbde4000-7f62fbee2000 rw-p 00000000 00:00 0 
7f62fbee2000-7f62fbee5000 ---p 00000000 00:00 0 
7f62fbee5000-7f62fc1e3000 rw-p 00000000 00:00 0 
7f62fc1e3000-7f62fc1e6000 ---p 00000000 00:00 0 
7f62fc1e6000-7f62fc4e4000 rw-p 00000000 00:00 0 
7f62fc4e4000-7f62fc4e7000 ---p 00000000 00:00 0 
7f62fc4e7000-7f62fc5e5000 rw-p 00000000 00:00 0 
7f62fc5e5000-7f62fc5e8000 ---p 00000000 00:00 0 
7f62fc5e8000-7f62fc6e6000 rw-p 00000000 00:00 0 
7f62fc6e6000-7f62fc6e9000 ---p 00000000 00:00 0 
7f62fc6e9000-7f62fc7e7000 rw-p 00000000 00:00 0 
7f62fc7e7000-7f62fc7ea000 ---p 00000000 00:00 0 
7f62fc7ea000-7f62fc8e8000 rw-p 00000000 00:00 0 
7f62fc8e8000-7f62fc8eb000 ---p 00000000 00:00 0 
7f62fc8eb000-7f62fc9e9000 rw-p 00000000 00:00 0 
7f62fc9e9000-7f62fc9ec000 ---p 00000000 00:00 0 
7f62fc9ec000-7f62fcaea000 rw-p 00000000 00:00 0 
7f62fcaea000-7f62fcaed000 ---p 00000000 00:00 0 
7f62fcaed000-7f62fcbeb000 rw-p 00000000 00:00 0 
7f62fcbeb000-7f62fcbee000 ---p 00000000 00:00 0 
7f62fcbee000-7f62fccec000 rw-p 00000000 00:00 0 
7f62fccec000-7f62fccef000 ---p 00000000 00:00 0 
7f62fccef000-7f62fcded000 rw-p 00000000 00:00 0 
7f62fcded000-7f62fcdfe000 r-xp 00000000 ca:01 286360                     /usr/lib/jvm/java-8-openjdk-amd64/jre/lib/amd64/libnio.so
7f62fcdfe000-7f62fcffd000 ---p 00011000 ca:01 286360                     /usr/lib/jvm/java-8-openjdk-amd64/jre/lib/amd64/libnio.so
7f62fcffd000-7f62fcffe000 r--p 00010000 ca:01 286360                     /usr/lib/jvm/java-8-openjdk-amd64/jre/lib/amd64/libnio.so
7f62fcffe000-7f62fcfff000 rw-p 00011000 ca:01 286360                     /usr/lib/jvm/java-8-openjdk-amd64/jre/lib/amd64/libnio.so
7f62fcfff000-7f6300000000 rw-p 00000000 00:00 0 
7f6300000000-7f63019d9000 rw-p 00000000 00:00 0 
7f63019d9000-7f6304000000 ---p 00000000 00:00 0 
7f6304000000-7f630415f000 rw-p 00000000 00:00 0 
7f630415f000-7f6308000000 ---p 00000000 00:00 0 
7f6308000000-7f6308021000 rw-p 00000000 00:00 0 
7f6308021000-7f630c000000 ---p 00000000 00:00 0 
7f630c000000-7f630fa64000 rw-p 00000000 00:00 0 
7f630fa64000-7f6310000000 ---p 00000000 00:00 0 
7f6310000000-7f631003a000 rw-p 00000000 00:00 0 
7f631003a000-7f6314000000 ---p 00000000 00:00 0 
7f6314000000-7f6314051000 rw-p 00000000 00:00 0 
7f6314051000-7f6318000000 ---p 00000000 00:00 0 
7f6318000000-7f63183a9000 rw-p 00000000 00:00 0 
7f63183a9000-7f631c000000 ---p 00000000 00:00 0 
7f631c0ac000-7f631c2ac000 rw-p 00000000 00:00 0 
7f631c2ac000-7f631c2bf000 r--s 00346000 ca:01 286377                     /usr/lib/jvm/java-8-openjdk-amd64/jre/lib/resources.jar
7f631c2bf000-7f631c2c2000 ---p 00000000 00:00 0 
7f631c2c2000-7f631c5c0000 rw-p 00000000 00:00 0 
7f631c5c0000-7f631c5d7000 r-xp 00000000 ca:01 1984                       /lib/x86_64-linux-gnu/libresolv-2.23.so
7f631c5d7000-7f631c7d7000 ---p 00017000 ca:01 1984                       /lib/x86_64-linux-gnu/libresolv-2.23.so
7f631c7d7000-7f631c7d8000 r--p 00017000 ca:01 1984                       /lib/x86_64-linux-gnu/libresolv-2.23.so
7f631c7d8000-7f631c7d9000 rw-p 00018000 ca:01 1984                       /lib/x86_64-linux-gnu/libresolv-2.23.so
7f631c7d9000-7f631c7db000 rw-p 00000000 00:00 0 
7f631c7db000-7f631c7e0000 r-xp 00000000 ca:01 1990                       /lib/x86_64-linux-gnu/libnss_dns-2.23.so
7f631c7e0000-7f631c9e0000 ---p 00005000 ca:01 1990                       /lib/x86_64-linux-gnu/libnss_dns-2.23.so
7f631c9e0000-7f631c9e1000 r--p 00005000 ca:01 1990                       /lib/x86_64-linux-gnu/libnss_dns-2.23.so
7f631c9e1000-7f631c9e2000 rw-p 00006000 ca:01 1990                       /lib/x86_64-linux-gnu/libnss_dns-2.23.so
7f631c9e3000-7f631c9e5000 r--s 00016000 ca:01 286312                     /usr/lib/jvm/java-8-openjdk-amd64/jre/lib/jce.jar
7f631c9e5000-7f631c9ea000 r--s 000a3000 ca:01 286376                     /usr/lib/jvm/java-8-openjdk-amd64/jre/lib/jsse.jar
7f631c9ea000-7f631c9eb000 r-xp 00000000 ca:01 286366                     /usr/lib/jvm/java-8-openjdk-amd64/jre/lib/amd64/libjaas_unix.so
7f631c9eb000-7f631cbea000 ---p 00001000 ca:01 286366                     /usr/lib/jvm/java-8-openjdk-amd64/jre/lib/amd64/libjaas_unix.so
7f631cbea000-7f631cbeb000 r--p 00000000 ca:01 286366                     /usr/lib/jvm/java-8-openjdk-amd64/jre/lib/amd64/libjaas_unix.so
7f631cbeb000-7f631cbec000 rw-p 00001000 ca:01 286366                     /usr/lib/jvm/java-8-openjdk-amd64/jre/lib/amd64/libjaas_unix.so
7f631cbec000-7f631cbef000 ---p 00000000 00:00 0 
7f631cbef000-7f631cced000 rw-p 00000000 00:00 0 
7f631cced000-7f631ccf0000 ---p 00000000 00:00 0 
7f631ccf0000-7f631cf26000 rw-p 00000000 00:00 0 
7f631cf26000-7f631d126000 rw-p 00000000 00:00 0 
7f631d126000-7f631d12f000 r-xp 00000000 ca:01 286338                     /usr/lib/jvm/java-8-openjdk-amd64/jre/lib/amd64/libmanagement.so
7f631d12f000-7f631d32e000 ---p 00009000 ca:01 286338                     /usr/lib/jvm/java-8-openjdk-amd64/jre/lib/amd64/libmanagement.so
7f631d32e000-7f631d32f000 r--p 00008000 ca:01 286338                     /usr/lib/jvm/java-8-openjdk-amd64/jre/lib/amd64/libmanagement.so
7f631d32f000-7f631d330000 rw-p 00009000 ca:01 286338                     /usr/lib/jvm/java-8-openjdk-amd64/jre/lib/amd64/libmanagement.so
7f631d330000-7f631d333000 ---p 00000000 00:00 0 
7f631d333000-7f631d431000 rw-p 00000000 00:00 0 
7f631d431000-7f631d434000 ---p 00000000 00:00 0 
7f631d434000-7f631d732000 rw-p 00000000 00:00 0 
7f631d732000-7f631d735000 ---p 00000000 00:00 0 
7f631d735000-7f631d833000 rw-p 00000000 00:00 0 
7f631d833000-7f631d849000 r-xp 00000000 ca:01 286343                     /usr/lib/jvm/java-8-openjdk-amd64/jre/lib/amd64/libnet.so
7f631d849000-7f631da49000 ---p 00016000 ca:01 286343                     /usr/lib/jvm/java-8-openjdk-amd64/jre/lib/amd64/libnet.so
7f631da49000-7f631da4a000 r--p 00016000 ca:01 286343                     /usr/lib/jvm/java-8-openjdk-amd64/jre/lib/amd64/libnet.so
7f631da4a000-7f631da4b000 rw-p 00017000 ca:01 286343                     /usr/lib/jvm/java-8-openjdk-amd64/jre/lib/amd64/libnet.so
7f631da4b000-7f631da4e000 r--s 00015000 ca:01 261533                     /home/ubuntu/spark-2.1.1-bin-hadoop2.7/jars/javax.servlet-api-3.1.0.jar
7f631da4e000-7f631da7a000 r--s 001c9000 ca:01 261798                     /home/ubuntu/spark-2.1.1-bin-hadoop2.7/jars/shapeless_2.11-2.0.0.jar
7f631da7a000-7f631da85000 r--s 000b0000 ca:01 261731                     /home/ubuntu/spark-2.1.1-bin-hadoop2.7/jars/jtransforms-2.4.0.jar
7f631da85000-7f631da8b000 r--s 00043000 ca:01 261858                     /home/ubuntu/spark-2.1.1-bin-hadoop2.7/jars/commons-configuration-1.6.jar
7f631da8b000-7f631daff000 r--s 00574000 ca:01 261739                     /home/ubuntu/spark-2.1.1-bin-hadoop2.7/jars/spark-mllib_2.11-2.1.1.jar
7f631daff000-7f631db8a000 r--s 0069e000 ca:01 261713                     /home/ubuntu/spark-2.1.1-bin-hadoop2.7/jars/spark-catalyst_2.11-2.1.1.jar
7f631db8b000-7f631db8f000 r--s 00019000 ca:01 261784                     /home/ubuntu/spark-2.1.1-bin-hadoop2.7/jars/javax.ws.rs-api-2.0.1.jar
7f631db8f000-7f631db91000 r--s 00009000 ca:01 261839                     /home/ubuntu/spark-2.1.1-bin-hadoop2.7/jars/commons-cli-1.2.jar
7f631db91000-7f631db9b000 r--s 00095000 ca:01 261728                     /home/ubuntu/spark-2.1.1-bin-hadoop2.7/jars/scala-xml_2.11-1.0.2.jar
7f631db9b000-7f631dba0000 r--s 00031000 ca:01 261744                     /home/ubuntu/spark-2.1.1-bin-hadoop2.7/jars/parquet-hadoop-1.8.1.jar
7f631dba0000-7f631dba4000 r--s 00020000 ca:01 261720                     /home/ubuntu/spark-2.1.1-bin-hadoop2.7/jars/commons-digester-1.8.jar
7f631dba4000-7f631dba6000 r--s 00027000 ca:01 261790                     /home/ubuntu/spark-2.1.1-bin-hadoop2.7/jars/core-1.1.2.jar
7f631dba6000-7f631dbbd000 r--s 00183000 ca:01 261753                     /home/ubuntu/spark-2.1.1-bin-hadoop2.7/jars/hadoop-yarn-common-2.7.3.jar
7f631dbbd000-7f631dbc3000 r--s 00044000 ca:01 261763                     /home/ubuntu/spark-2.1.1-bin-hadoop2.7/jars/antlr4-runtime-4.5.3.jar
7f631dbc3000-7f631dbc5000 r--s 0000b000 ca:01 261840                     /home/ubuntu/spark-2.1.1-bin-hadoop2.7/jars/chill-java-0.8.0.jar
7f631dbc5000-7f631dbcf000 r--s 00086000 ca:01 261718                     /home/ubuntu/spark-2.1.1-bin-hadoop2.7/jars/json4s-core_2.11-3.2.11.jar
7f631dbcf000-7f631dbd1000 r--s 0000f000 ca:01 261566                     /home/ubuntu/spark-2.1.1-bin-hadoop2.7/jars/activation-1.1.1.jar
7f631dbd1000-7f631dbd5000 r--s 00031000 ca:01 261583                     /home/ubuntu/spark-2.1.1-bin-hadoop2.7/jars/jline-2.12.1.jar
7f631dbd5000-7f631dbdb000 r--s 00028000 ca:01 261745                     /home/ubuntu/spark-2.1.1-bin-hadoop2.7/jars/curator-framework-2.6.0.jar
7f631dbdb000-7f631dbe8000 r--s 000b1000 ca:01 261545                     /home/ubuntu/spark-2.1.1-bin-hadoop2.7/jars/hadoop-mapreduce-client-common-2.7.3.jar
7f631dbe8000-7f631dbea000 r--s 00009000 ca:01 261758                     /home/ubuntu/spark-2.1.1-bin-hadoop2.7/jars/jackson-module-paranamer-2.6.5.jar
7f631dbea000-7f631dbf2000 r--s 00066000 ca:01 261732                     /home/ubuntu/spark-2.1.1-bin-hadoop2.7/jars/apache-log4j-extras-1.2.17.jar
7f631dbf2000-7f631dc00000 r--s 00078000 ca:01 261756                     /home/ubuntu/spark-2.1.1-bin-hadoop2.7/jars/spark-mesos_2.11-2.1.1.jar
7f631dc00000-7f631dc2e000 r--s 00212000 ca:01 261712                     /home/ubuntu/spark-2.1.1-bin-hadoop2.7/jars/spark-network-common_2.11-2.1.1.jar
7f631dc2e000-7f631dc44000 r--s 001a4000 ca:01 261613                     /home/ubuntu/spark-2.1.1-bin-hadoop2.7/jars/datanucleus-rdbms-3.2.9.jar
7f631dc44000-7f631dc55000 r--s 0010d000 ca:01 261714                     /home/ubuntu/spark-2.1.1-bin-hadoop2.7/jars/jackson-databind-2.6.5.jar
7f631dc55000-7f631dc5c000 r--s 0007d000 ca:01 261722                     /home/ubuntu/spark-2.1.1-bin-hadoop2.7/jars/jetty-6.1.26.jar
7f631dc5c000-7f631dc5f000 r--s 0002f000 ca:01 261546                     /home/ubuntu/spark-2.1.1-bin-hadoop2.7/jars/RoaringBitmap-0.5.11.jar
7f631dc5f000-7f631dc60000 r--s 00004000 ca:01 261866                     /home/ubuntu/spark-2.1.1-bin-hadoop2.7/jars/osgi-resource-locator-1.0.1.jar
7f631dc60000-7f631dc81000 r--s 0019b000 ca:01 261796                     /home/ubuntu/spark-2.1.1-bin-hadoop2.7/jars/spark-hive-thriftserver_2.11-2.1.1.jar
7f631dc81000-7f631dc86000 r--s 00041000 ca:01 261740                     /home/ubuntu/spark-2.1.1-bin-hadoop2.7/jars/commons-lang-2.6.jar
7f631dc86000-7f631dc88000 r--s 00020000 ca:01 261749                     /home/ubuntu/spark-2.1.1-bin-hadoop2.7/jars/hive-beeline-1.2.1.spark2.jar
7f631dc88000-7f631dc89000 r--s 00004000 ca:01 261711                     /home/ubuntu/spark-2.1.1-bin-hadoop2.7/jars/eigenbase-properties-1.1.5.jar
7f631dc89000-7f631dc8a000 r--s 00009000 ca:01 261845                     /home/ubuntu/spark-2.1.1-bin-hadoop2.7/jars/slf4j-api-1.7.16.jar
7f631dc8a000-7f631dc8b000 r--s 00004000 ca:01 261710                     /home/ubuntu/spark-2.1.1-bin-hadoop2.7/jars/jackson-jaxrs-1.9.13.jar
7f631dc8b000-7f631dc8d000 r--s 00012000 ca:01 261803                     /home/ubuntu/spark-2.1.1-bin-hadoop2.7/jars/api-util-1.0.0-M20.jar
7f631dc8d000-7f631dc8f000 r--s 00004000 ca:01 261587                     /home/ubuntu/spark-2.1.1-bin-hadoop2.7/jars/stax-api-1.0-2.jar
7f631dc8f000-7f631dc97000 r--s 0006e000 ca:01 261765                     /home/ubuntu/spark-2.1.1-bin-hadoop2.7/jars/commons-lang3-3.5.jar
7f631dc97000-7f631dc98000 r--s 00009000 ca:01 261830                     /home/ubuntu/spark-2.1.1-bin-hadoop2.7/jars/hive-cli-1.2.1.spark2.jar
7f631dc98000-7f631dc9a000 r--s 0000a000 ca:01 261612                     /home/ubuntu/spark-2.1.1-bin-hadoop2.7/jars/spark-unsafe_2.11-2.1.1.jar
7f631dc9a000-7f631dcbe000 r--s 001cd000 ca:01 261855                     /home/ubuntu/spark-2.1.1-bin-hadoop2.7/jars/commons-math3-3.4.1.jar
7f631dcbe000-7f631dcc2000 r--s 0002a000 ca:01 261747                     /home/ubuntu/spark-2.1.1-bin-hadoop2.7/jars/commons-io-2.4.jar
7f631dcc2000-7f631dcca000 r--s 00059000 ca:01 261611                     /home/ubuntu/spark-2.1.1-bin-hadoop2.7/jars/javolution-5.5.1.jar
7f631dcca000-7f631dccb000 r--s 00003000 ca:01 261568                     /home/ubuntu/spark-2.1.1-bin-hadoop2.7/jars/jta-1.1.jar
7f631dccb000-7f631dcce000 r--s 00009000 ca:01 261751                     /home/ubuntu/spark-2.1.1-bin-hadoop2.7/jars/jackson-annotations-2.6.5.jar
7f631dcce000-7f631dce9000 r--s 001d8000 ca:01 261572                     /home/ubuntu/spark-2.1.1-bin-hadoop2.7/jars/jets3t-0.9.3.jar
7f631dce9000-7f631dcee000 r--s 0002a000 ca:01 261576                     /home/ubuntu/spark-2.1.1-bin-hadoop2.7/jars/commons-beanutils-1.7.0.jar
7f631dcee000-7f631dcf0000 r--s 00006000 ca:01 261588                     /home/ubuntu/spark-2.1.1-bin-hadoop2.7/jars/paranamer-2.3.jar
7f631dcf0000-7f631dcf4000 r--s 0002c000 ca:01 261748                     /home/ubuntu/spark-2.1.1-bin-hadoop2.7/jars/avro-ipc-1.7.7.jar
7f631dcf4000-7f631dcf5000 r--s 00003000 ca:01 261594                     /home/ubuntu/spark-2.1.1-bin-hadoop2.7/jars/xmlenc-0.52.jar
7f631dcf5000-7f631dd12000 r--s 001d5000 ca:01 261860                     /home/ubuntu/spark-2.1.1-bin-hadoop2.7/jars/hadoop-yarn-api-2.7.3.jar
7f631dd12000-7f631dd13000 r--s 00004000 ca:01 261716                     /home/ubuntu/spark-2.1.1-bin-hadoop2.7/jars/opencsv-2.3.jar
7f631dd13000-7f631dd17000 r--s 00014000 ca:01 261856                     /home/ubuntu/spark-2.1.1-bin-hadoop2.7/jars/xz-1.0.jar
7f631dd17000-7f631dd1a000 r--s 000fd000 ca:01 261604                     /home/ubuntu/spark-2.1.1-bin-hadoop2.7/jars/leveldbjni-all-1.8.jar
7f631dd1a000-7f631dd20000 r--s 00063000 ca:01 261849                     /home/ubuntu/spark-2.1.1-bin-hadoop2.7/jars/jodd-core-3.5.2.jar
7f631dd20000-7f631dd24000 r--s 00030000 ca:01 261532                     /home/ubuntu/spark-2.1.1-bin-hadoop2.7/jars/commons-net-2.2.jar
7f631dd24000-7f631dd28000 r--s 00028000 ca:01 261608                     /home/ubuntu/spark-2.1.1-bin-hadoop2.7/jars/spark-mllib-local_2.11-2.1.1.jar
7f631dd28000-7f631dd2f000 r--s 00049000 ca:01 261736                     /home/ubuntu/spark-2.1.1-bin-hadoop2.7/jars/httpcore-4.4.4.jar
7f631dd2f000-7f631dd31000 r--s 00014000 ca:01 261717                     /home/ubuntu/spark-2.1.1-bin-hadoop2.7/jars/spire-macros_2.11-0.7.4.jar
7f631dd31000-7f631dd32000 r--s 00001000 ca:01 261621                     /home/ubuntu/spark-2.1.1-bin-hadoop2.7/jars/pmml-schema-1.2.15.jar
7f631dd32000-7f631dd36000 r--s 00028000 ca:01 261573                     /home/ubuntu/spark-2.1.1-bin-hadoop2.7/jars/jetty-util-6.1.26.jar
7f631dd36000-7f631dd39000 r--s 00006000 ca:01 261721                     /home/ubuntu/spark-2.1.1-bin-hadoop2.7/jars/jsr305-1.3.9.jar
7f631dd39000-7f631dd40000 r--s 0005d000 ca:01 261793                     /home/ubuntu/spark-2.1.1-bin-hadoop2.7/jars/mx4j-3.0.2.jar
7f631dd40000-7f631dd42000 r--s 0000e000 ca:01 261821                     /home/ubuntu/spark-2.1.1-bin-hadoop2.7/jars/guice-servlet-3.0.jar
7f631dd42000-7f631dd4a000 r--s 0007b000 ca:01 261737                     /home/ubuntu/spark-2.1.1-bin-hadoop2.7/jars/protobuf-java-2.5.0.jar
7f631dd4a000-7f631dd53000 r--s 00062000 ca:01 261580                     /home/ubuntu/spark-2.1.1-bin-hadoop2.7/jars/avro-1.7.7.jar
7f631dd53000-7f631dd55000 r--s 00003000 ca:01 261733                     /home/ubuntu/spark-2.1.1-bin-hadoop2.7/jars/jcl-over-slf4j-1.7.16.jar
7f631dd55000-7f631de25000 r--s 00cf0000 ca:01 261540                     /home/ubuntu/spark-2.1.1-bin-hadoop2.7/jars/breeze_2.11-0.12.jar
7f631de25000-7f631de26000 r--s 00002000 ca:01 261619                     /home/ubuntu/spark-2.1.1-bin-hadoop2.7/jars/slf4j-log4j12-1.7.16.jar
7f631de26000-7f631de28000 r--s 00006000 ca:01 261578                     /home/ubuntu/spark-2.1.1-bin-hadoop2.7/jars/spark-sketch_2.11-2.1.1.jar
7f631de28000-7f631de2d000 r--s 00068000 ca:01 261791                     /home/ubuntu/spark-2.1.1-bin-hadoop2.7/jars/antlr-2.7.7.jar
7f631de2d000-7f631de2f000 r--s 00000000 ca:01 261759                     /home/ubuntu/spark-2.1.1-bin-hadoop2.7/jars/aopalliance-1.0.jar
7f631de2f000-7f631de31000 r--s 00012000 ca:01 261730                     /home/ubuntu/spark-2.1.1-bin-hadoop2.7/jars/compress-lzf-1.0.3.jar
7f631de31000-7f631de3e000 r--s 0009e000 ca:01 261822                     /home/ubuntu/spark-2.1.1-bin-hadoop2.7/jars/spark-graphx_2.11-2.1.1.jar
7f631de3e000-7f631de43000 r--s 00028000 ca:01 261841                     /home/ubuntu/spark-2.1.1-bin-hadoop2.7/jars/avro-mapred-1.7.7-hadoop2.jar
7f631de43000-7f631de59000 r--s 00124000 ca:01 261833                     /home/ubuntu/spark-2.1.1-bin-hadoop2.7/jars/ivy-2.4.0.jar
7f631de59000-7f631de61000 r--s 00078000 ca:01 261805                     /home/ubuntu/spark-2.1.1-bin-hadoop2.7/jars/mail-1.4.7.jar
7f631de61000-7f631de66000 r--s 0004e000 ca:01 261582                     /home/ubuntu/spark-2.1.1-bin-hadoop2.7/jars/datanucleus-api-jdo-3.2.6.jar
7f631de66000-7f631df3e000 r--s 00a88000 ca:01 261543                     /home/ubuntu/spark-2.1.1-bin-hadoop2.7/jars/spark-core_2.11-2.1.1.jar
7f631df3e000-7f631df56000 r--s 001b6000 ca:01 261569                     /home/ubuntu/spark-2.1.1-bin-hadoop2.7/jars/datanucleus-core-3.2.10.jar
7f631df56000-7f631df6a000 r--s 000ec000 ca:01 261539                     /home/ubuntu/spark-2.1.1-bin-hadoop2.7/jars/parquet-jackson-1.8.1.jar
7f631df6a000-7f631df6c000 r--s 0000e000 ca:01 261785                     /home/ubuntu/spark-2.1.1-bin-hadoop2.7/jars/hadoop-mapreduce-client-jobclient-2.7.3.jar
7f631df6c000-7f631df6e000 r--s 0000e000 ca:01 261536                     /home/ubuntu/spark-2.1.1-bin-hadoop2.7/jars/oro-2.0.8.jar
7f631df6e000-7f631df70000 r--s 00003000 ca:01 261826                     /home/ubuntu/spark-2.1.1-bin-hadoop2.7/jars/JavaEWAH-0.3.2.jar
7f631df70000-7f631df72000 r--s 0000f000 ca:01 261757                     /home/ubuntu/spark-2.1.1-bin-hadoop2.7/jars/spark-launcher_2.11-2.1.1.jar
7f631df72000-7f631df94000 r--s 00335000 ca:01 261750                     /home/ubuntu/spark-2.1.1-bin-hadoop2.7/jars/mesos-1.0.0-shaded-protobuf.jar
7f631df94000-7f631df95000 r--s 00001000 ca:01 261610                     /home/ubuntu/spark-2.1.1-bin-hadoop2.7/jars/minlog-1.3.0.jar
7f631df95000-7f631df98000 r--s 0001a000 ca:01 261834                     /home/ubuntu/spark-2.1.1-bin-hadoop2.7/jars/py4j-0.10.4.jar
7f631df98000-7f631df99000 r--s 00009000 ca:01 261601                     /home/ubuntu/spark-2.1.1-bin-hadoop2.7/jars/json4s-jackson_2.11-3.2.11.jar
7f631df99000-7f631df9b000 r--s 0000d000 ca:01 261725                     /home/ubuntu/spark-2.1.1-bin-hadoop2.7/jars/hadoop-yarn-server-web-proxy-2.7.3.jar
7f631df9b000-7f631dffe000 r--s 004de000 ca:01 261719                     /home/ubuntu/spark-2.1.1-bin-hadoop2.7/jars/hive-metastore-1.2.1.spark2.jar
7f631dffe000-7f631e005000 r--s 00039000 ca:01 261727                     /home/ubuntu/spark-2.1.1-bin-hadoop2.7/jars/calcite-avatica-1.2.0-incubating.jar
7f631e005000-7f631e00c000 r--s 0003f000 ca:01 261603                     /home/ubuntu/spark-2.1.1-bin-hadoop2.7/jars/commons-codec-1.10.jar
7f631e00c000-7f631e00e000 r--s 00100000 ca:01 261842                     /home/ubuntu/spark-2.1.1-bin-hadoop2.7/jars/snappy-java-1.1.2.6.jar
7f631e00e000-7f631e012000 r--s 00029000 ca:01 261591                     /home/ubuntu/spark-2.1.1-bin-hadoop2.7/jars/hk2-locator-2.4.0-b34.jar
7f631e012000-7f631e015000 r--s 0000d000 ca:01 261742                     /home/ubuntu/spark-2.1.1-bin-hadoop2.7/jars/spark-network-shuffle_2.11-2.1.1.jar
7f631e015000-7f631e016000 r--s 00006000 ca:01 261788                     /home/ubuntu/spark-2.1.1-bin-hadoop2.7/jars/jackson-xc-1.9.13.jar
7f631e016000-7f631e02c000 r--s 000d1000 ca:01 261585                     /home/ubuntu/spark-2.1.1-bin-hadoop2.7/jars/parquet-column-1.8.1.jar
7f631e02c000-7f631e051000 rw-p 00000000 00:00 0 
7f631e051000-7f631e15d000 r--s 00dba000 ca:01 261859                     /home/ubuntu/spark-2.1.1-bin-hadoop2.7/jars/scala-compiler-2.11.8.jar
7f631e15d000-7f631e15e000 r--s 00002000 ca:01 261764                     /home/ubuntu/spark-2.1.1-bin-hadoop2.7/jars/jpam-1.1.jar
7f631e15e000-7f631e16d000 r--s 0009f000 ca:01 261734                     /home/ubuntu/spark-2.1.1-bin-hadoop2.7/jars/guice-3.0.jar
7f631e16d000-7f631e186000 r--s 00150000 ca:01 261626                     /home/ubuntu/spark-2.1.1-bin-hadoop2.7/jars/htrace-core-3.1.0-incubating.jar
7f631e186000-7f631e19c000 r--s 000d3000 ca:01 261625                     /home/ubuntu/spark-2.1.1-bin-hadoop2.7/jars/jersey-server-2.22.2.jar
7f631e19c000-7f631e19e000 r--s 00008000 ca:01 261581                     /home/ubuntu/spark-2.1.1-bin-hadoop2.7/jars/parquet-common-1.8.1.jar
7f631e19e000-7f631e1a0000 r--s 00002000 ca:01 261606                     /home/ubuntu/spark-2.1.1-bin-hadoop2.7/jars/aopalliance-repackaged-2.4.0-b34.jar
7f631e1a0000-7f631e1a4000 r--s 0003c000 ca:01 261854                     /home/ubuntu/spark-2.1.1-bin-hadoop2.7/jars/jackson-core-2.6.5.jar
7f631e1a4000-7f631e1af000 r--s 00062000 ca:01 261729                     /home/ubuntu/spark-2.1.1-bin-hadoop2.7/jars/calcite-linq4j-1.2.0-incubating.jar
7f631e1af000-7f631e1e5000 r--s 0031c000 ca:01 261565                     /home/ubuntu/spark-2.1.1-bin-hadoop2.7/jars/hadoop-common-2.7.3.jar
7f631e1e5000-7f631e1e9000 r--s 0001a000 ca:01 261579                     /home/ubuntu/spark-2.1.1-bin-hadoop2.7/jars/hk2-utils-2.4.0-b34.jar
7f631e1e9000-7f631e1f5000 r--s 000b6000 ca:01 261831                     /home/ubuntu/spark-2.1.1-bin-hadoop2.7/jars/zookeeper-3.4.6.jar
7f631e1f5000-7f631e1fb000 r--s 00040000 ca:01 261709                     /home/ubuntu/spark-2.1.1-bin-hadoop2.7/jars/parquet-encoding-1.8.1.jar
7f631e1fb000-7f631e200000 r--s 00036000 ca:01 261574                     /home/ubuntu/spark-2.1.1-bin-hadoop2.7/jars/commons-compress-1.4.1.jar
7f631e200000-7f631e22d000 r--s 001d4000 ca:01 261863                     /home/ubuntu/spark-2.1.1-bin-hadoop2.7/jars/spark-streaming_2.11-2.1.1.jar
7f631e22d000-7f631e230000 r--s 00022000 ca:01 261806                     /home/ubuntu/spark-2.1.1-bin-hadoop2.7/jars/stringtemplate-3.2.1.jar
7f631e230000-7f631e237000 r--s 00036000 ca:01 261624                     /home/ubuntu/spark-2.1.1-bin-hadoop2.7/jars/curator-recipes-2.6.0.jar
7f631e237000-7f631e23b000 r--s 00029000 ca:01 261548                     /home/ubuntu/spark-2.1.1-bin-hadoop2.7/jars/breeze-macros_2.11-0.12.jar
7f631e23b000-7f631e23f000 r--s 00036000 ca:01 261851                     /home/ubuntu/spark-2.1.1-bin-hadoop2.7/jars/ST4-4.0.4.jar
7f631e23f000-7f631e243000 r--s 00018000 ca:01 261584                     /home/ubuntu/spark-2.1.1-bin-hadoop2.7/jars/metrics-core-3.1.2.jar
7f631e243000-7f631e251000 r--s 000b1000 ca:01 261754                     /home/ubuntu/spark-2.1.1-bin-hadoop2.7/jars/jackson-mapper-asl-1.9.13.jar
7f631e251000-7f631e261000 r--s 000a0000 ca:01 261599                     /home/ubuntu/spark-2.1.1-bin-hadoop2.7/jars/spark-yarn_2.11-2.1.1.jar
7f631e261000-7f631e262000 r--s 00003000 ca:01 261590                     /home/ubuntu/spark-2.1.1-bin-hadoop2.7/jars/spark-tags_2.11-2.1.1.jar
7f631e262000-7f631e274000 r--s 00097000 ca:01 261804                     /home/ubuntu/spark-2.1.1-bin-hadoop2.7/jars/apacheds-kerberos-codec-2.0.0-M15.jar
7f631e274000-7f631e277000 r--s 00017000 ca:01 261800                     /home/ubuntu/spark-2.1.1-bin-hadoop2.7/jars/jaxb-api-2.2.2.jar
7f631e277000-7f631e279000 r--s 00009000 ca:01 261848                     /home/ubuntu/spark-2.1.1-bin-hadoop2.7/jars/objenesis-2.1.jar
7f631e279000-7f631e2e4000 r--s 00784000 ca:01 261535                     /home/ubuntu/spark-2.1.1-bin-hadoop2.7/jars/hadoop-hdfs-2.7.3.jar
7f631e2e4000-7f631e2e6000 r--s 00010000 ca:01 261752                     /home/ubuntu/spark-2.1.1-bin-hadoop2.7/jars/jersey-media-jaxb-2.22.2.jar
7f631e2e6000-7f631e2f3000 r--s 00083000 ca:01 261598                     /home/ubuntu/spark-2.1.1-bin-hadoop2.7/jars/commons-collections-3.2.2.jar
7f631e2f3000-7f631e2fa000 r--s 00051000 ca:01 261542                     /home/ubuntu/spark-2.1.1-bin-hadoop2.7/jars/kryo-shaded-3.0.3.jar
7f631e2fa000-7f631e331000 r--s 00325000 ca:01 261802                     /home/ubuntu/spark-2.1.1-bin-hadoop2.7/jars/calcite-core-1.2.0-incubating.jar
7f631e331000-7f631e334000 r--s 00012000 ca:01 261602                     /home/ubuntu/spark-2.1.1-bin-hadoop2.7/jars/json4s-ast_2.11-3.2.11.jar
7f631e334000-7f631e336000 r--s 0000e000 ca:01 261794                     /home/ubuntu/spark-2.1.1-bin-hadoop2.7/jars/commons-logging-1.1.3.jar
7f631e336000-7f631e3df000 r--s 00a4f000 ca:01 261801                     /home/ubuntu/spark-2.1.1-bin-hadoop2.7/jars/hive-exec-1.2.1.spark2.jar
7f631e3df000-7f631e3e0000 r--s 0000b000 ca:01 261631                     /home/ubuntu/spark-2.1.1-bin-hadoop2.7/jars/snappy-0.2.jar
7f631e3e0000-7f631e3e3000 r--s 00028000 ca:01 261541                     /home/ubuntu/spark-2.1.1-bin-hadoop2.7/jars/stream-2.7.0.jar
7f631e3e3000-7f631e417000 r--s 00277000 ca:01 261592                     /home/ubuntu/spark-2.1.1-bin-hadoop2.7/jars/parquet-hadoop-bundle-1.6.0.jar
7f631e417000-7f631e41b000 r--s 0000c000 ca:01 261617                     /home/ubuntu/spark-2.1.1-bin-hadoop2.7/jars/validation-api-1.1.0.Final.jar
7f631e41b000-7f631e444000 r--s 001ee000 ca:01 261862                     /home/ubuntu/spark-2.1.1-bin-hadoop2.7/jars/guava-14.0.1.jar
7f631e444000-7f631e451000 r--s 00071000 ca:01 261832                     /home/ubuntu/spark-2.1.1-bin-hadoop2.7/jars/jackson-module-scala_2.11-2.6.5.jar
7f631e451000-7f631e46a000 r--s 00114000 ca:01 261577                     /home/ubuntu/spark-2.1.1-bin-hadoop2.7/jars/spark-hive_2.11-2.1.1.jar
7f631e46a000-7f631e482000 r--s 00115000 ca:01 261824                     /home/ubuntu/spark-2.1.1-bin-hadoop2.7/jars/netty-3.8.0.Final.jar
7f631e482000-7f631e4db000 r--s 00522000 ca:01 261865                     /home/ubuntu/spark-2.1.1-bin-hadoop2.7/jars/scala-library-2.11.8.jar
7f631e4db000-7f631e4e2000 r--s 00049000 ca:01 261852                     /home/ubuntu/spark-2.1.1-bin-hadoop2.7/jars/univocity-parsers-2.2.1.jar
7f631e4e2000-7f631e52e000 r--s 00411000 ca:01 261857                     /home/ubuntu/spark-2.1.1-bin-hadoop2.7/jars/scala-reflect-2.11.8.jar
7f631e52e000-7f631e53c000 r--s 0009d000 ca:01 261614                     /home/ubuntu/spark-2.1.1-bin-hadoop2.7/jars/jersey-common-2.22.2.jar
7f631e53c000-7f631e546000 r--s 000aa000 ca:01 261762                     /home/ubuntu/spark-2.1.1-bin-hadoop2.7/jars/janino-3.0.0.jar
7f631e546000-7f631e547000 r--s 00008000 ca:01 261844                     /home/ubuntu/spark-2.1.1-bin-hadoop2.7/jars/commons-compiler-3.0.0.jar
7f631e547000-7f631e550000 r--s 00097000 ca:01 261837                     /home/ubuntu/spark-2.1.1-bin-hadoop2.7/jars/pmml-model-1.2.15.jar
7f631e550000-7f631e552000 r--s 00005000 ca:01 261741                     /home/ubuntu/spark-2.1.1-bin-hadoop2.7/jars/stax-api-1.0.1.jar
7f631e552000-7f631e556000 r--s 00035000 ca:01 261597                     /home/ubuntu/spark-2.1.1-bin-hadoop2.7/jars/jackson-core-asl-1.9.13.jar
7f631e556000-7f631e559000 r--s 00019000 ca:01 261530                     /home/ubuntu/spark-2.1.1-bin-hadoop2.7/jars/bonecp-0.8.0.RELEASE.jar
7f631e559000-7f631e55b000 r--s 00038000 ca:01 261789                     /home/ubuntu/spark-2.1.1-bin-hadoop2.7/jars/lz4-1.3.0.jar
7f631e55b000-7f631e574000 r--s 00164000 ca:01 261738                     /home/ubuntu/spark-2.1.1-bin-hadoop2.7/jars/hadoop-mapreduce-client-core-2.7.3.jar
7f631e574000-7f631e577000 r--s 00026000 ca:01 261792                     /home/ubuntu/spark-2.1.1-bin-hadoop2.7/jars/hadoop-yarn-client-2.7.3.jar
7f631e577000-7f631e579000 r--s 00017000 ca:01 261607                     /home/ubuntu/spark-2.1.1-bin-hadoop2.7/jars/hive-jdbc-1.2.1.spark2.jar
7f631e579000-7f631e5fa000 r--s 005d9000 ca:01 261746                     /home/ubuntu/spark-2.1.1-bin-hadoop2.7/jars/spark-sql_2.11-2.1.1.jar
7f631e5fa000-7f631e5fb000 r--s 00006000 ca:01 261755                     /home/ubuntu/spark-2.1.1-bin-hadoop2.7/jars/hadoop-client-2.7.3.jar
7f631e5fb000-7f631e602000 r--s 00058000 ca:01 261609                     /home/ubuntu/spark-2.1.1-bin-hadoop2.7/jars/hadoop-yarn-server-common-2.7.3.jar
7f631e602000-7f631e603000 r--s 0000a000 ca:01 261616                     /home/ubuntu/spark-2.1.1-bin-hadoop2.7/jars/apacheds-i18n-2.0.0-M15.jar
7f631e603000-7f631e604000 r--s 00000000 ca:01 261600                     /home/ubuntu/spark-2.1.1-bin-hadoop2.7/jars/javax.inject-1.jar
7f631e604000-7f631e60a000 r--s 00045000 ca:01 261605                     /home/ubuntu/spark-2.1.1-bin-hadoop2.7/jars/commons-httpclient-3.1.jar
7f631e60a000-7f631e617000 r--s 000a7000 ca:01 261627                     /home/ubuntu/spark-2.1.1-bin-hadoop2.7/jars/httpclient-4.5.2.jar
7f631e617000-7f631e619000 r--s 0001f000 ca:01 261825                     /home/ubuntu/spark-2.1.1-bin-hadoop2.7/jars/commons-crypto-1.0.0.jar
7f631e619000-7f631e61e000 r--s 0002a000 ca:01 261735                     /home/ubuntu/spark-2.1.1-bin-hadoop2.7/jars/gson-2.2.4.jar
7f631e61e000-7f631e65e000 r--s 00277000 ca:01 261767                     /home/ubuntu/spark-2.1.1-bin-hadoop2.7/jars/bcprov-jdk15on-1.51.jar
7f631e65e000-7f631e661000 r--s 00016000 ca:01 261593                     /home/ubuntu/spark-2.1.1-bin-hadoop2.7/jars/jsp-api-2.1.jar
7f631e661000-7f631e662000 r--s 00001000 ca:01 261838                     /home/ubuntu/spark-2.1.1-bin-hadoop2.7/jars/javax.inject-2.4.0-b34.jar
7f631e662000-7f631e663000 r--s 00002000 ca:01 261586                     /home/ubuntu/spark-2.1.1-bin-hadoop2.7/jars/java-xmlbuilder-1.0.jar
7f631e663000-7f631e665000 r--s 00015000 ca:01 261547                     /home/ubuntu/spark-2.1.1-bin-hadoop2.7/jars/hadoop-auth-2.7.3.jar
7f631e665000-7f631e669000 r--s 0002f000 ca:01 261795                     /home/ubuntu/spark-2.1.1-bin-hadoop2.7/jars/commons-beanutils-core-1.8.0.jar
7f631e669000-7f631e698000 r--s 002e5000 ca:01 261846                     /home/ubuntu/spark-2.1.1-bin-hadoop2.7/jars/derby-10.12.1.1.jar
7f631e698000-7f631e69a000 r--s 00008000 ca:01 261544                     /home/ubuntu/spark-2.1.1-bin-hadoop2.7/jars/metrics-jvm-3.1.2.jar
7f631e69a000-7f631e69d000 r--s 00015000 ca:01 261723                     /home/ubuntu/spark-2.1.1-bin-hadoop2.7/jars/pyrolite-4.13.jar
7f631e69d000-7f631e69f000 r--s 0000e000 ca:01 261760                     /home/ubuntu/spark-2.1.1-bin-hadoop2.7/jars/spark-repl_2.11-2.1.1.jar
7f631e69f000-7f631e6a8000 r--s 0006f000 ca:01 261724                     /home/ubuntu/spark-2.1.1-bin-hadoop2.7/jars/log4j-1.2.17.jar
7f631e6a8000-7f631e6ac000 r--s 00025000 ca:01 261850                     /home/ubuntu/spark-2.1.1-bin-hadoop2.7/jars/jersey-client-2.22.2.jar
7f631e6ac000-7f631e6b3000 r--s 00058000 ca:01 261589                     /home/ubuntu/spark-2.1.1-bin-hadoop2.7/jars/parquet-format-2.3.0-incubating.jar
7f631e6b3000-7f631e6b5000 r--s 00003000 ca:01 261615                     /home/ubuntu/spark-2.1.1-bin-hadoop2.7/jars/api-asn1-api-1.0.0-M20.jar
7f631e6b5000-7f631e6bf000 r--s 0007b000 ca:01 261847                     /home/ubuntu/spark-2.1.1-bin-hadoop2.7/jars/hadoop-mapreduce-client-app-2.7.3.jar
7f631e6bf000-7f631e6c2000 r--s 0000e000 ca:01 261575                     /home/ubuntu/spark-2.1.1-bin-hadoop2.7/jars/jersey-container-servlet-core-2.22.2.jar
7f631e6c2000-7f631e6c6000 r--s 00025000 ca:01 261538                     /home/ubuntu/spark-2.1.1-bin-hadoop2.7/jars/antlr-runtime-3.4.jar
7f631e6c6000-7f631e6d7000 r--s 00089000 ca:01 261623                     /home/ubuntu/spark-2.1.1-bin-hadoop2.7/jars/joda-time-2.9.3.jar
7f631e6d7000-7f631e6d9000 r--s 00005000 ca:01 261743                     /home/ubuntu/spark-2.1.1-bin-hadoop2.7/jars/javax.annotation-api-1.2.jar
7f631e6d9000-7f631e6de000 r--s 00032000 ca:01 261864                     /home/ubuntu/spark-2.1.1-bin-hadoop2.7/jars/chill_2.11-0.8.0.jar
7f631e6de000-7f631e6e9000 r--s 0005d000 ca:01 261853                     /home/ubuntu/spark-2.1.1-bin-hadoop2.7/jars/scala-parser-combinators_2.11-1.0.4.jar
7f631e6e9000-7f631e6fb000 r--s 00112000 ca:01 261835                     /home/ubuntu/spark-2.1.1-bin-hadoop2.7/jars/arpack_combined_all-0.1.jar
7f631e6fb000-7f631e713000 r--s 000d6000 ca:01 261571                     /home/ubuntu/spark-2.1.1-bin-hadoop2.7/jars/jersey-guava-2.22.2.jar
7f631e713000-7f631e719000 r--s 0002c000 ca:01 261828                     /home/ubuntu/spark-2.1.1-bin-hadoop2.7/jars/jdo-api-3.0.1.jar
7f631e719000-7f631e720000 r--s 00046000 ca:01 261797                     /home/ubuntu/spark-2.1.1-bin-hadoop2.7/jars/libfb303-0.9.3.jar
7f631e720000-7f631e722000 r--s 00010000 ca:01 261622                     /home/ubuntu/spark-2.1.1-bin-hadoop2.7/jars/hadoop-mapreduce-client-shuffle-2.7.3.jar
7f631e722000-7f631e724000 r--s 00000000 ca:01 261836                     /home/ubuntu/spark-2.1.1-bin-hadoop2.7/jars/jul-to-slf4j-1.7.16.jar
7f631e724000-7f631e736000 r--s 000b3000 ca:01 261829                     /home/ubuntu/spark-2.1.1-bin-hadoop2.7/jars/scalap-2.11.8.jar
7f631e736000-7f631e740000 r--s 000a5000 ca:01 261766                     /home/ubuntu/spark-2.1.1-bin-hadoop2.7/jars/javassist-3.18.1-GA.jar
7f631e740000-7f631e758000 r--s 00115000 ca:01 261537                     /home/ubuntu/spark-2.1.1-bin-hadoop2.7/jars/xercesImpl-2.9.1.jar
7f631e758000-7f631e77f000 r--s 0020f000 ca:01 261726                     /home/ubuntu/spark-2.1.1-bin-hadoop2.7/jars/netty-all-4.0.42.Final.jar
7f631e77f000-7f631e7d4000 r--s 0069c000 ca:01 261595                     /home/ubuntu/spark-2.1.1-bin-hadoop2.7/jars/spire_2.11-0.7.4.jar
7f631e7d4000-7f631e7d5000 ---p 00000000 00:00 0 
7f631e7d5000-7f631e8d5000 rw-p 00000000 00:00 0 
7f631e8d5000-7f631e8d8000 ---p 00000000 00:00 0 
7f631e8d8000-7f631e9d6000 rw-p 00000000 00:00 0 
7f631e9d6000-7f631e9d9000 ---p 00000000 00:00 0 
7f631e9d9000-7f631ead7000 rw-p 00000000 00:00 0 
7f631ead7000-7f631eada000 ---p 00000000 00:00 0 
7f631eada000-7f631ebd8000 rw-p 00000000 00:00 0 
7f631ebd8000-7f631ebdb000 ---p 00000000 00:00 0 
7f631ebdb000-7f631ecd9000 rw-p 00000000 00:00 0 
7f631ecd9000-7f631ee71000 r--p 00000000 ca:01 29052                      /usr/lib/locale/locale-archive
7f631ee71000-7f631ee74000 ---p 00000000 00:00 0 
7f631ee74000-7f631ef72000 rw-p 00000000 00:00 0 
7f631ef72000-7f631ef75000 ---p 00000000 00:00 0 
7f631ef75000-7f631f073000 rw-p 00000000 00:00 0 
7f631f073000-7f631f074000 ---p 00000000 00:00 0 
7f631f074000-7f631f174000 rw-p 00000000 00:00 0 
7f631f174000-7f631f344000 r--s 03c5c000 ca:01 286303                     /usr/lib/jvm/java-8-openjdk-amd64/jre/lib/rt.jar
7f631f344000-7f631fbba000 rw-p 00000000 00:00 0 
7f631fbba000-7f631fbf4000 rw-p 00000000 00:00 0 
7f631fbf4000-7f631fc64000 ---p 00000000 00:00 0 
7f631fc64000-7f631fcdf000 rw-p 00000000 00:00 0 
7f631fcdf000-7f631fdba000 ---p 00000000 00:00 0 
7f631fdba000-7f631fe7a000 rw-p 00000000 00:00 0 
7f631fe7a000-7f632017b000 ---p 00000000 00:00 0 
7f632017b000-7f632312b000 rwxp 00000000 00:00 0 
7f632312b000-7f632f17b000 ---p 00000000 00:00 0 
7f632f17b000-7f632f183000 r-xp 00000000 ca:01 286357                     /usr/lib/jvm/java-8-openjdk-amd64/jre/lib/amd64/libzip.so
7f632f183000-7f632f382000 ---p 00008000 ca:01 286357                     /usr/lib/jvm/java-8-openjdk-amd64/jre/lib/amd64/libzip.so
7f632f382000-7f632f383000 r--p 00007000 ca:01 286357                     /usr/lib/jvm/java-8-openjdk-amd64/jre/lib/amd64/libzip.so
7f632f383000-7f632f384000 rw-p 00008000 ca:01 286357                     /usr/lib/jvm/java-8-openjdk-amd64/jre/lib/amd64/libzip.so
7f632f384000-7f632f38f000 r-xp 00000000 ca:01 1993                       /lib/x86_64-linux-gnu/libnss_files-2.23.so
7f632f38f000-7f632f58e000 ---p 0000b000 ca:01 1993                       /lib/x86_64-linux-gnu/libnss_files-2.23.so
7f632f58e000-7f632f58f000 r--p 0000a000 ca:01 1993                       /lib/x86_64-linux-gnu/libnss_files-2.23.so
7f632f58f000-7f632f590000 rw-p 0000b000 ca:01 1993                       /lib/x86_64-linux-gnu/libnss_files-2.23.so
7f632f590000-7f632f596000 rw-p 00000000 00:00 0 
7f632f596000-7f632f5a1000 r-xp 00000000 ca:01 1997                       /lib/x86_64-linux-gnu/libnss_nis-2.23.so
7f632f5a1000-7f632f7a0000 ---p 0000b000 ca:01 1997                       /lib/x86_64-linux-gnu/libnss_nis-2.23.so
7f632f7a0000-7f632f7a1000 r--p 0000a000 ca:01 1997                       /lib/x86_64-linux-gnu/libnss_nis-2.23.so
7f632f7a1000-7f632f7a2000 rw-p 0000b000 ca:01 1997                       /lib/x86_64-linux-gnu/libnss_nis-2.23.so
7f632f7a2000-7f632f7b8000 r-xp 00000000 ca:01 1977                       /lib/x86_64-linux-gnu/libnsl-2.23.so
7f632f7b8000-7f632f9b7000 ---p 00016000 ca:01 1977                       /lib/x86_64-linux-gnu/libnsl-2.23.so
7f632f9b7000-7f632f9b8000 r--p 00015000 ca:01 1977                       /lib/x86_64-linux-gnu/libnsl-2.23.so
7f632f9b8000-7f632f9b9000 rw-p 00016000 ca:01 1977                       /lib/x86_64-linux-gnu/libnsl-2.23.so
7f632f9b9000-7f632f9bb000 rw-p 00000000 00:00 0 
7f632f9bb000-7f632f9c3000 r-xp 00000000 ca:01 1988                       /lib/x86_64-linux-gnu/libnss_compat-2.23.so
7f632f9c3000-7f632fbc2000 ---p 00008000 ca:01 1988                       /lib/x86_64-linux-gnu/libnss_compat-2.23.so
7f632fbc2000-7f632fbc3000 r--p 00007000 ca:01 1988                       /lib/x86_64-linux-gnu/libnss_compat-2.23.so
7f632fbc3000-7f632fbc4000 rw-p 00008000 ca:01 1988                       /lib/x86_64-linux-gnu/libnss_compat-2.23.so
7f632fbc4000-7f632fbed000 r-xp 00000000 ca:01 286342                     /usr/lib/jvm/java-8-openjdk-amd64/jre/lib/amd64/libjava.so
7f632fbed000-7f632fdec000 ---p 00029000 ca:01 286342                     /usr/lib/jvm/java-8-openjdk-amd64/jre/lib/amd64/libjava.so
7f632fdec000-7f632fded000 r--p 00028000 ca:01 286342                     /usr/lib/jvm/java-8-openjdk-amd64/jre/lib/amd64/libjava.so
7f632fded000-7f632fdef000 rw-p 00029000 ca:01 286342                     /usr/lib/jvm/java-8-openjdk-amd64/jre/lib/amd64/libjava.so
7f632fdef000-7f632fdfe000 r-xp 00000000 ca:01 286359                     /usr/lib/jvm/java-8-openjdk-amd64/jre/lib/amd64/libverify.so
7f632fdfe000-7f632fffd000 ---p 0000f000 ca:01 286359                     /usr/lib/jvm/java-8-openjdk-amd64/jre/lib/amd64/libverify.so
7f632fffd000-7f632ffff000 r--p 0000e000 ca:01 286359                     /usr/lib/jvm/java-8-openjdk-amd64/jre/lib/amd64/libverify.so
7f632ffff000-7f6330000000 rw-p 00010000 ca:01 286359                     /usr/lib/jvm/java-8-openjdk-amd64/jre/lib/amd64/libverify.so
7f6330000000-7f6330e30000 rw-p 00000000 00:00 0 
7f6330e30000-7f6334000000 ---p 00000000 00:00 0 
7f6334000000-7f6334003000 r--s 00014000 ca:01 261761                     /home/ubuntu/spark-2.1.1-bin-hadoop2.7/jars/super-csv-2.2.0.jar
7f6334003000-7f6334005000 r--s 00003000 ca:01 261843                     /home/ubuntu/spark-2.1.1-bin-hadoop2.7/jars/base64-2.3.8.jar
7f6334005000-7f6334007000 r--s 00003000 ca:01 261570                     /home/ubuntu/spark-2.1.1-bin-hadoop2.7/jars/jersey-container-servlet-2.22.2.jar
7f6334007000-7f633400a000 r--s 00021000 ca:01 261596                     /home/ubuntu/spark-2.1.1-bin-hadoop2.7/jars/xbean-asm5-shaded-4.4.jar
7f633400a000-7f633400d000 r--s 00025000 ca:01 261618                     /home/ubuntu/spark-2.1.1-bin-hadoop2.7/jars/commons-dbcp-1.4.jar
7f633400d000-7f6334010000 r--s 00015000 ca:01 261620                     /home/ubuntu/spark-2.1.1-bin-hadoop2.7/jars/commons-pool-1.5.4.jar
7f6334010000-7f6334012000 r--s 00004000 ca:01 261787                     /home/ubuntu/spark-2.1.1-bin-hadoop2.7/jars/metrics-graphite-3.1.2.jar
7f6334012000-7f6334017000 r--s 00027000 ca:01 261861                     /home/ubuntu/spark-2.1.1-bin-hadoop2.7/jars/hk2-api-2.4.0-b34.jar
7f6334017000-7f633401d000 r--s 00034000 ca:01 261799                     /home/ubuntu/spark-2.1.1-bin-hadoop2.7/jars/libthrift-0.9.3.jar
7f633401d000-7f6334038000 r--s 001d6000 ca:01 286319                     /usr/lib/jvm/java-8-openjdk-amd64/jre/lib/ext/nashorn.jar
7f6334038000-7f6334053000 r--s 00394000 ca:01 286322                     /usr/lib/jvm/java-8-openjdk-amd64/jre/lib/ext/cldrdata.jar
7f6334053000-7f63340ce000 rw-p 00000000 00:00 0 
7f63340ce000-7f63341a9000 ---p 00000000 00:00 0 
7f63341a9000-7f63341b0000 r-xp 00000000 ca:01 1998                       /lib/x86_64-linux-gnu/librt-2.23.so
7f63341b0000-7f63343af000 ---p 00007000 ca:01 1998                       /lib/x86_64-linux-gnu/librt-2.23.so
7f63343af000-7f63343b0000 r--p 00006000 ca:01 1998                       /lib/x86_64-linux-gnu/librt-2.23.so
7f63343b0000-7f63343b1000 rw-p 00007000 ca:01 1998                       /lib/x86_64-linux-gnu/librt-2.23.so
7f63343b1000-7f63343c7000 r-xp 00000000 ca:01 1975                       /lib/x86_64-linux-gnu/libgcc_s.so.1
7f63343c7000-7f63345c6000 ---p 00016000 ca:01 1975                       /lib/x86_64-linux-gnu/libgcc_s.so.1
7f63345c6000-7f63345c7000 rw-p 00015000 ca:01 1975                       /lib/x86_64-linux-gnu/libgcc_s.so.1
7f63345c7000-7f63346cf000 r-xp 00000000 ca:01 1976                       /lib/x86_64-linux-gnu/libm-2.23.so
7f63346cf000-7f63348ce000 ---p 00108000 ca:01 1976                       /lib/x86_64-linux-gnu/libm-2.23.so
7f63348ce000-7f63348cf000 r--p 00107000 ca:01 1976                       /lib/x86_64-linux-gnu/libm-2.23.so
7f63348cf000-7f63348d0000 rw-p 00108000 ca:01 1976                       /lib/x86_64-linux-gnu/libm-2.23.so
7f63348d0000-7f6334a42000 r-xp 00000000 ca:01 7979                       /usr/lib/x86_64-linux-gnu/libstdc++.so.6.0.21
7f6334a42000-7f6334c42000 ---p 00172000 ca:01 7979                       /usr/lib/x86_64-linux-gnu/libstdc++.so.6.0.21
7f6334c42000-7f6334c4c000 r--p 00172000 ca:01 7979                       /usr/lib/x86_64-linux-gnu/libstdc++.so.6.0.21
7f6334c4c000-7f6334c4e000 rw-p 0017c000 ca:01 7979                       /usr/lib/x86_64-linux-gnu/libstdc++.so.6.0.21
7f6334c4e000-7f6334c52000 rw-p 00000000 00:00 0 
7f6334c52000-7f63358b6000 r-xp 00000000 ca:01 286369                     /usr/lib/jvm/java-8-openjdk-amd64/jre/lib/amd64/server/libjvm.so
7f63358b6000-7f6335ab5000 ---p 00c64000 ca:01 286369                     /usr/lib/jvm/java-8-openjdk-amd64/jre/lib/amd64/server/libjvm.so
7f6335ab5000-7f6335b49000 r--p 00c63000 ca:01 286369                     /usr/lib/jvm/java-8-openjdk-amd64/jre/lib/amd64/server/libjvm.so
7f6335b49000-7f6335b72000 rw-p 00cf7000 ca:01 286369                     /usr/lib/jvm/java-8-openjdk-amd64/jre/lib/amd64/server/libjvm.so
7f6335b72000-7f6335ba2000 rw-p 00000000 00:00 0 
7f6335ba2000-7f6335bba000 r-xp 00000000 ca:01 1979                       /lib/x86_64-linux-gnu/libpthread-2.23.so
7f6335bba000-7f6335db9000 ---p 00018000 ca:01 1979                       /lib/x86_64-linux-gnu/libpthread-2.23.so
7f6335db9000-7f6335dba000 r--p 00017000 ca:01 1979                       /lib/x86_64-linux-gnu/libpthread-2.23.so
7f6335dba000-7f6335dbb000 rw-p 00018000 ca:01 1979                       /lib/x86_64-linux-gnu/libpthread-2.23.so
7f6335dbb000-7f6335dbf000 rw-p 00000000 00:00 0 
7f6335dbf000-7f6335dc2000 r-xp 00000000 ca:01 1982                       /lib/x86_64-linux-gnu/libdl-2.23.so
7f6335dc2000-7f6335fc1000 ---p 00003000 ca:01 1982                       /lib/x86_64-linux-gnu/libdl-2.23.so
7f6335fc1000-7f6335fc2000 r--p 00002000 ca:01 1982                       /lib/x86_64-linux-gnu/libdl-2.23.so
7f6335fc2000-7f6335fc3000 rw-p 00003000 ca:01 1982                       /lib/x86_64-linux-gnu/libdl-2.23.so
7f6335fc3000-7f6335fdc000 r-xp 00000000 ca:01 2129                       /lib/x86_64-linux-gnu/libz.so.1.2.8
7f6335fdc000-7f63361db000 ---p 00019000 ca:01 2129                       /lib/x86_64-linux-gnu/libz.so.1.2.8
7f63361db000-7f63361dc000 r--p 00018000 ca:01 2129                       /lib/x86_64-linux-gnu/libz.so.1.2.8
7f63361dc000-7f63361dd000 rw-p 00019000 ca:01 2129                       /lib/x86_64-linux-gnu/libz.so.1.2.8
7f63361dd000-7f633639d000 r-xp 00000000 ca:01 1980                       /lib/x86_64-linux-gnu/libc-2.23.so
7f633639d000-7f633659d000 ---p 001c0000 ca:01 1980                       /lib/x86_64-linux-gnu/libc-2.23.so
7f633659d000-7f63365a1000 r--p 001c0000 ca:01 1980                       /lib/x86_64-linux-gnu/libc-2.23.so
7f63365a1000-7f63365a3000 rw-p 001c4000 ca:01 1980                       /lib/x86_64-linux-gnu/libc-2.23.so
7f63365a3000-7f63365a7000 rw-p 00000000 00:00 0 
7f63365a7000-7f63365b4000 r-xp 00000000 ca:01 286351                     /usr/lib/jvm/java-8-openjdk-amd64/jre/lib/amd64/jli/libjli.so
7f63365b4000-7f63367b3000 ---p 0000d000 ca:01 286351                     /usr/lib/jvm/java-8-openjdk-amd64/jre/lib/amd64/jli/libjli.so
7f63367b3000-7f63367b4000 r--p 0000c000 ca:01 286351                     /usr/lib/jvm/java-8-openjdk-amd64/jre/lib/amd64/jli/libjli.so
7f63367b4000-7f63367b5000 rw-p 0000d000 ca:01 286351                     /usr/lib/jvm/java-8-openjdk-amd64/jre/lib/amd64/jli/libjli.so
7f63367b5000-7f63367db000 r-xp 00000000 ca:01 1978                       /lib/x86_64-linux-gnu/ld-2.23.so
7f63367db000-7f63367dc000 r--s 00009000 ca:01 261534                     /home/ubuntu/spark-2.1.1-bin-hadoop2.7/jars/hadoop-annotations-2.7.3.jar
7f63367dc000-7f63367dd000 r--s 00003000 ca:01 261827                     /home/ubuntu/spark-2.1.1-bin-hadoop2.7/jars/metrics-json-3.1.2.jar
7f63367dd000-7f63367df000 r--s 0000f000 ca:01 261715                     /home/ubuntu/spark-2.1.1-bin-hadoop2.7/jars/curator-client-2.6.0.jar
7f63367df000-7f63367e2000 r--s 0000f000 ca:01 286318                     /usr/lib/jvm/java-8-openjdk-amd64/jre/lib/ext/icedtea-sound.jar
7f63367e2000-7f63367e3000 r--s 00010000 ca:01 286325                     /usr/lib/jvm/java-8-openjdk-amd64/jre/lib/ext/zipfs.jar
7f63367e3000-7f63367e6000 r--s 00039000 ca:01 286321                     /usr/lib/jvm/java-8-openjdk-amd64/jre/lib/ext/sunpkcs11.jar
7f63367e6000-7f63367e7000 r--s 0000a000 ca:01 286320                     /usr/lib/jvm/java-8-openjdk-amd64/jre/lib/ext/jaccess.jar
7f63367e7000-7f63367e9000 r--s 00001000 ca:01 286323                     /usr/lib/jvm/java-8-openjdk-amd64/jre/lib/ext/dnsns.jar
7f63367e9000-7f63367f3000 r--s 00116000 ca:01 286326                     /usr/lib/jvm/java-8-openjdk-amd64/jre/lib/ext/localedata.jar
7f63367f3000-7f63368c4000 rw-p 00000000 00:00 0 
7f63368c4000-7f63368cc000 rw-s 00000000 ca:01 770246                     /tmp/hsperfdata_ubuntu/30846
7f63368cc000-7f63368cf000 ---p 00000000 00:00 0 
7f63368cf000-7f63369d1000 rw-p 00000000 00:00 0 
7f63369d1000-7f63369d6000 r--s 0003c000 ca:01 286324                     /usr/lib/jvm/java-8-openjdk-amd64/jre/lib/ext/sunjce_provider.jar
7f63369d6000-7f63369d7000 r--s 0000d000 ca:01 286317                     /usr/lib/jvm/java-8-openjdk-amd64/jre/lib/ext/sunec.jar
7f63369d7000-7f63369d8000 rw-p 00000000 00:00 0 
7f63369d8000-7f63369d9000 ---p 00000000 00:00 0 
7f63369d9000-7f63369da000 rw-p 00000000 00:00 0 
7f63369da000-7f63369db000 r--p 00025000 ca:01 1978                       /lib/x86_64-linux-gnu/ld-2.23.so
7f63369db000-7f63369dc000 rw-p 00026000 ca:01 1978                       /lib/x86_64-linux-gnu/ld-2.23.so
7f63369dc000-7f63369dd000 rw-p 00000000 00:00 0 
7ffce44a7000-7ffce44c8000 rw-p 00000000 00:00 0                          [stack]
7ffce45d7000-7ffce45da000 r--p 00000000 00:00 0                          [vvar]
7ffce45da000-7ffce45dc000 r-xp 00000000 00:00 0                          [vdso]
ffffffffff600000-ffffffffff601000 r-xp 00000000 00:00 0                  [vsyscall]

VM Arguments:
jvm_args: -Xmx1g 
java_command: org.apache.spark.deploy.SparkSubmit --conf spark.app.name=Data_Mining_GlobalTerrorism pyspark-shell
java_class_path (initial): /home/ubuntu/spark-2.1.1-bin-hadoop2.7/conf/:/home/ubuntu/spark-2.1.1-bin-hadoop2.7/jars/libthrift-0.9.3.jar:/home/ubuntu/spark-2.1.1-bin-hadoop2.7/jars/curator-client-2.6.0.jar:/home/ubuntu/spark-2.1.1-bin-hadoop2.7/jars/hk2-api-2.4.0-b34.jar:/home/ubuntu/spark-2.1.1-bin-hadoop2.7/jars/metrics-json-3.1.2.jar:/home/ubuntu/spark-2.1.1-bin-hadoop2.7/jars/metrics-graphite-3.1.2.jar:/home/ubuntu/spark-2.1.1-bin-hadoop2.7/jars/spire_2.11-0.7.4.jar:/home/ubuntu/spark-2.1.1-bin-hadoop2.7/jars/commons-pool-1.5.4.jar:/home/ubuntu/spark-2.1.1-bin-hadoop2.7/jars/netty-all-4.0.42.Final.jar:/home/ubuntu/spark-2.1.1-bin-hadoop2.7/jars/commons-dbcp-1.4.jar:/home/ubuntu/spark-2.1.1-bin-hadoop2.7/jars/xbean-asm5-shaded-4.4.jar:/home/ubuntu/spark-2.1.1-bin-hadoop2.7/jars/xercesImpl-2.9.1.jar:/home/ubuntu/spark-2.1.1-bin-hadoop2.7/jars/hadoop-annotations-2.7.3.jar:/home/ubuntu/spark-2.1.1-bin-hadoop2.7/jars/javassist-3.18.1-GA.jar:/home/ubuntu/spark-2.1.1-bin-hadoop2.7/jars/jersey-container-servlet-2.22.2.jar:/home/ubuntu/spark-2.1.1-bin-hadoop2.7/jars/base64-2.3.8.jar:/home/ubuntu/spark-2.1.1-bin-hadoop2.7/jars/scalap-2.11.8.jar:/home/ubuntu/spark-2.1.1-bin-hadoop2.7/jars/super-csv-2.2.0.jar:/home/ubuntu/spark-2.1.1-bin-hadoop2.7/jars/jul-to-slf4j-1.7.16.jar:/home/ubuntu/spark-2.1.1-bin-hadoop2.7/jars/hadoop-mapreduce-client-shuffle-2.7.3.jar:/home/ubuntu/spark-2.1.1-bin-hadoop2.7/jars/libfb303-0.9.3.jar:/home/ubuntu/spark-2.1.1-bin-hadoop2.7/jars/jdo-api-3.0.1.jar:/home/ubuntu/spark-2.1.1-bin-hadoop2.7/jars/jersey-guava-2.22.2.jar:/home/ubuntu/spark-2.1.1-bin-hadoop2.7/jars/arpack_combined_all-0.1.jar:/home/ubuntu/spark-2.1.1-bin-hadoop2.7/jars/scala-parser-combinators_2.11-1.0.4.jar:/home/ubuntu/spark-2.1.1-bin-hadoop2.7/jars/chill_2.11-0.8.0.jar:/home/ubuntu/spark-2.1.1-bin-hadoop2.7/jars/javax.annotation-api-1.2.jar:/home/ubuntu/spark-2.1.1-bin-hadoop2.7/jars/joda-time-2.9.3.jar:/home/ubuntu/spark-2.1.1-bin-hadoop2.7/jars/antlr-runtime-3.4.jar:/home/u
Launcher Type: SUN_STANDARD

Environment Variables:
PATH=/home/ubuntu/.local/bin:/home/ubuntu/bin:/home/ubuntu/.local/bin:/usr/local/sbin:/usr/local/bin:/usr/sbin:/usr/bin:/sbin:/bin:/usr/games:/usr/local/games:/snap/bin
SHELL=/bin/bash

Signal Handlers:
SIGSEGV: [libjvm.so+0xa783e0], sa_mask[0]=11111111011111111101111111111110, sa_flags=SA_RESTART|SA_SIGINFO
SIGBUS: [libjvm.so+0xa783e0], sa_mask[0]=11111111011111111101111111111110, sa_flags=SA_RESTART|SA_SIGINFO
SIGFPE: [libjvm.so+0x8c0e10], sa_mask[0]=11111111011111111101111111111110, sa_flags=SA_RESTART|SA_SIGINFO
SIGPIPE: [libjvm.so+0x8c0e10], sa_mask[0]=11111111011111111101111111111110, sa_flags=SA_RESTART|SA_SIGINFO
SIGXFSZ: [libjvm.so+0x8c0e10], sa_mask[0]=11111111011111111101111111111110, sa_flags=SA_RESTART|SA_SIGINFO
SIGILL: [libjvm.so+0x8c0e10], sa_mask[0]=11111111011111111101111111111110, sa_flags=SA_RESTART|SA_SIGINFO
SIGUSR1: SIG_DFL, sa_mask[0]=00000000000000000000000000000000, sa_flags=none
SIGUSR2: [libjvm.so+0x8c0cc0], sa_mask[0]=00000000000000000000000000000000, sa_flags=SA_RESTART|SA_SIGINFO
SIGHUP: [libjvm.so+0x8c1350], sa_mask[0]=11111111011111111101111111111110, sa_flags=SA_RESTART|SA_SIGINFO
SIGINT: SIG_IGN, sa_mask[0]=00000000000000000000000000000000, sa_flags=none
SIGTERM: [libjvm.so+0x8c1350], sa_mask[0]=11111111011111111101111111111110, sa_flags=SA_RESTART|SA_SIGINFO
SIGQUIT: [libjvm.so+0x8c1350], sa_mask[0]=11111111011111111101111111111110, sa_flags=SA_RESTART|SA_SIGINFO


---------------  S Y S T E M  ---------------

OS:DISTRIB_ID=Ubuntu
DISTRIB_RELEASE=16.04
DISTRIB_CODENAME=xenial
DISTRIB_DESCRIPTION="Ubuntu 16.04.4 LTS"

uname:Linux 4.4.0-1065-aws #75-Ubuntu SMP Fri Aug 10 11:14:32 UTC 2018 x86_64
libc:glibc 2.23 NPTL 2.23 
rlimit: STACK 8192k, CORE 0k, NPROC 3900, NOFILE 1048576, AS infinity
load average:1.97 0.68 0.65

/proc/meminfo:
MemTotal:        1014500 kB
MemFree:           60168 kB
MemAvailable:        588 kB
Buffers:             228 kB
Cached:            17160 kB
SwapCached:            0 kB
Active:           869128 kB
Inactive:          13112 kB
Active(anon):     867720 kB
Inactive(anon):    10332 kB
Active(file):       1408 kB
Inactive(file):     2780 kB
Unevictable:        3652 kB
Mlocked:            3652 kB
SwapTotal:             0 kB
SwapFree:              0 kB
Dirty:                68 kB
Writeback:             0 kB
AnonPages:        868576 kB
Mapped:             5636 kB
Shmem:             10704 kB
Slab:              36776 kB
SReclaimable:      19472 kB
SUnreclaim:        17304 kB
KernelStack:        3616 kB
PageTables:         6152 kB
NFS_Unstable:          0 kB
Bounce:                0 kB
WritebackTmp:          0 kB
CommitLimit:      507248 kB
Committed_AS:    1292856 kB
VmallocTotal:   34359738367 kB
VmallocUsed:           0 kB
VmallocChunk:          0 kB
HardwareCorrupted:     0 kB
AnonHugePages:    221184 kB
CmaTotal:              0 kB
CmaFree:               0 kB
HugePages_Total:       0
HugePages_Free:        0
HugePages_Rsvd:        0
HugePages_Surp:        0
Hugepagesize:       2048 kB
DirectMap4k:       49152 kB
DirectMap2M:      999424 kB

container (cgroup) information:
container_type: cgroupv1
cpu_cpuset_cpus: 0
cpu_memory_nodes: 0
active_processor_count: 1
cpu_quota: -1
cpu_period: 100000
cpu_shares: -1
memory_limit_in_bytes: -1
memory_and_swap_limit_in_bytes: -2
memory_soft_limit_in_bytes: -1
memory_usage_in_bytes: 870604800
memory_max_usage_in_bytes: 892010496


CPU:total 1 (initial active 1) (1 cores per cpu, 1 threads per core) family 6 model 63 stepping 2, cmov, cx8, fxsr, mmx, sse, sse2, sse3, ssse3, sse4.1, sse4.2, popcnt, avx, avx2, aes, clmul, erms, lzcnt, tsc, bmi1, bmi2

/proc/cpuinfo:
processor	: 0
vendor_id	: GenuineIntel
cpu family	: 6
model		: 63
model name	: Intel(R) Xeon(R) CPU E5-2676 v3 @ 2.40GHz
stepping	: 2
microcode	: 0x43
cpu MHz		: 2400.020
cache size	: 30720 KB
physical id	: 0
siblings	: 1
core id		: 0
cpu cores	: 1
apicid		: 0
initial apicid	: 0
fpu		: yes
fpu_exception	: yes
cpuid level	: 13
wp		: yes
flags		: fpu vme de pse tsc msr pae mce cx8 apic sep mtrr pge mca cmov pat pse36 clflush mmx fxsr sse sse2 ht syscall nx rdtscp lm constant_tsc rep_good nopl xtopology eagerfpu pni pclmulqdq ssse3 fma cx16 pcid sse4_1 sse4_2 x2apic movbe popcnt tsc_deadline_timer aes xsave avx f16c rdrand hypervisor lahf_lm abm invpcid_single kaiser fsgsbase bmi1 avx2 smep bmi2 erms invpcid xsaveopt
bugs		: cpu_meltdown spectre_v1 spectre_v2 spec_store_bypass l1tf
bogomips	: 4800.04
clflush size	: 64
cache_alignment	: 64
address sizes	: 46 bits physical, 48 bits virtual
power management:



Memory: 4k page, physical 1014500k(61028k free), swap 0k(0k free)

vm_info: OpenJDK 64-Bit Server VM (25.222-b10) for linux-amd64 JRE (1.8.0_222-8u222-b10-1ubuntu1~16.04.1-b10), built on Jul 18 2019 20:25:18 by "buildd" with gcc 5.4.0 20160609

time: Tue Oct 15 02:53:39 2019
timezone: UTC
elapsed time: 156 seconds (0d 0h 2m 36s)

