#
# There is insufficient memory for the Java Runtime Environment to continue.
# Native memory allocation (mmap) failed to map 192114688 bytes for committing reserved memory.
# Possible reasons:
#   The system is out of physical RAM or swap space
#   The process is running with CompressedOops enabled, and the Java Heap may be blocking the growth of the native heap
# Possible solutions:
#   Reduce memory load on the system
#   Increase physical memory or swap space
#   Check if swap backing store is full
#   Decrease Java heap size (-Xmx/-Xms)
#   Decrease number of Java threads
#   Decrease Java thread stack sizes (-Xss)
#   Set larger code cache with -XX:ReservedCodeCacheSize=
#   JVM is running with Unscaled Compressed Oops mode in which the Java heap is
#     placed in the first 4GB address space. The Java Heap base address is the
#     maximum limit for the native heap growth. Please use -XX:HeapBaseMinAddress
#     to set the Java Heap base and to place the Java Heap above 4GB virtual address.
# This output file may be truncated or incomplete.
#
#  Out of Memory Error (os_linux.cpp:2757), pid=32266, tid=0x00007fc7834cf700
#
# JRE version: OpenJDK Runtime Environment (8.0_222-b10) (build 1.8.0_222-8u222-b10-1ubuntu1~16.04.1-b10)
# Java VM: OpenJDK 64-Bit Server VM (25.222-b10 mixed mode linux-amd64 compressed oops)
# Failed to write core dump. Core dumps have been disabled. To enable core dumping, try "ulimit -c unlimited" before starting Java again
#

---------------  T H R E A D  ---------------

Current thread (0x00007fc794075800):  VMThread [stack: 0x00007fc7833cf000,0x00007fc7834d0000] [id=32280]

Stack: [0x00007fc7833cf000,0x00007fc7834d0000],  sp=0x00007fc7834ce540,  free space=1021k
Native frames: (J=compiled Java code, j=interpreted, Vv=VM code, C=native code)
V  [libjvm.so+0xa7787b]
V  [libjvm.so+0x4caa8c]
V  [libjvm.so+0x8c5da8]
V  [libjvm.so+0x8bd3ee]
V  [libjvm.so+0xa73fd4]
V  [libjvm.so+0x5cf9dd]
V  [libjvm.so+0x5d057d]
V  [libjvm.so+0x5bcf68]
V  [libjvm.so+0x45135f]
V  [libjvm.so+0xa78991]
V  [libjvm.so+0xa7e587]
V  [libjvm.so+0xa7bde7]
V  [libjvm.so+0xa7d0cf]
V  [libjvm.so+0xa7d5f2]
V  [libjvm.so+0x8c3102]

VM_Operation (0x00007fc75c052750): GenCollectForAllocation, mode: safepoint, requested by thread 0x00007fc77c176800


---------------  P R O C E S S  ---------------

Java Threads: ( => current thread )
  0x0000000000e8d000 JavaThread "block-manager-slave-async-thread-pool-14" daemon [_thread_blocked, id=32375, stack(0x00007fc75db58000,0x00007fc75dc59000)]
  0x00007fc77804b800 JavaThread "block-manager-slave-async-thread-pool-13" daemon [_thread_blocked, id=32374, stack(0x00007fc75dd5a000,0x00007fc75de5b000)]
  0x00007fc77403c000 JavaThread "block-manager-slave-async-thread-pool-12" daemon [_thread_blocked, id=32373, stack(0x00007fc758e4d000,0x00007fc758f4e000)]
  0x00007fc77403a800 JavaThread "block-manager-slave-async-thread-pool-11" daemon [_thread_blocked, id=32372, stack(0x00007fc75e9e5000,0x00007fc75eae6000)]
  0x00007fc77800a800 JavaThread "block-manager-ask-thread-pool-5" daemon [_thread_blocked, id=32370, stack(0x00007fc758d4c000,0x00007fc758e4d000)]
  0x00007fc76c00a800 JavaThread "block-manager-slave-async-thread-pool-10" daemon [_thread_blocked, id=32368, stack(0x00007fc758f4e000,0x00007fc75904f000)]
  0x00007fc77c176800 JavaThread "Executor task launch worker for task 165" daemon [_thread_blocked, id=32367, stack(0x00007fc75bf54000,0x00007fc75c055000)]
  0x00007fc76408b800 JavaThread "Thread-18" [_thread_in_native, id=32366, stack(0x00007fc75924f000,0x00007fc759350000)]
  0x00007fc76c008800 JavaThread "block-manager-slave-async-thread-pool-9" daemon [_thread_blocked, id=32365, stack(0x00007fc75dc59000,0x00007fc75dd5a000)]
  0x00007fc76c004800 JavaThread "block-manager-slave-async-thread-pool-8" daemon [_thread_blocked, id=32364, stack(0x00007fc75c255000,0x00007fc75c356000)]
  0x00007fc77c18b000 JavaThread "threadDeathWatcher-7-1" daemon [_thread_blocked, id=32344, stack(0x00007fc75bb52000,0x00007fc75bc53000)]
  0x00007fc770e0d800 JavaThread "shuffle-client-4-1" daemon [_thread_in_native, id=32343, stack(0x00007fc75bc53000,0x00007fc75bd54000)]
  0x00007fc77c12a000 JavaThread "task-result-getter-3" daemon [_thread_blocked, id=32337, stack(0x00007fc75da57000,0x00007fc75db58000)]
  0x00007fc77c0f2000 JavaThread "task-result-getter-2" daemon [_thread_blocked, id=32333, stack(0x00007fc75d956000,0x00007fc75da57000)]
  0x00007fc77c0d7800 JavaThread "task-result-getter-1" daemon [_thread_blocked, id=32328, stack(0x00007fc75de5b000,0x00007fc75df5c000)]
  0x00007fc774032800 JavaThread "task-result-getter-0" daemon [_thread_blocked, id=32327, stack(0x00007fc75e15c000,0x00007fc75e25d000)]
  0x00007fc771c6d000 JavaThread "org.apache.hadoop.fs.FileSystem$Statistics$StatisticsDataReferenceCleaner" daemon [_thread_blocked, id=32325, stack(0x00007fc75e86a000,0x00007fc75e96b000)]
  0x00007fc770ca2000 JavaThread "SparkListenerBus" daemon [_thread_blocked, id=32323, stack(0x00007fc75f0e6000,0x00007fc75f1e7000)]
  0x00007fc770c93800 JavaThread "context-cleaner-periodic-gc" daemon [_thread_blocked, id=32322, stack(0x00007fc75f1e7000,0x00007fc75f2e8000)]
  0x00007fc770c92000 JavaThread "Spark Context Cleaner" daemon [_thread_blocked, id=32321, stack(0x00007fc75f2e8000,0x00007fc75f3e9000)]
  0x00007fc770a05000 JavaThread "shuffle-server-5-1" daemon [_thread_in_native, id=32320, stack(0x00007fc75f5e9000,0x00007fc75f6ea000)]
  0x00007fc770a03000 JavaThread "driver-heartbeater" daemon [_thread_blocked, id=32319, stack(0x00007fc75f6ea000,0x00007fc75f7eb000)]
  0x00007fc770a17800 JavaThread "dag-scheduler-event-loop" daemon [_thread_blocked, id=32318, stack(0x00007fc75f7eb000,0x00007fc75f8ec000)]
  0x0000000000e10800 JavaThread "netty-rpc-env-timeout" daemon [_thread_blocked, id=32317, stack(0x00007fc75f8ec000,0x00007fc75f9ed000)]
  0x00007fc77093e800 JavaThread "Timer-0" daemon [_thread_blocked, id=32316, stack(0x00007fc75f9ed000,0x00007fc75faee000)]
  0x00007fc77c079000 JavaThread "heartbeat-receiver-event-loop-thread" daemon [_thread_blocked, id=32315, stack(0x00007fc75faee000,0x00007fc75fbef000)]
  0x00007fc770918000 JavaThread "SparkUI-37" daemon [_thread_blocked, id=32314, stack(0x00007fc75fbef000,0x00007fc75fcf0000)]
  0x00007fc770916800 JavaThread "SparkUI-36" daemon [_thread_blocked, id=32313, stack(0x00007fc75fcf0000,0x00007fc75fdf1000)]
  0x00007fc770959800 JavaThread "SparkUI-35" daemon [_thread_blocked, id=32312, stack(0x00007fc75fdf1000,0x00007fc75fef2000)]
  0x00007fc770957800 JavaThread "SparkUI-34" daemon [_thread_blocked, id=32311, stack(0x00007fc75fef2000,0x00007fc75fff3000)]
  0x00007fc770956000 JavaThread "SparkUI-33" daemon [_thread_blocked, id=32310, stack(0x00007fc75fff3000,0x00007fc7600f4000)]
  0x00007fc770954000 JavaThread "SparkUI-32" daemon [_thread_blocked, id=32309, stack(0x00007fc7600f4000,0x00007fc7601f5000)]
  0x00007fc770952800 JavaThread "SparkUI-31-acceptor-0@4bb67c20-Spark@45718b26{HTTP/1.1}{0.0.0.0:4040}" daemon [_thread_in_native, id=32308, stack(0x00007fc7601f5000,0x00007fc7602f6000)]
  0x00007fc7709f0800 JavaThread "SparkUI-30-selector-ServerConnectorManager@6dcd6f74/0" daemon [_thread_in_native, id=32307, stack(0x00007fc7602f6000,0x00007fc7603f7000)]
  0x00007fc7708c8000 JavaThread "refresh progress" daemon [_thread_blocked, id=32305, stack(0x00007fc7605f7000,0x00007fc7606f8000)]
  0x00007fc770835000 JavaThread "map-output-dispatcher-7" daemon [_thread_blocked, id=32304, stack(0x00007fc7608f8000,0x00007fc7609f9000)]
  0x00007fc77092d800 JavaThread "map-output-dispatcher-6" daemon [_thread_blocked, id=32303, stack(0x00007fc7609f9000,0x00007fc760afa000)]
  0x00007fc77092c000 JavaThread "map-output-dispatcher-5" daemon [_thread_blocked, id=32302, stack(0x00007fc760afa000,0x00007fc760bfb000)]
  0x00007fc77086d000 JavaThread "map-output-dispatcher-4" daemon [_thread_blocked, id=32301, stack(0x00007fc760bfb000,0x00007fc760cfc000)]
  0x00007fc7708fb000 JavaThread "map-output-dispatcher-3" daemon [_thread_blocked, id=32300, stack(0x00007fc760cfc000,0x00007fc760dfd000)]
  0x00007fc7708f9000 JavaThread "map-output-dispatcher-2" daemon [_thread_blocked, id=32299, stack(0x00007fc760dfd000,0x00007fc760efe000)]
  0x00007fc7708bd000 JavaThread "map-output-dispatcher-1" daemon [_thread_blocked, id=32298, stack(0x00007fc760efe000,0x00007fc760fff000)]
  0x00007fc7708bc800 JavaThread "map-output-dispatcher-0" daemon [_thread_blocked, id=32297, stack(0x00007fc780081000,0x00007fc780182000)]
  0x00007fc770833800 JavaThread "rpc-server-3-1" daemon [_thread_blocked, id=32296, stack(0x00007fc780182000,0x00007fc780283000)]
  0x00007fc770687800 JavaThread "dispatcher-event-loop-1" daemon [_thread_blocked, id=32295, stack(0x00007fc7806a8000,0x00007fc7807a9000)]
  0x00007fc770687000 JavaThread "dispatcher-event-loop-0" daemon [_thread_blocked, id=32294, stack(0x00007fc780fd5000,0x00007fc7810d6000)]
  0x00007fc764334000 JavaThread "Thread-2" [_thread_blocked, id=32290, stack(0x00007fc781719000,0x00007fc78181a000)]
  0x00007fc794df8800 JavaThread "Thread-1" [_thread_in_native, id=32289, stack(0x00007fc78181a000,0x00007fc78191b000)]
  0x00007fc794de9000 JavaThread "pool-1-thread-1" [_thread_blocked, id=32288, stack(0x00007fc781b1b000,0x00007fc781c1c000)]
  0x00007fc7940bb000 JavaThread "Service Thread" daemon [_thread_blocked, id=32286, stack(0x00007fc782c31000,0x00007fc782d32000)]
  0x00007fc7940b8000 JavaThread "C1 CompilerThread1" daemon [_thread_blocked, id=32285, stack(0x00007fc782d32000,0x00007fc782e33000)]
  0x00007fc7940b6000 JavaThread "C2 CompilerThread0" daemon [_thread_blocked, id=32284, stack(0x00007fc782e33000,0x00007fc782f34000)]
  0x00007fc7940b4000 JavaThread "Signal Dispatcher" daemon [_thread_blocked, id=32283, stack(0x00007fc782f34000,0x00007fc783035000)]
  0x00007fc794082000 JavaThread "Finalizer" daemon [_thread_blocked, id=32282, stack(0x00007fc7831cd000,0x00007fc7832ce000)]
  0x00007fc79407f800 JavaThread "Reference Handler" daemon [_thread_blocked, id=32281, stack(0x00007fc7832ce000,0x00007fc7833cf000)]
  0x00007fc794011800 JavaThread "main" [_thread_in_native, id=32279, stack(0x00007fc79acb4000,0x00007fc79adb5000)]

Other Threads:
=>0x00007fc794075800 VMThread [stack: 0x00007fc7833cf000,0x00007fc7834d0000] [id=32280]
  0x00007fc7940be000 WatcherThread [stack: 0x00007fc782b30000,0x00007fc782c31000] [id=32287]

VM state:at safepoint (normal execution)

VM Mutex/Monitor currently owned by a thread:  ([mutex/lock_event])
[0x00007fc79400df10] Threads_lock - owner thread: 0x00007fc794075800
[0x00007fc79400e410] Heap_lock - owner thread: 0x00007fc77c176800

heap address: 0x00000000c0000000, size: 1024 MB, Compressed Oops mode: 32-bit
Narrow klass base: 0x0000000000000000, Narrow klass shift: 3
Compressed class space size: 1073741824 Address: 0x0000000100000000

Heap:
 def new generation   total 140032K, used 0K [0x00000000c0000000, 0x00000000c97f0000, 0x00000000d5550000)
  eden space 124480K,   0% used [0x00000000c0000000, 0x00000000c0000000, 0x00000000c7990000)
  from space 15552K,   0% used [0x00000000c88c0000, 0x00000000c88c0000, 0x00000000c97f0000)
  to   space 15552K,   0% used [0x00000000c7990000, 0x00000000c7990000, 0x00000000c88c0000)
 tenured generation   total 314136K, used 301047K [0x00000000d5550000, 0x00000000e8816000, 0x0000000100000000)
   the space 314136K,  95% used [0x00000000d5550000, 0x00000000e7b4de90, 0x00000000e7b4e000, 0x00000000e8816000)
 Metaspace       used 92975K, capacity 94331K, committed 94552K, reserved 1132544K
  class space    used 12041K, capacity 12320K, committed 12376K, reserved 1048576K

Card table byte_map: [0x00007fc783ff6000,0x00007fc7841f7000] byte_map_base: 0x00007fc7839f6000

Polling page: 0x00007fc79adc0000

CodeCache: size=245760Kb used=37663Kb max_used=39153Kb free=208096Kb
 bounds [0x00007fc7845b7000, 0x00007fc786cb7000, 0x00007fc7935b7000]
 total_blobs=12440 nmethods=11675 adapters=675
 compilation: enabled

Compilation events (10 events):
Event: 841.488 Thread 0x00007fc7940b6000 15305       4       org.apache.commons.math3.distribution.PoissonDistribution::nextPoisson (628 bytes)
Event: 841.518 Thread 0x00007fc7940b6000 nmethod 15305 0x00007fc78521d610 code [0x00007fc78521d820, 0x00007fc78521e428]
Event: 841.518 Thread 0x00007fc7940b6000 15306       4       org.apache.commons.math3.util.FastMath::exp (444 bytes)
Event: 841.520 Thread 0x00007fc7940b6000 nmethod 15306 0x00007fc7854e85d0 code [0x00007fc7854e87c0, 0x00007fc7854e8b18]
Event: 842.129 Thread 0x00007fc7940b8000 15307       1       org.apache.spark.util.collection.SizeTrackingVector::org$apache$spark$util$collection$SizeTracker$$bytesPerUpdate_$eq (6 bytes)
Event: 842.129 Thread 0x00007fc7940b8000 nmethod 15307 0x00007fc7864e59d0 code [0x00007fc7864e5b20, 0x00007fc7864e5c30]
Event: 842.129 Thread 0x00007fc7940b8000 15308       1       org.apache.spark.util.collection.SizeTrackingVector::org$apache$spark$util$collection$SizeTracker$$SAMPLE_GROWTH_RATE (5 bytes)
Event: 842.129 Thread 0x00007fc7940b8000 nmethod 15308 0x00007fc785413150 code [0x00007fc7854132a0, 0x00007fc7854133b0]
Event: 842.448 Thread 0x00007fc7940b6000 15309       4       org.apache.spark.ml.tree.impl.BaggedPoint$$anonfun$convertToBaggedRDDSamplingWithReplacement$1$$anonfun$apply$2::apply (51 bytes)
Event: 842.451 Thread 0x00007fc7940b6000 nmethod 15309 0x00007fc78480e090 code [0x00007fc78480e200, 0x00007fc78480e4c8]

GC Heap History (10 events):
Event: 842.546 GC heap after
Heap after GC invocations=673 (full 25):
 def new generation   total 140032K, used 10616K [0x00000000c0000000, 0x00000000c97f0000, 0x00000000d5550000)
  eden space 124480K,   0% used [0x00000000c0000000, 0x00000000c0000000, 0x00000000c7990000)
  from space 15552K,  68% used [0x00000000c7990000, 0x00000000c83ee3c0, 0x00000000c88c0000)
  to   space 15552K,   0% used [0x00000000c88c0000, 0x00000000c88c0000, 0x00000000c97f0000)
 tenured generation   total 311064K, used 296247K [0x00000000d5550000, 0x00000000e8516000, 0x0000000100000000)
   the space 311064K,  95% used [0x00000000d5550000, 0x00000000e769dc98, 0x00000000e769de00, 0x00000000e8516000)
 Metaspace       used 92975K, capacity 94331K, committed 94552K, reserved 1132544K
  class space    used 12041K, capacity 12320K, committed 12376K, reserved 1048576K
}
Event: 842.584 GC heap before
{Heap before GC invocations=673 (full 25):
 def new generation   total 140032K, used 135096K [0x00000000c0000000, 0x00000000c97f0000, 0x00000000d5550000)
  eden space 124480K, 100% used [0x00000000c0000000, 0x00000000c7990000, 0x00000000c7990000)
  from space 15552K,  68% used [0x00000000c7990000, 0x00000000c83ee3c0, 0x00000000c88c0000)
  to   space 15552K,   0% used [0x00000000c88c0000, 0x00000000c88c0000, 0x00000000c97f0000)
 tenured generation   total 311064K, used 296247K [0x00000000d5550000, 0x00000000e8516000, 0x0000000100000000)
   the space 311064K,  95% used [0x00000000d5550000, 0x00000000e769dc98, 0x00000000e769de00, 0x00000000e8516000)
 Metaspace       used 92975K, capacity 94331K, committed 94552K, reserved 1132544K
  class space    used 12041K, capacity 12320K, committed 12376K, reserved 1048576K
Event: 842.589 GC heap after
Heap after GC invocations=674 (full 25):
 def new generation   total 140032K, used 10734K [0x00000000c0000000, 0x00000000c97f0000, 0x00000000d5550000)
  eden space 124480K,   0% used [0x00000000c0000000, 0x00000000c0000000, 0x00000000c7990000)
  from space 15552K,  69% used [0x00000000c88c0000, 0x00000000c933bbb8, 0x00000000c97f0000)
  to   space 15552K,   0% used [0x00000000c7990000, 0x00000000c7990000, 0x00000000c88c0000)
 tenured generation   total 311064K, used 299785K [0x00000000d5550000, 0x00000000e8516000, 0x0000000100000000)
   the space 311064K,  96% used [0x00000000d5550000, 0x00000000e7a127e8, 0x00000000e7a12800, 0x00000000e8516000)
 Metaspace       used 92975K, capacity 94331K, committed 94552K, reserved 1132544K
  class space    used 12041K, capacity 12320K, committed 12376K, reserved 1048576K
}
Event: 842.628 GC heap before
{Heap before GC invocations=674 (full 25):
 def new generation   total 140032K, used 135214K [0x00000000c0000000, 0x00000000c97f0000, 0x00000000d5550000)
  eden space 124480K, 100% used [0x00000000c0000000, 0x00000000c7990000, 0x00000000c7990000)
  from space 15552K,  69% used [0x00000000c88c0000, 0x00000000c933bbb8, 0x00000000c97f0000)
  to   space 15552K,   0% used [0x00000000c7990000, 0x00000000c7990000, 0x00000000c88c0000)
 tenured generation   total 311064K, used 299785K [0x00000000d5550000, 0x00000000e8516000, 0x0000000100000000)
   the space 311064K,  96% used [0x00000000d5550000, 0x00000000e7a127e8, 0x00000000e7a12800, 0x00000000e8516000)
 Metaspace       used 92975K, capacity 94331K, committed 94552K, reserved 1132544K
  class space    used 12041K, capacity 12320K, committed 12376K, reserved 1048576K
Event: 842.634 GC heap after
Heap after GC invocations=675 (full 25):
 def new generation   total 140032K, used 10742K [0x00000000c0000000, 0x00000000c97f0000, 0x00000000d5550000)
  eden space 124480K,   0% used [0x00000000c0000000, 0x00000000c0000000, 0x00000000c7990000)
  from space 15552K,  69% used [0x00000000c7990000, 0x00000000c840dbc8, 0x00000000c88c0000)
  to   space 15552K,   0% used [0x00000000c88c0000, 0x00000000c88c0000, 0x00000000c97f0000)
 tenured generation   total 311064K, used 303324K [0x00000000d5550000, 0x00000000e8516000, 0x0000000100000000)
   the space 311064K,  97% used [0x00000000d5550000, 0x00000000e7d87338, 0x00000000e7d87400, 0x00000000e8516000)
 Metaspace       used 92975K, capacity 94331K, committed 94552K, reserved 1132544K
  class space    used 12041K, capacity 12320K, committed 12376K, reserved 1048576K
}
Event: 842.672 GC heap before
{Heap before GC invocations=675 (full 25):
 def new generation   total 140032K, used 135222K [0x00000000c0000000, 0x00000000c97f0000, 0x00000000d5550000)
  eden space 124480K, 100% used [0x00000000c0000000, 0x00000000c7990000, 0x00000000c7990000)
  from space 15552K,  69% used [0x00000000c7990000, 0x00000000c840dbc8, 0x00000000c88c0000)
  to   space 15552K,   0% used [0x00000000c88c0000, 0x00000000c88c0000, 0x00000000c97f0000)
 tenured generation   total 311064K, used 303324K [0x00000000d5550000, 0x00000000e8516000, 0x0000000100000000)
   the space 311064K,  97% used [0x00000000d5550000, 0x00000000e7d87338, 0x00000000e7d87400, 0x00000000e8516000)
 Metaspace       used 92975K, capacity 94331K, committed 94552K, reserved 1132544K
  class space    used 12041K, capacity 12320K, committed 12376K, reserved 1048576K
Event: 842.678 GC heap after
Heap after GC invocations=676 (full 25):
 def new generation   total 140032K, used 10742K [0x00000000c0000000, 0x00000000c97f0000, 0x00000000d5550000)
  eden space 124480K,   0% used [0x00000000c0000000, 0x00000000c0000000, 0x00000000c7990000)
  from space 15552K,  69% used [0x00000000c88c0000, 0x00000000c933db90, 0x00000000c97f0000)
  to   space 15552K,   0% used [0x00000000c7990000, 0x00000000c7990000, 0x00000000c88c0000)
 tenured generation   total 311064K, used 306863K [0x00000000d5550000, 0x00000000e8516000, 0x0000000100000000)
   the space 311064K,  98% used [0x00000000d5550000, 0x00000000e80fbea0, 0x00000000e80fc000, 0x00000000e8516000)
 Metaspace       used 92975K, capacity 94331K, committed 94552K, reserved 1132544K
  class space    used 12041K, capacity 12320K, committed 12376K, reserved 1048576K
}
Event: 842.716 GC heap before
{Heap before GC invocations=676 (full 25):
 def new generation   total 140032K, used 135222K [0x00000000c0000000, 0x00000000c97f0000, 0x00000000d5550000)
  eden space 124480K, 100% used [0x00000000c0000000, 0x00000000c7990000, 0x00000000c7990000)
  from space 15552K,  69% used [0x00000000c88c0000, 0x00000000c933db90, 0x00000000c97f0000)
  to   space 15552K,   0% used [0x00000000c7990000, 0x00000000c7990000, 0x00000000c88c0000)
 tenured generation   total 311064K, used 306863K [0x00000000d5550000, 0x00000000e8516000, 0x0000000100000000)
   the space 311064K,  98% used [0x00000000d5550000, 0x00000000e80fbea0, 0x00000000e80fc000, 0x00000000e8516000)
 Metaspace       used 92975K, capacity 94331K, committed 94552K, reserved 1132544K
  class space    used 12041K, capacity 12320K, committed 12376K, reserved 1048576K
Event: 842.722 GC heap after
Heap after GC invocations=677 (full 25):
 def new generation   total 140032K, used 10624K [0x00000000c0000000, 0x00000000c97f0000, 0x00000000d5550000)
  eden space 124480K,   0% used [0x00000000c0000000, 0x00000000c0000000, 0x00000000c7990000)
  from space 15552K,  68% used [0x00000000c7990000, 0x00000000c83f03d8, 0x00000000c88c0000)
  to   space 15552K,   0% used [0x00000000c88c0000, 0x00000000c88c0000, 0x00000000c97f0000)
 tenured generation   total 311064K, used 310520K [0x00000000d5550000, 0x00000000e8516000, 0x0000000100000000)
   the space 311064K,  99% used [0x00000000d5550000, 0x00000000e848e1c8, 0x00000000e848e200, 0x00000000e8516000)
 Metaspace       used 92975K, capacity 94331K, committed 94552K, reserved 1132544K
  class space    used 12041K, capacity 12320K, committed 12376K, reserved 1048576K
}
Event: 842.760 GC heap before
{Heap before GC invocations=677 (full 25):
 def new generation   total 140032K, used 135104K [0x00000000c0000000, 0x00000000c97f0000, 0x00000000d5550000)
  eden space 124480K, 100% used [0x00000000c0000000, 0x00000000c7990000, 0x00000000c7990000)
  from space 15552K,  68% used [0x00000000c7990000, 0x00000000c83f03d8, 0x00000000c88c0000)
  to   space 15552K,   0% used [0x00000000c88c0000, 0x00000000c88c0000, 0x00000000c97f0000)
 tenured generation   total 311064K, used 310520K [0x00000000d5550000, 0x00000000e8516000, 0x0000000100000000)
   the space 311064K,  99% used [0x00000000d5550000, 0x00000000e848e1c8, 0x00000000e848e200, 0x00000000e8516000)
 Metaspace       used 92975K, capacity 94331K, committed 94552K, reserved 1132544K
  class space    used 12041K, capacity 12320K, committed 12376K, reserved 1048576K

Deoptimization events (10 events):
Event: 837.978 Thread 0x00007fc764334000 Uncommon trap: reason=class_check action=maybe_recompile pc=0x00007fc7866ccb0c method=scala.collection.MapLike$MappedValues$$anonfun$foreach$3.apply(Lscala/Tuple2;)Ljava/lang/Object; @ 27
Event: 837.978 Thread 0x00007fc764334000 Uncommon trap: reason=class_check action=maybe_recompile pc=0x00007fc7866ccb0c method=scala.collection.MapLike$MappedValues$$anonfun$foreach$3.apply(Lscala/Tuple2;)Ljava/lang/Object; @ 27
Event: 837.978 Thread 0x00007fc764334000 Uncommon trap: reason=class_check action=maybe_recompile pc=0x00007fc7866ccb0c method=scala.collection.MapLike$MappedValues$$anonfun$foreach$3.apply(Lscala/Tuple2;)Ljava/lang/Object; @ 27
Event: 837.978 Thread 0x00007fc764334000 Uncommon trap: reason=class_check action=maybe_recompile pc=0x00007fc7866d0fb4 method=scala.collection.MapLike$MappedValues$$anonfun$foreach$3.apply(Lscala/Tuple2;)Ljava/lang/Object; @ 27
Event: 837.984 Thread 0x00007fc764334000 Uncommon trap: reason=class_check action=maybe_recompile pc=0x00007fc7852b5450 method=scala.collection.MapLike$$anon$2.hasNext()Z @ 4
Event: 837.984 Thread 0x00007fc764334000 Uncommon trap: reason=class_check action=maybe_recompile pc=0x00007fc7858a3280 method=scala.collection.MapLike$$anon$2.next()Ljava/lang/Object; @ 4
Event: 837.984 Thread 0x00007fc764334000 Uncommon trap: reason=class_check action=maybe_recompile pc=0x00007fc7852b5450 method=scala.collection.MapLike$$anon$2.hasNext()Z @ 4
Event: 837.984 Thread 0x00007fc764334000 Uncommon trap: reason=class_check action=maybe_recompile pc=0x00007fc7858a3280 method=scala.collection.MapLike$$anon$2.next()Ljava/lang/Object; @ 4
Event: 841.002 Thread 0x00007fc77c176800 Uncommon trap: reason=unstable_if action=reinterpret pc=0x00007fc7854edc84 method=breeze.collection.mutable.SparseArray.findOffset(I)I @ 117
Event: 841.030 Thread 0x00007fc77c176800 Uncommon trap: reason=unstable_if action=reinterpret pc=0x00007fc7854e6b84 method=org.apache.spark.ml.tree.impl.TreePoint$.findBin(ILorg/apache/spark/ml/feature/LabeledPoint;I[D)I @ 14

Classes redefined (0 events):
No events

Internal exceptions (10 events):
Event: 837.824 Thread 0x00007fc764334000 Exception <a 'java/lang/NoSuchMethodError': <clinit>> (0x00000000c0530ac8) thrown at [/build/openjdk-8-g3XteX/openjdk-8-8u222-b10/src/hotspot/src/share/vm/prims/jni.cpp, line 1615]
Event: 838.043 Thread 0x00007fc764334000 Exception <a 'java/lang/NoSuchMethodError': <clinit>> (0x00000000c233b8a8) thrown at [/build/openjdk-8-g3XteX/openjdk-8-8u222-b10/src/hotspot/src/share/vm/prims/jni.cpp, line 1615]
Event: 838.043 Thread 0x00007fc764334000 Exception <a 'java/lang/NoSuchMethodError': <clinit>> (0x00000000c2344bc0) thrown at [/build/openjdk-8-g3XteX/openjdk-8-8u222-b10/src/hotspot/src/share/vm/prims/jni.cpp, line 1615]
Event: 838.162 Thread 0x00007fc764334000 Exception <a 'java/lang/NoSuchMethodError': <clinit>> (0x00000000c31bb230) thrown at [/build/openjdk-8-g3XteX/openjdk-8-8u222-b10/src/hotspot/src/share/vm/prims/jni.cpp, line 1615]
Event: 838.163 Thread 0x00007fc764334000 Exception <a 'java/lang/NoSuchMethodError': <clinit>> (0x00000000c31caa28) thrown at [/build/openjdk-8-g3XteX/openjdk-8-8u222-b10/src/hotspot/src/share/vm/prims/jni.cpp, line 1615]
Event: 838.171 Thread 0x00007fc764334000 Exception <a 'java/lang/NoSuchMethodError': <clinit>> (0x00000000c3401050) thrown at [/build/openjdk-8-g3XteX/openjdk-8-8u222-b10/src/hotspot/src/share/vm/prims/jni.cpp, line 1615]
Event: 838.273 Thread 0x00007fc764334000 Exception <a 'java/lang/NoSuchMethodError': <clinit>> (0x00000000c433e4b0) thrown at [/build/openjdk-8-g3XteX/openjdk-8-8u222-b10/src/hotspot/src/share/vm/prims/jni.cpp, line 1615]
Event: 838.564 Thread 0x00007fc770a17800 Exception <a 'java/lang/NoSuchMethodError': <clinit>> (0x00000000c763df58) thrown at [/build/openjdk-8-g3XteX/openjdk-8-8u222-b10/src/hotspot/src/share/vm/prims/jni.cpp, line 1615]
Event: 838.599 Thread 0x00007fc770a17800 Exception <a 'java/lang/NoSuchMethodError': <clinit>> (0x00000000c02d6f88) thrown at [/build/openjdk-8-g3XteX/openjdk-8-8u222-b10/src/hotspot/src/share/vm/prims/jni.cpp, line 1615]
Event: 838.672 Thread 0x00007fc770a17800 Exception <a 'java/lang/NoSuchMethodError': <clinit>> (0x00000000c1c1c438) thrown at [/build/openjdk-8-g3XteX/openjdk-8-8u222-b10/src/hotspot/src/share/vm/prims/jni.cpp, line 1615]

Events (10 events):
Event: 842.546 Executing VM operation: GenCollectForAllocation done
Event: 842.584 Executing VM operation: GenCollectForAllocation
Event: 842.589 Executing VM operation: GenCollectForAllocation done
Event: 842.628 Executing VM operation: GenCollectForAllocation
Event: 842.634 Executing VM operation: GenCollectForAllocation done
Event: 842.672 Executing VM operation: GenCollectForAllocation
Event: 842.678 Executing VM operation: GenCollectForAllocation done
Event: 842.716 Executing VM operation: GenCollectForAllocation
Event: 842.722 Executing VM operation: GenCollectForAllocation done
Event: 842.759 Executing VM operation: GenCollectForAllocation


Dynamic libraries:
00400000-00401000 r-xp 00000000 ca:01 286273                             /usr/lib/jvm/java-8-openjdk-amd64/jre/bin/java
00600000-00601000 r--p 00000000 ca:01 286273                             /usr/lib/jvm/java-8-openjdk-amd64/jre/bin/java
00601000-00602000 rw-p 00001000 ca:01 286273                             /usr/lib/jvm/java-8-openjdk-amd64/jre/bin/java
00ded000-00efb000 rw-p 00000000 00:00 0                                  [heap]
c0000000-c97f0000 rw-p 00000000 00:00 0 
c97f0000-d5550000 ---p 00000000 00:00 0 
d5550000-e8816000 rw-p 00000000 00:00 0 
f3f4d000-100000000 ---p 00000000 00:00 0 
100000000-100c16000 rw-p 00000000 00:00 0 
100c16000-140000000 ---p 00000000 00:00 0 
7fc75834c000-7fc75838c000 rw-p 00000000 00:00 0 
7fc75838c000-7fc75854c000 ---p 00000000 00:00 0 
7fc75854c000-7fc75874c000 rw-p 00000000 00:00 0 
7fc75874c000-7fc75894c000 rw-p 00000000 00:00 0 
7fc75894c000-7fc758b4c000 rw-p 00000000 00:00 0 
7fc758b4c000-7fc758d4c000 rw-p 00000000 00:00 0 
7fc758d4c000-7fc758d4f000 ---p 00000000 00:00 0 
7fc758d4f000-7fc758e4d000 rw-p 00000000 00:00 0 
7fc758e4d000-7fc758e50000 ---p 00000000 00:00 0 
7fc758e50000-7fc758f4e000 rw-p 00000000 00:00 0 
7fc758f4e000-7fc758f51000 ---p 00000000 00:00 0 
7fc758f51000-7fc75924f000 rw-p 00000000 00:00 0 
7fc75924f000-7fc759252000 ---p 00000000 00:00 0 
7fc759252000-7fc759550000 rw-p 00000000 00:00 0 
7fc759550000-7fc759750000 rw-p 00000000 00:00 0 
7fc759750000-7fc759950000 rw-p 00000000 00:00 0 
7fc759950000-7fc759b50000 rw-p 00000000 00:00 0 
7fc759b50000-7fc75bb52000 rw-p 00000000 00:00 0 
7fc75bb52000-7fc75bb55000 ---p 00000000 00:00 0 
7fc75bb55000-7fc75bc53000 rw-p 00000000 00:00 0 
7fc75bc53000-7fc75bc56000 ---p 00000000 00:00 0 
7fc75bc56000-7fc75bf54000 rw-p 00000000 00:00 0 
7fc75bf54000-7fc75bf57000 ---p 00000000 00:00 0 
7fc75bf57000-7fc75c255000 rw-p 00000000 00:00 0 
7fc75c255000-7fc75c258000 ---p 00000000 00:00 0 
7fc75c258000-7fc75c556000 rw-p 00000000 00:00 0 
7fc75c556000-7fc75c756000 rw-p 00000000 00:00 0 
7fc75c756000-7fc75c956000 rw-p 00000000 00:00 0 
7fc75c956000-7fc75cb56000 rw-p 00000000 00:00 0 
7fc75cb56000-7fc75cd56000 rw-p 00000000 00:00 0 
7fc75cd56000-7fc75cf56000 rw-p 00000000 00:00 0 
7fc75cf56000-7fc75d156000 rw-p 00000000 00:00 0 
7fc75d156000-7fc75d356000 rw-p 00000000 00:00 0 
7fc75d356000-7fc75d556000 rw-p 00000000 00:00 0 
7fc75d556000-7fc75d756000 rw-p 00000000 00:00 0 
7fc75d756000-7fc75d956000 rw-p 00000000 00:00 0 
7fc75d956000-7fc75d959000 ---p 00000000 00:00 0 
7fc75d959000-7fc75da57000 rw-p 00000000 00:00 0 
7fc75da57000-7fc75da5a000 ---p 00000000 00:00 0 
7fc75da5a000-7fc75db58000 rw-p 00000000 00:00 0 
7fc75db58000-7fc75db5b000 ---p 00000000 00:00 0 
7fc75db5b000-7fc75dc59000 rw-p 00000000 00:00 0 
7fc75dc59000-7fc75dc5c000 ---p 00000000 00:00 0 
7fc75dc5c000-7fc75dd5a000 rw-p 00000000 00:00 0 
7fc75dd5a000-7fc75dd5d000 ---p 00000000 00:00 0 
7fc75dd5d000-7fc75de5b000 rw-p 00000000 00:00 0 
7fc75de5b000-7fc75de5e000 ---p 00000000 00:00 0 
7fc75de5e000-7fc75e15c000 rw-p 00000000 00:00 0 
7fc75e15c000-7fc75e15f000 ---p 00000000 00:00 0 
7fc75e15f000-7fc75e45d000 rw-p 00000000 00:00 0 
7fc75e45d000-7fc75e46a000 r-xp 00000000 ca:01 121                        /tmp/liblz4-java95370336041000022.so
7fc75e46a000-7fc75e669000 ---p 0000d000 ca:01 121                        /tmp/liblz4-java95370336041000022.so
7fc75e669000-7fc75e66a000 rw-p 0000c000 ca:01 121                        /tmp/liblz4-java95370336041000022.so
7fc75e66a000-7fc75e86a000 rw-p 00000000 00:00 0 
7fc75e86a000-7fc75e86d000 ---p 00000000 00:00 0 
7fc75e86d000-7fc75e96b000 rw-p 00000000 00:00 0 
7fc75e9e5000-7fc75e9e8000 ---p 00000000 00:00 0 
7fc75e9e8000-7fc75ece6000 rw-p 00000000 00:00 0 
7fc75ece6000-7fc75eee6000 rw-p 00000000 00:00 0 
7fc75eee6000-7fc75f0e6000 rw-p 00000000 00:00 0 
7fc75f0e6000-7fc75f0e9000 ---p 00000000 00:00 0 
7fc75f0e9000-7fc75f1e7000 rw-p 00000000 00:00 0 
7fc75f1e7000-7fc75f1ea000 ---p 00000000 00:00 0 
7fc75f1ea000-7fc75f2e8000 rw-p 00000000 00:00 0 
7fc75f2e8000-7fc75f2eb000 ---p 00000000 00:00 0 
7fc75f2eb000-7fc75f5e9000 rw-p 00000000 00:00 0 
7fc75f5e9000-7fc75f5ec000 ---p 00000000 00:00 0 
7fc75f5ec000-7fc75f6ea000 rw-p 00000000 00:00 0 
7fc75f6ea000-7fc75f6ed000 ---p 00000000 00:00 0 
7fc75f6ed000-7fc75f7eb000 rw-p 00000000 00:00 0 
7fc75f7eb000-7fc75f7ee000 ---p 00000000 00:00 0 
7fc75f7ee000-7fc75f8ec000 rw-p 00000000 00:00 0 
7fc75f8ec000-7fc75f8ef000 ---p 00000000 00:00 0 
7fc75f8ef000-7fc75f9ed000 rw-p 00000000 00:00 0 
7fc75f9ed000-7fc75f9f0000 ---p 00000000 00:00 0 
7fc75f9f0000-7fc75faee000 rw-p 00000000 00:00 0 
7fc75faee000-7fc75faf1000 ---p 00000000 00:00 0 
7fc75faf1000-7fc75fbef000 rw-p 00000000 00:00 0 
7fc75fbef000-7fc75fbf2000 ---p 00000000 00:00 0 
7fc75fbf2000-7fc75fcf0000 rw-p 00000000 00:00 0 
7fc75fcf0000-7fc75fcf3000 ---p 00000000 00:00 0 
7fc75fcf3000-7fc75fdf1000 rw-p 00000000 00:00 0 
7fc75fdf1000-7fc75fdf4000 ---p 00000000 00:00 0 
7fc75fdf4000-7fc75fef2000 rw-p 00000000 00:00 0 
7fc75fef2000-7fc75fef5000 ---p 00000000 00:00 0 
7fc75fef5000-7fc75fff3000 rw-p 00000000 00:00 0 
7fc75fff3000-7fc75fff6000 ---p 00000000 00:00 0 
7fc75fff6000-7fc7600f4000 rw-p 00000000 00:00 0 
7fc7600f4000-7fc7600f7000 ---p 00000000 00:00 0 
7fc7600f7000-7fc7601f5000 rw-p 00000000 00:00 0 
7fc7601f5000-7fc7601f8000 ---p 00000000 00:00 0 
7fc7601f8000-7fc7602f6000 rw-p 00000000 00:00 0 
7fc7602f6000-7fc7602f9000 ---p 00000000 00:00 0 
7fc7602f9000-7fc7605f7000 rw-p 00000000 00:00 0 
7fc7605f7000-7fc7605fa000 ---p 00000000 00:00 0 
7fc7605fa000-7fc7608f8000 rw-p 00000000 00:00 0 
7fc7608f8000-7fc7608fb000 ---p 00000000 00:00 0 
7fc7608fb000-7fc7609f9000 rw-p 00000000 00:00 0 
7fc7609f9000-7fc7609fc000 ---p 00000000 00:00 0 
7fc7609fc000-7fc760afa000 rw-p 00000000 00:00 0 
7fc760afa000-7fc760afd000 ---p 00000000 00:00 0 
7fc760afd000-7fc760bfb000 rw-p 00000000 00:00 0 
7fc760bfb000-7fc760bfe000 ---p 00000000 00:00 0 
7fc760bfe000-7fc760cfc000 rw-p 00000000 00:00 0 
7fc760cfc000-7fc760cff000 ---p 00000000 00:00 0 
7fc760cff000-7fc760dfd000 rw-p 00000000 00:00 0 
7fc760dfd000-7fc760e00000 ---p 00000000 00:00 0 
7fc760e00000-7fc760efe000 rw-p 00000000 00:00 0 
7fc760efe000-7fc760f01000 ---p 00000000 00:00 0 
7fc760f01000-7fc764000000 rw-p 00000000 00:00 0 
7fc764000000-7fc765949000 rw-p 00000000 00:00 0 
7fc765949000-7fc768000000 ---p 00000000 00:00 0 
7fc768000000-7fc7680aa000 rw-p 00000000 00:00 0 
7fc7680aa000-7fc76c000000 ---p 00000000 00:00 0 
7fc76c000000-7fc76c021000 rw-p 00000000 00:00 0 
7fc76c021000-7fc770000000 ---p 00000000 00:00 0 
7fc770000000-7fc773ff5000 rw-p 00000000 00:00 0 
7fc773ff5000-7fc774000000 ---p 00000000 00:00 0 
7fc774000000-7fc774040000 rw-p 00000000 00:00 0 
7fc774040000-7fc778000000 ---p 00000000 00:00 0 
7fc778000000-7fc77804d000 rw-p 00000000 00:00 0 
7fc77804d000-7fc77c000000 ---p 00000000 00:00 0 
7fc77c000000-7fc77c34a000 rw-p 00000000 00:00 0 
7fc77c34a000-7fc780000000 ---p 00000000 00:00 0 
7fc780081000-7fc780084000 ---p 00000000 00:00 0 
7fc780084000-7fc780182000 rw-p 00000000 00:00 0 
7fc780182000-7fc780185000 ---p 00000000 00:00 0 
7fc780185000-7fc780283000 rw-p 00000000 00:00 0 
7fc780283000-7fc780294000 r-xp 00000000 ca:01 286360                     /usr/lib/jvm/java-8-openjdk-amd64/jre/lib/amd64/libnio.so
7fc780294000-7fc780493000 ---p 00011000 ca:01 286360                     /usr/lib/jvm/java-8-openjdk-amd64/jre/lib/amd64/libnio.so
7fc780493000-7fc780494000 r--p 00010000 ca:01 286360                     /usr/lib/jvm/java-8-openjdk-amd64/jre/lib/amd64/libnio.so
7fc780494000-7fc780495000 rw-p 00011000 ca:01 286360                     /usr/lib/jvm/java-8-openjdk-amd64/jre/lib/amd64/libnio.so
7fc780495000-7fc780695000 rw-p 00000000 00:00 0 
7fc780695000-7fc7806a8000 r--s 00346000 ca:01 286377                     /usr/lib/jvm/java-8-openjdk-amd64/jre/lib/resources.jar
7fc7806a8000-7fc7806ab000 ---p 00000000 00:00 0 
7fc7806ab000-7fc7809a9000 rw-p 00000000 00:00 0 
7fc7809a9000-7fc7809c0000 r-xp 00000000 ca:01 1984                       /lib/x86_64-linux-gnu/libresolv-2.23.so
7fc7809c0000-7fc780bc0000 ---p 00017000 ca:01 1984                       /lib/x86_64-linux-gnu/libresolv-2.23.so
7fc780bc0000-7fc780bc1000 r--p 00017000 ca:01 1984                       /lib/x86_64-linux-gnu/libresolv-2.23.so
7fc780bc1000-7fc780bc2000 rw-p 00018000 ca:01 1984                       /lib/x86_64-linux-gnu/libresolv-2.23.so
7fc780bc2000-7fc780bc4000 rw-p 00000000 00:00 0 
7fc780bc4000-7fc780bc9000 r-xp 00000000 ca:01 1990                       /lib/x86_64-linux-gnu/libnss_dns-2.23.so
7fc780bc9000-7fc780dc9000 ---p 00005000 ca:01 1990                       /lib/x86_64-linux-gnu/libnss_dns-2.23.so
7fc780dc9000-7fc780dca000 r--p 00005000 ca:01 1990                       /lib/x86_64-linux-gnu/libnss_dns-2.23.so
7fc780dca000-7fc780dcb000 rw-p 00006000 ca:01 1990                       /lib/x86_64-linux-gnu/libnss_dns-2.23.so
7fc780dcc000-7fc780dce000 r--s 00016000 ca:01 286312                     /usr/lib/jvm/java-8-openjdk-amd64/jre/lib/jce.jar
7fc780dce000-7fc780dd3000 r--s 000a3000 ca:01 286376                     /usr/lib/jvm/java-8-openjdk-amd64/jre/lib/jsse.jar
7fc780dd3000-7fc780dd4000 r-xp 00000000 ca:01 286366                     /usr/lib/jvm/java-8-openjdk-amd64/jre/lib/amd64/libjaas_unix.so
7fc780dd4000-7fc780fd3000 ---p 00001000 ca:01 286366                     /usr/lib/jvm/java-8-openjdk-amd64/jre/lib/amd64/libjaas_unix.so
7fc780fd3000-7fc780fd4000 r--p 00000000 ca:01 286366                     /usr/lib/jvm/java-8-openjdk-amd64/jre/lib/amd64/libjaas_unix.so
7fc780fd4000-7fc780fd5000 rw-p 00001000 ca:01 286366                     /usr/lib/jvm/java-8-openjdk-amd64/jre/lib/amd64/libjaas_unix.so
7fc780fd5000-7fc780fd8000 ---p 00000000 00:00 0 
7fc780fd8000-7fc7810d6000 rw-p 00000000 00:00 0 
7fc7810d6000-7fc7810d9000 ---p 00000000 00:00 0 
7fc7810d9000-7fc78130f000 rw-p 00000000 00:00 0 
7fc78130f000-7fc78150f000 rw-p 00000000 00:00 0 
7fc78150f000-7fc781518000 r-xp 00000000 ca:01 286338                     /usr/lib/jvm/java-8-openjdk-amd64/jre/lib/amd64/libmanagement.so
7fc781518000-7fc781717000 ---p 00009000 ca:01 286338                     /usr/lib/jvm/java-8-openjdk-amd64/jre/lib/amd64/libmanagement.so
7fc781717000-7fc781718000 r--p 00008000 ca:01 286338                     /usr/lib/jvm/java-8-openjdk-amd64/jre/lib/amd64/libmanagement.so
7fc781718000-7fc781719000 rw-p 00009000 ca:01 286338                     /usr/lib/jvm/java-8-openjdk-amd64/jre/lib/amd64/libmanagement.so
7fc781719000-7fc78171c000 ---p 00000000 00:00 0 
7fc78171c000-7fc78181a000 rw-p 00000000 00:00 0 
7fc78181a000-7fc78181d000 ---p 00000000 00:00 0 
7fc78181d000-7fc781b1b000 rw-p 00000000 00:00 0 
7fc781b1b000-7fc781b1e000 ---p 00000000 00:00 0 
7fc781b1e000-7fc781c1c000 rw-p 00000000 00:00 0 
7fc781c1c000-7fc781c32000 r-xp 00000000 ca:01 286343                     /usr/lib/jvm/java-8-openjdk-amd64/jre/lib/amd64/libnet.so
7fc781c32000-7fc781e32000 ---p 00016000 ca:01 286343                     /usr/lib/jvm/java-8-openjdk-amd64/jre/lib/amd64/libnet.so
7fc781e32000-7fc781e33000 r--p 00016000 ca:01 286343                     /usr/lib/jvm/java-8-openjdk-amd64/jre/lib/amd64/libnet.so
7fc781e33000-7fc781e34000 rw-p 00017000 ca:01 286343                     /usr/lib/jvm/java-8-openjdk-amd64/jre/lib/amd64/libnet.so
7fc781e34000-7fc781e37000 r--s 00015000 ca:01 261533                     /home/ubuntu/spark-2.1.1-bin-hadoop2.7/jars/javax.servlet-api-3.1.0.jar
7fc781e37000-7fc781e63000 r--s 001c9000 ca:01 261798                     /home/ubuntu/spark-2.1.1-bin-hadoop2.7/jars/shapeless_2.11-2.0.0.jar
7fc781e63000-7fc781e6e000 r--s 000b0000 ca:01 261731                     /home/ubuntu/spark-2.1.1-bin-hadoop2.7/jars/jtransforms-2.4.0.jar
7fc781e6e000-7fc781e74000 r--s 00043000 ca:01 261858                     /home/ubuntu/spark-2.1.1-bin-hadoop2.7/jars/commons-configuration-1.6.jar
7fc781e74000-7fc781e78000 r--s 00019000 ca:01 261784                     /home/ubuntu/spark-2.1.1-bin-hadoop2.7/jars/javax.ws.rs-api-2.0.1.jar
7fc781e78000-7fc781e7a000 r--s 00009000 ca:01 261839                     /home/ubuntu/spark-2.1.1-bin-hadoop2.7/jars/commons-cli-1.2.jar
7fc781e7a000-7fc781e84000 r--s 00095000 ca:01 261728                     /home/ubuntu/spark-2.1.1-bin-hadoop2.7/jars/scala-xml_2.11-1.0.2.jar
7fc781e84000-7fc781e89000 r--s 00031000 ca:01 261744                     /home/ubuntu/spark-2.1.1-bin-hadoop2.7/jars/parquet-hadoop-1.8.1.jar
7fc781e89000-7fc781e8d000 r--s 00020000 ca:01 261720                     /home/ubuntu/spark-2.1.1-bin-hadoop2.7/jars/commons-digester-1.8.jar
7fc781e8d000-7fc781e8f000 r--s 00027000 ca:01 261790                     /home/ubuntu/spark-2.1.1-bin-hadoop2.7/jars/core-1.1.2.jar
7fc781e8f000-7fc781ea6000 r--s 00183000 ca:01 261753                     /home/ubuntu/spark-2.1.1-bin-hadoop2.7/jars/hadoop-yarn-common-2.7.3.jar
7fc781ea6000-7fc781ea7000 r--s 00004000 ca:01 261711                     /home/ubuntu/spark-2.1.1-bin-hadoop2.7/jars/eigenbase-properties-1.1.5.jar
7fc781ea7000-7fc781ead000 r--s 00044000 ca:01 261763                     /home/ubuntu/spark-2.1.1-bin-hadoop2.7/jars/antlr4-runtime-4.5.3.jar
7fc781ead000-7fc781eaf000 r--s 0000b000 ca:01 261840                     /home/ubuntu/spark-2.1.1-bin-hadoop2.7/jars/chill-java-0.8.0.jar
7fc781eaf000-7fc781eb9000 r--s 00086000 ca:01 261718                     /home/ubuntu/spark-2.1.1-bin-hadoop2.7/jars/json4s-core_2.11-3.2.11.jar
7fc781eb9000-7fc781ebb000 r--s 0000f000 ca:01 261566                     /home/ubuntu/spark-2.1.1-bin-hadoop2.7/jars/activation-1.1.1.jar
7fc781ebb000-7fc781ebf000 r--s 00031000 ca:01 261583                     /home/ubuntu/spark-2.1.1-bin-hadoop2.7/jars/jline-2.12.1.jar
7fc781ebf000-7fc781ec5000 r--s 00028000 ca:01 261745                     /home/ubuntu/spark-2.1.1-bin-hadoop2.7/jars/curator-framework-2.6.0.jar
7fc781ec5000-7fc781ed2000 r--s 000b1000 ca:01 261545                     /home/ubuntu/spark-2.1.1-bin-hadoop2.7/jars/hadoop-mapreduce-client-common-2.7.3.jar
7fc781ed2000-7fc781ed4000 r--s 00009000 ca:01 261758                     /home/ubuntu/spark-2.1.1-bin-hadoop2.7/jars/jackson-module-paranamer-2.6.5.jar
7fc781ed4000-7fc781ed5000 r--s 00009000 ca:01 261845                     /home/ubuntu/spark-2.1.1-bin-hadoop2.7/jars/slf4j-api-1.7.16.jar
7fc781ed5000-7fc781ed6000 r--s 00004000 ca:01 261710                     /home/ubuntu/spark-2.1.1-bin-hadoop2.7/jars/jackson-jaxrs-1.9.13.jar
7fc781ed6000-7fc781ed8000 r--s 00012000 ca:01 261803                     /home/ubuntu/spark-2.1.1-bin-hadoop2.7/jars/api-util-1.0.0-M20.jar
7fc781ed8000-7fc781ee0000 r--s 00066000 ca:01 261732                     /home/ubuntu/spark-2.1.1-bin-hadoop2.7/jars/apache-log4j-extras-1.2.17.jar
7fc781ee0000-7fc781ee2000 r--s 00004000 ca:01 261587                     /home/ubuntu/spark-2.1.1-bin-hadoop2.7/jars/stax-api-1.0-2.jar
7fc781ee2000-7fc781ef0000 r--s 00078000 ca:01 261756                     /home/ubuntu/spark-2.1.1-bin-hadoop2.7/jars/spark-mesos_2.11-2.1.1.jar
7fc781ef0000-7fc781f1e000 r--s 00212000 ca:01 261712                     /home/ubuntu/spark-2.1.1-bin-hadoop2.7/jars/spark-network-common_2.11-2.1.1.jar
7fc781f1e000-7fc781f26000 r--s 0006e000 ca:01 261765                     /home/ubuntu/spark-2.1.1-bin-hadoop2.7/jars/commons-lang3-3.5.jar
7fc781f26000-7fc781f3c000 r--s 001a4000 ca:01 261613                     /home/ubuntu/spark-2.1.1-bin-hadoop2.7/jars/datanucleus-rdbms-3.2.9.jar
7fc781f3c000-7fc781f4d000 r--s 0010d000 ca:01 261714                     /home/ubuntu/spark-2.1.1-bin-hadoop2.7/jars/jackson-databind-2.6.5.jar
7fc781f4d000-7fc781f71000 r--s 001cd000 ca:01 261855                     /home/ubuntu/spark-2.1.1-bin-hadoop2.7/jars/commons-math3-3.4.1.jar
7fc781f71000-7fc781fe5000 r--s 00574000 ca:01 261739                     /home/ubuntu/spark-2.1.1-bin-hadoop2.7/jars/spark-mllib_2.11-2.1.1.jar
7fc781fe5000-7fc782070000 r--s 0069e000 ca:01 261713                     /home/ubuntu/spark-2.1.1-bin-hadoop2.7/jars/spark-catalyst_2.11-2.1.1.jar
7fc782070000-7fc782077000 r--s 00049000 ca:01 261736                     /home/ubuntu/spark-2.1.1-bin-hadoop2.7/jars/httpcore-4.4.4.jar
7fc782077000-7fc782079000 r--s 00014000 ca:01 261717                     /home/ubuntu/spark-2.1.1-bin-hadoop2.7/jars/spire-macros_2.11-0.7.4.jar
7fc782079000-7fc78207a000 r--s 00001000 ca:01 261621                     /home/ubuntu/spark-2.1.1-bin-hadoop2.7/jars/pmml-schema-1.2.15.jar
7fc78207a000-7fc78207e000 r--s 00028000 ca:01 261573                     /home/ubuntu/spark-2.1.1-bin-hadoop2.7/jars/jetty-util-6.1.26.jar
7fc78207e000-7fc782081000 r--s 00006000 ca:01 261721                     /home/ubuntu/spark-2.1.1-bin-hadoop2.7/jars/jsr305-1.3.9.jar
7fc782081000-7fc782082000 r--s 00009000 ca:01 261830                     /home/ubuntu/spark-2.1.1-bin-hadoop2.7/jars/hive-cli-1.2.1.spark2.jar
7fc782082000-7fc782084000 r--s 0000a000 ca:01 261612                     /home/ubuntu/spark-2.1.1-bin-hadoop2.7/jars/spark-unsafe_2.11-2.1.1.jar
7fc782084000-7fc782088000 r--s 0002a000 ca:01 261747                     /home/ubuntu/spark-2.1.1-bin-hadoop2.7/jars/commons-io-2.4.jar
7fc782088000-7fc782090000 r--s 00059000 ca:01 261611                     /home/ubuntu/spark-2.1.1-bin-hadoop2.7/jars/javolution-5.5.1.jar
7fc782090000-7fc782091000 r--s 00003000 ca:01 261568                     /home/ubuntu/spark-2.1.1-bin-hadoop2.7/jars/jta-1.1.jar
7fc782091000-7fc782094000 r--s 00009000 ca:01 261751                     /home/ubuntu/spark-2.1.1-bin-hadoop2.7/jars/jackson-annotations-2.6.5.jar
7fc782094000-7fc7820af000 r--s 001d8000 ca:01 261572                     /home/ubuntu/spark-2.1.1-bin-hadoop2.7/jars/jets3t-0.9.3.jar
7fc7820af000-7fc7820b4000 r--s 0002a000 ca:01 261576                     /home/ubuntu/spark-2.1.1-bin-hadoop2.7/jars/commons-beanutils-1.7.0.jar
7fc7820b4000-7fc7820b6000 r--s 00006000 ca:01 261588                     /home/ubuntu/spark-2.1.1-bin-hadoop2.7/jars/paranamer-2.3.jar
7fc7820b6000-7fc7820ba000 r--s 0002c000 ca:01 261748                     /home/ubuntu/spark-2.1.1-bin-hadoop2.7/jars/avro-ipc-1.7.7.jar
7fc7820ba000-7fc7820bb000 r--s 00003000 ca:01 261594                     /home/ubuntu/spark-2.1.1-bin-hadoop2.7/jars/xmlenc-0.52.jar
7fc7820bb000-7fc7820d8000 r--s 001d5000 ca:01 261860                     /home/ubuntu/spark-2.1.1-bin-hadoop2.7/jars/hadoop-yarn-api-2.7.3.jar
7fc7820d8000-7fc7820d9000 r--s 00004000 ca:01 261716                     /home/ubuntu/spark-2.1.1-bin-hadoop2.7/jars/opencsv-2.3.jar
7fc7820d9000-7fc7820dd000 r--s 00014000 ca:01 261856                     /home/ubuntu/spark-2.1.1-bin-hadoop2.7/jars/xz-1.0.jar
7fc7820dd000-7fc7820e0000 r--s 000fd000 ca:01 261604                     /home/ubuntu/spark-2.1.1-bin-hadoop2.7/jars/leveldbjni-all-1.8.jar
7fc7820e0000-7fc7820e6000 r--s 00063000 ca:01 261849                     /home/ubuntu/spark-2.1.1-bin-hadoop2.7/jars/jodd-core-3.5.2.jar
7fc7820e6000-7fc7820ea000 r--s 00030000 ca:01 261532                     /home/ubuntu/spark-2.1.1-bin-hadoop2.7/jars/commons-net-2.2.jar
7fc7820ea000-7fc7820ee000 r--s 00028000 ca:01 261608                     /home/ubuntu/spark-2.1.1-bin-hadoop2.7/jars/spark-mllib-local_2.11-2.1.1.jar
7fc7820ee000-7fc7820f5000 r--s 0007d000 ca:01 261722                     /home/ubuntu/spark-2.1.1-bin-hadoop2.7/jars/jetty-6.1.26.jar
7fc7820f5000-7fc7820f8000 r--s 0002f000 ca:01 261546                     /home/ubuntu/spark-2.1.1-bin-hadoop2.7/jars/RoaringBitmap-0.5.11.jar
7fc7820f8000-7fc7820f9000 r--s 00004000 ca:01 261866                     /home/ubuntu/spark-2.1.1-bin-hadoop2.7/jars/osgi-resource-locator-1.0.1.jar
7fc7820f9000-7fc78211a000 r--s 0019b000 ca:01 261796                     /home/ubuntu/spark-2.1.1-bin-hadoop2.7/jars/spark-hive-thriftserver_2.11-2.1.1.jar
7fc78211a000-7fc78211f000 r--s 00041000 ca:01 261740                     /home/ubuntu/spark-2.1.1-bin-hadoop2.7/jars/commons-lang-2.6.jar
7fc78211f000-7fc782121000 r--s 00020000 ca:01 261749                     /home/ubuntu/spark-2.1.1-bin-hadoop2.7/jars/hive-beeline-1.2.1.spark2.jar
7fc782121000-7fc782128000 r--s 0005d000 ca:01 261793                     /home/ubuntu/spark-2.1.1-bin-hadoop2.7/jars/mx4j-3.0.2.jar
7fc782128000-7fc78212a000 r--s 0000e000 ca:01 261821                     /home/ubuntu/spark-2.1.1-bin-hadoop2.7/jars/guice-servlet-3.0.jar
7fc78212a000-7fc782132000 r--s 0007b000 ca:01 261737                     /home/ubuntu/spark-2.1.1-bin-hadoop2.7/jars/protobuf-java-2.5.0.jar
7fc782132000-7fc78213b000 r--s 00062000 ca:01 261580                     /home/ubuntu/spark-2.1.1-bin-hadoop2.7/jars/avro-1.7.7.jar
7fc78213b000-7fc78213d000 r--s 00003000 ca:01 261733                     /home/ubuntu/spark-2.1.1-bin-hadoop2.7/jars/jcl-over-slf4j-1.7.16.jar
7fc78213d000-7fc78220d000 r--s 00cf0000 ca:01 261540                     /home/ubuntu/spark-2.1.1-bin-hadoop2.7/jars/breeze_2.11-0.12.jar
7fc78220d000-7fc78220e000 r--s 00002000 ca:01 261619                     /home/ubuntu/spark-2.1.1-bin-hadoop2.7/jars/slf4j-log4j12-1.7.16.jar
7fc78220e000-7fc782210000 r--s 00006000 ca:01 261578                     /home/ubuntu/spark-2.1.1-bin-hadoop2.7/jars/spark-sketch_2.11-2.1.1.jar
7fc782210000-7fc782215000 r--s 00068000 ca:01 261791                     /home/ubuntu/spark-2.1.1-bin-hadoop2.7/jars/antlr-2.7.7.jar
7fc782215000-7fc782217000 r--s 00000000 ca:01 261759                     /home/ubuntu/spark-2.1.1-bin-hadoop2.7/jars/aopalliance-1.0.jar
7fc782217000-7fc782219000 r--s 00012000 ca:01 261730                     /home/ubuntu/spark-2.1.1-bin-hadoop2.7/jars/compress-lzf-1.0.3.jar
7fc782219000-7fc782226000 r--s 0009e000 ca:01 261822                     /home/ubuntu/spark-2.1.1-bin-hadoop2.7/jars/spark-graphx_2.11-2.1.1.jar
7fc782226000-7fc78222b000 r--s 00028000 ca:01 261841                     /home/ubuntu/spark-2.1.1-bin-hadoop2.7/jars/avro-mapred-1.7.7-hadoop2.jar
7fc78222b000-7fc782241000 r--s 00124000 ca:01 261833                     /home/ubuntu/spark-2.1.1-bin-hadoop2.7/jars/ivy-2.4.0.jar
7fc782241000-7fc782249000 r--s 00078000 ca:01 261805                     /home/ubuntu/spark-2.1.1-bin-hadoop2.7/jars/mail-1.4.7.jar
7fc782249000-7fc78224e000 r--s 0004e000 ca:01 261582                     /home/ubuntu/spark-2.1.1-bin-hadoop2.7/jars/datanucleus-api-jdo-3.2.6.jar
7fc78224e000-7fc782326000 r--s 00a88000 ca:01 261543                     /home/ubuntu/spark-2.1.1-bin-hadoop2.7/jars/spark-core_2.11-2.1.1.jar
7fc782326000-7fc78233e000 r--s 001b6000 ca:01 261569                     /home/ubuntu/spark-2.1.1-bin-hadoop2.7/jars/datanucleus-core-3.2.10.jar
7fc78233e000-7fc782352000 r--s 000ec000 ca:01 261539                     /home/ubuntu/spark-2.1.1-bin-hadoop2.7/jars/parquet-jackson-1.8.1.jar
7fc782352000-7fc782354000 r--s 0000e000 ca:01 261785                     /home/ubuntu/spark-2.1.1-bin-hadoop2.7/jars/hadoop-mapreduce-client-jobclient-2.7.3.jar
7fc782354000-7fc782356000 r--s 0000e000 ca:01 261536                     /home/ubuntu/spark-2.1.1-bin-hadoop2.7/jars/oro-2.0.8.jar
7fc782356000-7fc782358000 r--s 00003000 ca:01 261826                     /home/ubuntu/spark-2.1.1-bin-hadoop2.7/jars/JavaEWAH-0.3.2.jar
7fc782358000-7fc78235a000 r--s 0000f000 ca:01 261757                     /home/ubuntu/spark-2.1.1-bin-hadoop2.7/jars/spark-launcher_2.11-2.1.1.jar
7fc78235a000-7fc78237c000 r--s 00335000 ca:01 261750                     /home/ubuntu/spark-2.1.1-bin-hadoop2.7/jars/mesos-1.0.0-shaded-protobuf.jar
7fc78237c000-7fc78237d000 r--s 00001000 ca:01 261610                     /home/ubuntu/spark-2.1.1-bin-hadoop2.7/jars/minlog-1.3.0.jar
7fc78237d000-7fc782380000 r--s 0001a000 ca:01 261834                     /home/ubuntu/spark-2.1.1-bin-hadoop2.7/jars/py4j-0.10.4.jar
7fc782380000-7fc782381000 r--s 00009000 ca:01 261601                     /home/ubuntu/spark-2.1.1-bin-hadoop2.7/jars/json4s-jackson_2.11-3.2.11.jar
7fc782381000-7fc782383000 r--s 0000d000 ca:01 261725                     /home/ubuntu/spark-2.1.1-bin-hadoop2.7/jars/hadoop-yarn-server-web-proxy-2.7.3.jar
7fc782383000-7fc7823e6000 r--s 004de000 ca:01 261719                     /home/ubuntu/spark-2.1.1-bin-hadoop2.7/jars/hive-metastore-1.2.1.spark2.jar
7fc7823e6000-7fc7823ed000 r--s 00039000 ca:01 261727                     /home/ubuntu/spark-2.1.1-bin-hadoop2.7/jars/calcite-avatica-1.2.0-incubating.jar
7fc7823ed000-7fc7823f4000 r--s 0003f000 ca:01 261603                     /home/ubuntu/spark-2.1.1-bin-hadoop2.7/jars/commons-codec-1.10.jar
7fc7823f4000-7fc7823f6000 r--s 00100000 ca:01 261842                     /home/ubuntu/spark-2.1.1-bin-hadoop2.7/jars/snappy-java-1.1.2.6.jar
7fc7823f6000-7fc7823fa000 r--s 00029000 ca:01 261591                     /home/ubuntu/spark-2.1.1-bin-hadoop2.7/jars/hk2-locator-2.4.0-b34.jar
7fc7823fa000-7fc7823fd000 r--s 0000d000 ca:01 261742                     /home/ubuntu/spark-2.1.1-bin-hadoop2.7/jars/spark-network-shuffle_2.11-2.1.1.jar
7fc7823fd000-7fc7823fe000 r--s 00006000 ca:01 261788                     /home/ubuntu/spark-2.1.1-bin-hadoop2.7/jars/jackson-xc-1.9.13.jar
7fc7823fe000-7fc782414000 r--s 000d1000 ca:01 261585                     /home/ubuntu/spark-2.1.1-bin-hadoop2.7/jars/parquet-column-1.8.1.jar
7fc782414000-7fc782439000 rw-p 00000000 00:00 0 
7fc782439000-7fc782545000 r--s 00dba000 ca:01 261859                     /home/ubuntu/spark-2.1.1-bin-hadoop2.7/jars/scala-compiler-2.11.8.jar
7fc782545000-7fc782546000 r--s 00002000 ca:01 261764                     /home/ubuntu/spark-2.1.1-bin-hadoop2.7/jars/jpam-1.1.jar
7fc782546000-7fc782555000 r--s 0009f000 ca:01 261734                     /home/ubuntu/spark-2.1.1-bin-hadoop2.7/jars/guice-3.0.jar
7fc782555000-7fc78256e000 r--s 00150000 ca:01 261626                     /home/ubuntu/spark-2.1.1-bin-hadoop2.7/jars/htrace-core-3.1.0-incubating.jar
7fc78256e000-7fc782584000 r--s 000d3000 ca:01 261625                     /home/ubuntu/spark-2.1.1-bin-hadoop2.7/jars/jersey-server-2.22.2.jar
7fc782584000-7fc782586000 r--s 00008000 ca:01 261581                     /home/ubuntu/spark-2.1.1-bin-hadoop2.7/jars/parquet-common-1.8.1.jar
7fc782586000-7fc782588000 r--s 00002000 ca:01 261606                     /home/ubuntu/spark-2.1.1-bin-hadoop2.7/jars/aopalliance-repackaged-2.4.0-b34.jar
7fc782588000-7fc78258c000 r--s 0003c000 ca:01 261854                     /home/ubuntu/spark-2.1.1-bin-hadoop2.7/jars/jackson-core-2.6.5.jar
7fc78258c000-7fc782597000 r--s 00062000 ca:01 261729                     /home/ubuntu/spark-2.1.1-bin-hadoop2.7/jars/calcite-linq4j-1.2.0-incubating.jar
7fc782597000-7fc7825cd000 r--s 0031c000 ca:01 261565                     /home/ubuntu/spark-2.1.1-bin-hadoop2.7/jars/hadoop-common-2.7.3.jar
7fc7825cd000-7fc7825d1000 r--s 0001a000 ca:01 261579                     /home/ubuntu/spark-2.1.1-bin-hadoop2.7/jars/hk2-utils-2.4.0-b34.jar
7fc7825d1000-7fc7825dd000 r--s 000b6000 ca:01 261831                     /home/ubuntu/spark-2.1.1-bin-hadoop2.7/jars/zookeeper-3.4.6.jar
7fc7825dd000-7fc7825e3000 r--s 00040000 ca:01 261709                     /home/ubuntu/spark-2.1.1-bin-hadoop2.7/jars/parquet-encoding-1.8.1.jar
7fc7825e3000-7fc7825e8000 r--s 00036000 ca:01 261574                     /home/ubuntu/spark-2.1.1-bin-hadoop2.7/jars/commons-compress-1.4.1.jar
7fc7825e8000-7fc782615000 r--s 001d4000 ca:01 261863                     /home/ubuntu/spark-2.1.1-bin-hadoop2.7/jars/spark-streaming_2.11-2.1.1.jar
7fc782615000-7fc782618000 r--s 00022000 ca:01 261806                     /home/ubuntu/spark-2.1.1-bin-hadoop2.7/jars/stringtemplate-3.2.1.jar
7fc782618000-7fc78261f000 r--s 00036000 ca:01 261624                     /home/ubuntu/spark-2.1.1-bin-hadoop2.7/jars/curator-recipes-2.6.0.jar
7fc78261f000-7fc782623000 r--s 00029000 ca:01 261548                     /home/ubuntu/spark-2.1.1-bin-hadoop2.7/jars/breeze-macros_2.11-0.12.jar
7fc782623000-7fc782627000 r--s 00036000 ca:01 261851                     /home/ubuntu/spark-2.1.1-bin-hadoop2.7/jars/ST4-4.0.4.jar
7fc782627000-7fc78262b000 r--s 00018000 ca:01 261584                     /home/ubuntu/spark-2.1.1-bin-hadoop2.7/jars/metrics-core-3.1.2.jar
7fc78262b000-7fc782639000 r--s 000b1000 ca:01 261754                     /home/ubuntu/spark-2.1.1-bin-hadoop2.7/jars/jackson-mapper-asl-1.9.13.jar
7fc782639000-7fc782649000 r--s 000a0000 ca:01 261599                     /home/ubuntu/spark-2.1.1-bin-hadoop2.7/jars/spark-yarn_2.11-2.1.1.jar
7fc782649000-7fc78264a000 r--s 00003000 ca:01 261590                     /home/ubuntu/spark-2.1.1-bin-hadoop2.7/jars/spark-tags_2.11-2.1.1.jar
7fc78264a000-7fc78265c000 r--s 00097000 ca:01 261804                     /home/ubuntu/spark-2.1.1-bin-hadoop2.7/jars/apacheds-kerberos-codec-2.0.0-M15.jar
7fc78265c000-7fc78265f000 r--s 00017000 ca:01 261800                     /home/ubuntu/spark-2.1.1-bin-hadoop2.7/jars/jaxb-api-2.2.2.jar
7fc78265f000-7fc782661000 r--s 00009000 ca:01 261848                     /home/ubuntu/spark-2.1.1-bin-hadoop2.7/jars/objenesis-2.1.jar
7fc782661000-7fc7826cc000 r--s 00784000 ca:01 261535                     /home/ubuntu/spark-2.1.1-bin-hadoop2.7/jars/hadoop-hdfs-2.7.3.jar
7fc7826cc000-7fc7826ce000 r--s 00010000 ca:01 261752                     /home/ubuntu/spark-2.1.1-bin-hadoop2.7/jars/jersey-media-jaxb-2.22.2.jar
7fc7826ce000-7fc7826db000 r--s 00083000 ca:01 261598                     /home/ubuntu/spark-2.1.1-bin-hadoop2.7/jars/commons-collections-3.2.2.jar
7fc7826db000-7fc7826e2000 r--s 00051000 ca:01 261542                     /home/ubuntu/spark-2.1.1-bin-hadoop2.7/jars/kryo-shaded-3.0.3.jar
7fc7826e2000-7fc782719000 r--s 00325000 ca:01 261802                     /home/ubuntu/spark-2.1.1-bin-hadoop2.7/jars/calcite-core-1.2.0-incubating.jar
7fc782719000-7fc78271c000 r--s 00012000 ca:01 261602                     /home/ubuntu/spark-2.1.1-bin-hadoop2.7/jars/json4s-ast_2.11-3.2.11.jar
7fc78271c000-7fc78271e000 r--s 0000e000 ca:01 261794                     /home/ubuntu/spark-2.1.1-bin-hadoop2.7/jars/commons-logging-1.1.3.jar
7fc78271e000-7fc7827c7000 r--s 00a4f000 ca:01 261801                     /home/ubuntu/spark-2.1.1-bin-hadoop2.7/jars/hive-exec-1.2.1.spark2.jar
7fc7827c7000-7fc7827c8000 r--s 0000b000 ca:01 261631                     /home/ubuntu/spark-2.1.1-bin-hadoop2.7/jars/snappy-0.2.jar
7fc7827c8000-7fc7827cb000 r--s 00028000 ca:01 261541                     /home/ubuntu/spark-2.1.1-bin-hadoop2.7/jars/stream-2.7.0.jar
7fc7827cb000-7fc7827ff000 r--s 00277000 ca:01 261592                     /home/ubuntu/spark-2.1.1-bin-hadoop2.7/jars/parquet-hadoop-bundle-1.6.0.jar
7fc7827ff000-7fc782803000 r--s 0000c000 ca:01 261617                     /home/ubuntu/spark-2.1.1-bin-hadoop2.7/jars/validation-api-1.1.0.Final.jar
7fc782803000-7fc78282c000 r--s 001ee000 ca:01 261862                     /home/ubuntu/spark-2.1.1-bin-hadoop2.7/jars/guava-14.0.1.jar
7fc78282c000-7fc782839000 r--s 00071000 ca:01 261832                     /home/ubuntu/spark-2.1.1-bin-hadoop2.7/jars/jackson-module-scala_2.11-2.6.5.jar
7fc782839000-7fc782852000 r--s 00114000 ca:01 261577                     /home/ubuntu/spark-2.1.1-bin-hadoop2.7/jars/spark-hive_2.11-2.1.1.jar
7fc782852000-7fc78286a000 r--s 00115000 ca:01 261824                     /home/ubuntu/spark-2.1.1-bin-hadoop2.7/jars/netty-3.8.0.Final.jar
7fc78286a000-7fc7828c3000 r--s 00522000 ca:01 261865                     /home/ubuntu/spark-2.1.1-bin-hadoop2.7/jars/scala-library-2.11.8.jar
7fc7828c3000-7fc7828ca000 r--s 00049000 ca:01 261852                     /home/ubuntu/spark-2.1.1-bin-hadoop2.7/jars/univocity-parsers-2.2.1.jar
7fc7828ca000-7fc782916000 r--s 00411000 ca:01 261857                     /home/ubuntu/spark-2.1.1-bin-hadoop2.7/jars/scala-reflect-2.11.8.jar
7fc782916000-7fc782924000 r--s 0009d000 ca:01 261614                     /home/ubuntu/spark-2.1.1-bin-hadoop2.7/jars/jersey-common-2.22.2.jar
7fc782924000-7fc78292e000 r--s 000aa000 ca:01 261762                     /home/ubuntu/spark-2.1.1-bin-hadoop2.7/jars/janino-3.0.0.jar
7fc78292e000-7fc78292f000 r--s 00008000 ca:01 261844                     /home/ubuntu/spark-2.1.1-bin-hadoop2.7/jars/commons-compiler-3.0.0.jar
7fc78292f000-7fc782938000 r--s 00097000 ca:01 261837                     /home/ubuntu/spark-2.1.1-bin-hadoop2.7/jars/pmml-model-1.2.15.jar
7fc782938000-7fc78293a000 r--s 00005000 ca:01 261741                     /home/ubuntu/spark-2.1.1-bin-hadoop2.7/jars/stax-api-1.0.1.jar
7fc78293a000-7fc78293e000 r--s 00035000 ca:01 261597                     /home/ubuntu/spark-2.1.1-bin-hadoop2.7/jars/jackson-core-asl-1.9.13.jar
7fc78293e000-7fc782941000 r--s 00019000 ca:01 261530                     /home/ubuntu/spark-2.1.1-bin-hadoop2.7/jars/bonecp-0.8.0.RELEASE.jar
7fc782941000-7fc782943000 r--s 00038000 ca:01 261789                     /home/ubuntu/spark-2.1.1-bin-hadoop2.7/jars/lz4-1.3.0.jar
7fc782943000-7fc78295c000 r--s 00164000 ca:01 261738                     /home/ubuntu/spark-2.1.1-bin-hadoop2.7/jars/hadoop-mapreduce-client-core-2.7.3.jar
7fc78295c000-7fc78295f000 r--s 00026000 ca:01 261792                     /home/ubuntu/spark-2.1.1-bin-hadoop2.7/jars/hadoop-yarn-client-2.7.3.jar
7fc78295f000-7fc782961000 r--s 00017000 ca:01 261607                     /home/ubuntu/spark-2.1.1-bin-hadoop2.7/jars/hive-jdbc-1.2.1.spark2.jar
7fc782961000-7fc7829e2000 r--s 005d9000 ca:01 261746                     /home/ubuntu/spark-2.1.1-bin-hadoop2.7/jars/spark-sql_2.11-2.1.1.jar
7fc7829e2000-7fc7829e3000 r--s 00006000 ca:01 261755                     /home/ubuntu/spark-2.1.1-bin-hadoop2.7/jars/hadoop-client-2.7.3.jar
7fc7829e3000-7fc7829ea000 r--s 00058000 ca:01 261609                     /home/ubuntu/spark-2.1.1-bin-hadoop2.7/jars/hadoop-yarn-server-common-2.7.3.jar
7fc7829ea000-7fc7829eb000 r--s 0000a000 ca:01 261616                     /home/ubuntu/spark-2.1.1-bin-hadoop2.7/jars/apacheds-i18n-2.0.0-M15.jar
7fc7829eb000-7fc7829ec000 r--s 00000000 ca:01 261600                     /home/ubuntu/spark-2.1.1-bin-hadoop2.7/jars/javax.inject-1.jar
7fc7829ec000-7fc7829f2000 r--s 00045000 ca:01 261605                     /home/ubuntu/spark-2.1.1-bin-hadoop2.7/jars/commons-httpclient-3.1.jar
7fc7829f2000-7fc7829ff000 r--s 000a7000 ca:01 261627                     /home/ubuntu/spark-2.1.1-bin-hadoop2.7/jars/httpclient-4.5.2.jar
7fc7829ff000-7fc782a01000 r--s 0001f000 ca:01 261825                     /home/ubuntu/spark-2.1.1-bin-hadoop2.7/jars/commons-crypto-1.0.0.jar
7fc782a01000-7fc782a06000 r--s 0002a000 ca:01 261735                     /home/ubuntu/spark-2.1.1-bin-hadoop2.7/jars/gson-2.2.4.jar
7fc782a06000-7fc782a46000 r--s 00277000 ca:01 261767                     /home/ubuntu/spark-2.1.1-bin-hadoop2.7/jars/bcprov-jdk15on-1.51.jar
7fc782a46000-7fc782a49000 r--s 00016000 ca:01 261593                     /home/ubuntu/spark-2.1.1-bin-hadoop2.7/jars/jsp-api-2.1.jar
7fc782a49000-7fc782a4a000 r--s 00001000 ca:01 261838                     /home/ubuntu/spark-2.1.1-bin-hadoop2.7/jars/javax.inject-2.4.0-b34.jar
7fc782a4a000-7fc782a4b000 r--s 00002000 ca:01 261586                     /home/ubuntu/spark-2.1.1-bin-hadoop2.7/jars/java-xmlbuilder-1.0.jar
7fc782a4b000-7fc782a4d000 r--s 00015000 ca:01 261547                     /home/ubuntu/spark-2.1.1-bin-hadoop2.7/jars/hadoop-auth-2.7.3.jar
7fc782a4d000-7fc782a51000 r--s 0002f000 ca:01 261795                     /home/ubuntu/spark-2.1.1-bin-hadoop2.7/jars/commons-beanutils-core-1.8.0.jar
7fc782a51000-7fc782a80000 r--s 002e5000 ca:01 261846                     /home/ubuntu/spark-2.1.1-bin-hadoop2.7/jars/derby-10.12.1.1.jar
7fc782a80000-7fc782a82000 r--s 00008000 ca:01 261544                     /home/ubuntu/spark-2.1.1-bin-hadoop2.7/jars/metrics-jvm-3.1.2.jar
7fc782a82000-7fc782a85000 r--s 00015000 ca:01 261723                     /home/ubuntu/spark-2.1.1-bin-hadoop2.7/jars/pyrolite-4.13.jar
7fc782a85000-7fc782a87000 r--s 0000e000 ca:01 261760                     /home/ubuntu/spark-2.1.1-bin-hadoop2.7/jars/spark-repl_2.11-2.1.1.jar
7fc782a87000-7fc782a90000 r--s 0006f000 ca:01 261724                     /home/ubuntu/spark-2.1.1-bin-hadoop2.7/jars/log4j-1.2.17.jar
7fc782a90000-7fc782a94000 r--s 00025000 ca:01 261850                     /home/ubuntu/spark-2.1.1-bin-hadoop2.7/jars/jersey-client-2.22.2.jar
7fc782a94000-7fc782a9b000 r--s 00058000 ca:01 261589                     /home/ubuntu/spark-2.1.1-bin-hadoop2.7/jars/parquet-format-2.3.0-incubating.jar
7fc782a9b000-7fc782a9d000 r--s 00003000 ca:01 261615                     /home/ubuntu/spark-2.1.1-bin-hadoop2.7/jars/api-asn1-api-1.0.0-M20.jar
7fc782a9d000-7fc782aa7000 r--s 0007b000 ca:01 261847                     /home/ubuntu/spark-2.1.1-bin-hadoop2.7/jars/hadoop-mapreduce-client-app-2.7.3.jar
7fc782aa7000-7fc782aaa000 r--s 0000e000 ca:01 261575                     /home/ubuntu/spark-2.1.1-bin-hadoop2.7/jars/jersey-container-servlet-core-2.22.2.jar
7fc782aaa000-7fc782aae000 r--s 00025000 ca:01 261538                     /home/ubuntu/spark-2.1.1-bin-hadoop2.7/jars/antlr-runtime-3.4.jar
7fc782aae000-7fc782abf000 r--s 00089000 ca:01 261623                     /home/ubuntu/spark-2.1.1-bin-hadoop2.7/jars/joda-time-2.9.3.jar
7fc782abf000-7fc782ac4000 r--s 00032000 ca:01 261864                     /home/ubuntu/spark-2.1.1-bin-hadoop2.7/jars/chill_2.11-0.8.0.jar
7fc782ac4000-7fc782acf000 r--s 0005d000 ca:01 261853                     /home/ubuntu/spark-2.1.1-bin-hadoop2.7/jars/scala-parser-combinators_2.11-1.0.4.jar
7fc782acf000-7fc782ae1000 r--s 00112000 ca:01 261835                     /home/ubuntu/spark-2.1.1-bin-hadoop2.7/jars/arpack_combined_all-0.1.jar
7fc782ae1000-7fc782af9000 r--s 000d6000 ca:01 261571                     /home/ubuntu/spark-2.1.1-bin-hadoop2.7/jars/jersey-guava-2.22.2.jar
7fc782af9000-7fc782aff000 r--s 0002c000 ca:01 261828                     /home/ubuntu/spark-2.1.1-bin-hadoop2.7/jars/jdo-api-3.0.1.jar
7fc782aff000-7fc782b06000 r--s 00046000 ca:01 261797                     /home/ubuntu/spark-2.1.1-bin-hadoop2.7/jars/libfb303-0.9.3.jar
7fc782b06000-7fc782b18000 r--s 000b3000 ca:01 261829                     /home/ubuntu/spark-2.1.1-bin-hadoop2.7/jars/scalap-2.11.8.jar
7fc782b18000-7fc782b30000 r--s 00115000 ca:01 261537                     /home/ubuntu/spark-2.1.1-bin-hadoop2.7/jars/xercesImpl-2.9.1.jar
7fc782b30000-7fc782b31000 ---p 00000000 00:00 0 
7fc782b31000-7fc782c31000 rw-p 00000000 00:00 0 
7fc782c31000-7fc782c34000 ---p 00000000 00:00 0 
7fc782c34000-7fc782d32000 rw-p 00000000 00:00 0 
7fc782d32000-7fc782d35000 ---p 00000000 00:00 0 
7fc782d35000-7fc782e33000 rw-p 00000000 00:00 0 
7fc782e33000-7fc782e36000 ---p 00000000 00:00 0 
7fc782e36000-7fc782f34000 rw-p 00000000 00:00 0 
7fc782f34000-7fc782f37000 ---p 00000000 00:00 0 
7fc782f37000-7fc783035000 rw-p 00000000 00:00 0 
7fc783035000-7fc7831cd000 r--p 00000000 ca:01 29052                      /usr/lib/locale/locale-archive
7fc7831cd000-7fc7831d0000 ---p 00000000 00:00 0 
7fc7831d0000-7fc7832ce000 rw-p 00000000 00:00 0 
7fc7832ce000-7fc7832d1000 ---p 00000000 00:00 0 
7fc7832d1000-7fc7833cf000 rw-p 00000000 00:00 0 
7fc7833cf000-7fc7833d0000 ---p 00000000 00:00 0 
7fc7833d0000-7fc7834d0000 rw-p 00000000 00:00 0 
7fc7834d0000-7fc7836a0000 r--s 03c5c000 ca:01 286303                     /usr/lib/jvm/java-8-openjdk-amd64/jre/lib/rt.jar
7fc7836a0000-7fc783ea0000 rw-p 00000000 00:00 0 
7fc783ea0000-7fc783f3a000 rw-p 00000000 00:00 0 
7fc783f3a000-7fc783ff6000 ---p 00000000 00:00 0 
7fc783ff6000-7fc784042000 rw-p 00000000 00:00 0 
7fc784042000-7fc7840a0000 ---p 00000000 00:00 0 
7fc7840a0000-7fc78413b000 rw-p 00000000 00:00 0 
7fc78413b000-7fc7841f6000 ---p 00000000 00:00 0 
7fc7841f6000-7fc784293000 rw-p 00000000 00:00 0 
7fc784293000-7fc7845b7000 ---p 00000000 00:00 0 
7fc7845b7000-7fc786cb7000 rwxp 00000000 00:00 0 
7fc786cb7000-7fc7935b7000 ---p 00000000 00:00 0 
7fc7935b7000-7fc7935bf000 r-xp 00000000 ca:01 286357                     /usr/lib/jvm/java-8-openjdk-amd64/jre/lib/amd64/libzip.so
7fc7935bf000-7fc7937be000 ---p 00008000 ca:01 286357                     /usr/lib/jvm/java-8-openjdk-amd64/jre/lib/amd64/libzip.so
7fc7937be000-7fc7937bf000 r--p 00007000 ca:01 286357                     /usr/lib/jvm/java-8-openjdk-amd64/jre/lib/amd64/libzip.so
7fc7937bf000-7fc7937c0000 rw-p 00008000 ca:01 286357                     /usr/lib/jvm/java-8-openjdk-amd64/jre/lib/amd64/libzip.so
7fc7937c0000-7fc7937cb000 r-xp 00000000 ca:01 1993                       /lib/x86_64-linux-gnu/libnss_files-2.23.so
7fc7937cb000-7fc7939ca000 ---p 0000b000 ca:01 1993                       /lib/x86_64-linux-gnu/libnss_files-2.23.so
7fc7939ca000-7fc7939cb000 r--p 0000a000 ca:01 1993                       /lib/x86_64-linux-gnu/libnss_files-2.23.so
7fc7939cb000-7fc7939cc000 rw-p 0000b000 ca:01 1993                       /lib/x86_64-linux-gnu/libnss_files-2.23.so
7fc7939cc000-7fc7939d2000 rw-p 00000000 00:00 0 
7fc7939d2000-7fc7939dd000 r-xp 00000000 ca:01 1997                       /lib/x86_64-linux-gnu/libnss_nis-2.23.so
7fc7939dd000-7fc793bdc000 ---p 0000b000 ca:01 1997                       /lib/x86_64-linux-gnu/libnss_nis-2.23.so
7fc793bdc000-7fc793bdd000 r--p 0000a000 ca:01 1997                       /lib/x86_64-linux-gnu/libnss_nis-2.23.so
7fc793bdd000-7fc793bde000 rw-p 0000b000 ca:01 1997                       /lib/x86_64-linux-gnu/libnss_nis-2.23.so
7fc793bde000-7fc793bf4000 r-xp 00000000 ca:01 1977                       /lib/x86_64-linux-gnu/libnsl-2.23.so
7fc793bf4000-7fc793df3000 ---p 00016000 ca:01 1977                       /lib/x86_64-linux-gnu/libnsl-2.23.so
7fc793df3000-7fc793df4000 r--p 00015000 ca:01 1977                       /lib/x86_64-linux-gnu/libnsl-2.23.so
7fc793df4000-7fc793df5000 rw-p 00016000 ca:01 1977                       /lib/x86_64-linux-gnu/libnsl-2.23.so
7fc793df5000-7fc793df7000 rw-p 00000000 00:00 0 
7fc793df7000-7fc793dff000 r-xp 00000000 ca:01 1988                       /lib/x86_64-linux-gnu/libnss_compat-2.23.so
7fc793dff000-7fc793ffe000 ---p 00008000 ca:01 1988                       /lib/x86_64-linux-gnu/libnss_compat-2.23.so
7fc793ffe000-7fc793fff000 r--p 00007000 ca:01 1988                       /lib/x86_64-linux-gnu/libnss_compat-2.23.so
7fc793fff000-7fc794000000 rw-p 00008000 ca:01 1988                       /lib/x86_64-linux-gnu/libnss_compat-2.23.so
7fc794000000-7fc794e37000 rw-p 00000000 00:00 0 
7fc794e37000-7fc798000000 ---p 00000000 00:00 0 
7fc798000000-7fc798002000 r--s 00005000 ca:01 261743                     /home/ubuntu/spark-2.1.1-bin-hadoop2.7/jars/javax.annotation-api-1.2.jar
7fc798002000-7fc798004000 r--s 00010000 ca:01 261622                     /home/ubuntu/spark-2.1.1-bin-hadoop2.7/jars/hadoop-mapreduce-client-shuffle-2.7.3.jar
7fc798004000-7fc798006000 r--s 00000000 ca:01 261836                     /home/ubuntu/spark-2.1.1-bin-hadoop2.7/jars/jul-to-slf4j-1.7.16.jar
7fc798006000-7fc798009000 r--s 00014000 ca:01 261761                     /home/ubuntu/spark-2.1.1-bin-hadoop2.7/jars/super-csv-2.2.0.jar
7fc798009000-7fc79800b000 r--s 00003000 ca:01 261843                     /home/ubuntu/spark-2.1.1-bin-hadoop2.7/jars/base64-2.3.8.jar
7fc79800b000-7fc79800d000 r--s 00003000 ca:01 261570                     /home/ubuntu/spark-2.1.1-bin-hadoop2.7/jars/jersey-container-servlet-2.22.2.jar
7fc79800d000-7fc798017000 r--s 000a5000 ca:01 261766                     /home/ubuntu/spark-2.1.1-bin-hadoop2.7/jars/javassist-3.18.1-GA.jar
7fc798017000-7fc79801a000 r--s 00021000 ca:01 261596                     /home/ubuntu/spark-2.1.1-bin-hadoop2.7/jars/xbean-asm5-shaded-4.4.jar
7fc79801a000-7fc79801d000 r--s 00025000 ca:01 261618                     /home/ubuntu/spark-2.1.1-bin-hadoop2.7/jars/commons-dbcp-1.4.jar
7fc79801d000-7fc798044000 r--s 0020f000 ca:01 261726                     /home/ubuntu/spark-2.1.1-bin-hadoop2.7/jars/netty-all-4.0.42.Final.jar
7fc798044000-7fc798047000 r--s 00015000 ca:01 261620                     /home/ubuntu/spark-2.1.1-bin-hadoop2.7/jars/commons-pool-1.5.4.jar
7fc798047000-7fc79809c000 r--s 0069c000 ca:01 261595                     /home/ubuntu/spark-2.1.1-bin-hadoop2.7/jars/spire_2.11-0.7.4.jar
7fc79809c000-7fc79809e000 r--s 00004000 ca:01 261787                     /home/ubuntu/spark-2.1.1-bin-hadoop2.7/jars/metrics-graphite-3.1.2.jar
7fc79809e000-7fc7980a3000 r--s 00027000 ca:01 261861                     /home/ubuntu/spark-2.1.1-bin-hadoop2.7/jars/hk2-api-2.4.0-b34.jar
7fc7980a3000-7fc7980a9000 r--s 00034000 ca:01 261799                     /home/ubuntu/spark-2.1.1-bin-hadoop2.7/jars/libthrift-0.9.3.jar
7fc7980a9000-7fc7980c4000 r--s 001d6000 ca:01 286319                     /usr/lib/jvm/java-8-openjdk-amd64/jre/lib/ext/nashorn.jar
7fc7980c4000-7fc7980df000 r--s 00394000 ca:01 286322                     /usr/lib/jvm/java-8-openjdk-amd64/jre/lib/ext/cldrdata.jar
7fc7980df000-7fc798155000 rw-p 00000000 00:00 0 
7fc798155000-7fc79817e000 r-xp 00000000 ca:01 286342                     /usr/lib/jvm/java-8-openjdk-amd64/jre/lib/amd64/libjava.so
7fc79817e000-7fc79837d000 ---p 00029000 ca:01 286342                     /usr/lib/jvm/java-8-openjdk-amd64/jre/lib/amd64/libjava.so
7fc79837d000-7fc79837e000 r--p 00028000 ca:01 286342                     /usr/lib/jvm/java-8-openjdk-amd64/jre/lib/amd64/libjava.so
7fc79837e000-7fc798380000 rw-p 00029000 ca:01 286342                     /usr/lib/jvm/java-8-openjdk-amd64/jre/lib/amd64/libjava.so
7fc798380000-7fc79838f000 r-xp 00000000 ca:01 286359                     /usr/lib/jvm/java-8-openjdk-amd64/jre/lib/amd64/libverify.so
7fc79838f000-7fc79858e000 ---p 0000f000 ca:01 286359                     /usr/lib/jvm/java-8-openjdk-amd64/jre/lib/amd64/libverify.so
7fc79858e000-7fc798590000 r--p 0000e000 ca:01 286359                     /usr/lib/jvm/java-8-openjdk-amd64/jre/lib/amd64/libverify.so
7fc798590000-7fc798591000 rw-p 00010000 ca:01 286359                     /usr/lib/jvm/java-8-openjdk-amd64/jre/lib/amd64/libverify.so
7fc798591000-7fc798598000 r-xp 00000000 ca:01 1998                       /lib/x86_64-linux-gnu/librt-2.23.so
7fc798598000-7fc798797000 ---p 00007000 ca:01 1998                       /lib/x86_64-linux-gnu/librt-2.23.so
7fc798797000-7fc798798000 r--p 00006000 ca:01 1998                       /lib/x86_64-linux-gnu/librt-2.23.so
7fc798798000-7fc798799000 rw-p 00007000 ca:01 1998                       /lib/x86_64-linux-gnu/librt-2.23.so
7fc798799000-7fc7987af000 r-xp 00000000 ca:01 1975                       /lib/x86_64-linux-gnu/libgcc_s.so.1
7fc7987af000-7fc7989ae000 ---p 00016000 ca:01 1975                       /lib/x86_64-linux-gnu/libgcc_s.so.1
7fc7989ae000-7fc7989af000 rw-p 00015000 ca:01 1975                       /lib/x86_64-linux-gnu/libgcc_s.so.1
7fc7989af000-7fc798ab7000 r-xp 00000000 ca:01 1976                       /lib/x86_64-linux-gnu/libm-2.23.so
7fc798ab7000-7fc798cb6000 ---p 00108000 ca:01 1976                       /lib/x86_64-linux-gnu/libm-2.23.so
7fc798cb6000-7fc798cb7000 r--p 00107000 ca:01 1976                       /lib/x86_64-linux-gnu/libm-2.23.so
7fc798cb7000-7fc798cb8000 rw-p 00108000 ca:01 1976                       /lib/x86_64-linux-gnu/libm-2.23.so
7fc798cb8000-7fc798e2a000 r-xp 00000000 ca:01 7979                       /usr/lib/x86_64-linux-gnu/libstdc++.so.6.0.21
7fc798e2a000-7fc79902a000 ---p 00172000 ca:01 7979                       /usr/lib/x86_64-linux-gnu/libstdc++.so.6.0.21
7fc79902a000-7fc799034000 r--p 00172000 ca:01 7979                       /usr/lib/x86_64-linux-gnu/libstdc++.so.6.0.21
7fc799034000-7fc799036000 rw-p 0017c000 ca:01 7979                       /usr/lib/x86_64-linux-gnu/libstdc++.so.6.0.21
7fc799036000-7fc79903a000 rw-p 00000000 00:00 0 
7fc79903a000-7fc799c9e000 r-xp 00000000 ca:01 286369                     /usr/lib/jvm/java-8-openjdk-amd64/jre/lib/amd64/server/libjvm.so
7fc799c9e000-7fc799e9d000 ---p 00c64000 ca:01 286369                     /usr/lib/jvm/java-8-openjdk-amd64/jre/lib/amd64/server/libjvm.so
7fc799e9d000-7fc799f31000 r--p 00c63000 ca:01 286369                     /usr/lib/jvm/java-8-openjdk-amd64/jre/lib/amd64/server/libjvm.so
7fc799f31000-7fc799f5a000 rw-p 00cf7000 ca:01 286369                     /usr/lib/jvm/java-8-openjdk-amd64/jre/lib/amd64/server/libjvm.so
7fc799f5a000-7fc799f8a000 rw-p 00000000 00:00 0 
7fc799f8a000-7fc799fa2000 r-xp 00000000 ca:01 1979                       /lib/x86_64-linux-gnu/libpthread-2.23.so
7fc799fa2000-7fc79a1a1000 ---p 00018000 ca:01 1979                       /lib/x86_64-linux-gnu/libpthread-2.23.so
7fc79a1a1000-7fc79a1a2000 r--p 00017000 ca:01 1979                       /lib/x86_64-linux-gnu/libpthread-2.23.so
7fc79a1a2000-7fc79a1a3000 rw-p 00018000 ca:01 1979                       /lib/x86_64-linux-gnu/libpthread-2.23.so
7fc79a1a3000-7fc79a1a7000 rw-p 00000000 00:00 0 
7fc79a1a7000-7fc79a1aa000 r-xp 00000000 ca:01 1982                       /lib/x86_64-linux-gnu/libdl-2.23.so
7fc79a1aa000-7fc79a3a9000 ---p 00003000 ca:01 1982                       /lib/x86_64-linux-gnu/libdl-2.23.so
7fc79a3a9000-7fc79a3aa000 r--p 00002000 ca:01 1982                       /lib/x86_64-linux-gnu/libdl-2.23.so
7fc79a3aa000-7fc79a3ab000 rw-p 00003000 ca:01 1982                       /lib/x86_64-linux-gnu/libdl-2.23.so
7fc79a3ab000-7fc79a3c4000 r-xp 00000000 ca:01 2129                       /lib/x86_64-linux-gnu/libz.so.1.2.8
7fc79a3c4000-7fc79a5c3000 ---p 00019000 ca:01 2129                       /lib/x86_64-linux-gnu/libz.so.1.2.8
7fc79a5c3000-7fc79a5c4000 r--p 00018000 ca:01 2129                       /lib/x86_64-linux-gnu/libz.so.1.2.8
7fc79a5c4000-7fc79a5c5000 rw-p 00019000 ca:01 2129                       /lib/x86_64-linux-gnu/libz.so.1.2.8
7fc79a5c5000-7fc79a785000 r-xp 00000000 ca:01 1980                       /lib/x86_64-linux-gnu/libc-2.23.so
7fc79a785000-7fc79a985000 ---p 001c0000 ca:01 1980                       /lib/x86_64-linux-gnu/libc-2.23.so
7fc79a985000-7fc79a989000 r--p 001c0000 ca:01 1980                       /lib/x86_64-linux-gnu/libc-2.23.so
7fc79a989000-7fc79a98b000 rw-p 001c4000 ca:01 1980                       /lib/x86_64-linux-gnu/libc-2.23.so
7fc79a98b000-7fc79a98f000 rw-p 00000000 00:00 0 
7fc79a98f000-7fc79a99c000 r-xp 00000000 ca:01 286351                     /usr/lib/jvm/java-8-openjdk-amd64/jre/lib/amd64/jli/libjli.so
7fc79a99c000-7fc79ab9b000 ---p 0000d000 ca:01 286351                     /usr/lib/jvm/java-8-openjdk-amd64/jre/lib/amd64/jli/libjli.so
7fc79ab9b000-7fc79ab9c000 r--p 0000c000 ca:01 286351                     /usr/lib/jvm/java-8-openjdk-amd64/jre/lib/amd64/jli/libjli.so
7fc79ab9c000-7fc79ab9d000 rw-p 0000d000 ca:01 286351                     /usr/lib/jvm/java-8-openjdk-amd64/jre/lib/amd64/jli/libjli.so
7fc79ab9d000-7fc79abc3000 r-xp 00000000 ca:01 1978                       /lib/x86_64-linux-gnu/ld-2.23.so
7fc79abc3000-7fc79abc4000 r--s 00009000 ca:01 261534                     /home/ubuntu/spark-2.1.1-bin-hadoop2.7/jars/hadoop-annotations-2.7.3.jar
7fc79abc4000-7fc79abc5000 r--s 00003000 ca:01 261827                     /home/ubuntu/spark-2.1.1-bin-hadoop2.7/jars/metrics-json-3.1.2.jar
7fc79abc5000-7fc79abc7000 r--s 0000f000 ca:01 261715                     /home/ubuntu/spark-2.1.1-bin-hadoop2.7/jars/curator-client-2.6.0.jar
7fc79abc7000-7fc79abca000 r--s 0000f000 ca:01 286318                     /usr/lib/jvm/java-8-openjdk-amd64/jre/lib/ext/icedtea-sound.jar
7fc79abca000-7fc79abcb000 r--s 00010000 ca:01 286325                     /usr/lib/jvm/java-8-openjdk-amd64/jre/lib/ext/zipfs.jar
7fc79abcb000-7fc79abce000 r--s 00039000 ca:01 286321                     /usr/lib/jvm/java-8-openjdk-amd64/jre/lib/ext/sunpkcs11.jar
7fc79abce000-7fc79abcf000 r--s 0000a000 ca:01 286320                     /usr/lib/jvm/java-8-openjdk-amd64/jre/lib/ext/jaccess.jar
7fc79abcf000-7fc79abd1000 r--s 00001000 ca:01 286323                     /usr/lib/jvm/java-8-openjdk-amd64/jre/lib/ext/dnsns.jar
7fc79abd1000-7fc79abdb000 r--s 00116000 ca:01 286326                     /usr/lib/jvm/java-8-openjdk-amd64/jre/lib/ext/localedata.jar
7fc79abdb000-7fc79acac000 rw-p 00000000 00:00 0 
7fc79acac000-7fc79acb4000 rw-s 00000000 ca:01 770316                     /tmp/hsperfdata_ubuntu/32266
7fc79acb4000-7fc79acb7000 ---p 00000000 00:00 0 
7fc79acb7000-7fc79adb9000 rw-p 00000000 00:00 0 
7fc79adb9000-7fc79adbe000 r--s 0003c000 ca:01 286324                     /usr/lib/jvm/java-8-openjdk-amd64/jre/lib/ext/sunjce_provider.jar
7fc79adbe000-7fc79adbf000 r--s 0000d000 ca:01 286317                     /usr/lib/jvm/java-8-openjdk-amd64/jre/lib/ext/sunec.jar
7fc79adbf000-7fc79adc0000 rw-p 00000000 00:00 0 
7fc79adc0000-7fc79adc1000 ---p 00000000 00:00 0 
7fc79adc1000-7fc79adc2000 rw-p 00000000 00:00 0 
7fc79adc2000-7fc79adc3000 r--p 00025000 ca:01 1978                       /lib/x86_64-linux-gnu/ld-2.23.so
7fc79adc3000-7fc79adc4000 rw-p 00026000 ca:01 1978                       /lib/x86_64-linux-gnu/ld-2.23.so
7fc79adc4000-7fc79adc5000 rw-p 00000000 00:00 0 
7ffdf12b4000-7ffdf12d5000 rw-p 00000000 00:00 0                          [stack]
7ffdf13c3000-7ffdf13c6000 r--p 00000000 00:00 0                          [vvar]
7ffdf13c6000-7ffdf13c8000 r-xp 00000000 00:00 0                          [vdso]
ffffffffff600000-ffffffffff601000 r-xp 00000000 00:00 0                  [vsyscall]

VM Arguments:
jvm_args: -Xmx1g 
java_command: org.apache.spark.deploy.SparkSubmit --conf spark.app.name=Data_Mining_GlobalTerrorism pyspark-shell
java_class_path (initial): /home/ubuntu/spark-2.1.1-bin-hadoop2.7/conf/:/home/ubuntu/spark-2.1.1-bin-hadoop2.7/jars/libthrift-0.9.3.jar:/home/ubuntu/spark-2.1.1-bin-hadoop2.7/jars/curator-client-2.6.0.jar:/home/ubuntu/spark-2.1.1-bin-hadoop2.7/jars/hk2-api-2.4.0-b34.jar:/home/ubuntu/spark-2.1.1-bin-hadoop2.7/jars/metrics-json-3.1.2.jar:/home/ubuntu/spark-2.1.1-bin-hadoop2.7/jars/metrics-graphite-3.1.2.jar:/home/ubuntu/spark-2.1.1-bin-hadoop2.7/jars/spire_2.11-0.7.4.jar:/home/ubuntu/spark-2.1.1-bin-hadoop2.7/jars/commons-pool-1.5.4.jar:/home/ubuntu/spark-2.1.1-bin-hadoop2.7/jars/netty-all-4.0.42.Final.jar:/home/ubuntu/spark-2.1.1-bin-hadoop2.7/jars/commons-dbcp-1.4.jar:/home/ubuntu/spark-2.1.1-bin-hadoop2.7/jars/xbean-asm5-shaded-4.4.jar:/home/ubuntu/spark-2.1.1-bin-hadoop2.7/jars/xercesImpl-2.9.1.jar:/home/ubuntu/spark-2.1.1-bin-hadoop2.7/jars/hadoop-annotations-2.7.3.jar:/home/ubuntu/spark-2.1.1-bin-hadoop2.7/jars/javassist-3.18.1-GA.jar:/home/ubuntu/spark-2.1.1-bin-hadoop2.7/jars/jersey-container-servlet-2.22.2.jar:/home/ubuntu/spark-2.1.1-bin-hadoop2.7/jars/base64-2.3.8.jar:/home/ubuntu/spark-2.1.1-bin-hadoop2.7/jars/scalap-2.11.8.jar:/home/ubuntu/spark-2.1.1-bin-hadoop2.7/jars/super-csv-2.2.0.jar:/home/ubuntu/spark-2.1.1-bin-hadoop2.7/jars/jul-to-slf4j-1.7.16.jar:/home/ubuntu/spark-2.1.1-bin-hadoop2.7/jars/hadoop-mapreduce-client-shuffle-2.7.3.jar:/home/ubuntu/spark-2.1.1-bin-hadoop2.7/jars/libfb303-0.9.3.jar:/home/ubuntu/spark-2.1.1-bin-hadoop2.7/jars/jdo-api-3.0.1.jar:/home/ubuntu/spark-2.1.1-bin-hadoop2.7/jars/jersey-guava-2.22.2.jar:/home/ubuntu/spark-2.1.1-bin-hadoop2.7/jars/arpack_combined_all-0.1.jar:/home/ubuntu/spark-2.1.1-bin-hadoop2.7/jars/scala-parser-combinators_2.11-1.0.4.jar:/home/ubuntu/spark-2.1.1-bin-hadoop2.7/jars/chill_2.11-0.8.0.jar:/home/ubuntu/spark-2.1.1-bin-hadoop2.7/jars/javax.annotation-api-1.2.jar:/home/ubuntu/spark-2.1.1-bin-hadoop2.7/jars/joda-time-2.9.3.jar:/home/ubuntu/spark-2.1.1-bin-hadoop2.7/jars/antlr-runtime-3.4.jar:/home/u
Launcher Type: SUN_STANDARD

Environment Variables:
PATH=/home/ubuntu/.local/bin:/home/ubuntu/bin:/home/ubuntu/.local/bin:/usr/local/sbin:/usr/local/bin:/usr/sbin:/usr/bin:/sbin:/bin:/usr/games:/usr/local/games:/snap/bin
SHELL=/bin/bash

Signal Handlers:
SIGSEGV: [libjvm.so+0xa783e0], sa_mask[0]=11111111011111111101111111111110, sa_flags=SA_RESTART|SA_SIGINFO
SIGBUS: [libjvm.so+0xa783e0], sa_mask[0]=11111111011111111101111111111110, sa_flags=SA_RESTART|SA_SIGINFO
SIGFPE: [libjvm.so+0x8c0e10], sa_mask[0]=11111111011111111101111111111110, sa_flags=SA_RESTART|SA_SIGINFO
SIGPIPE: [libjvm.so+0x8c0e10], sa_mask[0]=11111111011111111101111111111110, sa_flags=SA_RESTART|SA_SIGINFO
SIGXFSZ: [libjvm.so+0x8c0e10], sa_mask[0]=11111111011111111101111111111110, sa_flags=SA_RESTART|SA_SIGINFO
SIGILL: [libjvm.so+0x8c0e10], sa_mask[0]=11111111011111111101111111111110, sa_flags=SA_RESTART|SA_SIGINFO
SIGUSR1: SIG_DFL, sa_mask[0]=00000000000000000000000000000000, sa_flags=none
SIGUSR2: [libjvm.so+0x8c0cc0], sa_mask[0]=00000000000000000000000000000000, sa_flags=SA_RESTART|SA_SIGINFO
SIGHUP: [libjvm.so+0x8c1350], sa_mask[0]=11111111011111111101111111111110, sa_flags=SA_RESTART|SA_SIGINFO
SIGINT: SIG_IGN, sa_mask[0]=00000000000000000000000000000000, sa_flags=none
SIGTERM: [libjvm.so+0x8c1350], sa_mask[0]=11111111011111111101111111111110, sa_flags=SA_RESTART|SA_SIGINFO
SIGQUIT: [libjvm.so+0x8c1350], sa_mask[0]=11111111011111111101111111111110, sa_flags=SA_RESTART|SA_SIGINFO


---------------  S Y S T E M  ---------------

OS:DISTRIB_ID=Ubuntu
DISTRIB_RELEASE=16.04
DISTRIB_CODENAME=xenial
DISTRIB_DESCRIPTION="Ubuntu 16.04.4 LTS"

uname:Linux 4.4.0-1065-aws #75-Ubuntu SMP Fri Aug 10 11:14:32 UTC 2018 x86_64
libc:glibc 2.23 NPTL 2.23 
rlimit: STACK 8192k, CORE 0k, NPROC 3900, NOFILE 1048576, AS infinity
load average:0.54 0.17 0.09

/proc/meminfo:
MemTotal:        1014500 kB
MemFree:           64312 kB
MemAvailable:      14288 kB
Buffers:             720 kB
Cached:            35144 kB
SwapCached:            0 kB
Active:           864960 kB
Inactive:          22928 kB
Active(anon):     854828 kB
Inactive(anon):    10324 kB
Active(file):      10132 kB
Inactive(file):    12604 kB
Unevictable:        3652 kB
Mlocked:            3652 kB
SwapTotal:             0 kB
SwapFree:              0 kB
Dirty:               148 kB
Writeback:             0 kB
AnonPages:        855688 kB
Mapped:            13708 kB
Shmem:             10692 kB
Slab:              36916 kB
SReclaimable:      20036 kB
SUnreclaim:        16880 kB
KernelStack:        3344 kB
PageTables:         5016 kB
NFS_Unstable:          0 kB
Bounce:                0 kB
WritebackTmp:          0 kB
CommitLimit:      507248 kB
Committed_AS:    1199748 kB
VmallocTotal:   34359738367 kB
VmallocUsed:           0 kB
VmallocChunk:          0 kB
HardwareCorrupted:     0 kB
AnonHugePages:    270336 kB
CmaTotal:              0 kB
CmaFree:               0 kB
HugePages_Total:       0
HugePages_Free:        0
HugePages_Rsvd:        0
HugePages_Surp:        0
Hugepagesize:       2048 kB
DirectMap4k:       49152 kB
DirectMap2M:      999424 kB

container (cgroup) information:
container_type: cgroupv1
cpu_cpuset_cpus: 0
cpu_memory_nodes: 0
active_processor_count: 1
cpu_quota: -1
cpu_period: 100000
cpu_shares: -1
memory_limit_in_bytes: -1
memory_and_swap_limit_in_bytes: -2
memory_soft_limit_in_bytes: -1
memory_usage_in_bytes: 875958272
memory_max_usage_in_bytes: 892010496


CPU:total 1 (initial active 1) (1 cores per cpu, 1 threads per core) family 6 model 63 stepping 2, cmov, cx8, fxsr, mmx, sse, sse2, sse3, ssse3, sse4.1, sse4.2, popcnt, avx, avx2, aes, clmul, erms, lzcnt, tsc, bmi1, bmi2

/proc/cpuinfo:
processor	: 0
vendor_id	: GenuineIntel
cpu family	: 6
model		: 63
model name	: Intel(R) Xeon(R) CPU E5-2676 v3 @ 2.40GHz
stepping	: 2
microcode	: 0x43
cpu MHz		: 2400.020
cache size	: 30720 KB
physical id	: 0
siblings	: 1
core id		: 0
cpu cores	: 1
apicid		: 0
initial apicid	: 0
fpu		: yes
fpu_exception	: yes
cpuid level	: 13
wp		: yes
flags		: fpu vme de pse tsc msr pae mce cx8 apic sep mtrr pge mca cmov pat pse36 clflush mmx fxsr sse sse2 ht syscall nx rdtscp lm constant_tsc rep_good nopl xtopology eagerfpu pni pclmulqdq ssse3 fma cx16 pcid sse4_1 sse4_2 x2apic movbe popcnt tsc_deadline_timer aes xsave avx f16c rdrand hypervisor lahf_lm abm invpcid_single kaiser fsgsbase bmi1 avx2 smep bmi2 erms invpcid xsaveopt
bugs		: cpu_meltdown spectre_v1 spectre_v2 spec_store_bypass l1tf
bogomips	: 4800.04
clflush size	: 64
cache_alignment	: 64
address sizes	: 46 bits physical, 48 bits virtual
power management:



Memory: 4k page, physical 1014500k(64312k free), swap 0k(0k free)

vm_info: OpenJDK 64-Bit Server VM (25.222-b10) for linux-amd64 JRE (1.8.0_222-8u222-b10-1ubuntu1~16.04.1-b10), built on Jul 18 2019 20:25:18 by "buildd" with gcc 5.4.0 20160609

time: Tue Oct 15 09:10:10 2019
timezone: UTC
elapsed time: 843 seconds (0d 0h 14m 3s)

